[nightly] ==========================================
[nightly] SGL Nightly Benchmark Started
[nightly] ==========================================
[nightly] Command: scripts/perf_nightly.sh --model=deepseek --model-path=/mnt/raid/models/huggingface/deepseek-ai/DeepSeek-V3-0324 --mode=online --hardware=mi30x --check-dp-attention --enable-torch-compile --teams-webhook-url=https://default3dd8961fe4884e608e11a82d994e18.3d.environment.api.powerplatform.com:443/powerautomate/automations/direct/workflows/2115793fe51a4371bcedd8ff67ff0418/triggers/manual/paths/invoke?api-version=1&sp=%2Ftriggers%2Fmanual%2Frun&sv=1.0&sig=hzr6aH40CKrySSK64uAnsmVIR8ynAkIRTH65z-wqxNA
[nightly] Start time: 2025-10-29 11:15:01 PDT
[nightly] Machine: dell300x-pla-t10-23
[nightly] Working directory: /mnt/raid/michael/sglang-ci
[nightly] Script location: /mnt/raid/michael/sglang-ci/scripts/perf_nightly.sh
[nightly] Process ID: 1945414
[nightly] ==========================================

[nightly] Runtime Environment:
[nightly] User: amd | Groups: amd video users... | Docker: /usr/bin/docker
[nightly] Testing Docker daemon access...
[nightly] Docker daemon accessible - proceeding...
[nightly] Teams webhook URL provided via command line - notifications enabled
[nightly] DP attention mode enabled via command line
[nightly] Torch compile mode enabled via command line
[nightly] Custom model path provided: /mnt/raid/models/huggingface/deepseek-ai/DeepSeek-V3-0324
[nightly] Hardware: mi30x, ROCM Version: rocm630
[nightly] Model: deepseek, Mode(s): online
[nightly] Created process lock: /tmp/perf_nightly_deepseek.lock
[nightly] GPU is busy. Attempting to stop running Docker containers...
[nightly] Stopping running containers: a08c2835b068
[nightly] Waiting 15s for GPU to become idle...
[nightly] WARN: GPU may still be busy, but proceeding as requested.
[nightly] Searching for non-SRT images for deepseek for the last 1 days...
[nightly] Searching for non-SRT mi30x image in 'rocm/sgl-dev' for date 20251029...
[nightly] Found candidate tag for day -0: v0.5.4.post1-rocm630-mi30x-20251029
[nightly] Found local image: rocm/sgl-dev:v0.5.4.post1-rocm630-mi30x-20251029
[nightly] Successfully obtained image for date 20251029: rocm/sgl-dev:v0.5.4.post1-rocm630-mi30x-20251029
[nightly] Found 1 valid image(s) to run benchmarks on:
[nightly]   - rocm/sgl-dev:v0.5.4.post1-rocm630-mi30x-20251029

[nightly] ==========================================
[nightly] Starting benchmarks for image: rocm/sgl-dev:v0.5.4.post1-rocm630-mi30x-20251029
[nightly] ==========================================
[nightly] Checking GPU status before starting benchmarks for rocm/sgl-dev:v0.5.4.post1-rocm630-mi30x-20251029...
[nightly] GPU is busy. Attempting to stop running Docker containers...
[nightly] Stopping running containers: be1bd79db1ae
[nightly] Waiting 15s for GPU to become idle...
[nightly] WARN: GPU may still be busy, but proceeding as requested.
[nightly] Checking benchmark completion in: /mnt/raid/michael/sglang-ci/online/DeepSeek-V3-0324/v0.5.4.post1-rocm630-mi30x-20251029_DeepSeek-V3-0324_FP8_online
[nightly] Found 0 completed benchmark runs
[nightly] INFO: Found 0/15 completed runs for rocm/sgl-dev:v0.5.4.post1-rocm630-mi30x-20251029 (online). Proceeding with benchmarks.
[nightly] Using Docker image: rocm/sgl-dev:v0.5.4.post1-rocm630-mi30x-20251029
[nightly] Container name: sgl-dev_v0.5.4.post1-rocm630-mi30x-20251029
[nightly] Reusing container sgl-dev_v0.5.4.post1-rocm630-mi30x-20251029
[nightly] === Starting benchmark execution ===
[nightly] === Starting nightly DEEPSEEK online benchmark ===
[nightly] Launching deepseek_perf_online_csv.sh inside sgl-dev_v0.5.4.post1-rocm630-mi30x-20251029
[nightly] Passing --model-name='DeepSeek-V3-0324' to DeepSeek benchmark
[nightly] Adding --check-dp-attention flag for DeepSeek online benchmark
[nightly] Adding --enable-torch-compile flag for DeepSeek online benchmark
[config] DP attention + torch compile detected - increased server timeout to 2700s (45 minutes)
‚úÖ Parameter validation passed
[online] Script started at: 2025-10-29 11:15:33 PDT
Scanning existing logs to check if all benchmarks are already complete...
Checking GSM8K log status...
Missing: GSM8K log file (/mnt/raid/michael/sglang-ci/online/DeepSeek-V3-0324/v0.5.4.post1-rocm630-mi30x-20251029_DeepSeek-V3-0324_FP8_online_dp_attention_torch_compile/sglang_client_log_DeepSeek-V3-0324_gsm8k.log)
DP attention torch compile mode - skipping serving benchmark log checks (GSM8K only)
Scan complete: 0 total runs needed, 0 missing/incomplete
‚ùå GSM8K benchmark is missing, empty, or incomplete.
Server startup required.
Clearing previous logs...
Starting SGLang server for online GSM8K benchmark...
[DEBUG] Using Data Parallel attention settings with SGLANG_USE_AITER=1
[DEBUG] Torch compile enabled with DP attention
Waiting for SGLang server (PID: 42) to start... (Max 45 minutes)
Server logs are being written to: /mnt/raid/michael/sglang-ci/online/DeepSeek-V3-0324/v0.5.4.post1-rocm630-mi30x-20251029_DeepSeek-V3-0324_FP8_online_dp_attention_torch_compile/sglang_server.log
......................................................................................................................................................................................................................................................................................................................................
SGLang server encountered critical errors during startup!
Critical errors found in /mnt/raid/michael/sglang-ci/online/DeepSeek-V3-0324/v0.5.4.post1-rocm630-mi30x-20251029_DeepSeek-V3-0324_FP8_online_dp_attention_torch_compile/sglang_server.log:
--- Error details ---
  File "/usr/local/lib/python3.12/dist-packages/torch/_subclasses/fake_tensor.py", line 890, in _find_common_device
    merge_devices(arg)
  File "/usr/local/lib/python3.12/dist-packages/torch/_subclasses/fake_tensor.py", line 885, in merge_devices
    raise RuntimeError(
torch._dynamo.exc.TorchRuntimeError: Failed running call_function <built-in function add>(*(FakeTensor(..., device='cuda:0', size=(32, 7168)), FakeTensor(..., device='cuda:7', size=(32, 7168))), **{}):
Unhandled FakeTensor Device Propagation for aten.add.Tensor, found two different devices cuda:0, cuda:7

from user code:
--
           ^^^^^^^^^^^^^^^^^^^^^
  File "/usr/local/lib/python3.12/dist-packages/torch/distributed/distributed_c10d.py", line 2730, in broadcast
    work.wait()
RuntimeError: [/app/pytorch/third_party/gloo/gloo/transport/tcp/pair.cc:534] Connection closed by peer [127.0.1.1]:51074

During handling of the above exception, another exception occurred:

--- End of error details ---
Killing server process and exiting...
Cleaning up...
Killing background SGLang server (PID: 42)...
Server process 42 not found or already terminated.
[nightly] === Online benchmark dispatched for DEEPSEEK; check logs in sgl-dev_v0.5.4.post1-rocm630-mi30x-20251029 ===
[nightly] === Starting post-processing (CSV processing, plot generation, Teams notifications) ===
[nightly] Processing online CSV data and generating plots... Logs will be saved to /mnt/raid/michael/sglang-ci/online/DeepSeek-V3-0324/v0.5.4.post1-rocm630-mi30x-20251029_DeepSeek-V3-0324_FP8_online/process_and_generate_online_plots.log
[nightly] Using plot date from image tag: 20251029
[nightly] Sending Teams notification for deepseek online plots...
[nightly] Adding benchmark date to Teams notification: 20251029
[nightly] Teams notification using plot directory: /mnt/raid/michael/sglang-ci/plots_server
[nightly] Using GitHub upload for plot images (repo: ROCm/sglang-ci)
[nightly] Images will be stored in main branch with structure: plot/mi30x/model/mode/filename.png
[nightly] Including intelligent analysis (7 days lookback)
[nightly] Adding --check-dp-attention flag for Teams notification
[nightly] Adding --enable-torch-compile flag for Teams notification
üêô GitHub upload mode: Images will be uploaded to ROCm/sglang-ci
üêô GitHub upload mode: Images will be uploaded to GitHub and embedded in Teams
üìÅ Plot directory: /mnt/raid/michael/sglang-ci/plots_server
üóÇÔ∏è  Benchmark directory: /mnt/raid/michael/sglang-ci
üîç DP attention mode: Checking for RuntimeError and critical errors in server logs
üî• Torch compile mode: Looking for torch compile benchmark results
   üîç Uploading 20251029_DeepSeek-V3-0324_online_standard.png to GitHub...
   üìã Log branch already exists
   üìù Updating existing file: plot/mi30x/DeepSeek-V3-0324/online/20251029_DeepSeek-V3-0324_online_standard.png
   ‚úÖ Uploaded to GitHub (log branch): 20251029_DeepSeek-V3-0324_online_standard.png
   üîó GitHub URL: https://github.com/ROCm/sglang-ci/blob/log/plot/mi30x/DeepSeek-V3-0324/online/20251029_DeepSeek-V3-0324_online_standard.png
üîç Discovered 1 plot file(s) for deepseek online
   - 20251029_DeepSeek-V3-0324_online_standard.png -> ‚úÖ uploaded to GitHub
üîç Analyzing benchmark results for accuracy and performance...
   Found timing_summary log for deepseek online on 20251029: timing_summary_20251029_111533.log
   Found timing_summary log for deepseek online on 20251029: timing_summary_20251029_111533.log
   Found timing_summary log for deepseek online on 20251029: timing_summary_20251029_111533.log
   Found timing_summary log for deepseek online on 20251029: timing_summary_20251029_111533.log
   Found timing_summary log for deepseek online on 20251029: timing_summary_20251029_111533.log
üîç Sending adaptive card with 1 image(s) hosted on GitHub
üìä Total payload size: 0.00MB
   üì∑ Image URL: https://github.com/ROCm/sglang-ci/blob/log/plot/mi30x/DeepSeek-V3-0324/online/20251029_DeepSeek-V3-0324_online_standard.png
   üíæ Debug: Card JSON saved to /tmp/teams_card_debug.json
‚úÖ Successfully sent Teams notification for deepseek online plots
   (Power Automate flow accepted - message processing asynchronously)
üéâ Teams notification sent successfully! (with intelligent analysis)
[nightly] Teams notification sent successfully for deepseek online
[nightly] === Online post-processing completed for DEEPSEEK ===
[nightly] ==========================================
[nightly] Completed benchmarks for image: rocm/sgl-dev:v0.5.4.post1-rocm630-mi30x-20251029
[nightly] Stopping container sgl-dev_v0.5.4.post1-rocm630-mi30x-20251029 to release resources...
[nightly] ==========================================
[nightly] ==========================================
[nightly] All benchmarks completed for 1 image(s)
[nightly] ==========================================
[nightly] Cleaning up process lock...
