[nightly] ==========================================
[nightly] SGL Nightly Benchmark Started
[nightly] ==========================================
[nightly] Command: scripts/perf_nightly.sh --model=grok2 --model-path=/mnt/raid/models/huggingface/grok-2 --tokenizer-path=/mnt/raid/models/huggingface/alvarobartt--grok-2-tokenizer --mode=online --hardware=mi30x --teams-webhook-url=
[nightly] Start time: 2025-12-05 07:30:01 PST
[nightly] Machine: dell300x-pla-t12-38
[nightly] Working directory: /mnt/raid/michael/sglang-ci
[nightly] Script location: /mnt/raid/michael/sglang-ci/scripts/perf_nightly.sh
[nightly] Process ID: 4115081
[nightly] ==========================================

[nightly] Runtime Environment:
[nightly] User: amd | Groups: amd adm cdrom... | Docker: /usr/bin/docker
[nightly] Testing Docker daemon access...
[nightly] Docker daemon accessible - proceeding...
[nightly] WARN: --teams-webhook-url was provided without a value - notifications disabled
[nightly] Custom model path provided: /mnt/raid/models/huggingface/grok-2
[nightly] Custom tokenizer path provided: /mnt/raid/models/huggingface/alvarobartt--grok-2-tokenizer
[nightly] Using rocm700 for grok2 on mi30x hardware
[nightly] Hardware: mi30x, ROCM Version: rocm700
[nightly] Model: grok2, Mode(s): online
[nightly] Created process lock: /tmp/perf_nightly_grok2.lock
[nightly] GPU is busy. Attempting to stop running Docker containers...
[nightly] No running containers to stop.
[nightly] Waiting 15s for GPU to become idle...
[nightly] WARN: GPU may still be busy, but proceeding as requested.
[nightly] Searching for non-SRT images for grok2 for the last 1 days...
[nightly] Searching for non-SRT mi30x image (rocm700) in 'rocm/sgl-dev' for date 20251205...
[nightly] Found candidate tag for day -0: v0.5.6-rocm700-mi30x-20251205
[nightly] Pull attempt 1/3 for rocm/sgl-dev:v0.5.6-rocm700-mi30x-20251205...
v0.5.6-rocm700-mi30x-20251205: Pulling from rocm/sgl-dev
660ffc76f83b: Already exists
8f15127cc838: Already exists
9b15895e3240: Already exists
f9b093ef803e: Already exists
7871d920fb0f: Already exists
7935d8c4e26c: Already exists
a32765e78010: Already exists
7fc751a2ed3a: Already exists
980be016a223: Already exists
9e1a971876ec: Already exists
ec6812b374e9: Already exists
01b887f14943: Already exists
844c30750327: Already exists
2682f0d8340c: Already exists
4f4fb700ef54: Already exists
349b8c8a8418: Already exists
d0b1657b26f5: Already exists
45b70560bebf: Already exists
4f4fb700ef54: Already exists
b18067367790: Already exists
80e4388c8594: Already exists
43bd5f89e157: Already exists
4f4e25c713a5: Already exists
fa9b244e8ec3: Already exists
4f4fb700ef54: Already exists
4f4fb700ef54: Already exists
802ff7b676ec: Already exists
4f4fb700ef54: Already exists
91c970c997c5: Already exists
c7b1c2221fca: Already exists
f741376ff6a1: Already exists
d9b88c1e947d: Already exists
0e6681539f16: Already exists
cdcdf52d1b5d: Pulling fs layer
4f4fb700ef54: Pulling fs layer
0fd5f40edbbe: Pulling fs layer
7a7345e048b5: Pulling fs layer
8f89169cc4a3: Pulling fs layer
f83cd0fb0cd1: Pulling fs layer
7a7345e048b5: Waiting
67443a9da4d5: Pulling fs layer
f83cd0fb0cd1: Waiting
8f89169cc4a3: Waiting
bb4dfa21c7bb: Pulling fs layer
bfa75a541003: Pulling fs layer
67443a9da4d5: Waiting
22760f52fc5b: Pulling fs layer
bb4dfa21c7bb: Waiting
bfa75a541003: Waiting
c21339c68acc: Pulling fs layer
22760f52fc5b: Waiting
34926d9d9ac6: Pulling fs layer
c21339c68acc: Waiting
384b20bc88a6: Pulling fs layer
f4e3b6d96e07: Pulling fs layer
34926d9d9ac6: Waiting
384b20bc88a6: Waiting
7057a1f558a7: Pulling fs layer
f4e3b6d96e07: Waiting
a3ae54ac8768: Pulling fs layer
7057a1f558a7: Waiting
a3ae54ac8768: Waiting
4f4fb700ef54: Verifying Checksum
4f4fb700ef54: Download complete
0fd5f40edbbe: Verifying Checksum
0fd5f40edbbe: Download complete
cdcdf52d1b5d: Verifying Checksum
cdcdf52d1b5d: Download complete
7a7345e048b5: Verifying Checksum
7a7345e048b5: Download complete
cdcdf52d1b5d: Pull complete
4f4fb700ef54: Pull complete
0fd5f40edbbe: Pull complete
7a7345e048b5: Pull complete
f83cd0fb0cd1: Verifying Checksum
f83cd0fb0cd1: Download complete
8f89169cc4a3: Verifying Checksum
8f89169cc4a3: Download complete
bb4dfa21c7bb: Verifying Checksum
bb4dfa21c7bb: Download complete
22760f52fc5b: Verifying Checksum
22760f52fc5b: Download complete
c21339c68acc: Verifying Checksum
c21339c68acc: Download complete
8f89169cc4a3: Pull complete
bfa75a541003: Verifying Checksum
bfa75a541003: Download complete
34926d9d9ac6: Verifying Checksum
34926d9d9ac6: Download complete
f4e3b6d96e07: Verifying Checksum
f4e3b6d96e07: Download complete
7057a1f558a7: Verifying Checksum
7057a1f558a7: Download complete
a3ae54ac8768: Verifying Checksum
a3ae54ac8768: Download complete
f83cd0fb0cd1: Pull complete
384b20bc88a6: Verifying Checksum
384b20bc88a6: Download complete
67443a9da4d5: Verifying Checksum
67443a9da4d5: Download complete
67443a9da4d5: Pull complete
bb4dfa21c7bb: Pull complete
bfa75a541003: Pull complete
22760f52fc5b: Pull complete
c21339c68acc: Pull complete
34926d9d9ac6: Pull complete
384b20bc88a6: Pull complete
f4e3b6d96e07: Pull complete
7057a1f558a7: Pull complete
a3ae54ac8768: Pull complete
Digest: sha256:fb556f6bfb9eaf37ced5a00265702b5aa553133016478aac373c4816857a62ec
Status: Downloaded newer image for rocm/sgl-dev:v0.5.6-rocm700-mi30x-20251205
docker.io/rocm/sgl-dev:v0.5.6-rocm700-mi30x-20251205
[nightly] Successfully pulled image: rocm/sgl-dev:v0.5.6-rocm700-mi30x-20251205
[nightly] Successfully obtained image for date 20251205: rocm/sgl-dev:v0.5.6-rocm700-mi30x-20251205
[nightly] Found 1 valid image(s) to run benchmarks on:
[nightly]   - rocm/sgl-dev:v0.5.6-rocm700-mi30x-20251205

[nightly] ==========================================
[nightly] Starting benchmarks for image: rocm/sgl-dev:v0.5.6-rocm700-mi30x-20251205
[nightly] ==========================================
[nightly] Checking GPU status before starting benchmarks for rocm/sgl-dev:v0.5.6-rocm700-mi30x-20251205...
[nightly] GPU is busy. Attempting to stop running Docker containers...
[nightly] No running containers to stop.
[nightly] Waiting 15s for GPU to become idle...
[nightly] WARN: GPU may still be busy, but proceeding as requested.
[nightly] INFO: Found 0/15 completed runs for rocm/sgl-dev:v0.5.6-rocm700-mi30x-20251205 (online). Proceeding with benchmarks.
[nightly] Using Docker image: rocm/sgl-dev:v0.5.6-rocm700-mi30x-20251205
[nightly] Container name: sgl-dev_v0.5.6-rocm700-mi30x-20251205
[nightly] Creating container sgl-dev_v0.5.6-rocm700-mi30x-20251205
0952252fd3157fad8560dea76df7fb7968f788bf6d501d3a78a3d76825698024
[nightly] === Starting benchmark execution ===
[nightly] === Starting nightly GROK2 online benchmark ===
[nightly] Launching grok_perf_online_csv.sh inside sgl-dev_v0.5.6-rocm700-mi30x-20251205
[nightly] Adding --model-type=grok2 flag for Grok 2 benchmark
[nightly] Adding --tokenizer='/mnt/raid/models/huggingface/alvarobartt--grok-2-tokenizer' flag for Grok 2 benchmark
[online] Using Grok 2 configuration
[online] Using default Grok 2 tokenizer: /mnt/raid/models/huggingface/alvarobartt--grok-2-tokenizer
[online] Script started at: 2025-12-05 07:32:25 PST
Scanning existing logs to check if all benchmarks are already complete...
Checking GSM8K log status...
Missing: GSM8K log file (/mnt/raid/michael/sglang-ci/online/GROK2/v0.5.6-rocm700-mi30x-20251205_GROK2_FP8_online/sglang_client_log_GROK2_gsm8k_aiter.log)
Checking client benchmark logs...
Scan complete: 0/5 client benchmark runs are complete.
❌ Missing or incomplete client benchmark runs.
❌ GSM8K benchmark is missing, empty, or incomplete.
Server startup required.
Starting benchmarks using aiter backend...
[online] Using Grok2 environment: RCCL_MSCCL_ENABLE=0 SGLANG_USE_AITER=1 SGLANG_INT4_WEIGHT=0
[online] Launching backend=aiter for grok2
[online] Waiting for server to be ready (timeout: 600s)...
[online] Still waiting... (10s elapsed)
[online] Still waiting... (20s elapsed)
[online] Still waiting... (30s elapsed)
[online] Still waiting... (40s elapsed)
[online] Still waiting... (50s elapsed)
[online] Still waiting... (60s elapsed)
[online] Still waiting... (70s elapsed)
[online] Still waiting... (80s elapsed)
[online] Still waiting... (90s elapsed)
[online] Still waiting... (100s elapsed)
[online] Still waiting... (110s elapsed)
[online] Still waiting... (120s elapsed)
[online] Still waiting... (130s elapsed)
[online] Still waiting... (140s elapsed)
[online] Still waiting... (150s elapsed)
[online] Still waiting... (160s elapsed)
[online] Still waiting... (170s elapsed)
[online] Still waiting... (180s elapsed)
[online] Still waiting... (190s elapsed)
[online] Still waiting... (200s elapsed)
[online] Still waiting... (210s elapsed)
[online] Still waiting... (220s elapsed)
[online] Still waiting... (230s elapsed)
[online] Still waiting... (240s elapsed)
[online] Still waiting... (250s elapsed)
[online] Still waiting... (260s elapsed)
[online] Still waiting... (270s elapsed)
[online] Still waiting... (280s elapsed)
[online] Still waiting... (290s elapsed)
[online] Still waiting... (300s elapsed)
[online] Still waiting... (310s elapsed)
[online] Still waiting... (320s elapsed)
[online] Still waiting... (330s elapsed)
[online] Still waiting... (340s elapsed)
[online] Still waiting... (350s elapsed)
[online] Still waiting... (360s elapsed)
[online] Still waiting... (370s elapsed)
[online] Still waiting... (380s elapsed)
[online] Still waiting... (390s elapsed)
[online] Still waiting... (400s elapsed)
[online] Still waiting... (410s elapsed)
[online] Still waiting... (420s elapsed)
[online] Still waiting... (430s elapsed)
[online] Still waiting... (440s elapsed)
[online] Still waiting... (450s elapsed)
[online] Still waiting... (460s elapsed)
[online] Still waiting... (470s elapsed)
[online] Still waiting... (480s elapsed)
[online] Still waiting... (490s elapsed)
[online] Still waiting... (500s elapsed)
[online] Still waiting... (510s elapsed)
[online] Still waiting... (520s elapsed)
[online] Still waiting... (530s elapsed)
[online] Still waiting... (540s elapsed)
[online] Still waiting... (550s elapsed)
[online] Still waiting... (560s elapsed)
[online] Still waiting... (570s elapsed)
[online] Still waiting... (580s elapsed)
[online] Still waiting... (590s elapsed)
[online] ERROR: Server failed to start within 600 seconds
[online] Last 50 lines of server log:
During handling of the above exception, another exception occurred:

Traceback (most recent call last):
  File "/opt/venv/lib/python3.10/site-packages/transformers/configuration_utils.py", line 721, in _get_config_dict
    resolved_config_file = cached_file(
  File "/opt/venv/lib/python3.10/site-packages/transformers/utils/hub.py", line 322, in cached_file
    file = cached_files(path_or_repo_id=path_or_repo_id, filenames=[filename], **kwargs)
  File "/opt/venv/lib/python3.10/site-packages/transformers/utils/hub.py", line 531, in cached_files
    resolved_files = [
  File "/opt/venv/lib/python3.10/site-packages/transformers/utils/hub.py", line 532, in <listcomp>
    _get_cache_file_to_return(path_or_repo_id, filename, cache_dir, revision, repo_type)
  File "/opt/venv/lib/python3.10/site-packages/transformers/utils/hub.py", line 143, in _get_cache_file_to_return
    resolved_file = try_to_load_from_cache(
  File "/opt/venv/lib/python3.10/site-packages/huggingface_hub/utils/_validators.py", line 106, in _inner_fn
    validate_repo_id(arg_value)
  File "/opt/venv/lib/python3.10/site-packages/huggingface_hub/utils/_validators.py", line 154, in validate_repo_id
    raise HFValidationError(
huggingface_hub.errors.HFValidationError: Repo id must be in the form 'repo_name' or 'namespace/repo_name': '/mnt/raid/models/huggingface/grok-2'. Use `repo_type` argument if needed.

During handling of the above exception, another exception occurred:

Traceback (most recent call last):
  File "/usr/lib/python3.10/runpy.py", line 196, in _run_module_as_main
    return _run_code(code, main_globals, None,
  File "/usr/lib/python3.10/runpy.py", line 86, in _run_code
    exec(code, run_globals)
  File "/sgl-workspace/sglang/python/sglang/launch_server.py", line 24, in <module>
    server_args = prepare_server_args(sys.argv[1:])
  File "/sgl-workspace/sglang/python/sglang/srt/server_args.py", line 4380, in prepare_server_args
    return ServerArgs.from_cli_args(raw_args)
  File "/sgl-workspace/sglang/python/sglang/srt/server_args.py", line 3933, in from_cli_args
    return cls(**{attr: getattr(args, attr) for attr in attrs})
  File "<string>", line 290, in __init__
  File "/sgl-workspace/sglang/python/sglang/srt/server_args.py", line 622, in __post_init__
    self._handle_model_specific_adjustments()
  File "/sgl-workspace/sglang/python/sglang/srt/server_args.py", line 945, in _handle_model_specific_adjustments
    hf_config = self.get_hf_config()
  File "/sgl-workspace/sglang/python/sglang/srt/server_args.py", line 3943, in get_hf_config
    hf_config = get_config(
  File "/sgl-workspace/sglang/python/sglang/srt/utils/common.py", line 3173, in wrapper
    result = func(*args, **kwargs)
  File "/sgl-workspace/sglang/python/sglang/srt/utils/hf_transformers_utils.py", line 255, in get_config
    config = AutoConfig.from_pretrained(
  File "/opt/venv/lib/python3.10/site-packages/transformers/models/auto/configuration_auto.py", line 1332, in from_pretrained
    config_dict, unused_kwargs = PretrainedConfig.get_config_dict(pretrained_model_name_or_path, **kwargs)
  File "/opt/venv/lib/python3.10/site-packages/transformers/configuration_utils.py", line 662, in get_config_dict
    config_dict, kwargs = cls._get_config_dict(pretrained_model_name_or_path, **kwargs)
  File "/opt/venv/lib/python3.10/site-packages/transformers/configuration_utils.py", line 744, in _get_config_dict
    raise OSError(
OSError: Can't load the configuration of '/mnt/raid/models/huggingface/grok-2'. If you were trying to load it from 'https://huggingface.co/models', make sure you don't have a local directory with the same name. Otherwise, make sure '/mnt/raid/models/huggingface/grok-2' is the correct path to a directory containing a config.json file
[nightly] === Online benchmark dispatched for GROK2; check logs in sgl-dev_v0.5.6-rocm700-mi30x-20251205 ===
[nightly] === Starting post-processing (CSV processing, plot generation, Teams notifications) ===
[nightly] Processing online CSV data and generating plots... Logs will be saved to /mnt/raid/michael/sglang-ci/online/GROK2/v0.5.6-rocm700-mi30x-20251205_GROK2_FP8_online/process_and_generate_online_plots.log
[nightly] Using plot date from image tag: 20251205
[nightly] ERROR: Online post-processing failed (exit code: 1)
[nightly] Error notification skipped - no webhook URL configured
[nightly] ==========================================
[nightly] Completed benchmarks for image: rocm/sgl-dev:v0.5.6-rocm700-mi30x-20251205
[nightly] Stopping container sgl-dev_v0.5.6-rocm700-mi30x-20251205 to release resources...
[nightly] ==========================================
[nightly] ==========================================
[nightly] All benchmarks completed for 1 image(s)
[nightly] ==========================================
[nightly] Cleaning up process lock...
