SGLang Sanity Check Timing Summary
==================================================
Start time: 2025-12-16 17:45:20 PST
Machine: smci355-ccs-aus-m12-33
Platform: mi35x
Models: GPT-OSS-120B, GPT-OSS-20B, QWEN-30B, GROK1-IN4, GROK1-FP8, GROK2.5, llama4
Trials per model: 3
Docker image: rocm/sgl-dev:v0.5.6.post2-rocm700-mi35x-20251216
==================================================

=== GPT-OSS-120B on mi35x ===
Start time: 2025-12-16 17:45:20 PST
Server startup: 81.65s
Warmup run: 132.1s - PASSED (accuracy: 0.859)
Early exit: Warmup passed, skipped 3 trial(s)
Server shutdown: 0.02s
Final result: PASS [OK]
Accuracy: 0.859 (Required: 0.820)
Total time: 213.80s
End time: 2025-12-16 17:48:53 PST
==================================================

=== GPT-OSS-20B on mi35x ===
Start time: 2025-12-16 17:49:02 PST
Server startup: 46.58s
Warmup run: 97.1s - PASSED (accuracy: 0.553)
Early exit: Warmup passed, skipped 3 trial(s)
Server shutdown: 0.01s
Final result: PASS [OK]
Accuracy: 0.553 (Required: 0.500)
Total time: 143.70s
End time: 2025-12-16 17:51:25 PST
==================================================

=== QWEN-30B on mi35x ===
Start time: 2025-12-16 17:51:34 PST
Server startup: FAILED after 60.11s
Error: Kernel compilation deadlock (mha_batch_pr (28 workers waiting))
ðŸ”„ Retry 1/3 - using cached kernels from previous runs...

=== QWEN-30B on mi35x ===
Start time: 2025-12-16 17:52:38 PST
Server startup: FAILED after 600.38s

=== GROK1-IN4 on mi35x ===
Start time: 2025-12-16 18:02:42 PST
Server startup: 53.13s
Warmup run: 58.1s - PASSED (accuracy: 0.823)
Early exit: Warmup passed, skipped 3 trial(s)
Server shutdown: 0.01s
Final result: PASS [OK]
Accuracy: 0.823 (Required: 0.800)
Total time: 111.21s
End time: 2025-12-16 18:04:34 PST
==================================================

=== GROK1-FP8 on mi35x ===
Start time: 2025-12-16 18:04:42 PST
Server startup: FAILED after 92.17s
Error: Aiter JIT builder hung (module_moe_asm (no progress for 92s))
ðŸ”„ Retry 1/3 - using cached kernels from previous runs...

=== GROK1-FP8 on mi35x ===
Start time: 2025-12-16 18:06:18 PST
Server startup: FAILED after 90.17s
Error: Aiter JIT builder hung (module_moe_asm (no progress for 90s))
ðŸ”„ Retry 2/3 - using cached kernels from previous runs...

=== GROK1-FP8 on mi35x ===
Start time: 2025-12-16 18:07:52 PST
Server startup: FAILED after 90.17s
Error: Aiter JIT builder hung (module_moe_asm (no progress for 90s))
ðŸ”„ Retry 3/3 - using cached kernels from previous runs...

=== GROK1-FP8 on mi35x ===
Start time: 2025-12-16 18:09:27 PST
Server startup: FAILED after 90.17s
Error: Aiter JIT builder hung (module_moe_asm (no progress for 90s))
ðŸ’¡ Suggestion: Builder hang persists after 3 retries. This is a v0.5.6+ aiter JIT regression.

=== GROK2.5 on mi35x ===
Start time: 2025-12-16 18:11:04 PST
Server startup: FAILED after 139.26s
Error: Aiter JIT builder hung (module_moe_asm (no progress for 139s))
ðŸ”„ Retry 1/3 - using cached kernels from previous runs...

=== GROK2.5 on mi35x ===
Start time: 2025-12-16 18:13:28 PST
Server startup: FAILED after 87.66s
Error: Kernel compilation deadlock (moe_asm (28 workers waiting))
ðŸ”„ Retry 2/3 - using cached kernels from previous runs...

=== GROK2.5 on mi35x ===
Start time: 2025-12-16 18:14:59 PST
Server startup: FAILED after 90.16s
Error: Aiter JIT builder hung (module_moe_ck2stages_f8_f8_preshuffle_off_b16_gelu_per_token_mulWeightStage2 (no progress for 90s))
ðŸ”„ Retry 3/3 - using cached kernels from previous runs...

=== GROK2.5 on mi35x ===
Start time: 2025-12-16 18:16:33 PST
Server startup: FAILED after 90.16s
Error: Aiter JIT builder hung (module_moe_ck2stages_f8_f8_preshuffle_off_b16_gelu_per_token_mulWeightStage2 (no progress for 90s))
ðŸ’¡ Suggestion: Builder hang persists after 3 retries. This is a v0.5.6+ aiter JIT regression.

=== llama4 on mi35x ===
Start time: 2025-12-16 18:18:11 PST
Server startup: FAILED after 80.15s
Error: Code bug - AttributeError: 'CustomAllreduce' object has no attribute 'original_disabled'
ðŸ’¡ Suggestion: Check server log for full traceback - this is a SGLang code bug

OVERALL SUMMARY
==================================================
End time: 2025-12-16 18:19:32 PST
Total execution time: 2052.64s (34.2 minutes)
Average time per model: 293.23s
Models tested: 7/7
Models passed: 3/7
Models failed: 4/7
Models skipped: 0/7
  GPT-OSS-120B: PASS
  GPT-OSS-20B: PASS
  QWEN-30B: FAIL
  GROK1-IN4: PASS
  GROK1-FP8: FAIL
  GROK2.5: FAIL
  llama4: FAIL
