Run started at: 2025-10-21 01:36:49 PDT
Using 500 prompts for concurrency 128
Traceback (most recent call last):
  File "/usr/local/lib/python3.12/dist-packages/urllib3/connection.py", line 198, in _new_conn
    sock = connection.create_connection(
           ^^^^^^^^^^^^^^^^^^^^^^^^^^^^^
  File "/usr/local/lib/python3.12/dist-packages/urllib3/util/connection.py", line 60, in create_connection
    for res in socket.getaddrinfo(host, port, family, socket.SOCK_STREAM):
               ^^^^^^^^^^^^^^^^^^^^^^^^^^^^^^^^^^^^^^^^^^^^^^^^^^^^^^^^^^
  File "/usr/lib/python3.12/socket.py", line 976, in getaddrinfo
    for res in _socket.getaddrinfo(host, port, family, type, proto, flags):
               ^^^^^^^^^^^^^^^^^^^^^^^^^^^^^^^^^^^^^^^^^^^^^^^^^^^^^^^^^^^
socket.gaierror: [Errno -3] Temporary failure in name resolution

The above exception was the direct cause of the following exception:

Traceback (most recent call last):
  File "/usr/local/lib/python3.12/dist-packages/urllib3/connectionpool.py", line 787, in urlopen
    response = self._make_request(
               ^^^^^^^^^^^^^^^^^^^
  File "/usr/local/lib/python3.12/dist-packages/urllib3/connectionpool.py", line 488, in _make_request
    raise new_e
  File "/usr/local/lib/python3.12/dist-packages/urllib3/connectionpool.py", line 464, in _make_request
    self._validate_conn(conn)
  File "/usr/local/lib/python3.12/dist-packages/urllib3/connectionpool.py", line 1093, in _validate_conn
    conn.connect()
  File "/usr/local/lib/python3.12/dist-packages/urllib3/connection.py", line 704, in connect
    self.sock = sock = self._new_conn()
                       ^^^^^^^^^^^^^^^^
  File "/usr/local/lib/python3.12/dist-packages/urllib3/connection.py", line 205, in _new_conn
    raise NameResolutionError(self.host, self, e) from e
urllib3.exceptions.NameResolutionError: <urllib3.connection.HTTPSConnection object at 0x7f2a37fb7170>: Failed to resolve 'huggingface.co' ([Errno -3] Temporary failure in name resolution)

The above exception was the direct cause of the following exception:

Traceback (most recent call last):
  File "/usr/local/lib/python3.12/dist-packages/requests/adapters.py", line 667, in send
    resp = conn.urlopen(
           ^^^^^^^^^^^^^
  File "/usr/local/lib/python3.12/dist-packages/urllib3/connectionpool.py", line 841, in urlopen
    retries = retries.increment(
              ^^^^^^^^^^^^^^^^^^
  File "/usr/local/lib/python3.12/dist-packages/urllib3/util/retry.py", line 519, in increment
    raise MaxRetryError(_pool, url, reason) from reason  # type: ignore[arg-type]
    ^^^^^^^^^^^^^^^^^^^^^^^^^^^^^^^^^^^^^^^^^^^^^^^^^^^
urllib3.exceptions.MaxRetryError: HTTPSConnectionPool(host='huggingface.co', port=443): Max retries exceeded with url: /datasets/anon8231489123/ShareGPT_Vicuna_unfiltered/resolve/main/ShareGPT_V3_unfiltered_cleaned_split.json (Caused by NameResolutionError("<urllib3.connection.HTTPSConnection object at 0x7f2a37fb7170>: Failed to resolve 'huggingface.co' ([Errno -3] Temporary failure in name resolution)"))

During handling of the above exception, another exception occurred:

Traceback (most recent call last):
  File "<frozen runpy>", line 198, in _run_module_as_main
  File "<frozen runpy>", line 88, in _run_code
  File "/sgl-workspace/sglang/python/sglang/bench_serving.py", line 2599, in <module>
    run_benchmark(args)
  File "/sgl-workspace/sglang/python/sglang/bench_serving.py", line 2245, in run_benchmark
    input_requests = get_dataset(args, tokenizer, model_id)
                     ^^^^^^^^^^^^^^^^^^^^^^^^^^^^^^^^^^^^^^
  File "/sgl-workspace/sglang/python/sglang/bench_serving.py", line 742, in get_dataset
    input_requests = sample_random_requests(
                     ^^^^^^^^^^^^^^^^^^^^^^^
  File "/sgl-workspace/sglang/python/sglang/bench_serving.py", line 1217, in sample_random_requests
    dataset_path = download_and_cache_file(SHAREGPT_URL)
                   ^^^^^^^^^^^^^^^^^^^^^^^^^^^^^^^^^^^^^
  File "/sgl-workspace/sglang/python/sglang/bench_serving.py", line 878, in download_and_cache_file
    response = requests.get(url, stream=True)
               ^^^^^^^^^^^^^^^^^^^^^^^^^^^^^^
  File "/usr/local/lib/python3.12/dist-packages/requests/api.py", line 73, in get
    return request("get", url, params=params, **kwargs)
           ^^^^^^^^^^^^^^^^^^^^^^^^^^^^^^^^^^^^^^^^^^^^
  File "/usr/local/lib/python3.12/dist-packages/requests/api.py", line 59, in request
    return session.request(method=method, url=url, **kwargs)
           ^^^^^^^^^^^^^^^^^^^^^^^^^^^^^^^^^^^^^^^^^^^^^^^^^
  File "/usr/local/lib/python3.12/dist-packages/requests/sessions.py", line 589, in request
    resp = self.send(prep, **send_kwargs)
           ^^^^^^^^^^^^^^^^^^^^^^^^^^^^^^
  File "/usr/local/lib/python3.12/dist-packages/requests/sessions.py", line 703, in send
    r = adapter.send(request, **kwargs)
        ^^^^^^^^^^^^^^^^^^^^^^^^^^^^^^^
  File "/usr/local/lib/python3.12/dist-packages/requests/adapters.py", line 700, in send
    raise ConnectionError(e, request=request)
requests.exceptions.ConnectionError: HTTPSConnectionPool(host='huggingface.co', port=443): Max retries exceeded with url: /datasets/anon8231489123/ShareGPT_Vicuna_unfiltered/resolve/main/ShareGPT_V3_unfiltered_cleaned_split.json (Caused by NameResolutionError("<urllib3.connection.HTTPSConnection object at 0x7f2a37fb7170>: Failed to resolve 'huggingface.co' ([Errno -3] Temporary failure in name resolution)"))
benchmark_args=Namespace(backend='sglang', base_url=None, host='127.0.0.1', port=30000, dataset_name='random', dataset_path='', model=None, tokenizer=None, num_prompts=500, sharegpt_output_len=None, sharegpt_context_len=None, random_input_len=3200, random_output_len=800, random_range_ratio=1.0, image_count=1, image_resolution='1080p', image_format='jpeg', image_content='random', request_rate=inf, use_trace_timestamps=False, max_concurrency=128, output_file=None, output_details=False, disable_tqdm=False, disable_stream=False, return_logprob=False, seed=1, disable_ignore_eos=False, extra_request_body=None, apply_chat_template=False, profile=False, lora_name=None, prompt_suffix='', pd_separated=False, profile_prefill_url=None, profile_decode_url=None, flush_cache=False, warmup_requests=1, tokenize_prompt=False, gsp_num_groups=64, gsp_prompts_per_group=16, gsp_system_prompt_len=2048, gsp_question_len=128, gsp_output_len=256, mooncake_slowdown_factor=1.0, mooncake_num_rounds=1, mooncake_workload='conversation')
Namespace(backend='sglang', base_url=None, host='127.0.0.1', port=30000, dataset_name='random', dataset_path='', model='/mnt/raid/models/huggingface/deepseek-ai/DeepSeek-V3-0324', tokenizer=None, num_prompts=500, sharegpt_output_len=None, sharegpt_context_len=None, random_input_len=3200, random_output_len=800, random_range_ratio=1.0, image_count=1, image_resolution='1080p', image_format='jpeg', image_content='random', request_rate=inf, use_trace_timestamps=False, max_concurrency=128, output_file=None, output_details=False, disable_tqdm=False, disable_stream=False, return_logprob=False, seed=1, disable_ignore_eos=False, extra_request_body=None, apply_chat_template=False, profile=False, lora_name=None, prompt_suffix='', pd_separated=False, profile_prefill_url=None, profile_decode_url=None, flush_cache=False, warmup_requests=1, tokenize_prompt=False, gsp_num_groups=64, gsp_prompts_per_group=16, gsp_system_prompt_len=2048, gsp_question_len=128, gsp_output_len=256, mooncake_slowdown_factor=1.0, mooncake_num_rounds=1, mooncake_workload='conversation')

Downloading from https://huggingface.co/datasets/anon8231489123/ShareGPT_Vicuna_unfiltered/resolve/main/ShareGPT_V3_unfiltered_cleaned_split.json to /tmp/ShareGPT_V3_unfiltered_cleaned_split.json
Run completed at: 2025-10-21 01:37:21 PDT
Run duration: 32 seconds
