[nightly] ==========================================
[nightly] SGL Nightly Benchmark Started
[nightly] ==========================================
[nightly] Command: scripts/perf_nightly.sh --model=deepseek --model-path=/mnt/raid/models/huggingface/deepseek-ai/DeepSeek-V3-0324 --mode=online --hardware=mi30x --teams-webhook-url=https://default3dd8961fe4884e608e11a82d994e18.3d.environment.api.powerplatform.com:443/powerautomate/automations/direct/workflows/5b63cac7474049f7a780db5486e3a5c6/triggers/manual/paths/invoke?api-version=1&sp=%2Ftriggers%2Fmanual%2Frun&sv=1.0&sig=5npWudEjINETmq67Bx35skofwckhvg92Io38Ayll5Ns
[nightly] Start time: 2025-11-13 14:15:01 PST
[nightly] Machine: dell300x-pla-t10-23
[nightly] Working directory: /mnt/raid/michael/sglang-ci
[nightly] Script location: /mnt/raid/michael/sglang-ci/scripts/perf_nightly.sh
[nightly] Process ID: 1240648
[nightly] ==========================================

[nightly] Runtime Environment:
[nightly] User: amd | Groups: amd video users... | Docker: /usr/bin/docker
[nightly] Testing Docker daemon access...
[nightly] Docker daemon accessible - proceeding...
[nightly] Teams webhook URL provided via command line - notifications enabled
[nightly] Custom model path provided: /mnt/raid/models/huggingface/deepseek-ai/DeepSeek-V3-0324
[nightly] Hardware: mi30x, ROCM Version: rocm700
[nightly] Model: deepseek, Mode(s): online
[nightly] Created process lock: /tmp/perf_nightly_deepseek.lock
[nightly] GPU is busy. Attempting to stop running Docker containers...
[nightly] Stopping running containers: 0e498f9b5c9c
[nightly] Waiting 15s for GPU to become idle...
[nightly] WARN: GPU may still be busy, but proceeding as requested.
[nightly] Searching for non-SRT images for deepseek for the last 1 days...
[nightly] Searching for non-SRT mi30x image (rocm700) in 'rocm/sgl-dev' for date 20251113...
[nightly] Found candidate tag for day -0: v0.5.5.post2-rocm700-mi30x-20251113
[nightly] Found local image: rocm/sgl-dev:v0.5.5.post2-rocm700-mi30x-20251113
[nightly] Successfully obtained image for date 20251113: rocm/sgl-dev:v0.5.5.post2-rocm700-mi30x-20251113
[nightly] Found 1 valid image(s) to run benchmarks on:
[nightly]   - rocm/sgl-dev:v0.5.5.post2-rocm700-mi30x-20251113

[nightly] ==========================================
[nightly] Starting benchmarks for image: rocm/sgl-dev:v0.5.5.post2-rocm700-mi30x-20251113
[nightly] ==========================================
[nightly] Checking GPU status before starting benchmarks for rocm/sgl-dev:v0.5.5.post2-rocm700-mi30x-20251113...
[nightly] GPU is busy. Attempting to stop running Docker containers...
[nightly] Stopping running containers: 6c0295067cd5
[nightly] Waiting 15s for GPU to become idle...
[nightly] WARN: GPU may still be busy, but proceeding as requested.
[nightly] Checking benchmark completion in: /mnt/raid/michael/sglang-ci/online/DeepSeek-V3-0324/v0.5.5.post2-rocm700-mi30x-20251113_DeepSeek-V3-0324_FP8_online
[nightly] Found 0 completed benchmark runs
[nightly] INFO: Found 0/15 completed runs for rocm/sgl-dev:v0.5.5.post2-rocm700-mi30x-20251113 (online). Proceeding with benchmarks.
[nightly] Using Docker image: rocm/sgl-dev:v0.5.5.post2-rocm700-mi30x-20251113
[nightly] Container name: sgl-dev_v0.5.5.post2-rocm700-mi30x-20251113
[nightly] Reusing container sgl-dev_v0.5.5.post2-rocm700-mi30x-20251113
[nightly] === Starting benchmark execution ===
[nightly] === Starting nightly DEEPSEEK online benchmark ===
[nightly] Launching deepseek_perf_online_csv.sh inside sgl-dev_v0.5.5.post2-rocm700-mi30x-20251113
[nightly] Passing --model-name='DeepSeek-V3-0324' to DeepSeek benchmark
✅ Parameter validation passed
[online] Script started at: 2025-11-13 14:15:33 PST
Scanning existing logs to check if all benchmarks are already complete...
Checking GSM8K log status...
Missing: GSM8K log file (/mnt/raid/michael/sglang-ci/online/DeepSeek-V3-0324/v0.5.5.post2-rocm700-mi30x-20251113_DeepSeek-V3-0324_FP8_online/sglang_client_log_DeepSeek-V3-0324_gsm8k.log)
Checking serving benchmark logs...
Missing: Concurrency 128, Run 1
Missing: Concurrency 64, Run 1
Missing: Concurrency 16, Run 1
Missing: Concurrency 4, Run 1
Missing: Concurrency 1, Run 1
Scan complete: 5 total runs needed, 5 missing/incomplete
❌ Missing 5 serving benchmark runs.
❌ GSM8K benchmark is missing, empty, or incomplete.
Server startup required.
Clearing previous logs...
Starting SGLang server for online GSM8K benchmark...
[DEBUG] Using standard settings with environment variable: SGLANG_USE_AITER
Waiting for SGLang server (PID: 47) to start... (Max 15 minutes)
Server logs are being written to: /mnt/raid/michael/sglang-ci/online/DeepSeek-V3-0324/v0.5.5.post2-rocm700-mi30x-20251113_DeepSeek-V3-0324_FP8_online/sglang_server.log
.............................
SGLang server started successfully after 146 seconds.
=== Online GSM8K Benchmark: TP=8, Questions=2000, Parallel=2000, Shots=5 ===
[progress] Total benchmark runs to execute: 10 (GSM8K: 5, Serving: 5) - standard mode
[progress] [--------------------------------------------------] 0/10 (0%) 
Starting GSM8K Online Benchmark...
Running 5 test iterations...
Executing GSM8K test Run 1 ...
/mnt/raid/michael/sglang-ci/scripts/deepseek_perf_online_csv.sh: line 874:    47 Killed                  env ${aiter_env_var}=1 python3 -m sglang.launch_server --model-path "${MODEL}" --tp-size "${TP}" --port "$GSM8K_PORT" --trust-remote-code --mem-fraction-static "$SERVER_MEM_FRACTION" --max-running-requests "$SERVER_MAX_REQUESTS" ${torch_compile_flag} > "$SERVER_LOG_FILE" 2>&1
  0%|          | 0/1319 [00:00<?, ?it/s]/sgl-workspace/sglang/python/sglang/lang/interpreter.py:410: UserWarning: Error in stream_executor: Traceback (most recent call last):
  File "/sgl-workspace/sglang/python/sglang/lang/interpreter.py", line 408, in _thread_worker_func
    self._execute(expr)
  File "/sgl-workspace/sglang/python/sglang/lang/interpreter.py", line 446, in _execute
    self._execute_gen(other)
  File "/sgl-workspace/sglang/python/sglang/lang/interpreter.py", line 574, in _execute_gen
    comp, meta_info = self.backend.generate(
  File "/sgl-workspace/sglang/python/sglang/lang/backend/runtime_endpoint.py", line 185, in generate
    res = http_request(
  File "/sgl-workspace/sglang/python/sglang/utils.py", line 169, in http_request
    resp = urllib.request.urlopen(req, data=data, cafile=verify)
  File "/usr/lib/python3.10/urllib/request.py", line 216, in urlopen
    return opener.open(url, data, timeout)
  File "/usr/lib/python3.10/urllib/request.py", line 519, in open
    response = self._open(req, data)
  File "/usr/lib/python3.10/urllib/request.py", line 536, in _open
    result = self._call_chain(self.handle_open, protocol, protocol +
  File "/usr/lib/python3.10/urllib/request.py", line 496, in _call_chain
    result = func(*args)
  File "/usr/lib/python3.10/urllib/request.py", line 1377, in http_open
    return self.do_open(http.client.HTTPConnection, req)
  File "/usr/lib/python3.10/urllib/request.py", line 1352, in do_open
    r = h.getresponse()
  File "/usr/lib/python3.10/http/client.py", line 1375, in getresponse
    response.begin()
  File "/usr/lib/python3.10/http/client.py", line 318, in begin
    version, status, reason = self._read_status()
  File "/usr/lib/python3.10/http/client.py", line 287, in _read_status
    raise RemoteDisconnected("Remote end closed connection without"
http.client.RemoteDisconnected: Remote end closed connection without response

  warnings.warn(f"Error in stream_executor: {get_exception_traceback()}")
  0%|          | 1/1319 [07:30<164:46:13, 450.06s/it] 88%|████████▊ | 1157/1319 [07:30<00:00, 1289.59it/s] 93%|█████████▎| 1228/1319 [07:30<00:00, 179.91it/s]  96%|█████████▌| 1267/1319 [07:30<00:00, 95.39it/s]  97%|█████████▋| 1282/1319 [07:30<00:01, 33.20it/s] 99%|█████████▉| 1304/1319 [07:30<00:00, 50.69it/s]100%|█████████▉| 1315/1319 [07:30<00:00, 23.88it/s]100%|█████████▉| 1315/1319 [07:30<00:00, 23.88it/s]100%|██████████| 1319/1319 [07:30<00:00, 11.58it/s]100%|██████████| 1319/1319 [07:30<00:00, 11.58it/s]100%|██████████| 1319/1319 [07:30<00:00, 11.58it/s]100%|██████████| 1319/1319 [07:30<00:00, 11.58it/s]100%|██████████| 1319/1319 [07:30<00:00, 11.58it/s]100%|██████████| 1319/1319 [07:30<00:00, 11.58it/s]100%|██████████| 1319/1319 [07:30<00:00, 11.58it/s]100%|██████████| 1319/1319 [07:30<00:00, 11.58it/s]100%|██████████| 1319/1319 [07:30<00:00, 11.58it/s]100%|██████████| 1319/1319 [07:30<00:00, 11.58it/s]100%|██████████| 1319/1319 [07:30<00:00, 11.58it/s]100%|██████████| 1319/1319 [07:30<00:00, 11.58it/s]100%|██████████| 1319/1319 [07:30<00:00, 11.58it/s]100%|██████████| 1319/1319 [07:30<00:00, 11.58it/s]100%|██████████| 1319/1319 [07:30<00:00, 11.58it/s]100%|██████████| 1319/1319 [07:30<00:00, 11.58it/s]100%|██████████| 1319/1319 [07:30<00:00, 11.58it/s]100%|██████████| 1319/1319 [07:30<00:00, 11.58it/s]100%|██████████| 1319/1319 [07:30<00:00, 11.58it/s]100%|██████████| 1319/1319 [07:30<00:00, 11.58it/s]100%|██████████| 1319/1319 [07:30<00:00, 11.58it/s]100%|██████████| 1319/1319 [07:30<00:00, 11.58it/s]100%|██████████| 1319/1319 [07:30<00:00, 11.58it/s]100%|██████████| 1319/1319 [07:30<00:00, 11.58it/s]100%|██████████| 1319/1319 [07:30<00:00, 11.58it/s]100%|██████████| 1319/1319 [07:30<00:00, 11.58it/s]100%|██████████| 1319/1319 [07:30<00:00, 11.58it/s]100%|██████████| 1319/1319 [07:30<00:00, 11.58it/s]100%|██████████| 1319/1319 [07:30<00:00, 11.58it/s]100%|██████████| 1319/1319 [07:30<00:00, 11.58it/s]100%|██████████| 1319/1319 [07:30<00:00, 11.58it/s]100%|██████████| 1319/1319 [07:30<00:00, 11.58it/s]100%|██████████| 1319/1319 [07:30<00:00, 11.58it/s]100%|██████████| 1319/1319 [07:30<00:00, 11.58it/s]100%|██████████| 1319/1319 [07:30<00:00, 11.58it/s]100%|██████████| 1319/1319 [07:30<00:00, 11.58it/s]100%|██████████| 1319/1319 [07:30<00:00, 11.58it/s]100%|██████████| 1319/1319 [07:30<00:00, 11.58it/s]100%|██████████| 1319/1319 [07:30<00:00, 11.58it/s]100%|██████████| 1319/1319 [07:30<00:00, 11.58it/s]100%|██████████| 1319/1319 [07:30<00:00, 11.58it/s]100%|██████████| 1319/1319 [07:30<00:00, 11.58it/s]100%|██████████| 1319/1319 [07:30<00:00, 11.58it/s]100%|██████████| 1319/1319 [07:30<00:00, 11.58it/s]100%|██████████| 1319/1319 [07:30<00:00, 11.58it/s]100%|██████████| 1319/1319 [07:30<00:00, 11.58it/s]100%|██████████| 1319/1319 [07:30<00:00, 11.58it/s]100%|██████████| 1319/1319 [07:30<00:00, 11.58it/s]100%|██████████| 1319/1319 [07:30<00:00, 11.58it/s]100%|██████████| 1319/1319 [07:30<00:00, 11.58it/s]100%|██████████| 1319/1319 [07:30<00:00, 11.58it/s]100%|██████████| 1319/1319 [07:30<00:00, 11.58it/s]100%|██████████| 1319/1319 [07:30<00:00, 11.58it/s]100%|██████████| 1319/1319 [07:30<00:00, 11.58it/s]100%|██████████| 1319/1319 [07:30<00:00, 11.58it/s]100%|██████████| 1319/1319 [07:30<00:00, 11.58it/s]100%|██████████| 1319/1319 [07:30<00:00, 11.58it/s]100%|██████████| 1319/1319 [07:30<00:00, 11.58it/s]100%|██████████| 1319/1319 [07:30<00:00, 11.58it/s]100%|██████████| 1319/1319 [07:30<00:00, 11.58it/s]100%|██████████| 1319/1319 [07:30<00:00, 11.58it/s]100%|██████████| 1319/1319 [07:30<00:00, 11.58it/s]100%|██████████| 1319/1319 [07:30<00:00, 11.58it/s]100%|██████████| 1319/1319 [07:30<00:00, 11.58it/s]100%|██████████| 1319/1319 [07:30<00:00, 11.58it/s]100%|██████████| 1319/1319 [07:30<00:00, 11.58it/s]100%|██████████| 1319/1319 [07:30<00:00, 11.58it/s]100%|██████████| 1319/1319 [07:30<00:00, 11.58it/s]100%|██████████| 1319/1319 [07:30<00:00, 11.58it/s]100%|██████████| 1319/1319 [07:30<00:00, 11.58it/s]100%|██████████| 1319/1319 [07:30<00:00, 11.58it/s]100%|██████████| 1319/1319 [07:30<00:00, 11.58it/s]100%|██████████| 1319/1319 [07:30<00:00, 11.58it/s]100%|██████████| 1319/1319 [07:30<00:00, 11.58it/s]100%|██████████| 1319/1319 [07:30<00:00, 11.58it/s]100%|██████████| 1319/1319 [07:30<00:00, 11.58it/s]100%|██████████| 1319/1319 [07:30<00:00, 11.58it/s]100%|██████████| 1319/1319 [07:30<00:00, 11.58it/s]100%|██████████| 1319/1319 [07:30<00:00, 11.58it/s]100%|██████████| 1319/1319 [07:30<00:00, 11.58it/s]100%|██████████| 1319/1319 [07:30<00:00, 11.58it/s]100%|██████████| 1319/1319 [07:30<00:00, 11.58it/s]100%|██████████| 1319/1319 [07:30<00:00, 11.58it/s]100%|██████████| 1319/1319 [07:30<00:00, 11.58it/s]100%|██████████| 1319/1319 [07:30<00:00, 11.58it/s]100%|██████████| 1319/1319 [07:30<00:00, 11.58it/s]100%|██████████| 1319/1319 [07:30<00:00, 11.58it/s]100%|██████████| 1319/1319 [07:30<00:00, 11.58it/s]100%|██████████| 1319/1319 [07:30<00:00, 11.58it/s]100%|██████████| 1319/1319 [07:30<00:00, 11.58it/s]100%|██████████| 1319/1319 [07:30<00:00, 11.58it/s]100%|██████████| 1319/1319 [07:30<00:00, 11.58it/s]100%|██████████| 1319/1319 [07:30<00:00, 11.58it/s]100%|██████████| 1319/1319 [07:30<00:00, 11.58it/s]100%|██████████| 1319/1319 [07:30<00:00, 11.58it/s]100%|██████████| 1319/1319 [07:30<00:00, 11.58it/s]100%|██████████| 1319/1319 [07:30<00:00, 11.58it/s]100%|██████████| 1319/1319 [07:30<00:00, 11.58it/s]100%|██████████| 1319/1319 [07:30<00:00, 11.58it/s]100%|██████████| 1319/1319 [07:30<00:00, 11.58it/s]100%|██████████| 1319/1319 [07:30<00:00, 11.58it/s]100%|██████████| 1319/1319 [07:30<00:00, 11.58it/s]100%|██████████| 1319/1319 [07:30<00:00, 11.58it/s]100%|██████████| 1319/1319 [07:30<00:00, 11.58it/s]100%|██████████| 1319/1319 [07:30<00:00, 11.58it/s]100%|██████████| 1319/1319 [07:30<00:00, 11.58it/s]100%|██████████| 1319/1319 [07:30<00:00, 11.58it/s]100%|██████████| 1319/1319 [07:30<00:00, 11.58it/s]100%|██████████| 1319/1319 [07:30<00:00, 11.58it/s]100%|██████████| 1319/1319 [07:30<00:00, 11.58it/s]100%|██████████| 1319/1319 [07:30<00:00, 11.58it/s]100%|██████████| 1319/1319 [07:30<00:00, 11.58it/s]100%|██████████| 1319/1319 [07:30<00:00, 11.58it/s]100%|██████████| 1319/1319 [07:30<00:00, 11.58it/s]100%|██████████| 1319/1319 [07:30<00:00, 11.58it/s]100%|██████████| 1319/1319 [07:30<00:00, 11.58it/s]100%|██████████| 1319/1319 [07:30<00:00, 11.58it/s]100%|██████████| 1319/1319 [07:30<00:00, 11.58it/s]100%|██████████| 1319/1319 [07:30<00:00, 11.58it/s]100%|██████████| 1319/1319 [07:30<00:00, 11.58it/s]100%|██████████| 1319/1319 [07:30<00:00, 11.58it/s]100%|██████████| 1319/1319 [07:30<00:00, 11.58it/s]100%|██████████| 1319/1319 [07:30<00:00, 11.58it/s]100%|██████████| 1319/1319 [07:30<00:00, 11.58it/s]100%|██████████| 1319/1319 [07:30<00:00, 11.58it/s]100%|██████████| 1319/1319 [07:30<00:00, 11.58it/s]100%|██████████| 1319/1319 [07:30<00:00, 11.58it/s]100%|██████████| 1319/1319 [07:30<00:00, 11.58it/s]100%|██████████| 1319/1319 [07:30<00:00, 11.58it/s]100%|██████████| 1319/1319 [07:30<00:00, 11.58it/s]100%|██████████| 1319/1319 [07:30<00:00, 11.58it/s]100%|██████████| 1319/1319 [07:30<00:00, 11.58it/s]100%|██████████| 1319/1319 [07:30<00:00, 11.58it/s]100%|██████████| 1319/1319 [07:30<00:00, 11.58it/s]100%|██████████| 1319/1319 [07:30<00:00, 11.58it/s]100%|██████████| 1319/1319 [07:30<00:00, 11.58it/s]100%|██████████| 1319/1319 [07:30<00:00, 11.58it/s]100%|██████████| 1319/1319 [07:30<00:00, 11.58it/s]100%|██████████| 1319/1319 [07:30<00:00, 11.58it/s]100%|██████████| 1319/1319 [07:30<00:00, 11.58it/s]100%|██████████| 1319/1319 [07:30<00:00, 11.58it/s]100%|██████████| 1319/1319 [07:30<00:00, 11.58it/s]100%|██████████| 1319/1319 [07:30<00:00, 11.58it/s]100%|██████████| 1319/1319 [07:30<00:00, 11.58it/s]100%|██████████| 1319/1319 [07:30<00:00, 11.58it/s]100%|██████████| 1319/1319 [07:30<00:00, 11.58it/s]100%|██████████| 1319/1319 [07:30<00:00, 11.58it/s]100%|██████████| 1319/1319 [07:30<00:00, 11.58it/s]100%|██████████| 1319/1319 [07:30<00:00, 11.58it/s]100%|██████████| 1319/1319 [07:30<00:00, 11.58it/s]100%|██████████| 1319/1319 [07:30<00:00, 11.58it/s]100%|██████████| 1319/1319 [07:30<00:00, 11.58it/s]100%|██████████| 1319/1319 [07:30<00:00, 11.58it/s]100%|██████████| 1319/1319 [07:30<00:00, 11.58it/s]100%|██████████| 1319/1319 [07:30<00:00, 11.58it/s]100%|██████████| 1319/1319 [07:30<00:00, 11.58it/s]100%|██████████| 1319/1319 [07:30<00:00, 11.58it/s]100%|██████████| 1319/1319 [07:30<00:00, 11.58it/s]100%|██████████| 1319/1319 [07:30<00:00, 11.58it/s]100%|██████████| 1319/1319 [07:30<00:00, 11.58it/s]100%|██████████| 1319/1319 [07:30<00:00, 11.58it/s]100%|██████████| 1319/1319 [07:30<00:00, 11.58it/s]100%|██████████| 1319/1319 [07:30<00:00, 11.58it/s]100%|██████████| 1319/1319 [07:30<00:00, 11.58it/s]100%|██████████| 1319/1319 [07:30<00:00, 11.58it/s]100%|██████████| 1319/1319 [07:30<00:00, 11.58it/s]100%|██████████| 1319/1319 [07:30<00:00, 11.58it/s]100%|██████████| 1319/1319 [07:30<00:00, 11.58it/s]100%|██████████| 1319/1319 [07:30<00:00, 11.58it/s]100%|██████████| 1319/1319 [07:30<00:00, 11.58it/s]100%|██████████| 1319/1319 [07:30<00:00, 11.58it/s]100%|██████████| 1319/1319 [07:30<00:00, 11.58it/s]100%|██████████| 1319/1319 [07:30<00:00, 11.58it/s]100%|██████████| 1319/1319 [07:30<00:00, 11.58it/s]100%|██████████| 1319/1319 [07:30<00:00, 11.58it/s]100%|██████████| 1319/1319 [07:30<00:00, 11.58it/s]100%|██████████| 1319/1319 [07:30<00:00, 11.58it/s]100%|██████████| 1319/1319 [07:30<00:00, 11.58it/s]100%|██████████| 1319/1319 [07:30<00:00, 11.58it/s]100%|██████████| 1319/1319 [07:30<00:00, 11.58it/s]100%|██████████| 1319/1319 [07:30<00:00, 11.58it/s]100%|██████████| 1319/1319 [07:30<00:00, 11.58it/s]100%|██████████| 1319/1319 [07:30<00:00, 11.58it/s]100%|██████████| 1319/1319 [07:30<00:00, 11.58it/s]100%|██████████| 1319/1319 [07:30<00:00, 11.58it/s]100%|██████████| 1319/1319 [07:30<00:00, 11.58it/s]100%|██████████| 1319/1319 [07:30<00:00, 11.58it/s]100%|██████████| 1319/1319 [07:30<00:00, 11.58it/s]100%|██████████| 1319/1319 [07:30<00:00, 11.58it/s]100%|██████████| 1319/1319 [07:30<00:00, 11.58it/s]100%|██████████| 1319/1319 [07:30<00:00, 11.58it/s]100%|██████████| 1319/1319 [07:30<00:00, 11.58it/s]100%|██████████| 1319/1319 [07:30<00:00, 11.58it/s]100%|██████████| 1319/1319 [07:30<00:00, 11.58it/s]100%|██████████| 1319/1319 [07:30<00:00, 11.58it/s]100%|██████████| 1319/1319 [07:30<00:00, 11.58it/s]100%|██████████| 1319/1319 [07:30<00:00, 11.58it/s]100%|██████████| 1319/1319 [07:30<00:00, 11.58it/s]100%|██████████| 1319/1319 [07:30<00:00, 11.58it/s]100%|██████████| 1319/1319 [07:30<00:00, 11.58it/s]100%|██████████| 1319/1319 [07:30<00:00, 11.58it/s]100%|██████████| 1319/1319 [07:30<00:00, 11.58it/s]100%|██████████| 1319/1319 [07:30<00:00, 11.58it/s]100%|██████████| 1319/1319 [07:30<00:00, 11.58it/s]100%|██████████| 1319/1319 [07:30<00:00, 11.58it/s]100%|██████████| 1319/1319 [07:30<00:00, 11.58it/s]100%|██████████| 1319/1319 [07:30<00:00, 11.58it/s]100%|██████████| 1319/1319 [07:30<00:00, 11.58it/s]100%|██████████| 1319/1319 [07:30<00:00, 11.58it/s]100%|██████████| 1319/1319 [07:30<00:00, 11.58it/s]100%|██████████| 1319/1319 [07:30<00:00, 11.58it/s]100%|██████████| 1319/1319 [07:30<00:00, 11.58it/s]100%|██████████| 1319/1319 [07:30<00:00, 11.58it/s]100%|██████████| 1319/1319 [07:30<00:00, 11.58it/s]100%|██████████| 1319/1319 [07:30<00:00, 11.58it/s]100%|██████████| 1319/1319 [07:30<00:00, 11.58it/s]100%|██████████| 1319/1319 [07:30<00:00, 11.58it/s]100%|██████████| 1319/1319 [07:30<00:00, 11.58it/s]100%|██████████| 1319/1319 [07:30<00:00, 11.58it/s]100%|██████████| 1319/1319 [07:30<00:00, 11.58it/s]100%|██████████| 1319/1319 [07:30<00:00, 11.58it/s]100%|██████████| 1319/1319 [07:30<00:00, 11.58it/s]100%|██████████| 1319/1319 [07:30<00:00, 11.58it/s]100%|██████████| 1319/1319 [07:30<00:00, 11.58it/s]100%|██████████| 1319/1319 [07:30<00:00, 11.58it/s]100%|██████████| 1319/1319 [07:30<00:00, 11.58it/s]100%|██████████| 1319/1319 [07:30<00:00, 11.58it/s]100%|██████████| 1319/1319 [07:30<00:00, 11.58it/s]100%|██████████| 1319/1319 [07:30<00:00, 11.58it/s]100%|██████████| 1319/1319 [07:30<00:00, 11.58it/s]100%|██████████| 1319/1319 [07:30<00:00, 11.58it/s]100%|██████████| 1319/1319 [07:30<00:00, 11.58it/s]100%|██████████| 1319/1319 [07:30<00:00, 11.58it/s]100%|██████████| 1319/1319 [07:30<00:00, 11.58it/s]100%|██████████| 1319/1319 [07:30<00:00, 11.58it/s]100%|██████████| 1319/1319 [07:30<00:00, 11.58it/s]100%|██████████| 1319/1319 [07:30<00:00, 11.58it/s]100%|██████████| 1319/1319 [07:30<00:00, 11.58it/s]100%|██████████| 1319/1319 [07:30<00:00, 11.58it/s]100%|██████████| 1319/1319 [07:30<00:00, 11.58it/s]100%|██████████| 1319/1319 [07:30<00:00, 11.58it/s]100%|██████████| 1319/1319 [07:30<00:00, 11.58it/s]100%|██████████| 1319/1319 [07:30<00:00, 11.58it/s]100%|██████████| 1319/1319 [07:30<00:00, 11.58it/s]100%|██████████| 1319/1319 [07:30<00:00, 11.58it/s]100%|██████████| 1319/1319 [07:30<00:00, 11.58it/s]100%|██████████| 1319/1319 [07:30<00:00, 11.58it/s]100%|██████████| 1319/1319 [07:30<00:00, 11.58it/s]100%|██████████| 1319/1319 [07:30<00:00, 11.58it/s]100%|██████████| 1319/1319 [07:30<00:00, 11.58it/s]100%|██████████| 1319/1319 [07:30<00:00, 11.58it/s]100%|██████████| 1319/1319 [07:30<00:00, 11.58it/s]100%|██████████| 1319/1319 [07:30<00:00, 11.58it/s]100%|██████████| 1319/1319 [07:30<00:00, 11.58it/s]100%|██████████| 1319/1319 [07:30<00:00, 11.58it/s]100%|██████████| 1319/1319 [07:30<00:00, 11.58it/s]100%|██████████| 1319/1319 [07:30<00:00, 11.58it/s]100%|██████████| 1319/1319 [07:30<00:00, 11.58it/s]100%|██████████| 1319/1319 [07:30<00:00, 11.58it/s]100%|██████████| 1319/1319 [07:30<00:00, 11.58it/s]100%|██████████| 1319/1319 [07:30<00:00, 11.58it/s]100%|██████████| 1319/1319 [07:30<00:00, 11.58it/s]100%|██████████| 1319/1319 [07:30<00:00, 11.58it/s]100%|██████████| 1319/1319 [07:30<00:00, 11.58it/s]100%|██████████| 1319/1319 [07:30<00:00, 11.58it/s]100%|██████████| 1319/1319 [07:30<00:00, 11.58it/s]100%|██████████| 1319/1319 [07:30<00:00, 11.58it/s]100%|██████████| 1319/1319 [07:30<00:00, 11.58it/s]100%|██████████| 1319/1319 [07:30<00:00, 11.58it/s]100%|██████████| 1319/1319 [07:30<00:00, 11.58it/s]100%|██████████| 1319/1319 [07:30<00:00, 11.58it/s]100%|██████████| 1319/1319 [07:30<00:00, 11.58it/s]100%|██████████| 1319/1319 [07:30<00:00, 11.58it/s]100%|██████████| 1319/1319 [07:30<00:00, 11.58it/s]100%|██████████| 1319/1319 [07:30<00:00, 11.58it/s]100%|██████████| 1319/1319 [07:30<00:00, 11.58it/s]100%|██████████| 1319/1319 [07:30<00:00, 11.58it/s]100%|██████████| 1319/1319 [07:30<00:00, 11.58it/s]100%|██████████| 1319/1319 [07:30<00:00, 11.58it/s]100%|██████████| 1319/1319 [07:30<00:00, 11.58it/s]100%|██████████| 1319/1319 [07:30<00:00, 11.58it/s]100%|██████████| 1319/1319 [07:30<00:00, 11.58it/s]100%|██████████| 1319/1319 [07:30<00:00, 11.58it/s]100%|██████████| 1319/1319 [07:30<00:00, 11.58it/s]100%|██████████| 1319/1319 [07:30<00:00, 11.58it/s]100%|██████████| 1319/1319 [07:30<00:00, 11.58it/s]100%|██████████| 1319/1319 [07:30<00:00, 11.58it/s]100%|██████████| 1319/1319 [07:30<00:00, 11.58it/s]100%|██████████| 1319/1319 [07:30<00:00, 11.58it/s]100%|██████████| 1319/1319 [07:30<00:00, 11.58it/s]100%|██████████| 1319/1319 [07:30<00:00, 11.58it/s]100%|██████████| 1319/1319 [07:30<00:00, 11.58it/s]100%|██████████| 1319/1319 [07:30<00:00, 11.58it/s]100%|██████████| 1319/1319 [07:30<00:00, 11.58it/s]100%|██████████| 1319/1319 [07:30<00:00, 11.58it/s]100%|██████████| 1319/1319 [07:30<00:00, 11.58it/s]100%|██████████| 1319/1319 [07:30<00:00, 11.58it/s]100%|██████████| 1319/1319 [07:30<00:00, 11.58it/s]100%|██████████| 1319/1319 [07:30<00:00, 11.58it/s]100%|██████████| 1319/1319 [07:30<00:00, 11.58it/s]100%|██████████| 1319/1319 [07:30<00:00, 11.58it/s]100%|██████████| 1319/1319 [07:30<00:00, 11.58it/s]100%|██████████| 1319/1319 [07:30<00:00, 11.58it/s]100%|██████████| 1319/1319 [07:30<00:00, 11.58it/s]100%|██████████| 1319/1319 [07:30<00:00, 11.58it/s]100%|██████████| 1319/1319 [07:30<00:00, 11.58it/s]100%|██████████| 1319/1319 [07:30<00:00, 11.58it/s]100%|██████████| 1319/1319 [07:30<00:00, 11.58it/s]100%|██████████| 1319/1319 [07:30<00:00, 11.58it/s]100%|██████████| 1319/1319 [07:30<00:00, 11.58it/s]100%|██████████| 1319/1319 [07:30<00:00, 11.58it/s]100%|██████████| 1319/1319 [07:30<00:00, 11.58it/s]100%|██████████| 1319/1319 [07:30<00:00, 11.58it/s]100%|██████████| 1319/1319 [07:30<00:00, 11.58it/s]100%|██████████| 1319/1319 [07:30<00:00, 11.58it/s]100%|██████████| 1319/1319 [07:30<00:00, 11.58it/s]100%|██████████| 1319/1319 [07:30<00:00, 11.58it/s]100%|██████████| 1319/1319 [07:30<00:00, 11.58it/s]100%|██████████| 1319/1319 [07:30<00:00, 11.58it/s]100%|██████████| 1319/1319 [07:30<00:00, 11.58it/s]100%|██████████| 1319/1319 [07:30<00:00, 11.58it/s]100%|██████████| 1319/1319 [07:30<00:00, 11.58it/s]100%|██████████| 1319/1319 [07:30<00:00, 11.58it/s]100%|██████████| 1319/1319 [07:30<00:00, 11.58it/s]100%|██████████| 1319/1319 [07:30<00:00, 11.58it/s]100%|██████████| 1319/1319 [07:30<00:00, 11.58it/s]100%|██████████| 1319/1319 [07:30<00:00, 11.58it/s]100%|██████████| 1319/1319 [07:30<00:00, 11.58it/s]100%|██████████| 1319/1319 [07:30<00:00, 11.58it/s]100%|██████████| 1319/1319 [07:30<00:00, 11.58it/s]100%|██████████| 1319/1319 [07:30<00:00, 11.58it/s]100%|██████████| 1319/1319 [07:30<00:00, 11.58it/s]100%|██████████| 1319/1319 [07:30<00:00, 11.58it/s]100%|██████████| 1319/1319 [07:30<00:00, 11.58it/s]100%|██████████| 1319/1319 [07:30<00:00, 11.58it/s]100%|██████████| 1319/1319 [07:30<00:00, 11.58it/s]100%|██████████| 1319/1319 [07:30<00:00, 11.58it/s]100%|██████████| 1319/1319 [07:30<00:00, 11.58it/s]100%|██████████| 1319/1319 [07:30<00:00, 11.58it/s]100%|██████████| 1319/1319 [07:30<00:00, 11.58it/s]100%|██████████| 1319/1319 [07:30<00:00, 11.58it/s]100%|██████████| 1319/1319 [07:30<00:00, 11.58it/s]100%|██████████| 1319/1319 [07:30<00:00, 11.58it/s]100%|██████████| 1319/1319 [07:30<00:00, 11.58it/s]100%|██████████| 1319/1319 [07:30<00:00, 11.58it/s]100%|██████████| 1319/1319 [07:30<00:00, 11.58it/s]100%|██████████| 1319/1319 [07:30<00:00, 11.58it/s]100%|██████████| 1319/1319 [07:30<00:00, 11.58it/s]100%|██████████| 1319/1319 [07:30<00:00, 11.58it/s]100%|██████████| 1319/1319 [07:30<00:00, 11.58it/s]100%|██████████| 1319/1319 [07:30<00:00, 11.58it/s]100%|██████████| 1319/1319 [07:30<00:00, 11.58it/s]100%|██████████| 1319/1319 [07:30<00:00, 11.58it/s]100%|██████████| 1319/1319 [07:30<00:00, 11.58it/s]100%|██████████| 1319/1319 [07:30<00:00, 11.58it/s]100%|██████████| 1319/1319 [07:30<00:00, 11.58it/s]100%|██████████| 1319/1319 [07:30<00:00, 11.58it/s]100%|██████████| 1319/1319 [07:30<00:00, 11.58it/s]100%|██████████| 1319/1319 [07:30<00:00, 11.58it/s]100%|██████████| 1319/1319 [07:30<00:00, 11.58it/s]100%|██████████| 1319/1319 [07:30<00:00, 11.58it/s]100%|██████████| 1319/1319 [07:30<00:00, 11.58it/s]100%|██████████| 1319/1319 [07:30<00:00, 11.58it/s]100%|██████████| 1319/1319 [07:30<00:00, 11.58it/s]100%|██████████| 1319/1319 [07:30<00:00, 11.58it/s]100%|██████████| 1319/1319 [07:30<00:00, 11.58it/s]100%|██████████| 1319/1319 [07:30<00:00, 11.58it/s]100%|██████████| 1319/1319 [07:30<00:00, 11.58it/s]100%|██████████| 1319/1319 [07:30<00:00, 11.58it/s]100%|██████████| 1319/1319 [07:30<00:00, 11.58it/s]100%|██████████| 1319/1319 [07:30<00:00, 11.58it/s]100%|██████████| 1319/1319 [07:30<00:00, 11.58it/s]100%|██████████| 1319/1319 [07:30<00:00, 11.58it/s]100%|██████████| 1319/1319 [07:30<00:00, 11.58it/s]100%|██████████| 1319/1319 [07:30<00:00, 11.58it/s]100%|██████████| 1319/1319 [07:30<00:00, 11.58it/s]100%|██████████| 1319/1319 [07:30<00:00, 11.58it/s]100%|██████████| 1319/1319 [07:30<00:00, 11.58it/s]100%|██████████| 1319/1319 [07:30<00:00, 11.58it/s]100%|██████████| 1319/1319 [07:30<00:00, 11.58it/s]100%|██████████| 1319/1319 [07:30<00:00, 11.58it/s]100%|██████████| 1319/1319 [07:30<00:00, 11.58it/s]100%|██████████| 1319/1319 [07:30<00:00, 11.58it/s]100%|██████████| 1319/1319 [07:30<00:00, 11.58it/s]100%|██████████| 1319/1319 [07:30<00:00, 11.58it/s]100%|██████████| 1319/1319 [07:30<00:00, 11.58it/s]100%|██████████| 1319/1319 [07:30<00:00, 11.58it/s]100%|██████████| 1319/1319 [07:30<00:00, 11.58it/s]100%|██████████| 1319/1319 [07:30<00:00, 11.58it/s]100%|██████████| 1319/1319 [07:30<00:00, 11.58it/s]100%|██████████| 1319/1319 [07:30<00:00, 11.58it/s]100%|██████████| 1319/1319 [07:30<00:00, 11.58it/s]100%|██████████| 1319/1319 [07:30<00:00, 11.58it/s]100%|██████████| 1319/1319 [07:30<00:00, 11.58it/s]100%|██████████| 1319/1319 [07:30<00:00, 11.58it/s]100%|██████████| 1319/1319 [07:30<00:00, 11.58it/s]100%|██████████| 1319/1319 [07:30<00:00, 11.58it/s]100%|██████████| 1319/1319 [07:30<00:00, 11.58it/s]100%|██████████| 1319/1319 [07:30<00:00, 11.58it/s]100%|██████████| 1319/1319 [07:30<00:00, 11.58it/s]100%|██████████| 1319/1319 [07:30<00:00, 11.58it/s]100%|██████████| 1319/1319 [07:30<00:00, 11.58it/s]100%|██████████| 1319/1319 [07:30<00:00, 11.58it/s]100%|██████████| 1319/1319 [07:30<00:00, 11.58it/s]100%|██████████| 1319/1319 [07:30<00:00, 11.58it/s]100%|██████████| 1319/1319 [07:30<00:00, 11.58it/s]100%|██████████| 1319/1319 [07:30<00:00, 11.58it/s]100%|██████████| 1319/1319 [07:30<00:00, 11.58it/s]100%|██████████| 1319/1319 [07:30<00:00, 11.58it/s]100%|██████████| 1319/1319 [07:30<00:00, 11.58it/s]100%|██████████| 1319/1319 [07:30<00:00, 11.58it/s]100%|██████████| 1319/1319 [07:30<00:00, 11.58it/s]100%|██████████| 1319/1319 [07:30<00:00, 11.58it/s]100%|██████████| 1319/1319 [07:30<00:00, 11.58it/s]100%|██████████| 1319/1319 [07:30<00:00, 11.58it/s]100%|██████████| 1319/1319 [07:30<00:00, 11.58it/s]100%|██████████| 1319/1319 [07:30<00:00, 11.58it/s]100%|██████████| 1319/1319 [07:30<00:00, 11.58it/s]100%|██████████| 1319/1319 [07:30<00:00, 11.58it/s]100%|██████████| 1319/1319 [07:30<00:00, 11.58it/s]100%|██████████| 1319/1319 [07:30<00:00, 11.58it/s]100%|██████████| 1319/1319 [07:30<00:00, 11.58it/s]100%|██████████| 1319/1319 [07:30<00:00, 11.58it/s]100%|██████████| 1319/1319 [07:30<00:00, 11.58it/s]100%|██████████| 1319/1319 [07:30<00:00, 11.58it/s]100%|██████████| 1319/1319 [07:30<00:00, 11.58it/s]100%|██████████| 1319/1319 [07:30<00:00, 11.58it/s]100%|██████████| 1319/1319 [07:30<00:00, 11.58it/s]100%|██████████| 1319/1319 [07:30<00:00, 11.58it/s]100%|██████████| 1319/1319 [07:30<00:00, 11.58it/s]100%|██████████| 1319/1319 [07:30<00:00, 11.58it/s]100%|██████████| 1319/1319 [07:30<00:00, 11.58it/s]100%|██████████| 1319/1319 [07:30<00:00, 11.58it/s]100%|██████████| 1319/1319 [07:30<00:00, 11.58it/s]100%|██████████| 1319/1319 [07:30<00:00, 11.58it/s]100%|██████████| 1319/1319 [07:30<00:00, 11.58it/s]100%|██████████| 1319/1319 [07:30<00:00, 11.58it/s]100%|██████████| 1319/1319 [07:30<00:00, 11.58it/s]100%|██████████| 1319/1319 [07:30<00:00, 11.58it/s]100%|██████████| 1319/1319 [07:30<00:00, 11.58it/s]100%|██████████| 1319/1319 [07:30<00:00, 11.58it/s]100%|██████████| 1319/1319 [07:30<00:00, 11.58it/s]100%|██████████| 1319/1319 [07:30<00:00, 11.58it/s]100%|██████████| 1319/1319 [07:30<00:00, 11.58it/s]100%|██████████| 1319/1319 [07:30<00:00, 11.58it/s]100%|██████████| 1319/1319 [07:30<00:00, 11.58it/s]100%|██████████| 1319/1319 [07:30<00:00, 11.58it/s]100%|██████████| 1319/1319 [07:30<00:00, 11.58it/s]100%|██████████| 1319/1319 [07:30<00:00, 11.58it/s]100%|██████████| 1319/1319 [07:30<00:00, 11.58it/s]100%|██████████| 1319/1319 [07:30<00:00, 11.58it/s]100%|██████████| 1319/1319 [07:30<00:00, 11.58it/s]100%|██████████| 1319/1319 [07:30<00:00, 11.58it/s]100%|██████████| 1319/1319 [07:30<00:00, 11.58it/s]100%|██████████| 1319/1319 [07:30<00:00, 11.58it/s]100%|██████████| 1319/1319 [07:30<00:00, 11.58it/s]100%|██████████| 1319/1319 [07:30<00:00, 11.58it/s]100%|██████████| 1319/1319 [07:30<00:00, 11.58it/s]100%|██████████| 1319/1319 [07:30<00:00, 11.58it/s]100%|██████████| 1319/1319 [07:30<00:00, 11.58it/s]100%|██████████| 1319/1319 [07:30<00:00, 11.58it/s]100%|██████████| 1319/1319 [07:30<00:00, 11.58it/s]100%|██████████| 1319/1319 [07:30<00:00, 11.58it/s]100%|██████████| 1319/1319 [07:30<00:00, 11.58it/s]100%|██████████| 1319/1319 [07:30<00:00, 11.58it/s]100%|██████████| 1319/1319 [07:30<00:00, 11.58it/s]100%|██████████| 1319/1319 [07:30<00:00, 11.58it/s]100%|██████████| 1319/1319 [07:30<00:00, 11.58it/s]100%|██████████| 1319/1319 [07:30<00:00, 11.58it/s]100%|██████████| 1319/1319 [07:30<00:00, 11.58it/s]100%|██████████| 1319/1319 [07:30<00:00, 11.58it/s]100%|██████████| 1319/1319 [07:30<00:00, 11.58it/s]100%|██████████| 1319/1319 [07:30<00:00, 11.58it/s]100%|██████████| 1319/1319 [07:30<00:00, 11.58it/s]100%|██████████| 1319/1319 [07:30<00:00, 11.58it/s]100%|██████████| 1319/1319 [07:30<00:00, 11.58it/s]100%|██████████| 1319/1319 [07:30<00:00, 11.58it/s]100%|██████████| 1319/1319 [07:30<00:00, 11.58it/s]100%|██████████| 1319/1319 [07:30<00:00, 11.58it/s]100%|██████████| 1319/1319 [07:30<00:00, 11.58it/s]100%|██████████| 1319/1319 [07:30<00:00, 11.58it/s]100%|██████████| 1319/1319 [07:30<00:00, 11.58it/s]100%|██████████| 1319/1319 [07:30<00:00, 11.58it/s]100%|██████████| 1319/1319 [07:30<00:00, 11.58it/s]100%|██████████| 1319/1319 [07:30<00:00, 11.58it/s]100%|██████████| 1319/1319 [07:30<00:00, 11.58it/s]100%|██████████| 1319/1319 [07:30<00:00, 11.58it/s]100%|██████████| 1319/1319 [07:30<00:00, 11.58it/s]100%|██████████| 1319/1319 [07:30<00:00, 11.58it/s]100%|██████████| 1319/1319 [07:30<00:00, 11.58it/s]100%|██████████| 1319/1319 [07:30<00:00, 11.58it/s]100%|██████████| 1319/1319 [07:30<00:00, 11.58it/s]100%|██████████| 1319/1319 [07:30<00:00, 11.58it/s]100%|██████████| 1319/1319 [07:30<00:00, 11.58it/s]100%|██████████| 1319/1319 [07:30<00:00, 11.58it/s]100%|██████████| 1319/1319 [07:30<00:00, 11.58it/s]100%|██████████| 1319/1319 [07:30<00:00, 11.58it/s]100%|██████████| 1319/1319 [07:30<00:00, 11.58it/s]100%|██████████| 1319/1319 [07:30<00:00, 11.58it/s]100%|██████████| 1319/1319 [07:30<00:00, 11.58it/s]100%|██████████| 1319/1319 [07:30<00:00, 11.58it/s]100%|██████████| 1319/1319 [07:30<00:00, 11.58it/s]100%|██████████| 1319/1319 [07:30<00:00, 11.58it/s]100%|██████████| 1319/1319 [07:30<00:00, 11.58it/s]100%|██████████| 1319/1319 [07:30<00:00, 11.58it/s]100%|██████████| 1319/1319 [07:30<00:00, 11.58it/s]100%|██████████| 1319/1319 [07:30<00:00, 11.58it/s]100%|██████████| 1319/1319 [07:30<00:00, 11.58it/s]100%|██████████| 1319/1319 [07:30<00:00, 11.58it/s]100%|██████████| 1319/1319 [07:30<00:00, 11.58it/s]100%|██████████| 1319/1319 [07:30<00:00, 11.58it/s]100%|██████████| 1319/1319 [07:30<00:00, 11.58it/s]100%|██████████| 1319/1319 [07:30<00:00, 11.58it/s]100%|██████████| 1319/1319 [07:30<00:00, 11.58it/s]100%|██████████| 1319/1319 [07:30<00:00, 11.58it/s]100%|██████████| 1319/1319 [07:30<00:00, 11.58it/s]100%|██████████| 1319/1319 [07:30<00:00, 11.58it/s]100%|██████████| 1319/1319 [07:30<00:00, 11.58it/s]100%|██████████| 1319/1319 [07:30<00:00, 11.58it/s]100%|██████████| 1319/1319 [07:30<00:00, 11.58it/s]100%|██████████| 1319/1319 [07:30<00:00, 11.58it/s]100%|██████████| 1319/1319 [07:30<00:00, 11.58it/s]100%|██████████| 1319/1319 [07:30<00:00, 11.58it/s]100%|██████████| 1319/1319 [07:30<00:00, 11.58it/s]100%|██████████| 1319/1319 [07:30<00:00, 11.58it/s]100%|██████████| 1319/1319 [07:30<00:00, 11.58it/s]100%|██████████| 1319/1319 [07:30<00:00, 11.58it/s]100%|██████████| 1319/1319 [07:30<00:00, 11.58it/s]100%|██████████| 1319/1319 [07:30<00:00, 11.58it/s]100%|██████████| 1319/1319 [07:30<00:00, 11.58it/s]100%|██████████| 1319/1319 [07:30<00:00, 11.58it/s]100%|██████████| 1319/1319 [07:30<00:00, 11.58it/s]100%|██████████| 1319/1319 [07:30<00:00, 11.58it/s]100%|██████████| 1319/1319 [07:30<00:00, 11.58it/s]100%|██████████| 1319/1319 [07:30<00:00, 11.58it/s]100%|██████████| 1319/1319 [07:30<00:00, 11.58it/s]100%|██████████| 1319/1319 [07:30<00:00, 11.58it/s]100%|██████████| 1319/1319 [07:30<00:00, 11.58it/s]100%|██████████| 1319/1319 [07:30<00:00, 11.58it/s]100%|██████████| 1319/1319 [07:30<00:00, 11.58it/s]100%|██████████| 1319/1319 [07:30<00:00, 11.58it/s]100%|██████████| 1319/1319 [07:30<00:00, 11.58it/s]100%|██████████| 1319/1319 [07:30<00:00, 11.58it/s]100%|██████████| 1319/1319 [07:30<00:00, 11.58it/s]100%|██████████| 1319/1319 [07:30<00:00, 11.58it/s]100%|██████████| 1319/1319 [07:30<00:00, 11.58it/s]100%|██████████| 1319/1319 [07:30<00:00, 11.58it/s]100%|██████████| 1319/1319 [07:30<00:00, 11.58it/s]100%|██████████| 1319/1319 [07:30<00:00, 11.58it/s]100%|██████████| 1319/1319 [07:30<00:00, 11.58it/s]100%|██████████| 1319/1319 [07:30<00:00, 11.58it/s]100%|██████████| 1319/1319 [07:30<00:00, 11.58it/s]100%|██████████| 1319/1319 [07:30<00:00, 11.58it/s]100%|██████████| 1319/1319 [07:30<00:00, 11.58it/s]100%|██████████| 1319/1319 [07:30<00:00, 11.58it/s]100%|██████████| 1319/1319 [07:30<00:00, 11.58it/s]100%|██████████| 1319/1319 [07:30<00:00, 11.58it/s]100%|██████████| 1319/1319 [07:30<00:00, 11.58it/s]100%|██████████| 1319/1319 [07:30<00:00, 11.58it/s]100%|██████████| 1319/1319 [07:30<00:00, 11.58it/s]100%|██████████| 1319/1319 [07:30<00:00, 11.58it/s]100%|██████████| 1319/1319 [07:30<00:00, 11.58it/s]100%|██████████| 1319/1319 [07:30<00:00, 11.58it/s]100%|██████████| 1319/1319 [07:30<00:00, 11.58it/s]100%|██████████| 1319/1319 [07:30<00:00, 11.58it/s]100%|██████████| 1319/1319 [07:30<00:00, 11.58it/s]100%|██████████| 1319/1319 [07:30<00:00, 11.58it/s]100%|██████████| 1319/1319 [07:30<00:00, 11.58it/s]100%|██████████| 1319/1319 [07:30<00:00, 11.58it/s]100%|██████████| 1319/1319 [07:30<00:00, 11.58it/s]100%|██████████| 1319/1319 [07:30<00:00, 11.58it/s]100%|██████████| 1319/1319 [07:30<00:00, 11.58it/s]100%|██████████| 1319/1319 [07:30<00:00, 11.58it/s]100%|██████████| 1319/1319 [07:30<00:00, 11.58it/s]100%|██████████| 1319/1319 [07:30<00:00, 11.58it/s]100%|██████████| 1319/1319 [07:30<00:00, 11.58it/s]100%|██████████| 1319/1319 [07:30<00:00, 11.58it/s]100%|██████████| 1319/1319 [07:30<00:00, 11.58it/s]100%|██████████| 1319/1319 [07:30<00:00, 11.58it/s]100%|██████████| 1319/1319 [07:30<00:00, 11.58it/s]100%|██████████| 1319/1319 [07:30<00:00, 11.58it/s]100%|██████████| 1319/1319 [07:30<00:00, 11.58it/s]100%|██████████| 1319/1319 [07:30<00:00, 11.58it/s]100%|██████████| 1319/1319 [07:30<00:00, 11.58it/s]100%|██████████| 1319/1319 [07:30<00:00, 11.58it/s]100%|██████████| 1319/1319 [07:30<00:00, 11.58it/s]100%|██████████| 1319/1319 [07:30<00:00, 11.58it/s]100%|██████████| 1319/1319 [07:30<00:00, 11.58it/s]100%|██████████| 1319/1319 [07:30<00:00, 11.58it/s]100%|██████████| 1319/1319 [07:30<00:00, 11.58it/s]100%|██████████| 1319/1319 [07:30<00:00, 11.58it/s]100%|██████████| 1319/1319 [07:30<00:00, 11.58it/s]100%|██████████| 1319/1319 [07:30<00:00, 11.58it/s]100%|██████████| 1319/1319 [07:30<00:00, 11.58it/s]100%|██████████| 1319/1319 [07:30<00:00, 11.58it/s]100%|██████████| 1319/1319 [07:30<00:00, 11.58it/s]100%|██████████| 1319/1319 [07:30<00:00, 11.58it/s]100%|██████████| 1319/1319 [07:30<00:00, 11.58it/s]100%|██████████| 1319/1319 [07:30<00:00, 11.58it/s]100%|██████████| 1319/1319 [07:30<00:00, 11.58it/s]100%|██████████| 1319/1319 [07:30<00:00, 11.58it/s]100%|██████████| 1319/1319 [07:30<00:00, 11.58it/s]100%|██████████| 1319/1319 [07:30<00:00, 11.58it/s]100%|██████████| 1319/1319 [07:30<00:00, 11.58it/s]100%|██████████| 1319/1319 [07:30<00:00, 11.58it/s]100%|██████████| 1319/1319 [07:30<00:00, 11.58it/s]100%|██████████| 1319/1319 [07:30<00:00, 11.58it/s]100%|██████████| 1319/1319 [07:30<00:00, 11.58it/s]100%|██████████| 1319/1319 [07:30<00:00, 11.58it/s]100%|██████████| 1319/1319 [07:30<00:00, 11.58it/s]100%|██████████| 1319/1319 [07:30<00:00, 11.58it/s]100%|██████████| 1319/1319 [07:30<00:00, 11.58it/s]100%|██████████| 1319/1319 [07:30<00:00, 11.58it/s]100%|██████████| 1319/1319 [07:30<00:00, 11.58it/s]100%|██████████| 1319/1319 [07:30<00:00, 11.58it/s]100%|██████████| 1319/1319 [07:30<00:00, 11.58it/s]100%|██████████| 1319/1319 [07:30<00:00, 11.58it/s]100%|██████████| 1319/1319 [07:30<00:00, 11.58it/s]100%|██████████| 1319/1319 [07:30<00:00, 11.58it/s]100%|██████████| 1319/1319 [07:30<00:00, 11.58it/s]100%|██████████| 1319/1319 [07:30<00:00, 11.58it/s]100%|██████████| 1319/1319 [07:30<00:00, 11.58it/s]100%|██████████| 1319/1319 [07:30<00:00, 11.58it/s]100%|██████████| 1319/1319 [07:30<00:00, 11.58it/s]100%|██████████| 1319/1319 [07:30<00:00, 11.58it/s]100%|██████████| 1319/1319 [07:30<00:00, 11.58it/s]100%|██████████| 1319/1319 [07:30<00:00, 11.58it/s]100%|██████████| 1319/1319 [07:30<00:00, 11.58it/s]100%|██████████| 1319/1319 [07:30<00:00, 11.58it/s]100%|██████████| 1319/1319 [07:30<00:00, 11.58it/s]100%|██████████| 1319/1319 [07:30<00:00, 11.58it/s]100%|██████████| 1319/1319 [07:30<00:00, 11.58it/s]100%|██████████| 1319/1319 [07:30<00:00, 11.58it/s]100%|██████████| 1319/1319 [07:30<00:00, 11.58it/s]100%|██████████| 1319/1319 [07:30<00:00, 11.58it/s]100%|██████████| 1319/1319 [07:30<00:00, 11.58it/s]100%|██████████| 1319/1319 [07:30<00:00, 11.58it/s]100%|██████████| 1319/1319 [07:30<00:00, 11.58it/s]100%|██████████| 1319/1319 [07:30<00:00, 11.58it/s]100%|██████████| 1319/1319 [07:30<00:00, 11.58it/s]100%|██████████| 1319/1319 [07:30<00:00, 11.58it/s]100%|██████████| 1319/1319 [07:30<00:00, 11.58it/s]100%|██████████| 1319/1319 [07:30<00:00, 11.58it/s]100%|██████████| 1319/1319 [07:30<00:00, 11.58it/s]100%|██████████| 1319/1319 [07:30<00:00, 11.58it/s]100%|██████████| 1319/1319 [07:30<00:00, 11.58it/s]100%|██████████| 1319/1319 [07:30<00:00, 11.58it/s]100%|██████████| 1319/1319 [07:30<00:00, 11.58it/s]100%|██████████| 1319/1319 [07:30<00:00, 11.58it/s]100%|██████████| 1319/1319 [07:30<00:00, 11.58it/s]100%|██████████| 1319/1319 [07:30<00:00, 11.58it/s]100%|██████████| 1319/1319 [07:30<00:00, 11.58it/s]100%|██████████| 1319/1319 [07:30<00:00, 11.58it/s]100%|██████████| 1319/1319 [07:30<00:00, 11.58it/s]100%|██████████| 1319/1319 [07:30<00:00, 11.58it/s]100%|██████████| 1319/1319 [07:30<00:00, 11.58it/s]100%|██████████| 1319/1319 [07:30<00:00, 11.58it/s]100%|██████████| 1319/1319 [07:30<00:00, 11.58it/s]100%|██████████| 1319/1319 [07:30<00:00, 11.58it/s]100%|██████████| 1319/1319 [07:30<00:00, 11.58it/s]100%|██████████| 1319/1319 [07:30<00:00, 11.58it/s]100%|██████████| 1319/1319 [07:30<00:00, 11.58it/s]100%|██████████| 1319/1319 [07:30<00:00, 11.58it/s]100%|██████████| 1319/1319 [07:30<00:00, 11.58it/s]100%|██████████| 1319/1319 [07:30<00:00, 11.58it/s]100%|██████████| 1319/1319 [07:30<00:00, 11.58it/s]100%|██████████| 1319/1319 [07:30<00:00, 11.58it/s]100%|██████████| 1319/1319 [07:30<00:00, 11.58it/s]100%|██████████| 1319/1319 [07:30<00:00, 11.58it/s]100%|██████████| 1319/1319 [07:30<00:00, 11.58it/s]100%|██████████| 1319/1319 [07:30<00:00, 11.58it/s]100%|██████████| 1319/1319 [07:30<00:00, 11.58it/s]100%|██████████| 1319/1319 [07:30<00:00, 11.58it/s]100%|██████████| 1319/1319 [07:30<00:00, 11.58it/s]100%|██████████| 1319/1319 [07:30<00:00, 11.58it/s]100%|██████████| 1319/1319 [07:30<00:00, 11.58it/s]100%|██████████| 1319/1319 [07:30<00:00, 11.58it/s]100%|██████████| 1319/1319 [07:30<00:00, 11.58it/s]100%|██████████| 1319/1319 [07:30<00:00, 11.58it/s]100%|██████████| 1319/1319 [07:30<00:00, 11.58it/s]100%|██████████| 1319/1319 [07:30<00:00, 11.58it/s]100%|██████████| 1319/1319 [07:30<00:00, 11.58it/s]100%|██████████| 1319/1319 [07:30<00:00, 11.58it/s]100%|██████████| 1319/1319 [07:30<00:00, 11.58it/s]100%|██████████| 1319/1319 [07:30<00:00, 11.58it/s]100%|██████████| 1319/1319 [07:30<00:00, 11.58it/s]100%|██████████| 1319/1319 [07:30<00:00, 11.58it/s]100%|██████████| 1319/1319 [07:30<00:00, 11.58it/s]100%|██████████| 1319/1319 [07:30<00:00, 11.58it/s]100%|██████████| 1319/1319 [07:30<00:00, 11.58it/s]100%|██████████| 1319/1319 [07:30<00:00, 11.58it/s]100%|██████████| 1319/1319 [07:30<00:00, 11.58it/s]100%|██████████| 1319/1319 [07:30<00:00, 11.58it/s]100%|██████████| 1319/1319 [07:30<00:00, 11.58it/s]100%|██████████| 1319/1319 [07:30<00:00, 11.58it/s]100%|██████████| 1319/1319 [07:30<00:00, 11.58it/s]100%|██████████| 1319/1319 [07:30<00:00, 11.58it/s]100%|██████████| 1319/1319 [07:30<00:00, 11.58it/s]100%|██████████| 1319/1319 [07:30<00:00, 11.58it/s]100%|██████████| 1319/1319 [07:30<00:00, 11.58it/s]100%|██████████| 1319/1319 [07:30<00:00, 11.58it/s]100%|██████████| 1319/1319 [07:30<00:00, 11.58it/s]100%|██████████| 1319/1319 [07:30<00:00, 11.58it/s]100%|██████████| 1319/1319 [07:30<00:00, 11.58it/s]100%|██████████| 1319/1319 [07:30<00:00, 11.58it/s]100%|██████████| 1319/1319 [07:30<00:00, 11.58it/s]100%|██████████| 1319/1319 [07:30<00:00, 11.58it/s]100%|██████████| 1319/1319 [07:30<00:00, 11.58it/s]100%|██████████| 1319/1319 [07:30<00:00, 11.58it/s]100%|██████████| 1319/1319 [07:30<00:00, 11.58it/s]100%|██████████| 1319/1319 [07:30<00:00, 11.58it/s]100%|██████████| 1319/1319 [07:30<00:00, 11.58it/s]100%|██████████| 1319/1319 [07:30<00:00, 11.58it/s]100%|██████████| 1319/1319 [07:30<00:00, 11.58it/s]100%|██████████| 1319/1319 [07:30<00:00, 11.58it/s]100%|██████████| 1319/1319 [07:30<00:00, 11.58it/s]100%|██████████| 1319/1319 [07:30<00:00, 11.58it/s]100%|██████████| 1319/1319 [07:30<00:00, 11.58it/s]100%|██████████| 1319/1319 [07:30<00:00, 11.58it/s]100%|██████████| 1319/1319 [07:30<00:00, 11.58it/s]100%|██████████| 1319/1319 [07:30<00:00, 11.58it/s]100%|██████████| 1319/1319 [07:30<00:00, 11.58it/s]100%|██████████| 1319/1319 [07:30<00:00, 11.58it/s]100%|██████████| 1319/1319 [07:30<00:00, 11.58it/s]100%|██████████| 1319/1319 [07:30<00:00, 11.58it/s]100%|██████████| 1319/1319 [07:30<00:00, 11.58it/s]100%|██████████| 1319/1319 [07:30<00:00, 11.58it/s]100%|██████████| 1319/1319 [07:30<00:00, 11.58it/s]100%|██████████| 1319/1319 [07:30<00:00, 11.58it/s]100%|██████████| 1319/1319 [07:30<00:00, 11.58it/s]100%|██████████| 1319/1319 [07:30<00:00, 11.58it/s]100%|██████████| 1319/1319 [07:30<00:00, 11.58it/s]100%|██████████| 1319/1319 [07:30<00:00, 11.58it/s]100%|██████████| 1319/1319 [07:30<00:00, 11.58it/s]100%|██████████| 1319/1319 [07:30<00:00, 11.58it/s]100%|██████████| 1319/1319 [07:30<00:00, 11.58it/s]100%|██████████| 1319/1319 [07:30<00:00, 11.58it/s]100%|██████████| 1319/1319 [07:30<00:00, 11.58it/s]100%|██████████| 1319/1319 [07:30<00:00, 11.58it/s]100%|██████████| 1319/1319 [07:30<00:00, 11.58it/s]100%|██████████| 1319/1319 [07:30<00:00, 11.58it/s]100%|██████████| 1319/1319 [07:30<00:00, 11.58it/s]100%|██████████| 1319/1319 [07:30<00:00, 11.58it/s]100%|██████████| 1319/1319 [07:30<00:00, 11.58it/s]100%|██████████| 1319/1319 [07:30<00:00, 11.58it/s]100%|██████████| 1319/1319 [07:30<00:00, 11.58it/s]100%|██████████| 1319/1319 [07:30<00:00, 11.58it/s]100%|██████████| 1319/1319 [07:30<00:00, 11.58it/s]100%|██████████| 1319/1319 [07:30<00:00, 11.58it/s]100%|██████████| 1319/1319 [07:30<00:00, 11.58it/s]100%|██████████| 1319/1319 [07:30<00:00, 11.58it/s]100%|██████████| 1319/1319 [07:30<00:00, 11.58it/s]100%|██████████| 1319/1319 [07:30<00:00, 11.58it/s]100%|██████████| 1319/1319 [07:30<00:00, 11.58it/s]100%|██████████| 1319/1319 [07:30<00:00, 11.58it/s]100%|██████████| 1319/1319 [07:30<00:00, 11.58it/s]100%|██████████| 1319/1319 [07:30<00:00, 11.58it/s]100%|██████████| 1319/1319 [07:30<00:00, 11.58it/s]100%|██████████| 1319/1319 [07:30<00:00, 11.58it/s]100%|██████████| 1319/1319 [07:30<00:00, 11.58it/s]100%|██████████| 1319/1319 [07:30<00:00, 11.58it/s]100%|██████████| 1319/1319 [07:30<00:00, 11.58it/s]100%|██████████| 1319/1319 [07:30<00:00, 11.58it/s]100%|██████████| 1319/1319 [07:30<00:00, 11.58it/s]100%|██████████| 1319/1319 [07:30<00:00, 11.58it/s]100%|██████████| 1319/1319 [07:30<00:00, 11.58it/s]100%|██████████| 1319/1319 [07:30<00:00, 11.58it/s]100%|██████████| 1319/1319 [07:30<00:00, 11.58it/s]100%|██████████| 1319/1319 [07:30<00:00, 11.58it/s]100%|██████████| 1319/1319 [07:30<00:00, 11.58it/s]100%|██████████| 1319/1319 [07:30<00:00, 11.58it/s]100%|██████████| 1319/1319 [07:30<00:00, 11.58it/s]100%|██████████| 1319/1319 [07:30<00:00, 11.58it/s]100%|██████████| 1319/1319 [07:30<00:00, 11.58it/s]100%|██████████| 1319/1319 [07:30<00:00, 11.58it/s]100%|██████████| 1319/1319 [07:30<00:00, 11.58it/s]100%|██████████| 1319/1319 [07:30<00:00, 11.58it/s]100%|██████████| 1319/1319 [07:30<00:00, 11.58it/s]100%|██████████| 1319/1319 [07:30<00:00, 11.58it/s]100%|██████████| 1319/1319 [07:30<00:00, 11.58it/s]100%|██████████| 1319/1319 [07:30<00:00, 11.58it/s]100%|██████████| 1319/1319 [07:30<00:00, 11.58it/s]100%|██████████| 1319/1319 [07:30<00:00, 11.58it/s]100%|██████████| 1319/1319 [07:30<00:00, 11.58it/s]100%|██████████| 1319/1319 [07:30<00:00, 11.58it/s]100%|██████████| 1319/1319 [07:30<00:00, 11.58it/s]100%|██████████| 1319/1319 [07:30<00:00, 11.58it/s]100%|██████████| 1319/1319 [07:30<00:00, 11.58it/s]100%|██████████| 1319/1319 [07:30<00:00, 11.58it/s]100%|██████████| 1319/1319 [07:30<00:00, 11.58it/s]100%|██████████| 1319/1319 [07:30<00:00, 11.58it/s]100%|██████████| 1319/1319 [07:30<00:00, 11.58it/s]100%|██████████| 1319/1319 [07:30<00:00, 11.58it/s]100%|██████████| 1319/1319 [07:30<00:00, 11.58it/s]100%|██████████| 1319/1319 [07:30<00:00, 11.58it/s]100%|██████████| 1319/1319 [07:30<00:00, 11.58it/s]100%|██████████| 1319/1319 [07:30<00:00, 11.58it/s]100%|██████████| 1319/1319 [07:30<00:00, 11.58it/s]100%|██████████| 1319/1319 [07:30<00:00, 11.58it/s]100%|██████████| 1319/1319 [07:30<00:00, 11.58it/s]100%|██████████| 1319/1319 [07:30<00:00, 11.58it/s]100%|██████████| 1319/1319 [07:30<00:00, 11.58it/s]100%|██████████| 1319/1319 [07:30<00:00, 11.58it/s]100%|██████████| 1319/1319 [07:30<00:00, 11.58it/s]100%|██████████| 1319/1319 [07:30<00:00, 11.58it/s]100%|██████████| 1319/1319 [07:30<00:00, 11.58it/s]100%|██████████| 1319/1319 [07:30<00:00, 11.58it/s]100%|██████████| 1319/1319 [07:30<00:00, 11.58it/s]100%|██████████| 1319/1319 [07:30<00:00, 11.58it/s]100%|██████████| 1319/1319 [07:30<00:00, 11.58it/s]100%|██████████| 1319/1319 [07:30<00:00, 11.58it/s]100%|██████████| 1319/1319 [07:30<00:00, 11.58it/s]100%|██████████| 1319/1319 [07:30<00:00, 11.58it/s]100%|██████████| 1319/1319 [07:30<00:00, 11.58it/s]100%|██████████| 1319/1319 [07:30<00:00, 11.58it/s]100%|██████████| 1319/1319 [07:30<00:00, 11.58it/s]100%|██████████| 1319/1319 [07:30<00:00, 11.58it/s]100%|██████████| 1319/1319 [07:30<00:00, 11.58it/s]100%|██████████| 1319/1319 [07:30<00:00, 11.58it/s]100%|██████████| 1319/1319 [07:30<00:00, 11.58it/s]100%|██████████| 1319/1319 [07:30<00:00, 11.58it/s]100%|██████████| 1319/1319 [07:30<00:00, 11.58it/s]100%|██████████| 1319/1319 [07:30<00:00, 11.58it/s]100%|██████████| 1319/1319 [07:30<00:00, 11.58it/s]100%|██████████| 1319/1319 [07:30<00:00, 11.58it/s]100%|██████████| 1319/1319 [07:30<00:00, 11.58it/s]100%|██████████| 1319/1319 [07:30<00:00, 11.58it/s]100%|██████████| 1319/1319 [07:30<00:00, 11.58it/s]100%|██████████| 1319/1319 [07:30<00:00, 11.58it/s]100%|██████████| 1319/1319 [07:30<00:00, 11.58it/s]100%|██████████| 1319/1319 [07:30<00:00, 11.58it/s]100%|██████████| 1319/1319 [07:30<00:00, 11.58it/s]100%|██████████| 1319/1319 [07:30<00:00, 11.58it/s]100%|██████████| 1319/1319 [07:30<00:00, 11.58it/s]100%|██████████| 1319/1319 [07:30<00:00, 11.58it/s]100%|██████████| 1319/1319 [07:30<00:00, 11.58it/s]100%|██████████| 1319/1319 [07:30<00:00, 11.58it/s]100%|██████████| 1319/1319 [07:30<00:00, 11.58it/s]100%|██████████| 1319/1319 [07:30<00:00, 11.58it/s]100%|██████████| 1319/1319 [07:30<00:00, 11.58it/s]100%|██████████| 1319/1319 [07:30<00:00, 11.58it/s]100%|██████████| 1319/1319 [07:30<00:00, 11.58it/s]100%|██████████| 1319/1319 [07:30<00:00, 11.58it/s]100%|██████████| 1319/1319 [07:30<00:00, 11.58it/s]100%|██████████| 1319/1319 [07:30<00:00, 11.58it/s]100%|██████████| 1319/1319 [07:30<00:00, 11.58it/s]100%|██████████| 1319/1319 [07:30<00:00, 11.58it/s]100%|██████████| 1319/1319 [07:30<00:00, 11.58it/s]100%|██████████| 1319/1319 [07:30<00:00, 11.58it/s]100%|██████████| 1319/1319 [07:30<00:00, 11.58it/s]100%|██████████| 1319/1319 [07:30<00:00, 11.58it/s]100%|██████████| 1319/1319 [07:30<00:00, 11.58it/s]100%|██████████| 1319/1319 [07:30<00:00, 11.58it/s]100%|██████████| 1319/1319 [07:30<00:00, 11.58it/s]100%|██████████| 1319/1319 [07:30<00:00, 11.58it/s]100%|██████████| 1319/1319 [07:30<00:00, 11.58it/s]100%|██████████| 1319/1319 [07:30<00:00, 11.58it/s]100%|██████████| 1319/1319 [07:30<00:00, 11.58it/s]100%|██████████| 1319/1319 [07:30<00:00, 11.58it/s]100%|██████████| 1319/1319 [07:30<00:00, 11.58it/s]100%|██████████| 1319/1319 [07:30<00:00, 11.58it/s]100%|██████████| 1319/1319 [07:30<00:00, 11.58it/s]100%|██████████| 1319/1319 [07:30<00:00, 11.58it/s]100%|██████████| 1319/1319 [07:30<00:00, 11.58it/s]100%|██████████| 1319/1319 [07:30<00:00, 11.58it/s]100%|██████████| 1319/1319 [07:30<00:00, 11.58it/s]100%|██████████| 1319/1319 [07:30<00:00, 11.58it/s]100%|██████████| 1319/1319 [07:30<00:00, 11.58it/s]100%|██████████| 1319/1319 [07:30<00:00, 11.58it/s]100%|██████████| 1319/1319 [07:30<00:00, 11.58it/s]100%|██████████| 1319/1319 [07:30<00:00, 11.58it/s]100%|██████████| 1319/1319 [07:30<00:00, 11.58it/s]100%|██████████| 1319/1319 [07:30<00:00, 11.58it/s]100%|██████████| 1319/1319 [07:30<00:00, 11.58it/s]100%|██████████| 1319/1319 [07:30<00:00, 11.58it/s]100%|██████████| 1319/1319 [07:30<00:00, 11.58it/s]100%|██████████| 1319/1319 [07:30<00:00, 11.58it/s]100%|██████████| 1319/1319 [07:30<00:00, 11.58it/s]100%|██████████| 1319/1319 [07:30<00:00, 11.58it/s]100%|██████████| 1319/1319 [07:30<00:00, 11.58it/s]100%|██████████| 1319/1319 [07:30<00:00, 11.58it/s]100%|██████████| 1319/1319 [07:30<00:00, 11.58it/s]100%|██████████| 1319/1319 [07:30<00:00, 11.58it/s]100%|██████████| 1319/1319 [07:30<00:00, 11.58it/s]100%|██████████| 1319/1319 [07:30<00:00, 11.58it/s]100%|██████████| 1319/1319 [07:30<00:00, 11.58it/s]100%|██████████| 1319/1319 [07:30<00:00, 11.58it/s]100%|██████████| 1319/1319 [07:30<00:00, 11.58it/s]100%|██████████| 1319/1319 [07:30<00:00, 11.58it/s]100%|██████████| 1319/1319 [07:30<00:00, 11.58it/s]100%|██████████| 1319/1319 [07:30<00:00, 11.58it/s]100%|██████████| 1319/1319 [07:30<00:00, 11.58it/s]100%|██████████| 1319/1319 [07:30<00:00, 11.58it/s]100%|██████████| 1319/1319 [07:30<00:00, 11.58it/s]100%|██████████| 1319/1319 [07:30<00:00, 11.58it/s]100%|██████████| 1319/1319 [07:30<00:00, 11.58it/s]100%|██████████| 1319/1319 [07:30<00:00, 11.58it/s]100%|██████████| 1319/1319 [07:30<00:00, 11.58it/s]100%|██████████| 1319/1319 [07:30<00:00, 11.58it/s]100%|██████████| 1319/1319 [07:30<00:00, 11.58it/s]100%|██████████| 1319/1319 [07:30<00:00, 11.58it/s]100%|██████████| 1319/1319 [07:30<00:00, 11.58it/s]100%|██████████| 1319/1319 [07:30<00:00, 11.58it/s]100%|██████████| 1319/1319 [07:30<00:00, 11.58it/s]100%|██████████| 1319/1319 [07:30<00:00, 11.58it/s]100%|██████████| 1319/1319 [07:30<00:00, 11.58it/s]100%|██████████| 1319/1319 [07:30<00:00, 11.58it/s]100%|██████████| 1319/1319 [07:30<00:00, 11.58it/s]100%|██████████| 1319/1319 [07:30<00:00, 11.58it/s]100%|██████████| 1319/1319 [07:30<00:00, 11.58it/s]100%|██████████| 1319/1319 [07:30<00:00, 11.58it/s]100%|██████████| 1319/1319 [07:30<00:00, 11.58it/s]100%|██████████| 1319/1319 [07:30<00:00, 11.58it/s]100%|██████████| 1319/1319 [07:30<00:00, 11.58it/s]100%|██████████| 1319/1319 [07:30<00:00, 11.58it/s]100%|██████████| 1319/1319 [07:30<00:00, 11.58it/s]100%|██████████| 1319/1319 [07:30<00:00, 11.58it/s]100%|██████████| 1319/1319 [07:30<00:00, 11.58it/s]100%|██████████| 1319/1319 [07:30<00:00, 11.58it/s]100%|██████████| 1319/1319 [07:30<00:00, 11.58it/s]100%|██████████| 1319/1319 [07:30<00:00, 11.58it/s]100%|██████████| 1319/1319 [07:30<00:00, 11.58it/s]100%|██████████| 1319/1319 [07:30<00:00, 11.58it/s]100%|██████████| 1319/1319 [07:30<00:00, 11.58it/s]100%|██████████| 1319/1319 [07:30<00:00, 11.58it/s]100%|██████████| 1319/1319 [07:30<00:00, 11.58it/s]100%|██████████| 1319/1319 [07:30<00:00, 11.58it/s]100%|██████████| 1319/1319 [07:30<00:00, 11.58it/s]100%|██████████| 1319/1319 [07:30<00:00, 11.58it/s]100%|██████████| 1319/1319 [07:30<00:00, 11.58it/s]100%|██████████| 1319/1319 [07:30<00:00, 11.58it/s]100%|██████████| 1319/1319 [07:30<00:00, 11.58it/s]100%|██████████| 1319/1319 [07:30<00:00, 11.58it/s]100%|██████████| 1319/1319 [07:30<00:00, 11.58it/s]100%|██████████| 1319/1319 [07:30<00:00, 11.58it/s]100%|██████████| 1319/1319 [07:30<00:00, 11.58it/s]100%|██████████| 1319/1319 [07:30<00:00, 11.58it/s]100%|██████████| 1319/1319 [07:30<00:00, 11.58it/s]100%|██████████| 1319/1319 [07:30<00:00, 11.58it/s]100%|██████████| 1319/1319 [07:30<00:00, 11.58it/s]100%|██████████| 1319/1319 [07:30<00:00, 11.58it/s]100%|██████████| 1319/1319 [07:30<00:00, 11.58it/s]100%|██████████| 1319/1319 [07:30<00:00, 11.58it/s]100%|██████████| 1319/1319 [07:30<00:00, 11.58it/s]100%|██████████| 1319/1319 [07:30<00:00, 11.58it/s]100%|██████████| 1319/1319 [07:30<00:00, 11.58it/s]100%|██████████| 1319/1319 [07:30<00:00, 11.58it/s]100%|██████████| 1319/1319 [07:30<00:00, 11.58it/s]100%|██████████| 1319/1319 [07:30<00:00, 11.58it/s]100%|██████████| 1319/1319 [07:30<00:00, 11.58it/s]100%|██████████| 1319/1319 [07:30<00:00, 11.58it/s]100%|██████████| 1319/1319 [07:30<00:00, 11.58it/s]100%|██████████| 1319/1319 [07:30<00:00, 11.58it/s]100%|██████████| 1319/1319 [07:30<00:00, 11.58it/s]100%|██████████| 1319/1319 [07:30<00:00, 11.58it/s]100%|██████████| 1319/1319 [07:30<00:00, 11.58it/s]100%|██████████| 1319/1319 [07:30<00:00, 11.58it/s]100%|██████████| 1319/1319 [07:30<00:00, 11.58it/s]100%|██████████| 1319/1319 [07:30<00:00, 11.58it/s]100%|██████████| 1319/1319 [07:30<00:00, 11.58it/s]100%|██████████| 1319/1319 [07:30<00:00, 11.58it/s]100%|██████████| 1319/1319 [07:30<00:00, 11.58it/s]100%|██████████| 1319/1319 [07:30<00:00, 11.58it/s]100%|██████████| 1319/1319 [07:30<00:00, 11.58it/s]100%|██████████| 1319/1319 [07:30<00:00, 11.58it/s]100%|██████████| 1319/1319 [07:30<00:00, 11.58it/s]100%|██████████| 1319/1319 [07:30<00:00, 11.58it/s]100%|██████████| 1319/1319 [07:30<00:00, 11.58it/s]100%|██████████| 1319/1319 [07:30<00:00, 11.58it/s]100%|██████████| 1319/1319 [07:30<00:00, 11.58it/s]100%|██████████| 1319/1319 [07:30<00:00, 11.58it/s]100%|██████████| 1319/1319 [07:30<00:00, 11.58it/s]100%|██████████| 1319/1319 [07:30<00:00, 11.58it/s]100%|██████████| 1319/1319 [07:30<00:00, 11.58it/s]100%|██████████| 1319/1319 [07:30<00:00, 11.58it/s]100%|██████████| 1319/1319 [07:30<00:00, 11.58it/s]100%|██████████| 1319/1319 [07:30<00:00, 11.58it/s]100%|██████████| 1319/1319 [07:30<00:00, 11.58it/s]100%|██████████| 1319/1319 [07:30<00:00, 11.58it/s]100%|██████████| 1319/1319 [07:30<00:00, 11.58it/s]100%|██████████| 1319/1319 [07:30<00:00, 11.58it/s]100%|██████████| 1319/1319 [07:30<00:00, 11.58it/s]100%|██████████| 1319/1319 [07:30<00:00, 11.58it/s]100%|██████████| 1319/1319 [07:30<00:00, 11.58it/s]100%|██████████| 1319/1319 [07:30<00:00, 11.58it/s]100%|██████████| 1319/1319 [07:30<00:00, 11.58it/s]100%|██████████| 1319/1319 [07:30<00:00, 11.58it/s]100%|██████████| 1319/1319 [07:30<00:00, 11.58it/s]100%|██████████| 1319/1319 [07:30<00:00, 11.58it/s]100%|██████████| 1319/1319 [07:30<00:00, 11.58it/s]100%|██████████| 1319/1319 [07:30<00:00, 11.58it/s]100%|██████████| 1319/1319 [07:30<00:00, 11.58it/s]100%|██████████| 1319/1319 [07:30<00:00, 11.58it/s]100%|██████████| 1319/1319 [07:30<00:00, 11.58it/s]100%|██████████| 1319/1319 [07:30<00:00, 11.58it/s]100%|██████████| 1319/1319 [07:30<00:00, 11.58it/s]100%|██████████| 1319/1319 [07:30<00:00, 11.58it/s]100%|██████████| 1319/1319 [07:30<00:00, 11.58it/s]100%|██████████| 1319/1319 [07:30<00:00, 11.58it/s]100%|██████████| 1319/1319 [07:30<00:00, 11.58it/s]100%|██████████| 1319/1319 [07:30<00:00, 11.58it/s]100%|██████████| 1319/1319 [07:30<00:00, 11.58it/s]100%|██████████| 1319/1319 [07:30<00:00, 11.58it/s]100%|██████████| 1319/1319 [07:30<00:00, 11.58it/s]100%|██████████| 1319/1319 [07:30<00:00, 11.58it/s]100%|██████████| 1319/1319 [07:30<00:00, 11.58it/s]100%|██████████| 1319/1319 [07:30<00:00, 11.58it/s]100%|██████████| 1319/1319 [07:30<00:00, 11.58it/s]100%|██████████| 1319/1319 [07:30<00:00, 11.58it/s]100%|██████████| 1319/1319 [07:30<00:00, 11.58it/s]100%|██████████| 1319/1319 [07:30<00:00, 11.58it/s]100%|██████████| 1319/1319 [07:30<00:00, 11.58it/s]100%|██████████| 1319/1319 [07:30<00:00, 11.58it/s]100%|██████████| 1319/1319 [07:30<00:00, 11.58it/s]100%|██████████| 1319/1319 [07:30<00:00, 11.58it/s]100%|██████████| 1319/1319 [07:30<00:00, 11.58it/s]100%|██████████| 1319/1319 [07:30<00:00, 11.58it/s]100%|██████████| 1319/1319 [07:30<00:00, 11.58it/s]100%|██████████| 1319/1319 [07:30<00:00, 11.58it/s]100%|██████████| 1319/1319 [07:30<00:00, 11.58it/s]100%|██████████| 1319/1319 [07:30<00:00, 11.58it/s]100%|██████████| 1319/1319 [07:30<00:00, 11.58it/s]100%|██████████| 1319/1319 [07:30<00:00, 11.58it/s]100%|██████████| 1319/1319 [07:30<00:00, 11.58it/s]100%|██████████| 1319/1319 [07:30<00:00, 11.58it/s]100%|██████████| 1319/1319 [07:30<00:00, 11.58it/s]100%|██████████| 1319/1319 [07:30<00:00, 11.58it/s]100%|██████████| 1319/1319 [07:30<00:00, 11.58it/s]100%|██████████| 1319/1319 [07:30<00:00, 11.58it/s]100%|██████████| 1319/1319 [07:30<00:00, 11.58it/s]100%|██████████| 1319/1319 [07:30<00:00, 11.58it/s]100%|██████████| 1319/1319 [07:30<00:00, 11.58it/s]100%|██████████| 1319/1319 [07:30<00:00, 11.58it/s]100%|██████████| 1319/1319 [07:30<00:00, 11.58it/s]100%|██████████| 1319/1319 [07:30<00:00, 11.58it/s]100%|██████████| 1319/1319 [07:30<00:00, 11.58it/s]100%|██████████| 1319/1319 [07:30<00:00, 11.58it/s]100%|██████████| 1319/1319 [07:30<00:00, 11.58it/s]100%|██████████| 1319/1319 [07:30<00:00, 11.58it/s]100%|██████████| 1319/1319 [07:30<00:00, 11.58it/s]100%|██████████| 1319/1319 [07:30<00:00, 11.58it/s]100%|██████████| 1319/1319 [07:30<00:00, 11.58it/s]100%|██████████| 1319/1319 [07:30<00:00, 11.58it/s]100%|██████████| 1319/1319 [07:30<00:00, 11.58it/s]100%|██████████| 1319/1319 [07:30<00:00, 11.58it/s]100%|██████████| 1319/1319 [07:30<00:00, 11.58it/s]100%|██████████| 1319/1319 [07:30<00:00, 11.58it/s]100%|██████████| 1319/1319 [07:30<00:00, 11.58it/s]100%|██████████| 1319/1319 [07:30<00:00, 11.58it/s]100%|██████████| 1319/1319 [07:30<00:00, 11.58it/s]100%|██████████| 1319/1319 [07:30<00:00, 11.58it/s]100%|██████████| 1319/1319 [07:30<00:00, 11.58it/s]100%|██████████| 1319/1319 [07:30<00:00, 11.58it/s]100%|██████████| 1319/1319 [07:30<00:00, 11.58it/s]100%|██████████| 1319/1319 [07:30<00:00, 11.58it/s]100%|██████████| 1319/1319 [07:30<00:00, 11.58it/s]100%|██████████| 1319/1319 [07:30<00:00, 11.58it/s]100%|██████████| 1319/1319 [07:30<00:00, 11.58it/s]100%|██████████| 1319/1319 [07:30<00:00, 11.58it/s]100%|██████████| 1319/1319 [07:30<00:00, 11.58it/s]100%|██████████| 1319/1319 [07:30<00:00, 11.58it/s]100%|██████████| 1319/1319 [07:30<00:00, 11.58it/s]100%|██████████| 1319/1319 [07:30<00:00, 11.58it/s]100%|██████████| 1319/1319 [07:30<00:00, 11.58it/s]100%|██████████| 1319/1319 [07:30<00:00, 11.58it/s]100%|██████████| 1319/1319 [07:30<00:00, 11.58it/s]100%|██████████| 1319/1319 [07:30<00:00, 11.58it/s]100%|██████████| 1319/1319 [07:30<00:00, 11.58it/s]100%|██████████| 1319/1319 [07:30<00:00, 11.58it/s]100%|██████████| 1319/1319 [07:30<00:00, 11.58it/s]100%|██████████| 1319/1319 [07:30<00:00, 11.58it/s]100%|██████████| 1319/1319 [07:30<00:00, 11.58it/s]100%|██████████| 1319/1319 [07:30<00:00, 11.58it/s]100%|██████████| 1319/1319 [07:30<00:00, 11.58it/s]100%|██████████| 1319/1319 [07:30<00:00, 11.58it/s]100%|██████████| 1319/1319 [07:30<00:00, 11.58it/s]100%|██████████| 1319/1319 [07:30<00:00, 11.58it/s]100%|██████████| 1319/1319 [07:30<00:00, 11.58it/s]100%|██████████| 1319/1319 [07:30<00:00, 11.58it/s]100%|██████████| 1319/1319 [07:30<00:00, 11.58it/s]100%|██████████| 1319/1319 [07:30<00:00, 11.58it/s]100%|██████████| 1319/1319 [07:30<00:00, 11.58it/s]100%|██████████| 1319/1319 [07:30<00:00, 11.58it/s]100%|██████████| 1319/1319 [07:30<00:00, 11.58it/s]100%|██████████| 1319/1319 [07:30<00:00, 11.58it/s]100%|██████████| 1319/1319 [07:30<00:00, 11.58it/s]100%|██████████| 1319/1319 [07:30<00:00, 11.58it/s]100%|██████████| 1319/1319 [07:30<00:00, 11.58it/s]100%|██████████| 1319/1319 [07:30<00:00, 11.58it/s]100%|██████████| 1319/1319 [07:30<00:00, 11.58it/s]100%|██████████| 1319/1319 [07:30<00:00, 11.58it/s]100%|██████████| 1319/1319 [07:30<00:00, 11.58it/s]100%|██████████| 1319/1319 [07:30<00:00, 11.58it/s]100%|██████████| 1319/1319 [07:30<00:00, 11.58it/s]100%|██████████| 1319/1319 [07:30<00:00, 11.58it/s]100%|██████████| 1319/1319 [07:30<00:00, 11.58it/s]100%|██████████| 1319/1319 [07:30<00:00, 11.58it/s]100%|██████████| 1319/1319 [07:30<00:00, 11.58it/s]100%|██████████| 1319/1319 [07:30<00:00, 11.58it/s]100%|██████████| 1319/1319 [07:30<00:00, 11.58it/s]100%|██████████| 1319/1319 [07:30<00:00, 11.58it/s]100%|██████████| 1319/1319 [07:30<00:00, 11.58it/s]100%|██████████| 1319/1319 [07:30<00:00, 11.58it/s]100%|██████████| 1319/1319 [07:30<00:00, 11.58it/s]100%|██████████| 1319/1319 [07:30<00:00, 11.58it/s]100%|██████████| 1319/1319 [07:30<00:00, 11.58it/s]100%|██████████| 1319/1319 [07:30<00:00, 11.58it/s]100%|██████████| 1319/1319 [07:30<00:00, 11.58it/s]100%|██████████| 1319/1319 [07:30<00:00, 11.58it/s]100%|██████████| 1319/1319 [07:30<00:00, 11.58it/s]100%|██████████| 1319/1319 [07:30<00:00, 11.58it/s]100%|██████████| 1319/1319 [07:30<00:00, 11.58it/s]100%|██████████| 1319/1319 [07:30<00:00, 11.58it/s]100%|██████████| 1319/1319 [07:30<00:00, 11.58it/s]100%|██████████| 1319/1319 [07:30<00:00, 11.58it/s]100%|██████████| 1319/1319 [07:30<00:00, 11.58it/s]100%|██████████| 1319/1319 [07:30<00:00, 11.58it/s]100%|██████████| 1319/1319 [07:30<00:00, 11.58it/s]100%|██████████| 1319/1319 [07:30<00:00, 11.58it/s]100%|██████████| 1319/1319 [07:30<00:00, 11.58it/s]100%|██████████| 1319/1319 [07:30<00:00, 11.58it/s]100%|██████████| 1319/1319 [07:30<00:00, 11.58it/s]100%|██████████| 1319/1319 [07:30<00:00, 11.58it/s]100%|██████████| 1319/1319 [07:30<00:00, 11.58it/s]100%|██████████| 1319/1319 [07:30<00:00, 11.58it/s]100%|██████████| 1319/1319 [07:30<00:00, 11.58it/s]100%|██████████| 1319/1319 [07:30<00:00, 11.58it/s]100%|██████████| 1319/1319 [07:30<00:00, 11.58it/s]100%|██████████| 1319/1319 [07:30<00:00, 11.58it/s]100%|██████████| 1319/1319 [07:30<00:00, 11.58it/s]100%|██████████| 1319/1319 [07:30<00:00, 11.58it/s]100%|██████████| 1319/1319 [07:30<00:00, 11.58it/s]100%|██████████| 1319/1319 [07:30<00:00, 11.58it/s]100%|██████████| 1319/1319 [07:30<00:00, 11.58it/s]100%|██████████| 1319/1319 [07:30<00:00, 11.58it/s]100%|██████████| 1319/1319 [07:30<00:00, 11.58it/s]100%|██████████| 1319/1319 [07:30<00:00, 11.58it/s]100%|██████████| 1319/1319 [07:30<00:00, 11.58it/s]100%|██████████| 1319/1319 [07:30<00:00, 11.58it/s]100%|██████████| 1319/1319 [07:30<00:00, 11.58it/s]100%|██████████| 1319/1319 [07:30<00:00, 11.58it/s]100%|██████████| 1319/1319 [07:30<00:00, 11.58it/s]100%|██████████| 1319/1319 [07:30<00:00, 11.58it/s]100%|██████████| 1319/1319 [07:30<00:00, 11.58it/s]100%|██████████| 1319/1319 [07:30<00:00, 11.58it/s]100%|██████████| 1319/1319 [07:30<00:00, 11.58it/s]100%|██████████| 1319/1319 [07:30<00:00, 11.58it/s]100%|██████████| 1319/1319 [07:30<00:00, 11.58it/s]100%|██████████| 1319/1319 [07:30<00:00, 11.58it/s]100%|██████████| 1319/1319 [07:30<00:00, 11.58it/s]100%|██████████| 1319/1319 [07:30<00:00, 11.58it/s]100%|██████████| 1319/1319 [07:30<00:00, 11.58it/s]100%|██████████| 1319/1319 [07:30<00:00, 11.58it/s]100%|██████████| 1319/1319 [07:30<00:00, 11.58it/s]100%|██████████| 1319/1319 [07:30<00:00, 11.58it/s]100%|██████████| 1319/1319 [07:30<00:00, 11.58it/s]100%|██████████| 1319/1319 [07:30<00:00, 11.58it/s]100%|██████████| 1319/1319 [07:30<00:00, 11.58it/s]100%|██████████| 1319/1319 [07:30<00:00, 11.58it/s]100%|██████████| 1319/1319 [07:30<00:00, 11.58it/s]100%|██████████| 1319/1319 [07:30<00:00, 11.58it/s]100%|██████████| 1319/1319 [07:30<00:00, 11.58it/s]100%|██████████| 1319/1319 [07:30<00:00, 11.58it/s]100%|██████████| 1319/1319 [07:30<00:00, 11.58it/s]100%|██████████| 1319/1319 [07:30<00:00, 11.58it/s]100%|██████████| 1319/1319 [07:30<00:00, 11.58it/s]100%|██████████| 1319/1319 [07:30<00:00, 11.58it/s]100%|██████████| 1319/1319 [07:30<00:00, 11.58it/s]100%|██████████| 1319/1319 [07:30<00:00, 11.58it/s]100%|██████████| 1319/1319 [07:30<00:00, 11.58it/s]100%|██████████| 1319/1319 [07:30<00:00, 11.58it/s]100%|██████████| 1319/1319 [07:30<00:00, 11.58it/s]100%|██████████| 1319/1319 [07:30<00:00, 11.58it/s]100%|██████████| 1319/1319 [07:30<00:00, 11.58it/s]100%|██████████| 1319/1319 [07:30<00:00, 11.58it/s]100%|██████████| 1319/1319 [07:30<00:00, 11.58it/s]100%|██████████| 1319/1319 [07:30<00:00, 11.58it/s]100%|██████████| 1319/1319 [07:30<00:00, 11.58it/s]100%|██████████| 1319/1319 [07:30<00:00, 11.58it/s]100%|██████████| 1319/1319 [07:30<00:00, 11.58it/s]100%|██████████| 1319/1319 [07:30<00:00, 11.58it/s]100%|██████████| 1319/1319 [07:30<00:00, 11.58it/s]100%|██████████| 1319/1319 [07:30<00:00, 11.58it/s]100%|██████████| 1319/1319 [07:30<00:00, 11.58it/s]100%|██████████| 1319/1319 [07:30<00:00, 11.58it/s]100%|██████████| 1319/1319 [07:30<00:00, 11.58it/s]100%|██████████| 1319/1319 [07:30<00:00, 11.58it/s]100%|██████████| 1319/1319 [07:30<00:00, 11.58it/s]100%|██████████| 1319/1319 [07:30<00:00, 11.58it/s]100%|██████████| 1319/1319 [07:30<00:00, 11.58it/s]100%|██████████| 1319/1319 [07:30<00:00, 11.58it/s]100%|██████████| 1319/1319 [07:30<00:00, 11.58it/s]100%|██████████| 1319/1319 [07:30<00:00, 11.58it/s]100%|██████████| 1319/1319 [07:30<00:00, 11.58it/s]100%|██████████| 1319/1319 [07:30<00:00, 11.58it/s]100%|██████████| 1319/1319 [07:30<00:00, 11.58it/s]100%|██████████| 1319/1319 [07:30<00:00, 11.58it/s]100%|██████████| 1319/1319 [07:30<00:00, 11.58it/s]100%|██████████| 1319/1319 [07:30<00:00, 11.58it/s]100%|██████████| 1319/1319 [07:30<00:00, 11.58it/s]100%|██████████| 1319/1319 [07:30<00:00, 11.58it/s]100%|██████████| 1319/1319 [07:30<00:00, 11.58it/s]100%|██████████| 1319/1319 [07:30<00:00, 11.58it/s]100%|██████████| 1319/1319 [07:30<00:00, 11.58it/s]100%|██████████| 1319/1319 [07:30<00:00, 11.58it/s]100%|██████████| 1319/1319 [07:30<00:00, 11.58it/s]100%|██████████| 1319/1319 [07:30<00:00, 11.58it/s]100%|██████████| 1319/1319 [07:30<00:00, 11.58it/s]100%|██████████| 1319/1319 [07:30<00:00, 11.58it/s]100%|██████████| 1319/1319 [07:30<00:00, 11.58it/s]100%|██████████| 1319/1319 [07:30<00:00, 11.58it/s]100%|██████████| 1319/1319 [07:30<00:00, 11.58it/s]100%|██████████| 1319/1319 [07:30<00:00, 11.58it/s]100%|██████████| 1319/1319 [07:30<00:00, 11.58it/s]100%|██████████| 1319/1319 [07:30<00:00, 11.58it/s]100%|██████████| 1319/1319 [07:30<00:00, 11.58it/s]100%|██████████| 1319/1319 [07:30<00:00, 11.58it/s]100%|██████████| 1319/1319 [07:30<00:00, 11.58it/s]100%|██████████| 1319/1319 [07:30<00:00, 11.58it/s]100%|██████████| 1319/1319 [07:30<00:00, 11.58it/s]100%|██████████| 1319/1319 [07:30<00:00, 11.58it/s]100%|██████████| 1319/1319 [07:30<00:00, 11.58it/s]100%|██████████| 1319/1319 [07:30<00:00, 11.58it/s]100%|██████████| 1319/1319 [07:30<00:00, 11.58it/s]100%|██████████| 1319/1319 [07:30<00:00, 11.58it/s]100%|██████████| 1319/1319 [07:30<00:00, 11.58it/s]100%|██████████| 1319/1319 [07:30<00:00, 11.58it/s]100%|██████████| 1319/1319 [07:30<00:00, 11.58it/s]100%|██████████| 1319/1319 [07:30<00:00, 11.58it/s]100%|██████████| 1319/1319 [07:30<00:00, 11.58it/s]100%|██████████| 1319/1319 [07:30<00:00, 11.58it/s]100%|██████████| 1319/1319 [07:30<00:00, 11.58it/s]100%|██████████| 1319/1319 [07:30<00:00, 11.58it/s]100%|██████████| 1319/1319 [07:30<00:00, 11.58it/s]100%|██████████| 1319/1319 [07:30<00:00, 11.58it/s]100%|██████████| 1319/1319 [07:30<00:00, 11.58it/s]100%|██████████| 1319/1319 [07:30<00:00, 11.58it/s]100%|██████████| 1319/1319 [07:30<00:00, 11.58it/s]100%|██████████| 1319/1319 [07:30<00:00, 11.58it/s]100%|██████████| 1319/1319 [07:30<00:00, 11.58it/s]100%|██████████| 1319/1319 [07:30<00:00, 11.58it/s]100%|██████████| 1319/1319 [07:30<00:00, 11.58it/s]100%|██████████| 1319/1319 [07:30<00:00, 11.58it/s]100%|██████████| 1319/1319 [07:30<00:00, 11.58it/s]100%|██████████| 1319/1319 [07:30<00:00, 11.58it/s]100%|██████████| 1319/1319 [07:30<00:00, 11.58it/s]100%|██████████| 1319/1319 [07:30<00:00, 11.58it/s]100%|██████████| 1319/1319 [07:30<00:00, 11.58it/s]100%|██████████| 1319/1319 [07:30<00:00, 11.58it/s]100%|██████████| 1319/1319 [07:30<00:00, 11.58it/s]100%|██████████| 1319/1319 [07:30<00:00, 11.58it/s]100%|██████████| 1319/1319 [07:30<00:00, 11.58it/s]100%|██████████| 1319/1319 [07:30<00:00, 11.58it/s]100%|██████████| 1319/1319 [07:30<00:00, 11.58it/s]100%|██████████| 1319/1319 [07:30<00:00, 11.58it/s]100%|██████████| 1319/1319 [07:30<00:00, 11.58it/s]100%|██████████| 1319/1319 [07:30<00:00, 11.58it/s]100%|██████████| 1319/1319 [07:30<00:00, 11.58it/s]100%|██████████| 1319/1319 [07:30<00:00, 11.58it/s]100%|██████████| 1319/1319 [07:30<00:00, 11.58it/s]100%|██████████| 1319/1319 [07:30<00:00, 11.58it/s]100%|██████████| 1319/1319 [07:30<00:00, 11.58it/s]100%|██████████| 1319/1319 [07:30<00:00, 11.58it/s]100%|██████████| 1319/1319 [07:30<00:00, 11.58it/s]100%|██████████| 1319/1319 [07:30<00:00, 11.58it/s]100%|██████████| 1319/1319 [07:30<00:00, 11.58it/s]100%|██████████| 1319/1319 [07:30<00:00, 11.58it/s]100%|██████████| 1319/1319 [07:30<00:00, 11.58it/s]100%|██████████| 1319/1319 [07:30<00:00, 11.58it/s]100%|██████████| 1319/1319 [07:30<00:00, 11.58it/s]100%|██████████| 1319/1319 [07:30<00:00, 11.58it/s]100%|██████████| 1319/1319 [07:30<00:00, 11.58it/s]100%|██████████| 1319/1319 [07:30<00:00, 11.58it/s]100%|██████████| 1319/1319 [07:30<00:00, 11.58it/s]100%|██████████| 1319/1319 [07:30<00:00, 11.58it/s]100%|██████████| 1319/1319 [07:30<00:00, 11.58it/s]100%|██████████| 1319/1319 [07:30<00:00, 11.58it/s]100%|██████████| 1319/1319 [07:30<00:00, 11.58it/s]100%|██████████| 1319/1319 [07:30<00:00, 11.58it/s]100%|██████████| 1319/1319 [07:30<00:00, 11.58it/s]100%|██████████| 1319/1319 [07:30<00:00, 11.58it/s]100%|██████████| 1319/1319 [07:30<00:00, 11.58it/s]100%|██████████| 1319/1319 [07:30<00:00, 11.58it/s]100%|██████████| 1319/1319 [07:30<00:00, 11.58it/s]100%|██████████| 1319/1319 [07:30<00:00, 11.58it/s]100%|██████████| 1319/1319 [07:30<00:00, 11.58it/s]100%|██████████| 1319/1319 [07:30<00:00, 11.58it/s]100%|██████████| 1319/1319 [07:30<00:00, 11.58it/s]100%|██████████| 1319/1319 [07:30<00:00, 11.58it/s]100%|██████████| 1319/1319 [07:30<00:00, 11.58it/s]100%|██████████| 1319/1319 [07:30<00:00, 11.58it/s]100%|██████████| 1319/1319 [07:30<00:00, 11.58it/s]100%|██████████| 1319/1319 [07:30<00:00, 11.58it/s]100%|██████████| 1319/1319 [07:30<00:00, 11.58it/s]100%|██████████| 1319/1319 [07:30<00:00, 11.58it/s]100%|██████████| 1319/1319 [07:30<00:00, 11.58it/s]100%|██████████| 1319/1319 [07:30<00:00, 11.58it/s]100%|██████████| 1319/1319 [07:30<00:00, 11.58it/s]100%|██████████| 1319/1319 [07:30<00:00, 11.58it/s]100%|██████████| 1319/1319 [07:30<00:00, 11.58it/s]100%|██████████| 1319/1319 [07:30<00:00, 11.58it/s]100%|██████████| 1319/1319 [07:30<00:00, 11.58it/s]100%|██████████| 1319/1319 [07:30<00:00, 11.58it/s]100%|██████████| 1319/1319 [07:30<00:00, 11.58it/s]100%|██████████| 1319/1319 [07:30<00:00, 11.58it/s]100%|██████████| 1319/1319 [07:30<00:00, 11.58it/s]100%|██████████| 1319/1319 [07:30<00:00, 11.58it/s]100%|██████████| 1319/1319 [07:30<00:00, 11.58it/s]100%|██████████| 1319/1319 [07:30<00:00, 11.58it/s]100%|██████████| 1319/1319 [07:30<00:00, 11.58it/s]100%|██████████| 1319/1319 [07:30<00:00, 11.58it/s]100%|██████████| 1319/1319 [07:30<00:00,  2.93it/s]
Traceback (most recent call last):
  File "/sgl-workspace/sglang/benchmark/gsm8k/bench_sglang.py", line 148, in <module>
    main(args)
  File "/sgl-workspace/sglang/benchmark/gsm8k/bench_sglang.py", line 99, in main
    preds.append(get_answer_value(states[i]["answer"]))
  File "/sgl-workspace/sglang/python/sglang/lang/interpreter.py", line 993, in __getitem__
    return self.get_var(name)
  File "/sgl-workspace/sglang/python/sglang/lang/interpreter.py", line 978, in get_var
    return self.stream_executor.get_var(name)
  File "/sgl-workspace/sglang/python/sglang/lang/interpreter.py", line 333, in get_var
    return self.variables[name]
KeyError: 'answer'
Run 1 completed in 456 seconds
Run 1: Accuracy not found, defaulting to 0
Run 1: Accuracy: 0
[progress] [=====---------------------------------------------] 1/10 (10%)  | GSM8K: Run 1
Executing GSM8K test Run 2 ...
Traceback (most recent call last):
  File "/usr/lib/python3.10/urllib/request.py", line 1348, in do_open
    h.request(req.get_method(), req.selector, req.data, headers,
  File "/usr/lib/python3.10/http/client.py", line 1283, in request
    self._send_request(method, url, body, headers, encode_chunked)
  File "/usr/lib/python3.10/http/client.py", line 1329, in _send_request
    self.endheaders(body, encode_chunked=encode_chunked)
  File "/usr/lib/python3.10/http/client.py", line 1278, in endheaders
    self._send_output(message_body, encode_chunked=encode_chunked)
  File "/usr/lib/python3.10/http/client.py", line 1038, in _send_output
    self.send(msg)
  File "/usr/lib/python3.10/http/client.py", line 976, in send
    self.connect()
  File "/usr/lib/python3.10/http/client.py", line 942, in connect
    self.sock = self._create_connection(
  File "/usr/lib/python3.10/socket.py", line 845, in create_connection
    raise err
  File "/usr/lib/python3.10/socket.py", line 833, in create_connection
    sock.connect(sa)
ConnectionRefusedError: [Errno 111] Connection refused

During handling of the above exception, another exception occurred:

Traceback (most recent call last):
  File "/sgl-workspace/sglang/benchmark/gsm8k/bench_sglang.py", line 148, in <module>
    main(args)
  File "/sgl-workspace/sglang/benchmark/gsm8k/bench_sglang.py", line 48, in main
    set_default_backend(select_sglang_backend(args))
  File "/sgl-workspace/sglang/python/sglang/test/test_utils.py", line 408, in select_sglang_backend
    backend = RuntimeEndpoint(f"{args.host}:{args.port}")
  File "/sgl-workspace/sglang/python/sglang/lang/backend/runtime_endpoint.py", line 40, in __init__
    res = http_request(
  File "/sgl-workspace/sglang/python/sglang/utils.py", line 169, in http_request
    resp = urllib.request.urlopen(req, data=data, cafile=verify)
  File "/usr/lib/python3.10/urllib/request.py", line 216, in urlopen
    return opener.open(url, data, timeout)
  File "/usr/lib/python3.10/urllib/request.py", line 519, in open
    response = self._open(req, data)
  File "/usr/lib/python3.10/urllib/request.py", line 536, in _open
    result = self._call_chain(self.handle_open, protocol, protocol +
  File "/usr/lib/python3.10/urllib/request.py", line 496, in _call_chain
    result = func(*args)
  File "/usr/lib/python3.10/urllib/request.py", line 1377, in http_open
    return self.do_open(http.client.HTTPConnection, req)
  File "/usr/lib/python3.10/urllib/request.py", line 1351, in do_open
    raise URLError(err)
urllib.error.URLError: <urlopen error [Errno 111] Connection refused>
Run 2 completed in 6 seconds
Run 2: Accuracy not found, defaulting to 0
Run 2: Accuracy: 0
[progress] [==========----------------------------------------] 2/10 (20%)  | GSM8K: Run 2
Executing GSM8K test Run 3 ...
Traceback (most recent call last):
  File "/usr/lib/python3.10/urllib/request.py", line 1348, in do_open
    h.request(req.get_method(), req.selector, req.data, headers,
  File "/usr/lib/python3.10/http/client.py", line 1283, in request
    self._send_request(method, url, body, headers, encode_chunked)
  File "/usr/lib/python3.10/http/client.py", line 1329, in _send_request
    self.endheaders(body, encode_chunked=encode_chunked)
  File "/usr/lib/python3.10/http/client.py", line 1278, in endheaders
    self._send_output(message_body, encode_chunked=encode_chunked)
  File "/usr/lib/python3.10/http/client.py", line 1038, in _send_output
    self.send(msg)
  File "/usr/lib/python3.10/http/client.py", line 976, in send
    self.connect()
  File "/usr/lib/python3.10/http/client.py", line 942, in connect
    self.sock = self._create_connection(
  File "/usr/lib/python3.10/socket.py", line 845, in create_connection
    raise err
  File "/usr/lib/python3.10/socket.py", line 833, in create_connection
    sock.connect(sa)
ConnectionRefusedError: [Errno 111] Connection refused

During handling of the above exception, another exception occurred:

Traceback (most recent call last):
  File "/sgl-workspace/sglang/benchmark/gsm8k/bench_sglang.py", line 148, in <module>
    main(args)
  File "/sgl-workspace/sglang/benchmark/gsm8k/bench_sglang.py", line 48, in main
    set_default_backend(select_sglang_backend(args))
  File "/sgl-workspace/sglang/python/sglang/test/test_utils.py", line 408, in select_sglang_backend
    backend = RuntimeEndpoint(f"{args.host}:{args.port}")
  File "/sgl-workspace/sglang/python/sglang/lang/backend/runtime_endpoint.py", line 40, in __init__
    res = http_request(
  File "/sgl-workspace/sglang/python/sglang/utils.py", line 169, in http_request
    resp = urllib.request.urlopen(req, data=data, cafile=verify)
  File "/usr/lib/python3.10/urllib/request.py", line 216, in urlopen
    return opener.open(url, data, timeout)
  File "/usr/lib/python3.10/urllib/request.py", line 519, in open
    response = self._open(req, data)
  File "/usr/lib/python3.10/urllib/request.py", line 536, in _open
    result = self._call_chain(self.handle_open, protocol, protocol +
  File "/usr/lib/python3.10/urllib/request.py", line 496, in _call_chain
    result = func(*args)
  File "/usr/lib/python3.10/urllib/request.py", line 1377, in http_open
    return self.do_open(http.client.HTTPConnection, req)
  File "/usr/lib/python3.10/urllib/request.py", line 1351, in do_open
    raise URLError(err)
urllib.error.URLError: <urlopen error [Errno 111] Connection refused>
Run 3 completed in 6 seconds
Run 3: Accuracy not found, defaulting to 0
Run 3: Accuracy: 0
[progress] [===============-----------------------------------] 3/10 (30%)  | GSM8K: Run 3
Executing GSM8K test Run 4 ...
Traceback (most recent call last):
  File "/usr/lib/python3.10/urllib/request.py", line 1348, in do_open
    h.request(req.get_method(), req.selector, req.data, headers,
  File "/usr/lib/python3.10/http/client.py", line 1283, in request
    self._send_request(method, url, body, headers, encode_chunked)
  File "/usr/lib/python3.10/http/client.py", line 1329, in _send_request
    self.endheaders(body, encode_chunked=encode_chunked)
  File "/usr/lib/python3.10/http/client.py", line 1278, in endheaders
    self._send_output(message_body, encode_chunked=encode_chunked)
  File "/usr/lib/python3.10/http/client.py", line 1038, in _send_output
    self.send(msg)
  File "/usr/lib/python3.10/http/client.py", line 976, in send
    self.connect()
  File "/usr/lib/python3.10/http/client.py", line 942, in connect
    self.sock = self._create_connection(
  File "/usr/lib/python3.10/socket.py", line 845, in create_connection
    raise err
  File "/usr/lib/python3.10/socket.py", line 833, in create_connection
    sock.connect(sa)
ConnectionRefusedError: [Errno 111] Connection refused

During handling of the above exception, another exception occurred:

Traceback (most recent call last):
  File "/sgl-workspace/sglang/benchmark/gsm8k/bench_sglang.py", line 148, in <module>
    main(args)
  File "/sgl-workspace/sglang/benchmark/gsm8k/bench_sglang.py", line 48, in main
    set_default_backend(select_sglang_backend(args))
  File "/sgl-workspace/sglang/python/sglang/test/test_utils.py", line 408, in select_sglang_backend
    backend = RuntimeEndpoint(f"{args.host}:{args.port}")
  File "/sgl-workspace/sglang/python/sglang/lang/backend/runtime_endpoint.py", line 40, in __init__
    res = http_request(
  File "/sgl-workspace/sglang/python/sglang/utils.py", line 169, in http_request
    resp = urllib.request.urlopen(req, data=data, cafile=verify)
  File "/usr/lib/python3.10/urllib/request.py", line 216, in urlopen
    return opener.open(url, data, timeout)
  File "/usr/lib/python3.10/urllib/request.py", line 519, in open
    response = self._open(req, data)
  File "/usr/lib/python3.10/urllib/request.py", line 536, in _open
    result = self._call_chain(self.handle_open, protocol, protocol +
  File "/usr/lib/python3.10/urllib/request.py", line 496, in _call_chain
    result = func(*args)
  File "/usr/lib/python3.10/urllib/request.py", line 1377, in http_open
    return self.do_open(http.client.HTTPConnection, req)
  File "/usr/lib/python3.10/urllib/request.py", line 1351, in do_open
    raise URLError(err)
urllib.error.URLError: <urlopen error [Errno 111] Connection refused>
Run 4 completed in 5 seconds
Run 4: Accuracy not found, defaulting to 0
Run 4: Accuracy: 0
[progress] [====================------------------------------] 4/10 (40%)  | GSM8K: Run 4
Executing GSM8K test Run 5 ...
Traceback (most recent call last):
  File "/usr/lib/python3.10/urllib/request.py", line 1348, in do_open
    h.request(req.get_method(), req.selector, req.data, headers,
  File "/usr/lib/python3.10/http/client.py", line 1283, in request
    self._send_request(method, url, body, headers, encode_chunked)
  File "/usr/lib/python3.10/http/client.py", line 1329, in _send_request
    self.endheaders(body, encode_chunked=encode_chunked)
  File "/usr/lib/python3.10/http/client.py", line 1278, in endheaders
    self._send_output(message_body, encode_chunked=encode_chunked)
  File "/usr/lib/python3.10/http/client.py", line 1038, in _send_output
    self.send(msg)
  File "/usr/lib/python3.10/http/client.py", line 976, in send
    self.connect()
  File "/usr/lib/python3.10/http/client.py", line 942, in connect
    self.sock = self._create_connection(
  File "/usr/lib/python3.10/socket.py", line 845, in create_connection
    raise err
  File "/usr/lib/python3.10/socket.py", line 833, in create_connection
    sock.connect(sa)
ConnectionRefusedError: [Errno 111] Connection refused

During handling of the above exception, another exception occurred:

Traceback (most recent call last):
  File "/sgl-workspace/sglang/benchmark/gsm8k/bench_sglang.py", line 148, in <module>
    main(args)
  File "/sgl-workspace/sglang/benchmark/gsm8k/bench_sglang.py", line 48, in main
    set_default_backend(select_sglang_backend(args))
  File "/sgl-workspace/sglang/python/sglang/test/test_utils.py", line 408, in select_sglang_backend
    backend = RuntimeEndpoint(f"{args.host}:{args.port}")
  File "/sgl-workspace/sglang/python/sglang/lang/backend/runtime_endpoint.py", line 40, in __init__
    res = http_request(
  File "/sgl-workspace/sglang/python/sglang/utils.py", line 169, in http_request
    resp = urllib.request.urlopen(req, data=data, cafile=verify)
  File "/usr/lib/python3.10/urllib/request.py", line 216, in urlopen
    return opener.open(url, data, timeout)
  File "/usr/lib/python3.10/urllib/request.py", line 519, in open
    response = self._open(req, data)
  File "/usr/lib/python3.10/urllib/request.py", line 536, in _open
    result = self._call_chain(self.handle_open, protocol, protocol +
  File "/usr/lib/python3.10/urllib/request.py", line 496, in _call_chain
    result = func(*args)
  File "/usr/lib/python3.10/urllib/request.py", line 1377, in http_open
    return self.do_open(http.client.HTTPConnection, req)
  File "/usr/lib/python3.10/urllib/request.py", line 1351, in do_open
    raise URLError(err)
urllib.error.URLError: <urlopen error [Errno 111] Connection refused>
Run 5 completed in 6 seconds
Run 5: Accuracy not found, defaulting to 0
Run 5: Accuracy: 0
[progress] [=========================-------------------------] 5/10 (50%)  | GSM8K: Run 5
GSM8K test completed in 479 seconds
Average Accuracy over 5 runs: 0.000
Average accuracy (0.000) is below threshold (0.93).
❌ GSM8K benchmark failed or accuracy below threshold.
Cleaning up...
Background SGLang server (PID: 47) already stopped.
[nightly] === Online benchmark dispatched for DEEPSEEK; check logs in sgl-dev_v0.5.5.post2-rocm700-mi30x-20251113 ===
[nightly] === Starting post-processing (CSV processing, plot generation, Teams notifications) ===
[nightly] Processing online CSV data and generating plots... Logs will be saved to /mnt/raid/michael/sglang-ci/online/DeepSeek-V3-0324/v0.5.5.post2-rocm700-mi30x-20251113_DeepSeek-V3-0324_FP8_online/process_and_generate_online_plots.log
[nightly] Using plot date from image tag: 20251113
[nightly] Sending Teams notification for deepseek online plots...
[nightly] Adding benchmark date to Teams notification: 20251113
[nightly] Teams notification using plot directory: /mnt/raid/michael/sglang-ci/plots_server
[nightly] Using GitHub upload for plot images (repo: ROCm/sglang-ci)
[nightly] Images will be stored in main branch with structure: plot/mi30x/model/mode/filename.png
[nightly] Including intelligent analysis (7 days lookback)
🐙 GitHub upload mode: Images will be uploaded to ROCm/sglang-ci
🐙 GitHub upload mode: Images will be uploaded to GitHub and embedded in Teams
📁 Plot directory: /mnt/raid/michael/sglang-ci/plots_server
🗂️  Benchmark directory: /mnt/raid/michael/sglang-ci
   🔍 Uploading 20251113_DeepSeek-V3-0324_online_standard.png to GitHub...
   📋 Log branch already exists
   📝 Updating existing file: plot/mi30x/DeepSeek-V3-0324/online/20251113_DeepSeek-V3-0324_online_standard.png
   ✅ Uploaded to GitHub (log branch): 20251113_DeepSeek-V3-0324_online_standard.png
   🔗 GitHub URL: https://github.com/ROCm/sglang-ci/blob/log/plot/mi30x/DeepSeek-V3-0324/online/20251113_DeepSeek-V3-0324_online_standard.png
🔍 Discovered 1 plot file(s) for deepseek online
   - 20251113_DeepSeek-V3-0324_online_standard.png -> ✅ uploaded to GitHub
🔍 Analyzing benchmark results for accuracy and performance...
   Found timing_summary log for deepseek online on 20251113: timing_summary_20251113_141533.log
   Found timing_summary log for deepseek online on 20251113: timing_summary_20251113_141533.log
   Found timing_summary log for deepseek online on 20251113: timing_summary_20251113_141533.log
🔍 Sending adaptive card with 1 image(s) hosted on GitHub
📊 Total payload size: 0.00MB
   📷 Image URL: https://github.com/ROCm/sglang-ci/blob/log/plot/mi30x/DeepSeek-V3-0324/online/20251113_DeepSeek-V3-0324_online_standard.png
   💾 Debug: Card JSON saved to /tmp/teams_card_debug.json
✅ Successfully sent Teams notification for deepseek online plots
   (Power Automate flow accepted - message processing asynchronously)
🎉 Teams notification sent successfully! (with intelligent analysis)
[nightly] Teams notification sent successfully for deepseek online
[nightly] === Online post-processing completed for DEEPSEEK ===
[nightly] ==========================================
[nightly] Completed benchmarks for image: rocm/sgl-dev:v0.5.5.post2-rocm700-mi30x-20251113
[nightly] Stopping container sgl-dev_v0.5.5.post2-rocm700-mi30x-20251113 to release resources...
[nightly] ==========================================
[nightly] ==========================================
[nightly] All benchmarks completed for 1 image(s)
[nightly] ==========================================
[nightly] Cleaning up process lock...
