INFO 11-17 17:05:57 [__init__.py:241] Automatically detected platform rocm.
/sgl-workspace/sglang/python/sglang/srt/layers/quantization/awq.py:68: UserWarning: HIP does not support fused_marlin_moe currently.
  warnings.warn(f"HIP does not support fused_marlin_moe currently.")
/sgl-workspace/sglang/python/sglang/srt/layers/quantization/gguf.py:46: UserWarning: Only CUDA support GGUF q uantization currently.
  warnings.warn(f"Only CUDA support GGUF q uantization currently.")
[2025-11-17 17:06:04] WARNING server_args.py:1024: Detected GPT-OSS model, enabling triton_kernels MOE kernel.
[2025-11-17 17:06:04] server_args=ServerArgs(model_path='/mnt/raid/models/huggingface/lmsys/gpt-oss-20b-bf16', tokenizer_path='/mnt/raid/models/huggingface/lmsys/gpt-oss-20b-bf16', tokenizer_mode='auto', tokenizer_worker_num=1, skip_tokenizer_init=False, load_format='auto', model_loader_extra_config='{}', trust_remote_code=True, context_length=None, is_embedding=False, enable_multimodal=None, revision=None, model_impl='auto', host='127.0.0.1', port=30000, fastapi_root_path='', grpc_mode=False, skip_server_warmup=False, warmups=None, nccl_port=None, checkpoint_engine_wait_weights_before_ready=False, dtype='auto', quantization=None, quantization_param_path=None, kv_cache_dtype='auto', enable_fp32_lm_head=False, modelopt_quant=None, modelopt_checkpoint_restore_path=None, modelopt_checkpoint_save_path=None, modelopt_export_path=None, quantize_and_serve=False, mem_fraction_static=0.85, max_running_requests=128, max_queued_requests=None, max_total_tokens=None, chunked_prefill_size=130172, max_prefill_tokens=16384, schedule_policy='fcfs', enable_priority_scheduling=False, abort_on_priority_when_disabled=False, schedule_low_priority_values_first=False, priority_scheduling_preemption_threshold=10, schedule_conservativeness=1.0, page_size=1, hybrid_kvcache_ratio=None, swa_full_tokens_ratio=0.8, disable_hybrid_swa_memory=True, radix_eviction_policy='lru', device='cuda', tp_size=8, pp_size=1, pp_max_micro_batch_size=None, stream_interval=1, stream_output=False, random_seed=601348032, constrained_json_whitespace_pattern=None, constrained_json_disable_any_whitespace=False, watchdog_timeout=300, dist_timeout=None, download_dir=None, base_gpu_id=0, gpu_id_step=1, sleep_on_idle=False, log_level='info', log_level_http=None, log_requests=False, log_requests_level=2, crash_dump_folder=None, show_time_cost=False, enable_metrics=False, enable_metrics_for_all_schedulers=False, tokenizer_metrics_custom_labels_header='x-custom-labels', tokenizer_metrics_allowed_custom_labels=None, bucket_time_to_first_token=None, bucket_inter_token_latency=None, bucket_e2e_request_latency=None, collect_tokens_histogram=False, prompt_tokens_buckets=None, generation_tokens_buckets=None, gc_warning_threshold_secs=0.0, decode_log_interval=40, enable_request_time_stats_logging=False, kv_events_config=None, enable_trace=False, otlp_traces_endpoint='localhost:4317', export_metrics_to_file=False, export_metrics_to_file_dir=None, api_key=None, served_model_name='/mnt/raid/models/huggingface/lmsys/gpt-oss-20b-bf16', weight_version='default', chat_template=None, completion_template=None, file_storage_path='sglang_storage', enable_cache_report=False, reasoning_parser=None, tool_call_parser=None, tool_server=None, sampling_defaults='model', dp_size=1, load_balance_method='round_robin', load_watch_interval=0.1, prefill_round_robin_balance=False, dist_init_addr=None, nnodes=1, node_rank=0, json_model_override_args='{}', preferred_sampling_params=None, enable_lora=None, max_lora_rank=None, lora_target_modules=None, lora_paths=None, max_loaded_loras=None, max_loras_per_batch=8, lora_eviction_policy='lru', lora_backend='csgmv', max_lora_chunk_size=16, attention_backend='triton', decode_attention_backend=None, prefill_attention_backend=None, sampling_backend='pytorch', grammar_backend='xgrammar', mm_attention_backend=None, nsa_prefill_backend='flashmla_sparse', nsa_decode_backend='fa3', speculative_algorithm=None, speculative_draft_model_path=None, speculative_draft_model_revision=None, speculative_draft_load_format=None, speculative_num_steps=None, speculative_eagle_topk=None, speculative_num_draft_tokens=None, speculative_accept_threshold_single=1.0, speculative_accept_threshold_acc=1.0, speculative_token_map=None, speculative_attention_mode='prefill', speculative_moe_runner_backend=None, speculative_ngram_min_match_window_size=1, speculative_ngram_max_match_window_size=12, speculative_ngram_min_bfs_breadth=1, speculative_ngram_max_bfs_breadth=10, speculative_ngram_match_type='BFS', speculative_ngram_branch_length=18, speculative_ngram_capacity=10000000, ep_size=1, moe_a2a_backend='none', moe_runner_backend='triton_kernel', flashinfer_mxfp4_moe_precision='default', enable_flashinfer_allreduce_fusion=False, deepep_mode='auto', ep_num_redundant_experts=0, ep_dispatch_algorithm='static', init_expert_location='trivial', enable_eplb=False, eplb_algorithm='auto', eplb_rebalance_num_iterations=1000, eplb_rebalance_layers_per_chunk=None, eplb_min_rebalancing_utilization_threshold=1.0, expert_distribution_recorder_mode=None, expert_distribution_recorder_buffer_size=1000, enable_expert_distribution_metrics=False, deepep_config=None, moe_dense_tp_size=None, elastic_ep_backend=None, mooncake_ib_device=None, max_mamba_cache_size=None, mamba_ssm_dtype='float32', mamba_full_memory_ratio=0.9, enable_hierarchical_cache=False, hicache_ratio=2.0, hicache_size=0, hicache_write_policy='write_through', hicache_io_backend='kernel', hicache_mem_layout='layer_first', hicache_storage_backend=None, hicache_storage_prefetch_policy='best_effort', hicache_storage_backend_extra_config=None, enable_lmcache=False, kt_weight_path=None, kt_method='AMXINT4', kt_cpuinfer=None, kt_threadpool_count=2, kt_num_gpu_experts=None, kt_max_deferred_experts_per_token=None, enable_double_sparsity=False, ds_channel_config_path=None, ds_heavy_channel_num=32, ds_heavy_token_num=256, ds_heavy_channel_type='qk', ds_sparse_decode_threshold=4096, cpu_offload_gb=0, offload_group_size=-1, offload_num_in_group=1, offload_prefetch_step=1, offload_mode='cpu', multi_item_scoring_delimiter=None, disable_radix_cache=False, cuda_graph_max_bs=512, cuda_graph_bs=[1, 2, 4, 8, 12, 16, 24, 32, 40, 48, 56, 64, 72, 80, 88, 96, 104, 112, 120, 128, 136, 144, 152, 160, 168, 176, 184, 192, 200, 208, 216, 224, 232, 240, 248, 256, 272, 288, 304, 320, 336, 352, 368, 384, 400, 416, 432, 448, 464, 480, 496, 512], disable_cuda_graph=False, disable_cuda_graph_padding=False, enable_profile_cuda_graph=False, enable_cudagraph_gc=False, enable_layerwise_nvtx_marker=False, enable_nccl_nvls=False, enable_symm_mem=False, disable_flashinfer_cutlass_moe_fp4_allgather=False, enable_tokenizer_batch_encode=False, disable_tokenizer_batch_decode=False, disable_outlines_disk_cache=False, disable_custom_all_reduce=False, enable_mscclpp=False, enable_torch_symm_mem=False, disable_overlap_schedule=False, enable_mixed_chunk=False, enable_dp_attention=False, enable_dp_lm_head=False, enable_two_batch_overlap=False, enable_single_batch_overlap=False, tbo_token_distribution_threshold=0.48, enable_torch_compile=False, enable_piecewise_cuda_graph=False, torch_compile_max_bs=32, piecewise_cuda_graph_max_tokens=4096, piecewise_cuda_graph_tokens=[4, 8, 12, 16, 20, 24, 28, 32, 48, 64, 80, 96, 112, 128, 144, 160, 176, 192, 208, 224, 240, 256, 288, 320, 352, 384, 416, 448, 480, 512, 640, 768, 896, 1024, 1152, 1280, 1408, 1536, 1664, 1792, 1920, 2048, 2176, 2304, 2432, 2560, 2688, 2816, 2944, 3072, 3200, 3328, 3456, 3584, 3712, 3840, 3968, 4096], piecewise_cuda_graph_compiler='eager', torchao_config='', enable_nan_detection=False, enable_p2p_check=False, triton_attention_reduce_in_fp32=False, triton_attention_num_kv_splits=16, triton_attention_split_tile_size=None, num_continuous_decode_steps=1, delete_ckpt_after_loading=False, enable_memory_saver=False, enable_weights_cpu_backup=False, enable_draft_weights_cpu_backup=False, allow_auto_truncate=False, enable_custom_logit_processor=False, flashinfer_mla_disable_ragged=False, disable_shared_experts_fusion=False, disable_chunked_prefix_cache=False, disable_fast_image_processor=False, keep_mm_feature_on_device=False, enable_return_hidden_states=False, scheduler_recv_interval=1, numa_node=None, enable_deterministic_inference=False, rl_on_policy_target=None, enable_attn_tp_input_scattered=False, enable_nsa_prefill_context_parallel=False, enable_dynamic_batch_tokenizer=False, dynamic_batch_tokenizer_batch_size=32, dynamic_batch_tokenizer_batch_timeout=0.002, debug_tensor_dump_output_folder=None, debug_tensor_dump_layers=None, debug_tensor_dump_input_file=None, debug_tensor_dump_inject=False, disaggregation_mode='null', disaggregation_transfer_backend='mooncake', disaggregation_bootstrap_port=8998, disaggregation_decode_tp=None, disaggregation_decode_dp=None, disaggregation_prefill_pp=1, disaggregation_ib_device=None, disaggregation_decode_enable_offload_kvcache=False, num_reserved_decode_tokens=512, disaggregation_decode_polling_interval=1, custom_weight_loader=[], weight_loader_disable_mmap=False, remote_instance_weight_loader_seed_instance_ip=None, remote_instance_weight_loader_seed_instance_service_port=None, remote_instance_weight_loader_send_weights_group_ports=None, enable_pdmux=False, pdmux_config_path=None, sm_group_num=8, mm_max_concurrent_calls=32, mm_per_request_timeout=10.0, enable_broadcast_mm_inputs_process=False, decrypted_config_file=None, decrypted_draft_config_file=None, hooks=None)
merge tuned file under model_configs/ and configs/  /sgl-workspace/aiter/aiter/configs/a8w8_blockscale_tuned_gemm.csv:/sgl-workspace/aiter/aiter/configs/model_configs/a8w8_blockscale_tuned_gemm_ds_v3.csv
merge tuned file under model_configs/ and configs/  /sgl-workspace/aiter/aiter/configs/a8w8_blockscale_bpreshuffle_tuned_gemm.csv:/sgl-workspace/aiter/aiter/configs/model_configs/a8w8_blockscale_bpreshuffle_tuned_gemm_dsv3.csv
[2025-11-17 17:06:05] Using default HuggingFace chat template with detected content format: string
INFO 11-17 17:06:12 [__init__.py:241] Automatically detected platform rocm.
INFO 11-17 17:06:12 [__init__.py:241] Automatically detected platform rocm.
INFO 11-17 17:06:12 [__init__.py:241] Automatically detected platform rocm.
INFO 11-17 17:06:12 [__init__.py:241] Automatically detected platform rocm.
INFO 11-17 17:06:12 [__init__.py:241] Automatically detected platform rocm.
INFO 11-17 17:06:12 [__init__.py:241] Automatically detected platform rocm.
INFO 11-17 17:06:12 [__init__.py:241] Automatically detected platform rocm.
INFO 11-17 17:06:12 [__init__.py:241] Automatically detected platform rocm.
INFO 11-17 17:06:12 [__init__.py:241] Automatically detected platform rocm.
/sgl-workspace/sglang/python/sglang/srt/layers/quantization/awq.py:68: UserWarning: HIP does not support fused_marlin_moe currently.
  warnings.warn(f"HIP does not support fused_marlin_moe currently.")
/sgl-workspace/sglang/python/sglang/srt/layers/quantization/gguf.py:46: UserWarning: Only CUDA support GGUF q uantization currently.
  warnings.warn(f"Only CUDA support GGUF q uantization currently.")
/sgl-workspace/sglang/python/sglang/srt/layers/quantization/awq.py:68: UserWarning: HIP does not support fused_marlin_moe currently.
  warnings.warn(f"HIP does not support fused_marlin_moe currently.")
/sgl-workspace/sglang/python/sglang/srt/layers/quantization/gguf.py:46: UserWarning: Only CUDA support GGUF q uantization currently.
  warnings.warn(f"Only CUDA support GGUF q uantization currently.")
/sgl-workspace/sglang/python/sglang/srt/layers/quantization/awq.py:68: UserWarning: HIP does not support fused_marlin_moe currently.
  warnings.warn(f"HIP does not support fused_marlin_moe currently.")
/sgl-workspace/sglang/python/sglang/srt/layers/quantization/awq.py:68: UserWarning: HIP does not support fused_marlin_moe currently.
  warnings.warn(f"HIP does not support fused_marlin_moe currently.")
/sgl-workspace/sglang/python/sglang/srt/layers/quantization/awq.py:68: UserWarning: HIP does not support fused_marlin_moe currently.
  warnings.warn(f"HIP does not support fused_marlin_moe currently.")
/sgl-workspace/sglang/python/sglang/srt/layers/quantization/awq.py:68: UserWarning: HIP does not support fused_marlin_moe currently.
  warnings.warn(f"HIP does not support fused_marlin_moe currently.")
/sgl-workspace/sglang/python/sglang/srt/layers/quantization/awq.py:68: UserWarning: HIP does not support fused_marlin_moe currently.
  warnings.warn(f"HIP does not support fused_marlin_moe currently.")
/sgl-workspace/sglang/python/sglang/srt/layers/quantization/gguf.py:46: UserWarning: Only CUDA support GGUF q uantization currently.
  warnings.warn(f"Only CUDA support GGUF q uantization currently.")
/sgl-workspace/sglang/python/sglang/srt/layers/quantization/gguf.py:46: UserWarning: Only CUDA support GGUF q uantization currently.
  warnings.warn(f"Only CUDA support GGUF q uantization currently.")
/sgl-workspace/sglang/python/sglang/srt/layers/quantization/awq.py:68: UserWarning: HIP does not support fused_marlin_moe currently.
  warnings.warn(f"HIP does not support fused_marlin_moe currently.")
/sgl-workspace/sglang/python/sglang/srt/layers/quantization/gguf.py:46: UserWarning: Only CUDA support GGUF q uantization currently.
  warnings.warn(f"Only CUDA support GGUF q uantization currently.")
/sgl-workspace/sglang/python/sglang/srt/layers/quantization/gguf.py:46: UserWarning: Only CUDA support GGUF q uantization currently.
  warnings.warn(f"Only CUDA support GGUF q uantization currently.")
/sgl-workspace/sglang/python/sglang/srt/layers/quantization/gguf.py:46: UserWarning: Only CUDA support GGUF q uantization currently.
  warnings.warn(f"Only CUDA support GGUF q uantization currently.")
/sgl-workspace/sglang/python/sglang/srt/layers/quantization/gguf.py:46: UserWarning: Only CUDA support GGUF q uantization currently.
  warnings.warn(f"Only CUDA support GGUF q uantization currently.")
/sgl-workspace/sglang/python/sglang/srt/layers/quantization/awq.py:68: UserWarning: HIP does not support fused_marlin_moe currently.
  warnings.warn(f"HIP does not support fused_marlin_moe currently.")
/sgl-workspace/sglang/python/sglang/srt/layers/quantization/gguf.py:46: UserWarning: Only CUDA support GGUF q uantization currently.
  warnings.warn(f"Only CUDA support GGUF q uantization currently.")
[2025-11-17 17:06:18 TP2] Process 85337 gpu_id 2 is running on CPUs: [24, 25, 26, 27, 28, 29, 30, 31, 32, 33, 34, 35]
[2025-11-17 17:06:18 TP5] Process 85340 gpu_id 5 is running on CPUs: [60, 61, 62, 63, 64, 65, 66, 67, 68, 69, 70, 71]
[2025-11-17 17:06:19 TP6] Process 85341 gpu_id 6 is running on CPUs: [72, 73, 74, 75, 76, 77, 78, 79, 80, 81, 82, 83]
[2025-11-17 17:06:19 TP1] Process 85336 gpu_id 1 is running on CPUs: [12, 13, 14, 15, 16, 17, 18, 19, 20, 21, 22, 23]
[2025-11-17 17:06:19 TP7] Process 85342 gpu_id 7 is running on CPUs: [84, 85, 86, 87, 88, 89, 90, 91, 92, 93, 94, 95]
[2025-11-17 17:06:19 TP2] Init torch distributed begin.
[2025-11-17 17:06:19 TP3] Process 85338 gpu_id 3 is running on CPUs: [36, 37, 38, 39, 40, 41, 42, 43, 44, 45, 46, 47]
[2025-11-17 17:06:19 TP4] Process 85339 gpu_id 4 is running on CPUs: [48, 49, 50, 51, 52, 53, 54, 55, 56, 57, 58, 59]
[2025-11-17 17:06:19 TP0] Process 85335 gpu_id 0 is running on CPUs: [0, 1, 2, 3, 4, 5, 6, 7, 8, 9, 10, 11]
[2025-11-17 17:06:19 TP5] Init torch distributed begin.
[2025-11-17 17:06:19 TP6] Init torch distributed begin.
[2025-11-17 17:06:19 TP1] Init torch distributed begin.
[2025-11-17 17:06:19 TP7] Init torch distributed begin.
[2025-11-17 17:06:19 TP4] Init torch distributed begin.
[2025-11-17 17:06:20 TP3] Init torch distributed begin.
[2025-11-17 17:06:20 TP0] Init torch distributed begin.
[Gloo] Rank 0 is connected to 7 peer ranks. Expected number of connected peer ranks is : 7
[Gloo] Rank 1 is connected to 7 peer ranks. Expected number of connected peer ranks is : 7
[Gloo] Rank 2 is connected to 7 peer ranks. Expected number of connected peer ranks is : 7
[Gloo] Rank 3 is connected to 7 peer ranks. Expected number of connected peer ranks is : 7
[Gloo] Rank 5 is connected to 7 peer ranks. Expected number of connected peer ranks is : 7
[Gloo] Rank 6 is connected to 7 peer ranks. Expected number of connected peer ranks is : 7
[Gloo] Rank 4 is connected to 7 peer ranks. Expected number of connected peer ranks is : 7
[Gloo] Rank 7 is connected to 7 peer ranks. Expected number of connected peer ranks is : 7
[Gloo] Rank 0 is connected to 7 peer ranks. Expected number of connected peer ranks is : 7
[Gloo] Rank 1 is connected to 7 peer ranks. Expected number of connected peer ranks is : 7
[Gloo] Rank 2 is connected to 7 peer ranks. Expected number of connected peer ranks is : 7
[Gloo] Rank 4 is connected to 7 peer ranks. Expected number of connected peer ranks is : 7
[Gloo] Rank 3 is connected to 7 peer ranks. Expected number of connected peer ranks is : 7
[Gloo] Rank 5 is connected to 7 peer ranks. Expected number of connected peer ranks is : 7
[Gloo] Rank 6 is connected to 7 peer ranks. Expected number of connected peer ranks is : 7
[Gloo] Rank 7 is connected to 7 peer ranks. Expected number of connected peer ranks is : 7
[2025-11-17 17:06:20 TP0] sglang is using nccl==2.26.6
[2025-11-17 17:06:27 TP0] Using AiterCustomAllreduce for ROCm.
[2025-11-17 17:06:27 TP3] Using AiterCustomAllreduce for ROCm.
[2025-11-17 17:06:27 TP5] Using AiterCustomAllreduce for ROCm.
[2025-11-17 17:06:27 TP1] Using AiterCustomAllreduce for ROCm.
[2025-11-17 17:06:27 TP7] Using AiterCustomAllreduce for ROCm.
[2025-11-17 17:06:27 TP2] Using AiterCustomAllreduce for ROCm.
[2025-11-17 17:06:27 TP6] Using AiterCustomAllreduce for ROCm.
[2025-11-17 17:06:27 TP4] Using AiterCustomAllreduce for ROCm.
[Gloo] Rank 0 is connected to 0 peer ranks. Expected number of connected peer ranks is : 0
[Gloo] Rank 0 is connected to 0 peer ranks. Expected number of connected peer ranks is : 0
[Gloo] Rank 0 is connected to 0 peer ranks. Expected number of connected peer ranks is : 0
[Gloo] Rank 0 is connected to 0 peer ranks. Expected number of connected peer ranks is : 0
[Gloo] Rank 0 is connected to 0 peer ranks. Expected number of connected peer ranks is : 0
[Gloo] Rank 0 is connected to 0 peer ranks. Expected number of connected peer ranks is : 0
[Gloo] Rank 0 is connected to 0 peer ranks. Expected number of connected peer ranks is : 0
[Gloo] Rank 0 is connected to 0 peer ranks. Expected number of connected peer ranks is : 0
[Gloo] Rank 0 is connected to 0 peer ranks. Expected number of connected peer ranks is : 0
[Gloo] Rank 0 is connected to 0 peer ranks. Expected number of connected peer ranks is : 0
[Gloo] Rank 0 is connected to 0 peer ranks. Expected number of connected peer ranks is : 0
[Gloo] Rank 0 is connected to 0 peer ranks. Expected number of connected peer ranks is : 0
[Gloo] Rank 0 is connected to 0 peer ranks. Expected number of connected peer ranks is : 0
[Gloo] Rank 0 is connected to 0 peer ranks. Expected number of connected peer ranks is : 0
[Gloo] Rank 0 is connected to 0 peer ranks. Expected number of connected peer ranks is : 0
[Gloo] Rank 0 is connected to 0 peer ranks. Expected number of connected peer ranks is : 0
[Gloo] Rank 4 is connected to 7 peer ranks. Expected number of connected peer ranks is : 7
[Gloo] Rank 6 is connected to 7 peer ranks. Expected number of connected peer ranks is : 7
[Gloo] Rank 0 is connected to 7 peer ranks. Expected number of connected peer ranks is : 7
[Gloo] Rank 1 is connected to 7 peer ranks. Expected number of connected peer ranks is : 7
[Gloo] Rank 2 is connected to 7 peer ranks. Expected number of connected peer ranks is : 7
[Gloo] Rank 3 is connected to 7 peer ranks. Expected number of connected peer ranks is : 7
[Gloo] Rank 5 is connected to 7 peer ranks. Expected number of connected peer ranks is : 7
[Gloo] Rank 7 is connected to 7 peer ranks. Expected number of connected peer ranks is : 7
[2025-11-17 17:06:28 TP0] Init torch distributed ends. mem usage=2.96 GB
[2025-11-17 17:06:28 TP7] Init torch distributed ends. mem usage=3.23 GB
[2025-11-17 17:06:28 TP6] Init torch distributed ends. mem usage=3.29 GB
[2025-11-17 17:06:28 TP5] Init torch distributed ends. mem usage=3.27 GB
[2025-11-17 17:06:28 TP4] Init torch distributed ends. mem usage=3.31 GB
[2025-11-17 17:06:28 TP3] Init torch distributed ends. mem usage=3.36 GB
[2025-11-17 17:06:28 TP2] Init torch distributed ends. mem usage=3.37 GB
[2025-11-17 17:06:28 TP1] Init torch distributed ends. mem usage=3.37 GB
/opt/venv/lib/python3.10/site-packages/apex/transformer/functional/fused_rope.py:49: UserWarning: Aiter backend is selected for fused RoPE. This has lower precision. To disable aiter, export USE_ROCM_AITER_ROPE_BACKEND=0
  warnings.warn("Aiter backend is selected for fused RoPE. This has lower precision. To disable aiter, export USE_ROCM_AITER_ROPE_BACKEND=0", UserWarning)
/opt/venv/lib/python3.10/site-packages/apex/transformer/functional/fused_rope.py:49: UserWarning: Aiter backend is selected for fused RoPE. This has lower precision. To disable aiter, export USE_ROCM_AITER_ROPE_BACKEND=0
  warnings.warn("Aiter backend is selected for fused RoPE. This has lower precision. To disable aiter, export USE_ROCM_AITER_ROPE_BACKEND=0", UserWarning)
/opt/venv/lib/python3.10/site-packages/apex/transformer/functional/fused_rope.py:49: UserWarning: Aiter backend is selected for fused RoPE. This has lower precision. To disable aiter, export USE_ROCM_AITER_ROPE_BACKEND=0
  warnings.warn("Aiter backend is selected for fused RoPE. This has lower precision. To disable aiter, export USE_ROCM_AITER_ROPE_BACKEND=0", UserWarning)
/opt/venv/lib/python3.10/site-packages/apex/transformer/functional/fused_rope.py:49: UserWarning: Aiter backend is selected for fused RoPE. This has lower precision. To disable aiter, export USE_ROCM_AITER_ROPE_BACKEND=0
  warnings.warn("Aiter backend is selected for fused RoPE. This has lower precision. To disable aiter, export USE_ROCM_AITER_ROPE_BACKEND=0", UserWarning)
/opt/venv/lib/python3.10/site-packages/apex/transformer/functional/fused_rope.py:49: UserWarning: Aiter backend is selected for fused RoPE. This has lower precision. To disable aiter, export USE_ROCM_AITER_ROPE_BACKEND=0
  warnings.warn("Aiter backend is selected for fused RoPE. This has lower precision. To disable aiter, export USE_ROCM_AITER_ROPE_BACKEND=0", UserWarning)
/opt/venv/lib/python3.10/site-packages/apex/transformer/functional/fused_rope.py:49: UserWarning: Aiter backend is selected for fused RoPE. This has lower precision. To disable aiter, export USE_ROCM_AITER_ROPE_BACKEND=0
  warnings.warn("Aiter backend is selected for fused RoPE. This has lower precision. To disable aiter, export USE_ROCM_AITER_ROPE_BACKEND=0", UserWarning)
/opt/venv/lib/python3.10/site-packages/apex/transformer/functional/fused_rope.py:49: UserWarning: Aiter backend is selected for fused RoPE. This has lower precision. To disable aiter, export USE_ROCM_AITER_ROPE_BACKEND=0
  warnings.warn("Aiter backend is selected for fused RoPE. This has lower precision. To disable aiter, export USE_ROCM_AITER_ROPE_BACKEND=0", UserWarning)
/opt/venv/lib/python3.10/site-packages/apex/transformer/functional/fused_rope.py:49: UserWarning: Aiter backend is selected for fused RoPE. This has lower precision. To disable aiter, export USE_ROCM_AITER_ROPE_BACKEND=0
  warnings.warn("Aiter backend is selected for fused RoPE. This has lower precision. To disable aiter, export USE_ROCM_AITER_ROPE_BACKEND=0", UserWarning)
[2025-11-17 17:06:28 TP5] Load weight begin. avail mem=74.08 GB
[2025-11-17 17:06:28 TP6] Load weight begin. avail mem=74.34 GB
`torch_dtype` is deprecated! Use `dtype` instead!
`torch_dtype` is deprecated! Use `dtype` instead!
[2025-11-17 17:06:28 TP7] Load weight begin. avail mem=74.39 GB
`torch_dtype` is deprecated! Use `dtype` instead!
[2025-11-17 17:06:28 TP3] Load weight begin. avail mem=74.45 GB
[2025-11-17 17:06:28 TP0] Load weight begin. avail mem=75.10 GB
`torch_dtype` is deprecated! Use `dtype` instead!
`torch_dtype` is deprecated! Use `dtype` instead!
[2025-11-17 17:06:28 TP4] Load weight begin. avail mem=74.18 GB
`torch_dtype` is deprecated! Use `dtype` instead!
[2025-11-17 17:06:28 TP1] Load weight begin. avail mem=74.10 GB
`torch_dtype` is deprecated! Use `dtype` instead!
[2025-11-17 17:06:28 TP2] Load weight begin. avail mem=74.16 GB
`torch_dtype` is deprecated! Use `dtype` instead!
merge tuned file under model_configs/ and configs/  /sgl-workspace/aiter/aiter/configs/a8w8_blockscale_tuned_gemm.csv:/sgl-workspace/aiter/aiter/configs/model_configs/a8w8_blockscale_tuned_gemm_ds_v3.csv
merge tuned file under model_configs/ and configs/  /sgl-workspace/aiter/aiter/configs/a8w8_blockscale_bpreshuffle_tuned_gemm.csv:/sgl-workspace/aiter/aiter/configs/model_configs/a8w8_blockscale_bpreshuffle_tuned_gemm_dsv3.csv
Loading safetensors checkpoint shards:   0% Completed | 0/5 [00:00<?, ?it/s]
Loading safetensors checkpoint shards:  60% Completed | 3/5 [00:00<00:00, 15.07it/s]
Loading safetensors checkpoint shards: 100% Completed | 5/5 [00:00<00:00, 11.66it/s]
Loading safetensors checkpoint shards: 100% Completed | 5/5 [00:00<00:00, 12.15it/s]

[2025-11-17 17:06:39 TP0] Load weight end. type=GptOssForCausalLM, dtype=torch.bfloat16, avail mem=69.85 GB, mem usage=5.25 GB.
[2025-11-17 17:06:39 TP4] Load weight end. type=GptOssForCausalLM, dtype=torch.bfloat16, avail mem=69.19 GB, mem usage=5.00 GB.
[2025-11-17 17:06:39 TP3] Load weight end. type=GptOssForCausalLM, dtype=torch.bfloat16, avail mem=69.46 GB, mem usage=5.00 GB.
[2025-11-17 17:06:39 TP5] Load weight end. type=GptOssForCausalLM, dtype=torch.bfloat16, avail mem=69.08 GB, mem usage=5.00 GB.
[2025-11-17 17:06:39 TP6] Load weight end. type=GptOssForCausalLM, dtype=torch.bfloat16, avail mem=69.34 GB, mem usage=5.00 GB.
[2025-11-17 17:06:39 TP7] Load weight end. type=GptOssForCausalLM, dtype=torch.bfloat16, avail mem=69.40 GB, mem usage=5.00 GB.
[2025-11-17 17:06:39 TP2] Load weight end. type=GptOssForCausalLM, dtype=torch.bfloat16, avail mem=69.16 GB, mem usage=5.00 GB.
[2025-11-17 17:06:39 TP1] Load weight end. type=GptOssForCausalLM, dtype=torch.bfloat16, avail mem=68.83 GB, mem usage=5.27 GB.
[2025-11-17 17:06:39 TP0] Using KV cache dtype: torch.bfloat16
[2025-11-17 17:06:39 TP0] KV Cache is allocated. #tokens: 10086673, K size: 28.86 GB, V size: 28.86 GB
[2025-11-17 17:06:39 TP5] KV Cache is allocated. #tokens: 10086673, K size: 28.86 GB, V size: 28.86 GB
[2025-11-17 17:06:39 TP6] KV Cache is allocated. #tokens: 10086673, K size: 28.86 GB, V size: 28.86 GB
[2025-11-17 17:06:39 TP4] KV Cache is allocated. #tokens: 10086673, K size: 28.86 GB, V size: 28.86 GB
[2025-11-17 17:06:39 TP0] Memory pool end. avail mem=11.96 GB
[2025-11-17 17:06:39 TP1] KV Cache is allocated. #tokens: 10086673, K size: 28.86 GB, V size: 28.86 GB
[2025-11-17 17:06:39 TP5] Memory pool end. avail mem=11.19 GB
[2025-11-17 17:06:39 TP6] Memory pool end. avail mem=11.45 GB
[2025-11-17 17:06:39 TP4] Memory pool end. avail mem=11.29 GB
[2025-11-17 17:06:39 TP1] Memory pool end. avail mem=10.94 GB
[2025-11-17 17:06:39 TP7] KV Cache is allocated. #tokens: 10086673, K size: 28.86 GB, V size: 28.86 GB
[2025-11-17 17:06:39 TP3] KV Cache is allocated. #tokens: 10086673, K size: 28.86 GB, V size: 28.86 GB
[2025-11-17 17:06:39 TP2] KV Cache is allocated. #tokens: 10086673, K size: 28.86 GB, V size: 28.86 GB
[2025-11-17 17:06:39 TP7] Memory pool end. avail mem=11.51 GB
[2025-11-17 17:06:39 TP3] Memory pool end. avail mem=11.56 GB
[2025-11-17 17:06:39 TP2] Memory pool end. avail mem=11.27 GB
[2025-11-17 17:06:42 TP0] Capture cuda graph begin. This can take up to several minutes. avail mem=11.64 GB
[2025-11-17 17:06:42 TP0] Capture cuda graph bs [1, 2, 4, 8, 12, 16, 24, 32, 40, 48, 56, 64, 72, 80, 88, 96, 104, 112, 120, 128]
[2025-11-17 17:06:42 TP3] Capture cuda graph begin. This can take up to several minutes. avail mem=11.24 GB
[2025-11-17 17:06:42 TP1] Capture cuda graph begin. This can take up to several minutes. avail mem=10.62 GB
[2025-11-17 17:06:42 TP2] Capture cuda graph begin. This can take up to several minutes. avail mem=10.95 GB
[2025-11-17 17:06:42 TP4] Capture cuda graph begin. This can take up to several minutes. avail mem=10.97 GB
[2025-11-17 17:06:42 TP7] Capture cuda graph begin. This can take up to several minutes. avail mem=11.19 GB
[2025-11-17 17:06:42 TP6] Capture cuda graph begin. This can take up to several minutes. avail mem=11.13 GB
[2025-11-17 17:06:42 TP5] Capture cuda graph begin. This can take up to several minutes. avail mem=10.87 GB
  0%|          | 0/20 [00:00<?, ?it/s]Capturing batches (bs=128 avail_mem=11.40 GB):   0%|          | 0/20 [00:00<?, ?it/s]Capturing batches (bs=128 avail_mem=11.40 GB):   5%|▌         | 1/20 [00:19<06:11, 19.58s/it]Capturing batches (bs=120 avail_mem=10.71 GB):   5%|▌         | 1/20 [00:19<06:11, 19.58s/it]Capturing batches (bs=120 avail_mem=10.71 GB):  10%|█         | 2/20 [00:20<02:32,  8.45s/it]Capturing batches (bs=112 avail_mem=10.71 GB):  10%|█         | 2/20 [00:20<02:32,  8.45s/it]Capturing batches (bs=112 avail_mem=10.71 GB):  15%|█▌        | 3/20 [00:20<01:19,  4.67s/it]Capturing batches (bs=104 avail_mem=10.71 GB):  15%|█▌        | 3/20 [00:20<01:19,  4.67s/it]Capturing batches (bs=104 avail_mem=10.71 GB):  20%|██        | 4/20 [00:20<00:46,  2.89s/it]Capturing batches (bs=96 avail_mem=10.71 GB):  20%|██        | 4/20 [00:20<00:46,  2.89s/it] Capturing batches (bs=96 avail_mem=10.71 GB):  25%|██▌       | 5/20 [00:21<00:30,  2.04s/it]Capturing batches (bs=88 avail_mem=10.70 GB):  25%|██▌       | 5/20 [00:21<00:30,  2.04s/it]Capturing batches (bs=88 avail_mem=10.70 GB):  30%|███       | 6/20 [00:21<00:21,  1.53s/it]Capturing batches (bs=80 avail_mem=10.70 GB):  30%|███       | 6/20 [00:21<00:21,  1.53s/it]Capturing batches (bs=80 avail_mem=10.70 GB):  35%|███▌      | 7/20 [00:22<00:15,  1.19s/it]Capturing batches (bs=72 avail_mem=10.69 GB):  35%|███▌      | 7/20 [00:22<00:15,  1.19s/it]Capturing batches (bs=72 avail_mem=10.69 GB):  40%|████      | 8/20 [00:22<00:12,  1.01s/it]Capturing batches (bs=64 avail_mem=10.69 GB):  40%|████      | 8/20 [00:22<00:12,  1.01s/it]Capturing batches (bs=64 avail_mem=10.69 GB):  45%|████▌     | 9/20 [00:23<00:09,  1.15it/s]Capturing batches (bs=56 avail_mem=10.69 GB):  45%|████▌     | 9/20 [00:23<00:09,  1.15it/s]Capturing batches (bs=56 avail_mem=10.69 GB):  50%|█████     | 10/20 [00:23<00:07,  1.26it/s]Capturing batches (bs=48 avail_mem=10.68 GB):  50%|█████     | 10/20 [00:23<00:07,  1.26it/s]Capturing batches (bs=48 avail_mem=10.68 GB):  55%|█████▌    | 11/20 [00:24<00:05,  1.65it/s]Capturing batches (bs=40 avail_mem=10.68 GB):  55%|█████▌    | 11/20 [00:24<00:05,  1.65it/s]Capturing batches (bs=40 avail_mem=10.68 GB):  60%|██████    | 12/20 [00:24<00:03,  2.07it/s]Capturing batches (bs=32 avail_mem=10.68 GB):  60%|██████    | 12/20 [00:24<00:03,  2.07it/s]Capturing batches (bs=32 avail_mem=10.68 GB):  65%|██████▌   | 13/20 [00:24<00:03,  2.00it/s]Capturing batches (bs=24 avail_mem=10.67 GB):  65%|██████▌   | 13/20 [00:24<00:03,  2.00it/s]Capturing batches (bs=24 avail_mem=10.67 GB):  70%|███████   | 14/20 [00:25<00:03,  1.95it/s]Capturing batches (bs=16 avail_mem=10.67 GB):  70%|███████   | 14/20 [00:25<00:03,  1.95it/s]Capturing batches (bs=16 avail_mem=10.67 GB):  75%|███████▌  | 15/20 [00:25<00:02,  2.44it/s]Capturing batches (bs=12 avail_mem=10.67 GB):  75%|███████▌  | 15/20 [00:25<00:02,  2.44it/s]Capturing batches (bs=12 avail_mem=10.67 GB):  80%|████████  | 16/20 [00:25<00:01,  2.47it/s]Capturing batches (bs=8 avail_mem=10.66 GB):  80%|████████  | 16/20 [00:25<00:01,  2.47it/s] Capturing batches (bs=8 avail_mem=10.66 GB):  85%|████████▌ | 17/20 [00:26<00:01,  2.51it/s]Capturing batches (bs=4 avail_mem=10.66 GB):  85%|████████▌ | 17/20 [00:26<00:01,  2.51it/s]Capturing batches (bs=4 avail_mem=10.66 GB):  90%|█████████ | 18/20 [00:27<00:01,  1.80it/s]Capturing batches (bs=2 avail_mem=10.60 GB):  90%|█████████ | 18/20 [00:27<00:01,  1.80it/s]Capturing batches (bs=2 avail_mem=10.60 GB):  95%|█████████▌| 19/20 [00:28<00:00,  1.51it/s]Capturing batches (bs=1 avail_mem=10.56 GB):  95%|█████████▌| 19/20 [00:28<00:00,  1.51it/s]Capturing batches (bs=1 avail_mem=10.56 GB): 100%|██████████| 20/20 [00:29<00:00,  1.27it/s]Capturing batches (bs=1 avail_mem=10.56 GB): 100%|██████████| 20/20 [00:29<00:00,  1.46s/it]
[aiter] Registering 980 cuda graph addresses
[2025-11-17 17:07:12 TP7] Registering 980 cuda graph addresses
[aiter] Registering 980 cuda graph addresses
[aiter] Registering 980 cuda graph addresses
[2025-11-17 17:07:12 TP0] Registering 980 cuda graph addresses
[2025-11-17 17:07:12 TP3] Registering 980 cuda graph addresses
[aiter] Registering 980 cuda graph addresses
[aiter] Registering 980 cuda graph addresses
[aiter] Registering 980 cuda graph addresses
[2025-11-17 17:07:12 TP1] Registering 980 cuda graph addresses
[aiter] Registering 980 cuda graph addresses
[2025-11-17 17:07:12 TP5] Registering 980 cuda graph addresses
[aiter] Registering 980 cuda graph addresses
[2025-11-17 17:07:12 TP6] Registering 980 cuda graph addresses
[2025-11-17 17:07:12 TP4] Registering 980 cuda graph addresses
[2025-11-17 17:07:12 TP2] Registering 980 cuda graph addresses
[2025-11-17 17:07:12 TP0] Capture cuda graph end. Time elapsed: 29.95 s. mem usage=1.09 GB. avail mem=10.54 GB.
[2025-11-17 17:07:12 TP3] Capture cuda graph end. Time elapsed: 29.94 s. mem usage=1.09 GB. avail mem=10.15 GB.
[2025-11-17 17:07:12 TP5] Capture cuda graph end. Time elapsed: 29.69 s. mem usage=1.09 GB. avail mem=9.78 GB.
[2025-11-17 17:07:12 TP6] Capture cuda graph end. Time elapsed: 29.75 s. mem usage=1.09 GB. avail mem=10.04 GB.
[2025-11-17 17:07:12 TP1] Capture cuda graph end. Time elapsed: 29.99 s. mem usage=1.09 GB. avail mem=9.53 GB.
[2025-11-17 17:07:12 TP7] Capture cuda graph end. Time elapsed: 29.83 s. mem usage=1.09 GB. avail mem=10.09 GB.
[2025-11-17 17:07:12 TP4] Capture cuda graph end. Time elapsed: 29.91 s. mem usage=1.09 GB. avail mem=9.88 GB.
[2025-11-17 17:07:12 TP2] Capture cuda graph end. Time elapsed: 30.05 s. mem usage=1.09 GB. avail mem=9.86 GB.
[2025-11-17 17:07:13 TP0] max_total_num_tokens=10086673, chunked_prefill_size=130172, max_prefill_tokens=16384, max_running_requests=128, context_len=131072, available_gpu_mem=10.54 GB
[2025-11-17 17:07:14] INFO:     Started server process [85187]
[2025-11-17 17:07:14] INFO:     Waiting for application startup.
[2025-11-17 17:07:14] Using default chat sampling params from model generation config: {'repetition_penalty': 1.0, 'temperature': 1.0, 'top_k': 50, 'top_p': 1.0}
[2025-11-17 17:07:14] Using default chat sampling params from model generation config: {'repetition_penalty': 1.0, 'temperature': 1.0, 'top_k': 50, 'top_p': 1.0}
[2025-11-17 17:07:14] INFO:     Application startup complete.
[2025-11-17 17:07:14] ERROR:    [Errno 98] error while attempting to bind on address ('127.0.0.1', 30000): address already in use
[2025-11-17 17:07:14] INFO:     Waiting for application shutdown.
[2025-11-17 17:07:15] Start of co-locate warmup ...
[2025-11-17 17:17:15] Initialization failed. warmup error: Traceback (most recent call last):
  File "/opt/venv/lib/python3.10/site-packages/urllib3/connectionpool.py", line 534, in _make_request
    response = conn.getresponse()
  File "/opt/venv/lib/python3.10/site-packages/urllib3/connection.py", line 565, in getresponse
    httplib_response = super().getresponse()
  File "/usr/lib/python3.10/http/client.py", line 1375, in getresponse
    response.begin()
  File "/usr/lib/python3.10/http/client.py", line 318, in begin
    version, status, reason = self._read_status()
  File "/usr/lib/python3.10/http/client.py", line 279, in _read_status
    line = str(self.fp.readline(_MAXLINE + 1), "iso-8859-1")
  File "/usr/lib/python3.10/socket.py", line 705, in readinto
    return self._sock.recv_into(b)
TimeoutError: timed out

The above exception was the direct cause of the following exception:

Traceback (most recent call last):
  File "/opt/venv/lib/python3.10/site-packages/requests/adapters.py", line 644, in send
    resp = conn.urlopen(
  File "/opt/venv/lib/python3.10/site-packages/urllib3/connectionpool.py", line 841, in urlopen
    retries = retries.increment(
  File "/opt/venv/lib/python3.10/site-packages/urllib3/util/retry.py", line 474, in increment
    raise reraise(type(error), error, _stacktrace)
  File "/opt/venv/lib/python3.10/site-packages/urllib3/util/util.py", line 39, in reraise
    raise value
  File "/opt/venv/lib/python3.10/site-packages/urllib3/connectionpool.py", line 787, in urlopen
    response = self._make_request(
  File "/opt/venv/lib/python3.10/site-packages/urllib3/connectionpool.py", line 536, in _make_request
    self._raise_timeout(err=e, url=url, timeout_value=read_timeout)
  File "/opt/venv/lib/python3.10/site-packages/urllib3/connectionpool.py", line 367, in _raise_timeout
    raise ReadTimeoutError(
urllib3.exceptions.ReadTimeoutError: HTTPConnectionPool(host='127.0.0.1', port=30000): Read timed out. (read timeout=600)

During handling of the above exception, another exception occurred:

Traceback (most recent call last):
  File "/sgl-workspace/sglang/python/sglang/srt/entrypoints/http_server.py", line 1548, in _execute_server_warmup
    res = requests.post(
  File "/opt/venv/lib/python3.10/site-packages/requests/api.py", line 115, in post
    return request("post", url, data=data, json=json, **kwargs)
  File "/opt/venv/lib/python3.10/site-packages/requests/api.py", line 59, in request
    return session.request(method=method, url=url, **kwargs)
  File "/opt/venv/lib/python3.10/site-packages/requests/sessions.py", line 589, in request
    resp = self.send(prep, **send_kwargs)
  File "/opt/venv/lib/python3.10/site-packages/requests/sessions.py", line 703, in send
    r = adapter.send(request, **kwargs)
  File "/opt/venv/lib/python3.10/site-packages/requests/adapters.py", line 690, in send
    raise ReadTimeout(e, request=request)
requests.exceptions.ReadTimeout: HTTPConnectionPool(host='127.0.0.1', port=30000): Read timed out. (read timeout=600)

