[aiter] WARNING: NUMA balancing is enabled, which may cause errors. It is recommended to disable NUMA balancing by running "sudo sh -c 'echo 0 > /proc/sys/kernel/numa_balancing'" for more details: https://rocm.docs.amd.com/en/latest/how-to/system-optimization/mi300x.html#disable-numa-auto-balancing
[2025-12-10 16:18:28] WARNING core.py:454: WARNING: NUMA balancing is enabled, which may cause errors. It is recommended to disable NUMA balancing by running "sudo sh -c 'echo 0 > /proc/sys/kernel/numa_balancing'" for more details: https://rocm.docs.amd.com/en/latest/how-to/system-optimization/mi300x.html#disable-numa-auto-balancing
[aiter] import [module_aiter_enum] under /sgl-workspace/aiter/aiter/jit/module_aiter_enum.so
[2025-12-10 16:18:28] INFO core.py:477: import [module_aiter_enum] under /sgl-workspace/aiter/aiter/jit/module_aiter_enum.so
INFO 12-10 16:18:29 [__init__.py:241] Automatically detected platform rocm.
/sgl-workspace/sglang/python/sglang/srt/layers/quantization/awq.py:65: UserWarning: HIP does not support fused_marlin_moe currently.
  warnings.warn(f"HIP does not support fused_marlin_moe currently.")
/sgl-workspace/sglang/python/sglang/srt/layers/quantization/gguf.py:46: UserWarning: Only CUDA support GGUF quantization currently.
  warnings.warn(f"Only CUDA support GGUF quantization currently.")
`rope_parameters`'s factor field must be a float >= 1, got 40
`rope_parameters`'s beta_fast field must be a float, got 32
`rope_parameters`'s beta_slow field must be a float, got 1
[2025-12-10 16:18:30] WARNING server_args.py:1886: KV cache is forced as chunk cache for decode server
[2025-12-10 16:18:30] server_args=ServerArgs(model_path='/mnt/raid/models/huggingface/deepseek-ai/DeepSeek-V3-0324', tokenizer_path='/mnt/raid/models/huggingface/deepseek-ai/DeepSeek-V3-0324', tokenizer_mode='auto', tokenizer_worker_num=1, skip_tokenizer_init=False, load_format='auto', model_loader_extra_config='{}', rl_quant_profile=None, trust_remote_code=True, context_length=None, is_embedding=False, enable_multimodal=None, revision=None, model_impl='auto', host='10.194.129.138', port=30026, fastapi_root_path='', grpc_mode=False, skip_server_warmup=False, warmups=None, nccl_port=None, checkpoint_engine_wait_weights_before_ready=False, dtype='auto', quantization=None, quantization_param_path=None, kv_cache_dtype='auto', enable_fp32_lm_head=False, modelopt_quant=None, modelopt_checkpoint_restore_path=None, modelopt_checkpoint_save_path=None, modelopt_export_path=None, quantize_and_serve=False, mem_fraction_static=0.88, max_running_requests=None, max_queued_requests=None, max_total_tokens=None, chunked_prefill_size=16384, max_prefill_tokens=16384, schedule_policy='fcfs', enable_priority_scheduling=False, abort_on_priority_when_disabled=False, schedule_low_priority_values_first=False, priority_scheduling_preemption_threshold=10, schedule_conservativeness=1.0, page_size=1, hybrid_kvcache_ratio=None, swa_full_tokens_ratio=0.8, disable_hybrid_swa_memory=False, radix_eviction_policy='lru', device='cuda', tp_size=4, pp_size=1, pp_max_micro_batch_size=None, stream_interval=1, stream_output=False, random_seed=145574286, constrained_json_whitespace_pattern=None, constrained_json_disable_any_whitespace=False, watchdog_timeout=180.0, dist_timeout=None, download_dir=None, base_gpu_id=0, gpu_id_step=1, sleep_on_idle=False, mm_process_config={}, log_level='info', log_level_http=None, log_requests=False, log_requests_level=2, crash_dump_folder=None, show_time_cost=False, enable_metrics=False, enable_metrics_for_all_schedulers=False, tokenizer_metrics_custom_labels_header='x-custom-labels', tokenizer_metrics_allowed_custom_labels=None, bucket_time_to_first_token=None, bucket_inter_token_latency=None, bucket_e2e_request_latency=None, collect_tokens_histogram=False, prompt_tokens_buckets=None, generation_tokens_buckets=None, gc_warning_threshold_secs=0.0, decode_log_interval=40, enable_request_time_stats_logging=False, kv_events_config=None, enable_trace=False, otlp_traces_endpoint='localhost:4317', export_metrics_to_file=False, export_metrics_to_file_dir=None, api_key=None, served_model_name='/mnt/raid/models/huggingface/deepseek-ai/DeepSeek-V3-0324', weight_version='default', chat_template=None, completion_template=None, file_storage_path='sglang_storage', enable_cache_report=False, reasoning_parser=None, tool_call_parser=None, tool_server=None, sampling_defaults='model', dp_size=1, load_balance_method='round_robin', load_watch_interval=0.1, prefill_round_robin_balance=False, dist_init_addr=None, nnodes=1, node_rank=0, json_model_override_args='{}', preferred_sampling_params=None, enable_lora=None, max_lora_rank=None, lora_target_modules=None, lora_paths=None, max_loaded_loras=None, max_loras_per_batch=8, lora_eviction_policy='lru', lora_backend='csgmv', max_lora_chunk_size=16, attention_backend='triton', decode_attention_backend=None, prefill_attention_backend=None, sampling_backend='pytorch', grammar_backend='xgrammar', mm_attention_backend=None, fp8_gemm_runner_backend='auto', nsa_prefill_backend='flashmla_sparse', nsa_decode_backend='fa3', enable_flashinfer_autotune=False, speculative_algorithm=None, speculative_draft_model_path=None, speculative_draft_model_revision=None, speculative_draft_load_format=None, speculative_num_steps=None, speculative_eagle_topk=None, speculative_num_draft_tokens=None, speculative_accept_threshold_single=1.0, speculative_accept_threshold_acc=1.0, speculative_token_map=None, speculative_attention_mode='prefill', speculative_moe_runner_backend=None, speculative_moe_a2a_backend=None, speculative_ngram_min_match_window_size=1, speculative_ngram_max_match_window_size=12, speculative_ngram_min_bfs_breadth=1, speculative_ngram_max_bfs_breadth=10, speculative_ngram_match_type='BFS', speculative_ngram_branch_length=18, speculative_ngram_capacity=10000000, ep_size=1, moe_a2a_backend='none', moe_runner_backend='auto', flashinfer_mxfp4_moe_precision='default', enable_flashinfer_allreduce_fusion=False, deepep_mode='auto', ep_num_redundant_experts=0, ep_dispatch_algorithm=None, init_expert_location='trivial', enable_eplb=False, eplb_algorithm='auto', eplb_rebalance_num_iterations=1000, eplb_rebalance_layers_per_chunk=None, eplb_min_rebalancing_utilization_threshold=1.0, expert_distribution_recorder_mode=None, expert_distribution_recorder_buffer_size=1000, enable_expert_distribution_metrics=False, deepep_config=None, moe_dense_tp_size=None, elastic_ep_backend=None, mooncake_ib_device=None, max_mamba_cache_size=None, mamba_ssm_dtype='float32', mamba_full_memory_ratio=0.9, enable_hierarchical_cache=False, hicache_ratio=2.0, hicache_size=0, hicache_write_policy='write_through', hicache_io_backend='kernel', hicache_mem_layout='layer_first', hicache_storage_backend=None, hicache_storage_prefetch_policy='best_effort', hicache_storage_backend_extra_config=None, enable_lmcache=False, kt_weight_path=None, kt_method='AMXINT4', kt_cpuinfer=None, kt_threadpool_count=2, kt_num_gpu_experts=None, kt_max_deferred_experts_per_token=None, dllm_algorithm=None, dllm_algorithm_config=None, enable_double_sparsity=False, ds_channel_config_path=None, ds_heavy_channel_num=32, ds_heavy_token_num=256, ds_heavy_channel_type='qk', ds_sparse_decode_threshold=4096, cpu_offload_gb=0, offload_group_size=-1, offload_num_in_group=1, offload_prefetch_step=1, offload_mode='cpu', multi_item_scoring_delimiter=None, disable_radix_cache=True, cuda_graph_max_bs=512, cuda_graph_bs=[1, 2, 4, 8, 12, 16, 24, 32, 40, 48, 56, 64, 72, 80, 88, 96, 104, 112, 120, 128, 136, 144, 152, 160, 168, 176, 184, 192, 200, 208, 216, 224, 232, 240, 248, 256, 272, 288, 304, 320, 336, 352, 368, 384, 400, 416, 432, 448, 464, 480, 496, 512], disable_cuda_graph=True, disable_cuda_graph_padding=False, enable_profile_cuda_graph=False, enable_cudagraph_gc=False, enable_layerwise_nvtx_marker=False, enable_nccl_nvls=False, enable_symm_mem=False, disable_flashinfer_cutlass_moe_fp4_allgather=False, enable_tokenizer_batch_encode=False, disable_tokenizer_batch_decode=False, disable_outlines_disk_cache=False, disable_custom_all_reduce=False, enable_mscclpp=False, enable_torch_symm_mem=False, disable_overlap_schedule=False, enable_mixed_chunk=False, enable_dp_attention=False, enable_dp_lm_head=False, enable_two_batch_overlap=False, enable_single_batch_overlap=False, tbo_token_distribution_threshold=0.48, enable_torch_compile=False, enable_piecewise_cuda_graph=False, enable_torch_compile_debug_mode=False, torch_compile_max_bs=32, piecewise_cuda_graph_max_tokens=4096, piecewise_cuda_graph_tokens=[4, 8, 12, 16, 20, 24, 28, 32, 48, 64, 80, 96, 112, 128, 144, 160, 176, 192, 208, 224, 240, 256, 288, 320, 352, 384, 416, 448, 480, 512, 640, 768, 896, 1024, 1152, 1280, 1408, 1536, 1664, 1792, 1920, 2048, 2176, 2304, 2432, 2560, 2688, 2816, 2944, 3072, 3200, 3328, 3456, 3584, 3712, 3840, 3968, 4096], piecewise_cuda_graph_compiler='eager', torchao_config='', enable_nan_detection=False, enable_p2p_check=False, triton_attention_reduce_in_fp32=False, triton_attention_num_kv_splits=16, triton_attention_split_tile_size=None, num_continuous_decode_steps=1, delete_ckpt_after_loading=False, enable_memory_saver=False, enable_weights_cpu_backup=False, enable_draft_weights_cpu_backup=False, allow_auto_truncate=False, enable_custom_logit_processor=False, flashinfer_mla_disable_ragged=False, disable_shared_experts_fusion=False, disable_chunked_prefix_cache=False, disable_fast_image_processor=False, keep_mm_feature_on_device=False, enable_return_hidden_states=False, scheduler_recv_interval=1, numa_node=None, enable_deterministic_inference=False, rl_on_policy_target=None, enable_attn_tp_input_scattered=False, enable_nsa_prefill_context_parallel=False, enable_fused_qk_norm_rope=False, enable_dynamic_batch_tokenizer=False, dynamic_batch_tokenizer_batch_size=32, dynamic_batch_tokenizer_batch_timeout=0.002, debug_tensor_dump_output_folder=None, debug_tensor_dump_layers=None, debug_tensor_dump_input_file=None, debug_tensor_dump_inject=False, disaggregation_mode='decode', disaggregation_transfer_backend='mooncake', disaggregation_bootstrap_port=8998, disaggregation_decode_tp=None, disaggregation_decode_dp=None, disaggregation_prefill_pp=1, disaggregation_ib_device='lo', disaggregation_decode_enable_offload_kvcache=False, num_reserved_decode_tokens=512, disaggregation_decode_polling_interval=1, custom_weight_loader=[], weight_loader_disable_mmap=False, remote_instance_weight_loader_seed_instance_ip=None, remote_instance_weight_loader_seed_instance_service_port=None, remote_instance_weight_loader_send_weights_group_ports=None, enable_pdmux=False, pdmux_config_path=None, sm_group_num=8, mm_max_concurrent_calls=32, mm_per_request_timeout=10.0, enable_broadcast_mm_inputs_process=False, decrypted_config_file=None, decrypted_draft_config_file=None, mm_enable_dp_encoder=False, forward_hooks=None)
[2025-12-10 16:18:31] Using default HuggingFace chat template with detected content format: string
[aiter] WARNING: NUMA balancing is enabled, which may cause errors. It is recommended to disable NUMA balancing by running "sudo sh -c 'echo 0 > /proc/sys/kernel/numa_balancing'" for more details: https://rocm.docs.amd.com/en/latest/how-to/system-optimization/mi300x.html#disable-numa-auto-balancing
[2025-12-10 16:18:37] WARNING core.py:454: WARNING: NUMA balancing is enabled, which may cause errors. It is recommended to disable NUMA balancing by running "sudo sh -c 'echo 0 > /proc/sys/kernel/numa_balancing'" for more details: https://rocm.docs.amd.com/en/latest/how-to/system-optimization/mi300x.html#disable-numa-auto-balancing
[aiter] import [module_aiter_enum] under /sgl-workspace/aiter/aiter/jit/module_aiter_enum.so
[2025-12-10 16:18:37] INFO core.py:477: import [module_aiter_enum] under /sgl-workspace/aiter/aiter/jit/module_aiter_enum.so
[aiter] WARNING: NUMA balancing is enabled, which may cause errors. It is recommended to disable NUMA balancing by running "sudo sh -c 'echo 0 > /proc/sys/kernel/numa_balancing'" for more details: https://rocm.docs.amd.com/en/latest/how-to/system-optimization/mi300x.html#disable-numa-auto-balancing
[2025-12-10 16:18:37] WARNING core.py:454: WARNING: NUMA balancing is enabled, which may cause errors. It is recommended to disable NUMA balancing by running "sudo sh -c 'echo 0 > /proc/sys/kernel/numa_balancing'" for more details: https://rocm.docs.amd.com/en/latest/how-to/system-optimization/mi300x.html#disable-numa-auto-balancing
[aiter] import [module_aiter_enum] under /sgl-workspace/aiter/aiter/jit/module_aiter_enum.so
[2025-12-10 16:18:37] INFO core.py:477: import [module_aiter_enum] under /sgl-workspace/aiter/aiter/jit/module_aiter_enum.so
[aiter] WARNING: NUMA balancing is enabled, which may cause errors. It is recommended to disable NUMA balancing by running "sudo sh -c 'echo 0 > /proc/sys/kernel/numa_balancing'" for more details: https://rocm.docs.amd.com/en/latest/how-to/system-optimization/mi300x.html#disable-numa-auto-balancing
[2025-12-10 16:18:37] WARNING core.py:454: WARNING: NUMA balancing is enabled, which may cause errors. It is recommended to disable NUMA balancing by running "sudo sh -c 'echo 0 > /proc/sys/kernel/numa_balancing'" for more details: https://rocm.docs.amd.com/en/latest/how-to/system-optimization/mi300x.html#disable-numa-auto-balancing
[aiter] import [module_aiter_enum] under /sgl-workspace/aiter/aiter/jit/module_aiter_enum.so
[2025-12-10 16:18:37] INFO core.py:477: import [module_aiter_enum] under /sgl-workspace/aiter/aiter/jit/module_aiter_enum.so
[aiter] WARNING: NUMA balancing is enabled, which may cause errors. It is recommended to disable NUMA balancing by running "sudo sh -c 'echo 0 > /proc/sys/kernel/numa_balancing'" for more details: https://rocm.docs.amd.com/en/latest/how-to/system-optimization/mi300x.html#disable-numa-auto-balancing
[2025-12-10 16:18:37] WARNING core.py:454: WARNING: NUMA balancing is enabled, which may cause errors. It is recommended to disable NUMA balancing by running "sudo sh -c 'echo 0 > /proc/sys/kernel/numa_balancing'" for more details: https://rocm.docs.amd.com/en/latest/how-to/system-optimization/mi300x.html#disable-numa-auto-balancing
[aiter] import [module_aiter_enum] under /sgl-workspace/aiter/aiter/jit/module_aiter_enum.so
[2025-12-10 16:18:37] INFO core.py:477: import [module_aiter_enum] under /sgl-workspace/aiter/aiter/jit/module_aiter_enum.so
[aiter] WARNING: NUMA balancing is enabled, which may cause errors. It is recommended to disable NUMA balancing by running "sudo sh -c 'echo 0 > /proc/sys/kernel/numa_balancing'" for more details: https://rocm.docs.amd.com/en/latest/how-to/system-optimization/mi300x.html#disable-numa-auto-balancing
[2025-12-10 16:18:37] WARNING core.py:454: WARNING: NUMA balancing is enabled, which may cause errors. It is recommended to disable NUMA balancing by running "sudo sh -c 'echo 0 > /proc/sys/kernel/numa_balancing'" for more details: https://rocm.docs.amd.com/en/latest/how-to/system-optimization/mi300x.html#disable-numa-auto-balancing
[aiter] import [module_aiter_enum] under /sgl-workspace/aiter/aiter/jit/module_aiter_enum.so
[2025-12-10 16:18:37] INFO core.py:477: import [module_aiter_enum] under /sgl-workspace/aiter/aiter/jit/module_aiter_enum.so
INFO 12-10 16:18:38 [__init__.py:241] Automatically detected platform rocm.
INFO 12-10 16:18:38 [__init__.py:241] Automatically detected platform rocm.
INFO 12-10 16:18:38 [__init__.py:241] Automatically detected platform rocm.
INFO 12-10 16:18:38 [__init__.py:241] Automatically detected platform rocm.
INFO 12-10 16:18:38 [__init__.py:241] Automatically detected platform rocm.
/sgl-workspace/sglang/python/sglang/srt/layers/quantization/awq.py:65: UserWarning: HIP does not support fused_marlin_moe currently.
  warnings.warn(f"HIP does not support fused_marlin_moe currently.")
/sgl-workspace/sglang/python/sglang/srt/layers/quantization/awq.py:65: UserWarning: HIP does not support fused_marlin_moe currently.
  warnings.warn(f"HIP does not support fused_marlin_moe currently.")
/sgl-workspace/sglang/python/sglang/srt/layers/quantization/gguf.py:46: UserWarning: Only CUDA support GGUF quantization currently.
  warnings.warn(f"Only CUDA support GGUF quantization currently.")
/sgl-workspace/sglang/python/sglang/srt/layers/quantization/gguf.py:46: UserWarning: Only CUDA support GGUF quantization currently.
  warnings.warn(f"Only CUDA support GGUF quantization currently.")
/sgl-workspace/sglang/python/sglang/srt/layers/quantization/awq.py:65: UserWarning: HIP does not support fused_marlin_moe currently.
  warnings.warn(f"HIP does not support fused_marlin_moe currently.")
/sgl-workspace/sglang/python/sglang/srt/layers/quantization/gguf.py:46: UserWarning: Only CUDA support GGUF quantization currently.
  warnings.warn(f"Only CUDA support GGUF quantization currently.")
/sgl-workspace/sglang/python/sglang/srt/layers/quantization/awq.py:65: UserWarning: HIP does not support fused_marlin_moe currently.
  warnings.warn(f"HIP does not support fused_marlin_moe currently.")
/sgl-workspace/sglang/python/sglang/srt/layers/quantization/gguf.py:46: UserWarning: Only CUDA support GGUF quantization currently.
  warnings.warn(f"Only CUDA support GGUF quantization currently.")
[2025-12-10 16:18:38 TP0] Process 158 gpu_id 0 is running on CPUs: [0, 1, 2, 3, 4, 5, 6, 7, 8, 9, 10, 11, 12, 13, 14, 15, 16, 17, 18, 19, 20, 21, 22, 23]
`rope_parameters`'s factor field must be a float >= 1, got 40
`rope_parameters`'s beta_fast field must be a float, got 32
`rope_parameters`'s beta_slow field must be a float, got 1
/sgl-workspace/sglang/python/sglang/srt/layers/quantization/awq.py:65: UserWarning: HIP does not support fused_marlin_moe currently.
  warnings.warn(f"HIP does not support fused_marlin_moe currently.")
[2025-12-10 16:18:38 TP2] Process 160 gpu_id 2 is running on CPUs: [48, 49, 50, 51, 52, 53, 54, 55, 56, 57, 58, 59, 60, 61, 62, 63, 64, 65, 66, 67, 68, 69, 70, 71]
`rope_parameters`'s factor field must be a float >= 1, got 40
`rope_parameters`'s beta_fast field must be a float, got 32
`rope_parameters`'s beta_slow field must be a float, got 1
/sgl-workspace/sglang/python/sglang/srt/layers/quantization/gguf.py:46: UserWarning: Only CUDA support GGUF quantization currently.
  warnings.warn(f"Only CUDA support GGUF quantization currently.")
[2025-12-10 16:18:38 TP1] Process 159 gpu_id 1 is running on CPUs: [24, 25, 26, 27, 28, 29, 30, 31, 32, 33, 34, 35, 36, 37, 38, 39, 40, 41, 42, 43, 44, 45, 46, 47]
`rope_parameters`'s factor field must be a float >= 1, got 40
`rope_parameters`'s beta_fast field must be a float, got 32
`rope_parameters`'s beta_slow field must be a float, got 1
[2025-12-10 16:18:39 TP3] Process 161 gpu_id 3 is running on CPUs: [72, 73, 74, 75, 76, 77, 78, 79, 80, 81, 82, 83, 84, 85, 86, 87, 88, 89, 90, 91, 92, 93, 94, 95]
`rope_parameters`'s factor field must be a float >= 1, got 40
`rope_parameters`'s beta_fast field must be a float, got 32
`rope_parameters`'s beta_slow field must be a float, got 1
[2025-12-10 16:18:39 TP0] Init torch distributed begin.
[2025-12-10 16:18:39 TP2] Init torch distributed begin.
[2025-12-10 16:18:39 TP1] Init torch distributed begin.
[2025-12-10 16:18:39 TP3] Init torch distributed begin.
[Gloo] Rank 3 is connected to 3 peer ranks. Expected number of connected peer ranks is : 3
[Gloo] Rank 0 is connected to 3 peer ranks. Expected number of connected peer ranks is : 3
[Gloo] Rank 2 is connected to 3 peer ranks. Expected number of connected peer ranks is : 3
[Gloo] Rank 1 is connected to 3 peer ranks. Expected number of connected peer ranks is : 3
[Gloo] Rank 0 is connected to 3 peer ranks. Expected number of connected peer ranks is : 3
[Gloo] Rank 2 is connected to 3 peer ranks. Expected number of connected peer ranks is : 3
[Gloo] Rank 1 is connected to 3 peer ranks. Expected number of connected peer ranks is : 3
[Gloo] Rank 3 is connected to 3 peer ranks. Expected number of connected peer ranks is : 3
[2025-12-10 16:18:39 TP0] sglang is using nccl==2.26.6
[aiter] import [module_custom_all_reduce] under /sgl-workspace/aiter/aiter/jit/module_custom_all_reduce.so
[2025-12-10 16:18:48 TP2] import [module_custom_all_reduce] under /sgl-workspace/aiter/aiter/jit/module_custom_all_reduce.so
[aiter] import [module_custom_all_reduce] under /sgl-workspace/aiter/aiter/jit/module_custom_all_reduce.so
[2025-12-10 16:18:48 TP3] import [module_custom_all_reduce] under /sgl-workspace/aiter/aiter/jit/module_custom_all_reduce.so
[aiter] import [module_custom_all_reduce] under /sgl-workspace/aiter/aiter/jit/module_custom_all_reduce.so
[2025-12-10 16:18:48 TP2] Using AiterCustomAllreduce for ROCm.
[2025-12-10 16:18:48 TP0] import [module_custom_all_reduce] under /sgl-workspace/aiter/aiter/jit/module_custom_all_reduce.so
[2025-12-10 16:18:48 TP3] Using AiterCustomAllreduce for ROCm.
[aiter] import [module_custom_all_reduce] under /sgl-workspace/aiter/aiter/jit/module_custom_all_reduce.so
[2025-12-10 16:18:48 TP1] import [module_custom_all_reduce] under /sgl-workspace/aiter/aiter/jit/module_custom_all_reduce.so
[2025-12-10 16:18:48 TP0] Using AiterCustomAllreduce for ROCm.
[2025-12-10 16:18:48 TP1] Using AiterCustomAllreduce for ROCm.
[Gloo] Rank 0 is connected to 0 peer ranks. Expected number of connected peer ranks is : 0
[Gloo] Rank 0 is connected to 0 peer ranks. Expected number of connected peer ranks is : 0
[Gloo] Rank 0 is connected to 0 peer ranks. Expected number of connected peer ranks is : 0
[Gloo] Rank 0 is connected to 0 peer ranks. Expected number of connected peer ranks is : 0
[Gloo] Rank 0 is connected to 0 peer ranks. Expected number of connected peer ranks is : 0
[Gloo] Rank 0 is connected to 0 peer ranks. Expected number of connected peer ranks is : 0
[Gloo] Rank 0 is connected to 0 peer ranks. Expected number of connected peer ranks is : 0
[Gloo] Rank 0 is connected to 0 peer ranks. Expected number of connected peer ranks is : 0
[Gloo] Rank 1 is connected to 3 peer ranks. Expected number of connected peer ranks is : 3
[Gloo] Rank 3 is connected to 3 peer ranks. Expected number of connected peer ranks is : 3
[Gloo] Rank 0 is connected to 3 peer ranks. Expected number of connected peer ranks is : 3
[Gloo] Rank 2 is connected to 3 peer ranks. Expected number of connected peer ranks is : 3
[2025-12-10 16:18:48 TP0] Init torch distributed ends. mem usage=1.21 GB
[2025-12-10 16:18:48 TP3] Init torch distributed ends. mem usage=1.16 GB
[2025-12-10 16:18:48 TP2] Init torch distributed ends. mem usage=1.21 GB
[2025-12-10 16:18:48 TP1] Init torch distributed ends. mem usage=1.22 GB
/opt/venv/lib/python3.10/site-packages/apex/transformer/functional/fused_rope.py:49: UserWarning: Aiter backend is selected for fused RoPE. This has lower precision. To disable aiter, export USE_ROCM_AITER_ROPE_BACKEND=0
  warnings.warn("Aiter backend is selected for fused RoPE. This has lower precision. To disable aiter, export USE_ROCM_AITER_ROPE_BACKEND=0", UserWarning)
/opt/venv/lib/python3.10/site-packages/apex/transformer/functional/fused_rope.py:49: UserWarning: Aiter backend is selected for fused RoPE. This has lower precision. To disable aiter, export USE_ROCM_AITER_ROPE_BACKEND=0
  warnings.warn("Aiter backend is selected for fused RoPE. This has lower precision. To disable aiter, export USE_ROCM_AITER_ROPE_BACKEND=0", UserWarning)
/opt/venv/lib/python3.10/site-packages/apex/transformer/functional/fused_rope.py:49: UserWarning: Aiter backend is selected for fused RoPE. This has lower precision. To disable aiter, export USE_ROCM_AITER_ROPE_BACKEND=0
  warnings.warn("Aiter backend is selected for fused RoPE. This has lower precision. To disable aiter, export USE_ROCM_AITER_ROPE_BACKEND=0", UserWarning)
/opt/venv/lib/python3.10/site-packages/apex/transformer/functional/fused_rope.py:49: UserWarning: Aiter backend is selected for fused RoPE. This has lower precision. To disable aiter, export USE_ROCM_AITER_ROPE_BACKEND=0
  warnings.warn("Aiter backend is selected for fused RoPE. This has lower precision. To disable aiter, export USE_ROCM_AITER_ROPE_BACKEND=0", UserWarning)
[2025-12-10 16:18:49 TP3] Ignore import error when loading sglang.srt.models.mindspore: name 'ms' is not defined
[2025-12-10 16:18:49 TP1] Ignore import error when loading sglang.srt.models.mindspore: name 'ms' is not defined
[2025-12-10 16:18:49 TP0] Ignore import error when loading sglang.srt.models.mindspore: name 'ms' is not defined
[2025-12-10 16:18:49 TP2] Ignore import error when loading sglang.srt.models.mindspore: name 'ms' is not defined
[2025-12-10 16:18:50 TP3] Load weight begin. avail mem=190.27 GB
[2025-12-10 16:18:50 TP1] Load weight begin. avail mem=190.21 GB
[2025-12-10 16:18:50 TP0] Load weight begin. avail mem=190.22 GB
[2025-12-10 16:18:50 TP0] Detected fp8 checkpoint.
[2025-12-10 16:18:50 TP2] Load weight begin. avail mem=190.22 GB
[2025-12-10 16:18:50 TP0] Shared experts fusion optimization enabled.
Loading safetensors checkpoint shards:   0% Completed | 0/163 [00:00<?, ?it/s]
Loading safetensors checkpoint shards:   1% Completed | 1/163 [00:00<00:20,  7.99it/s]
Loading safetensors checkpoint shards:   2% Completed | 3/163 [00:00<00:13, 12.27it/s]
Loading safetensors checkpoint shards:   3% Completed | 5/163 [00:00<00:30,  5.18it/s]
Loading safetensors checkpoint shards:   5% Completed | 8/163 [00:01<00:18,  8.47it/s]
Loading safetensors checkpoint shards:   6% Completed | 10/163 [00:01<00:14, 10.36it/s]
Loading safetensors checkpoint shards:   7% Completed | 12/163 [00:01<00:15,  9.75it/s]
Loading safetensors checkpoint shards:   9% Completed | 14/163 [00:01<00:13, 11.02it/s]
Loading safetensors checkpoint shards:  10% Completed | 16/163 [00:01<00:14, 10.49it/s]
Loading safetensors checkpoint shards:  11% Completed | 18/163 [00:01<00:12, 11.88it/s]
Loading safetensors checkpoint shards:  12% Completed | 20/163 [00:01<00:11, 12.82it/s]
Loading safetensors checkpoint shards:  13% Completed | 22/163 [00:02<00:11, 11.81it/s]
Loading safetensors checkpoint shards:  15% Completed | 24/163 [00:02<00:10, 12.73it/s]
Loading safetensors checkpoint shards:  16% Completed | 26/163 [00:02<00:09, 14.11it/s]
Loading safetensors checkpoint shards:  17% Completed | 28/163 [00:02<00:17,  7.91it/s]
Loading safetensors checkpoint shards:  18% Completed | 30/163 [00:03<00:14,  9.10it/s]
Loading safetensors checkpoint shards:  20% Completed | 33/163 [00:03<00:10, 12.12it/s]
Loading safetensors checkpoint shards:  21% Completed | 35/163 [00:03<00:09, 13.55it/s]
Loading safetensors checkpoint shards:  23% Completed | 37/163 [00:03<00:10, 12.06it/s]
Loading safetensors checkpoint shards:  24% Completed | 39/163 [00:03<00:09, 13.12it/s]
Loading safetensors checkpoint shards:  25% Completed | 41/163 [00:03<00:08, 14.37it/s]
Loading safetensors checkpoint shards:  26% Completed | 43/163 [00:03<00:09, 12.17it/s]
Loading safetensors checkpoint shards:  28% Completed | 45/163 [00:04<00:09, 13.02it/s]
Loading safetensors checkpoint shards:  29% Completed | 48/163 [00:04<00:09, 12.21it/s]
Loading safetensors checkpoint shards:  31% Completed | 50/163 [00:04<00:08, 13.25it/s]
Loading safetensors checkpoint shards:  32% Completed | 52/163 [00:04<00:07, 14.34it/s]
Loading safetensors checkpoint shards:  33% Completed | 54/163 [00:04<00:09, 12.07it/s]
Loading safetensors checkpoint shards:  35% Completed | 57/163 [00:04<00:07, 13.82it/s]
Loading safetensors checkpoint shards:  36% Completed | 59/163 [00:05<00:13,  7.62it/s]
Loading safetensors checkpoint shards:  37% Completed | 61/163 [00:05<00:11,  9.15it/s]
Loading safetensors checkpoint shards:  39% Completed | 64/163 [00:05<00:08, 11.80it/s]
Loading safetensors checkpoint shards:  40% Completed | 66/163 [00:05<00:09, 10.67it/s]
Loading safetensors checkpoint shards:  42% Completed | 69/163 [00:06<00:06, 13.45it/s]
Loading safetensors checkpoint shards:  44% Completed | 71/163 [00:06<00:06, 14.48it/s]
Loading safetensors checkpoint shards:  45% Completed | 73/163 [00:06<00:07, 11.96it/s]
Loading safetensors checkpoint shards:  46% Completed | 75/163 [00:06<00:06, 13.08it/s]
Loading safetensors checkpoint shards:  48% Completed | 78/163 [00:06<00:06, 12.70it/s]
Loading safetensors checkpoint shards:  49% Completed | 80/163 [00:06<00:05, 14.04it/s]
Loading safetensors checkpoint shards:  50% Completed | 82/163 [00:07<00:05, 15.03it/s]
Loading safetensors checkpoint shards:  52% Completed | 84/163 [00:07<00:06, 12.22it/s]
Loading safetensors checkpoint shards:  53% Completed | 86/163 [00:07<00:05, 13.61it/s]
Loading safetensors checkpoint shards:  54% Completed | 88/163 [00:07<00:05, 14.97it/s]
Loading safetensors checkpoint shards:  55% Completed | 90/163 [00:07<00:05, 12.54it/s]
Loading safetensors checkpoint shards:  57% Completed | 93/163 [00:07<00:04, 14.96it/s]
Loading safetensors checkpoint shards:  58% Completed | 95/163 [00:08<00:08,  8.06it/s]
Loading safetensors checkpoint shards:  60% Completed | 97/163 [00:08<00:07,  8.27it/s]
Loading safetensors checkpoint shards:  61% Completed | 99/163 [00:08<00:06,  9.55it/s]
Loading safetensors checkpoint shards:  62% Completed | 101/163 [00:08<00:06,  9.69it/s]
Loading safetensors checkpoint shards:  64% Completed | 104/163 [00:09<00:04, 12.31it/s]
Loading safetensors checkpoint shards:  65% Completed | 106/163 [00:09<00:04, 13.51it/s]
Loading safetensors checkpoint shards:  66% Completed | 108/163 [00:09<00:04, 11.31it/s]
Loading safetensors checkpoint shards:  67% Completed | 110/163 [00:09<00:04, 12.65it/s]
Loading safetensors checkpoint shards:  69% Completed | 113/163 [00:09<00:04, 12.22it/s]
Loading safetensors checkpoint shards:  71% Completed | 116/163 [00:09<00:03, 14.17it/s]
Loading safetensors checkpoint shards:  73% Completed | 119/163 [00:10<00:02, 15.88it/s]
Loading safetensors checkpoint shards:  74% Completed | 121/163 [00:10<00:03, 13.61it/s]
Loading safetensors checkpoint shards:  75% Completed | 123/163 [00:10<00:02, 14.82it/s]
Loading safetensors checkpoint shards:  77% Completed | 126/163 [00:10<00:02, 13.86it/s]
Loading safetensors checkpoint shards:  79% Completed | 128/163 [00:10<00:02, 15.02it/s]
Loading safetensors checkpoint shards:  80% Completed | 131/163 [00:10<00:01, 16.26it/s]
Loading safetensors checkpoint shards:  82% Completed | 133/163 [00:11<00:02, 13.92it/s]
Loading safetensors checkpoint shards:  83% Completed | 135/163 [00:11<00:01, 15.04it/s]
Loading safetensors checkpoint shards:  84% Completed | 137/163 [00:11<00:01, 16.00it/s]
Loading safetensors checkpoint shards:  85% Completed | 139/163 [00:11<00:01, 13.16it/s]
Loading safetensors checkpoint shards:  87% Completed | 141/163 [00:12<00:03,  7.05it/s]
Loading safetensors checkpoint shards:  88% Completed | 143/163 [00:12<00:02,  8.63it/s]
Loading safetensors checkpoint shards:  89% Completed | 145/163 [00:12<00:02,  8.95it/s]
Loading safetensors checkpoint shards:  90% Completed | 147/163 [00:12<00:01, 10.38it/s]
Loading safetensors checkpoint shards:  91% Completed | 149/163 [00:12<00:01, 11.96it/s]
Loading safetensors checkpoint shards:  93% Completed | 151/163 [00:12<00:01, 10.82it/s]
Loading safetensors checkpoint shards:  94% Completed | 153/163 [00:13<00:00, 12.25it/s]
Loading safetensors checkpoint shards:  95% Completed | 155/163 [00:13<00:00, 10.85it/s]
Loading safetensors checkpoint shards:  96% Completed | 157/163 [00:13<00:00, 12.27it/s]
Loading safetensors checkpoint shards:  98% Completed | 159/163 [00:13<00:00, 13.49it/s]
Loading safetensors checkpoint shards:  99% Completed | 161/163 [00:13<00:00, 11.52it/s]
Loading safetensors checkpoint shards: 100% Completed | 163/163 [00:13<00:00, 12.99it/s]
Loading safetensors checkpoint shards: 100% Completed | 163/163 [00:13<00:00, 11.78it/s]

[2025-12-10 16:20:01 TP2] Load weight end. type=DeepseekV3ForCausalLM, dtype=torch.bfloat16, avail mem=32.20 GB, mem usage=158.02 GB.
[2025-12-10 16:20:01 TP3] Load weight end. type=DeepseekV3ForCausalLM, dtype=torch.bfloat16, avail mem=32.25 GB, mem usage=158.02 GB.
[2025-12-10 16:20:01 TP0] Load weight end. type=DeepseekV3ForCausalLM, dtype=torch.bfloat16, avail mem=32.20 GB, mem usage=158.02 GB.
[2025-12-10 16:20:02 TP1] Load weight end. type=DeepseekV3ForCausalLM, dtype=torch.bfloat16, avail mem=32.19 GB, mem usage=158.02 GB.
[2025-12-10 16:20:02 TP0] Using KV cache dtype: torch.bfloat16
[2025-12-10 16:20:02 TP3] KV Cache is allocated. #tokens: 142943, KV size: 9.36 GB
[2025-12-10 16:20:02 TP1] KV Cache is allocated. #tokens: 142943, KV size: 9.36 GB
[2025-12-10 16:20:02 TP3] Memory pool end. avail mem=21.58 GB
[2025-12-10 16:20:02 TP1] Memory pool end. avail mem=21.52 GB
[2025-12-10 16:20:02 TP0] KV Cache is allocated. #tokens: 142943, KV size: 9.36 GB
[2025-12-10 16:20:02 TP0] Memory pool end. avail mem=21.54 GB
[2025-12-10 16:20:02 TP2] KV Cache is allocated. #tokens: 142943, KV size: 9.36 GB
[2025-12-10 16:20:02 TP2] Memory pool end. avail mem=21.54 GB
[2025-12-10 16:20:07 TP0] max_total_num_tokens=142943, chunked_prefill_size=16384, max_prefill_tokens=16384, max_running_requests=2048, context_len=163840, available_gpu_mem=21.22 GB
WARNING: Logging before InitGoogleLogging() is written to STDERR
WARNING: Logging before InitGoogleLogging() is written to STDERR
I1210 16:20:07.546314   161 transfer_engine.cpp:486] Metrics reporting is disabled (set MC_TE_METRIC=1 to enable)
I1210 16:20:07.546308   160 transfer_engine.cpp:486] Metrics reporting is disabled (set MC_TE_METRIC=1 to enable)
I1210 16:20:07.546329   161 transfer_engine.cpp:91] Transfer Engine parseHostNameWithPort. server_name: 10.194.129.138 port: 12001
I1210 16:20:07.546329   160 transfer_engine.cpp:91] Transfer Engine parseHostNameWithPort. server_name: 10.194.129.138 port: 12001
I1210 16:20:07.546352   161 transfer_engine.cpp:146] Transfer Engine RPC using P2P handshake, listening on 10.194.129.138:15283
I1210 16:20:07.546351   160 transfer_engine.cpp:146] Transfer Engine RPC using P2P handshake, listening on 10.194.129.138:15065
I1210 16:20:07.546401   160 transfer_engine.cpp:185] Auto-discovering topology...
I1210 16:20:07.546403   161 transfer_engine.cpp:185] Auto-discovering topology...
WARNING: Logging before InitGoogleLogging() is written to STDERR
I1210 16:20:07.546397   158 transfer_engine.cpp:486] Metrics reporting is disabled (set MC_TE_METRIC=1 to enable)
I1210 16:20:07.546413   158 transfer_engine.cpp:91] Transfer Engine parseHostNameWithPort. server_name: 10.194.129.138 port: 12001
W1210 16:20:07.546437   160 topology.cpp:55] No RDMA devices found, check your device installation
W1210 16:20:07.546437   161 topology.cpp:55] No RDMA devices found, check your device installation
I1210 16:20:07.546437   158 transfer_engine.cpp:146] Transfer Engine RPC using P2P handshake, listening on 10.194.129.138:15599
I1210 16:20:07.546478   160 transfer_engine.cpp:200] Topology discovery complete. Found 0 HCAs.
I1210 16:20:07.546478   161 transfer_engine.cpp:200] Topology discovery complete. Found 0 HCAs.
I1210 16:20:07.546489   158 transfer_engine.cpp:185] Auto-discovering topology...
I1210 16:20:07.546496   160 tcp_transport.cpp:299] TcpTransport: listen on port 15867
I1210 16:20:07.546496   161 tcp_transport.cpp:299] TcpTransport: listen on port 16327
W1210 16:20:07.546519   158 topology.cpp:55] No RDMA devices found, check your device installation
I1210 16:20:07.546556   158 transfer_engine.cpp:200] Topology discovery complete. Found 0 HCAs.
I1210 16:20:07.546573   158 tcp_transport.cpp:299] TcpTransport: listen on port 16182
WARNING: Logging before InitGoogleLogging() is written to STDERR
I1210 16:20:07.557080   159 transfer_engine.cpp:486] Metrics reporting is disabled (set MC_TE_METRIC=1 to enable)
I1210 16:20:07.557094   159 transfer_engine.cpp:91] Transfer Engine parseHostNameWithPort. server_name: 10.194.129.138 port: 12001
I1210 16:20:07.557113   159 transfer_engine.cpp:146] Transfer Engine RPC using P2P handshake, listening on 10.194.129.138:15321
I1210 16:20:07.557156   159 transfer_engine.cpp:185] Auto-discovering topology...
W1210 16:20:07.557183   159 topology.cpp:55] No RDMA devices found, check your device installation
I1210 16:20:07.557212   159 transfer_engine.cpp:200] Topology discovery complete. Found 0 HCAs.
I1210 16:20:07.557225   159 tcp_transport.cpp:299] TcpTransport: listen on port 16544
[2025-12-10 16:20:07] INFO:     Started server process [1]
[2025-12-10 16:20:07] INFO:     Waiting for application startup.
[2025-12-10 16:20:07] INFO:     Application startup complete.
[2025-12-10 16:20:07] INFO:     Uvicorn running on http://10.194.129.138:30026 (Press CTRL+C to quit)
[2025-12-10 16:20:08] Endpoint '/get_model_info' is deprecated and will be removed in a future version. Please use '/model_info' instead.
[2025-12-10 16:20:08] INFO:     10.194.129.138:46688 - "GET /get_model_info HTTP/1.1" 200 OK
[2025-12-10 16:20:08] Start of pd disaggregation warmup ...
[2025-12-10 16:20:09] WARNING:  Invalid HTTP request received.
[2025-12-10 16:20:09] INFO:     10.194.129.138:46696 - "GET /health HTTP/1.1" 503 Service Unavailable
[2025-12-10 16:20:09] WARNING:  Invalid HTTP request received.
[2025-12-10 16:20:14] WARNING:  Invalid HTTP request received.
[2025-12-10 16:20:14] INFO:     10.194.129.138:33648 - "GET /health HTTP/1.1" 503 Service Unavailable
[2025-12-10 16:20:14] WARNING:  Invalid HTTP request received.
[2025-12-10 16:20:19] WARNING:  Invalid HTTP request received.
[2025-12-10 16:20:19] INFO:     10.194.129.138:33674 - "GET /health HTTP/1.1" 503 Service Unavailable
[2025-12-10 16:20:19] WARNING:  Invalid HTTP request received.
[aiter] import [module_rmsnorm] under /sgl-workspace/aiter/aiter/jit/module_rmsnorm.so
[2025-12-10 16:20:20 TP3] import [module_rmsnorm] under /sgl-workspace/aiter/aiter/jit/module_rmsnorm.so
[aiter] import [module_quant] under /sgl-workspace/aiter/aiter/jit/module_quant.so
[2025-12-10 16:20:20 TP3] import [module_quant] under /sgl-workspace/aiter/aiter/jit/module_quant.so
[aiter] import [module_rmsnorm] under /sgl-workspace/aiter/aiter/jit/module_rmsnorm.so
[2025-12-10 16:20:21 TP2] import [module_rmsnorm] under /sgl-workspace/aiter/aiter/jit/module_rmsnorm.so
[aiter] import [module_quant] under /sgl-workspace/aiter/aiter/jit/module_quant.so
[2025-12-10 16:20:21 TP2] import [module_quant] under /sgl-workspace/aiter/aiter/jit/module_quant.so
[aiter] import [module_rmsnorm] under /sgl-workspace/aiter/aiter/jit/module_rmsnorm.so
[2025-12-10 16:20:22 TP1] import [module_rmsnorm] under /sgl-workspace/aiter/aiter/jit/module_rmsnorm.so
[aiter] import [module_quant] under /sgl-workspace/aiter/aiter/jit/module_quant.so
[2025-12-10 16:20:22 TP1] import [module_quant] under /sgl-workspace/aiter/aiter/jit/module_quant.so
[aiter] import [module_rmsnorm] under /sgl-workspace/aiter/aiter/jit/module_rmsnorm.so
[2025-12-10 16:20:23 TP0] import [module_rmsnorm] under /sgl-workspace/aiter/aiter/jit/module_rmsnorm.so
[aiter] import [module_quant] under /sgl-workspace/aiter/aiter/jit/module_quant.so
[2025-12-10 16:20:23 TP0] import [module_quant] under /sgl-workspace/aiter/aiter/jit/module_quant.so
[2025-12-10 16:20:24] WARNING:  Invalid HTTP request received.
[2025-12-10 16:20:24] INFO:     10.194.129.138:44660 - "GET /health HTTP/1.1" 503 Service Unavailable
[2025-12-10 16:20:24] WARNING:  Invalid HTTP request received.
[aiter] import [module_rope_pos_fwd] under /sgl-workspace/aiter/aiter/jit/module_rope_pos_fwd.so
[2025-12-10 16:20:24 TP3] import [module_rope_pos_fwd] under /sgl-workspace/aiter/aiter/jit/module_rope_pos_fwd.so
[aiter] import [module_rope_pos_fwd] under /sgl-workspace/aiter/aiter/jit/module_rope_pos_fwd.so
[2025-12-10 16:20:25 TP2] import [module_rope_pos_fwd] under /sgl-workspace/aiter/aiter/jit/module_rope_pos_fwd.so
[aiter] import [module_rope_pos_fwd] under /sgl-workspace/aiter/aiter/jit/module_rope_pos_fwd.so
[2025-12-10 16:20:26 TP1] import [module_rope_pos_fwd] under /sgl-workspace/aiter/aiter/jit/module_rope_pos_fwd.so
[aiter] import [module_moe_asm] under /sgl-workspace/aiter/aiter/jit/module_moe_asm.so
[2025-12-10 16:20:26 TP3] import [module_moe_asm] under /sgl-workspace/aiter/aiter/jit/module_moe_asm.so
[aiter] merge tuned file under model_configs/ and configs/ /sgl-workspace/aiter/aiter/configs/tuned_fmoe.csv:/sgl-workspace/aiter/aiter/configs/model_configs/a8w8_blockscale_tuned_fmoe_qwen3_235b.csv
[2025-12-10 16:20:26 TP3] merge tuned file under model_configs/ and configs/ /sgl-workspace/aiter/aiter/configs/tuned_fmoe.csv:/sgl-workspace/aiter/aiter/configs/model_configs/a8w8_blockscale_tuned_fmoe_qwen3_235b.csv
[aiter] [fused_moe] using 1stage default for (304, 16, 7168, 512, 257, 9, 'ActivationType.Silu', 'torch.bfloat16', 'torch.float8_e4m3fnuz', 'torch.float8_e4m3fnuz', 'QuantType.per_1x128', True, False) 
[2025-12-10 16:20:26 TP3] [fused_moe] using 1stage default for (304, 16, 7168, 512, 257, 9, 'ActivationType.Silu', 'torch.bfloat16', 'torch.float8_e4m3fnuz', 'torch.float8_e4m3fnuz', 'QuantType.per_1x128', True, False) 
[aiter] import [module_moe_sorting] under /sgl-workspace/aiter/aiter/jit/module_moe_sorting.so
[2025-12-10 16:20:26 TP3] import [module_moe_sorting] under /sgl-workspace/aiter/aiter/jit/module_moe_sorting.so
[aiter] type hints mismatch, override to --> fmoe_fp8_blockscale_g1u1(out: torch.Tensor, input: torch.Tensor, gate: torch.Tensor, down: torch.Tensor, sorted_token_ids: torch.Tensor, sorted_weights: torch.Tensor, sorted_expert_ids: torch.Tensor, num_valid_ids: torch.Tensor, topk: int, input_scale: torch.Tensor, fc1_scale: torch.Tensor, fc2_scale: torch.Tensor, kernel_name: str, fc_scale_blkn: int = 128, fc_scale_blkk: int = 128, fc2_smooth_scale: Optional[torch.Tensor] = None, activation: ActivationType = ActivationType.Silu) -> None
[2025-12-10 16:20:26 TP3] type hints mismatch, override to --> fmoe_fp8_blockscale_g1u1(out: torch.Tensor, input: torch.Tensor, gate: torch.Tensor, down: torch.Tensor, sorted_token_ids: torch.Tensor, sorted_weights: torch.Tensor, sorted_expert_ids: torch.Tensor, num_valid_ids: torch.Tensor, topk: int, input_scale: torch.Tensor, fc1_scale: torch.Tensor, fc2_scale: torch.Tensor, kernel_name: str, fc_scale_blkn: int = 128, fc_scale_blkk: int = 128, fc2_smooth_scale: Optional[torch.Tensor] = None, activation: ActivationType = ActivationType.Silu) -> None
[aiter] hipModuleLoad: /sgl-workspace/aiter/hsa/gfx942/fmoe/silu/fmoe_bf16_blockscaleFp8_g1u1_vs_silu_1tg_ps_32x256.co GetFunction: _ZN5aiter50fmoe_bf16_blockscaleFp8_g1u1_vs_silu_1tg_ps_32x256E Success
[aiter] import [module_moe_asm] under /sgl-workspace/aiter/aiter/jit/module_moe_asm.so
[2025-12-10 16:20:27 TP2] import [module_moe_asm] under /sgl-workspace/aiter/aiter/jit/module_moe_asm.so
[aiter] import [module_rope_pos_fwd] under /sgl-workspace/aiter/aiter/jit/module_rope_pos_fwd.so
[2025-12-10 16:20:27 TP0] import [module_rope_pos_fwd] under /sgl-workspace/aiter/aiter/jit/module_rope_pos_fwd.so
[aiter] merge tuned file under model_configs/ and configs/ /sgl-workspace/aiter/aiter/configs/tuned_fmoe.csv:/sgl-workspace/aiter/aiter/configs/model_configs/a8w8_blockscale_tuned_fmoe_qwen3_235b.csv
[2025-12-10 16:20:27 TP2] merge tuned file under model_configs/ and configs/ /sgl-workspace/aiter/aiter/configs/tuned_fmoe.csv:/sgl-workspace/aiter/aiter/configs/model_configs/a8w8_blockscale_tuned_fmoe_qwen3_235b.csv
[aiter] [fused_moe] using 1stage default for (304, 16, 7168, 512, 257, 9, 'ActivationType.Silu', 'torch.bfloat16', 'torch.float8_e4m3fnuz', 'torch.float8_e4m3fnuz', 'QuantType.per_1x128', True, False) 
[2025-12-10 16:20:27 TP2] [fused_moe] using 1stage default for (304, 16, 7168, 512, 257, 9, 'ActivationType.Silu', 'torch.bfloat16', 'torch.float8_e4m3fnuz', 'torch.float8_e4m3fnuz', 'QuantType.per_1x128', True, False) 
[aiter] import [module_moe_sorting] under /sgl-workspace/aiter/aiter/jit/module_moe_sorting.so
[2025-12-10 16:20:27 TP2] import [module_moe_sorting] under /sgl-workspace/aiter/aiter/jit/module_moe_sorting.so
[aiter] type hints mismatch, override to --> fmoe_fp8_blockscale_g1u1(out: torch.Tensor, input: torch.Tensor, gate: torch.Tensor, down: torch.Tensor, sorted_token_ids: torch.Tensor, sorted_weights: torch.Tensor, sorted_expert_ids: torch.Tensor, num_valid_ids: torch.Tensor, topk: int, input_scale: torch.Tensor, fc1_scale: torch.Tensor, fc2_scale: torch.Tensor, kernel_name: str, fc_scale_blkn: int = 128, fc_scale_blkk: int = 128, fc2_smooth_scale: Optional[torch.Tensor] = None, activation: ActivationType = ActivationType.Silu) -> None
[2025-12-10 16:20:27 TP2] type hints mismatch, override to --> fmoe_fp8_blockscale_g1u1(out: torch.Tensor, input: torch.Tensor, gate: torch.Tensor, down: torch.Tensor, sorted_token_ids: torch.Tensor, sorted_weights: torch.Tensor, sorted_expert_ids: torch.Tensor, num_valid_ids: torch.Tensor, topk: int, input_scale: torch.Tensor, fc1_scale: torch.Tensor, fc2_scale: torch.Tensor, kernel_name: str, fc_scale_blkn: int = 128, fc_scale_blkk: int = 128, fc2_smooth_scale: Optional[torch.Tensor] = None, activation: ActivationType = ActivationType.Silu) -> None
[aiter] hipModuleLoad: /sgl-workspace/aiter/hsa/gfx942/fmoe/silu/fmoe_bf16_blockscaleFp8_g1u1_vs_silu_1tg_ps_32x256.co GetFunction: _ZN5aiter50fmoe_bf16_blockscaleFp8_g1u1_vs_silu_1tg_ps_32x256E Success
[aiter] import [module_moe_asm] under /sgl-workspace/aiter/aiter/jit/module_moe_asm.so
[2025-12-10 16:20:28 TP1] import [module_moe_asm] under /sgl-workspace/aiter/aiter/jit/module_moe_asm.so
[aiter] merge tuned file under model_configs/ and configs/ /sgl-workspace/aiter/aiter/configs/tuned_fmoe.csv:/sgl-workspace/aiter/aiter/configs/model_configs/a8w8_blockscale_tuned_fmoe_qwen3_235b.csv
[2025-12-10 16:20:28 TP1] merge tuned file under model_configs/ and configs/ /sgl-workspace/aiter/aiter/configs/tuned_fmoe.csv:/sgl-workspace/aiter/aiter/configs/model_configs/a8w8_blockscale_tuned_fmoe_qwen3_235b.csv
[aiter] [fused_moe] using 1stage default for (304, 16, 7168, 512, 257, 9, 'ActivationType.Silu', 'torch.bfloat16', 'torch.float8_e4m3fnuz', 'torch.float8_e4m3fnuz', 'QuantType.per_1x128', True, False) 
[2025-12-10 16:20:28 TP1] [fused_moe] using 1stage default for (304, 16, 7168, 512, 257, 9, 'ActivationType.Silu', 'torch.bfloat16', 'torch.float8_e4m3fnuz', 'torch.float8_e4m3fnuz', 'QuantType.per_1x128', True, False) 
[aiter] import [module_moe_sorting] under /sgl-workspace/aiter/aiter/jit/module_moe_sorting.so
[2025-12-10 16:20:28 TP1] import [module_moe_sorting] under /sgl-workspace/aiter/aiter/jit/module_moe_sorting.so
[aiter] type hints mismatch, override to --> fmoe_fp8_blockscale_g1u1(out: torch.Tensor, input: torch.Tensor, gate: torch.Tensor, down: torch.Tensor, sorted_token_ids: torch.Tensor, sorted_weights: torch.Tensor, sorted_expert_ids: torch.Tensor, num_valid_ids: torch.Tensor, topk: int, input_scale: torch.Tensor, fc1_scale: torch.Tensor, fc2_scale: torch.Tensor, kernel_name: str, fc_scale_blkn: int = 128, fc_scale_blkk: int = 128, fc2_smooth_scale: Optional[torch.Tensor] = None, activation: ActivationType = ActivationType.Silu) -> None
[2025-12-10 16:20:28 TP1] type hints mismatch, override to --> fmoe_fp8_blockscale_g1u1(out: torch.Tensor, input: torch.Tensor, gate: torch.Tensor, down: torch.Tensor, sorted_token_ids: torch.Tensor, sorted_weights: torch.Tensor, sorted_expert_ids: torch.Tensor, num_valid_ids: torch.Tensor, topk: int, input_scale: torch.Tensor, fc1_scale: torch.Tensor, fc2_scale: torch.Tensor, kernel_name: str, fc_scale_blkn: int = 128, fc_scale_blkk: int = 128, fc2_smooth_scale: Optional[torch.Tensor] = None, activation: ActivationType = ActivationType.Silu) -> None
[aiter] hipModuleLoad: /sgl-workspace/aiter/hsa/gfx942/fmoe/silu/fmoe_bf16_blockscaleFp8_g1u1_vs_silu_1tg_ps_32x256.co GetFunction: _ZN5aiter50fmoe_bf16_blockscaleFp8_g1u1_vs_silu_1tg_ps_32x256E Success
[2025-12-10 16:20:29] WARNING:  Invalid HTTP request received.
[2025-12-10 16:20:29] INFO:     10.194.129.138:44680 - "GET /health HTTP/1.1" 503 Service Unavailable
[2025-12-10 16:20:29] WARNING:  Invalid HTTP request received.
[aiter] import [module_moe_asm] under /sgl-workspace/aiter/aiter/jit/module_moe_asm.so
[2025-12-10 16:20:29 TP0] import [module_moe_asm] under /sgl-workspace/aiter/aiter/jit/module_moe_asm.so
[aiter] merge tuned file under model_configs/ and configs/ /sgl-workspace/aiter/aiter/configs/tuned_fmoe.csv:/sgl-workspace/aiter/aiter/configs/model_configs/a8w8_blockscale_tuned_fmoe_qwen3_235b.csv
[2025-12-10 16:20:29 TP0] merge tuned file under model_configs/ and configs/ /sgl-workspace/aiter/aiter/configs/tuned_fmoe.csv:/sgl-workspace/aiter/aiter/configs/model_configs/a8w8_blockscale_tuned_fmoe_qwen3_235b.csv
[aiter] [fused_moe] using 1stage default for (304, 16, 7168, 512, 257, 9, 'ActivationType.Silu', 'torch.bfloat16', 'torch.float8_e4m3fnuz', 'torch.float8_e4m3fnuz', 'QuantType.per_1x128', True, False) 
[2025-12-10 16:20:29 TP0] [fused_moe] using 1stage default for (304, 16, 7168, 512, 257, 9, 'ActivationType.Silu', 'torch.bfloat16', 'torch.float8_e4m3fnuz', 'torch.float8_e4m3fnuz', 'QuantType.per_1x128', True, False) 
[aiter] import [module_moe_sorting] under /sgl-workspace/aiter/aiter/jit/module_moe_sorting.so
[2025-12-10 16:20:29 TP0] import [module_moe_sorting] under /sgl-workspace/aiter/aiter/jit/module_moe_sorting.so
[aiter] type hints mismatch, override to --> fmoe_fp8_blockscale_g1u1(out: torch.Tensor, input: torch.Tensor, gate: torch.Tensor, down: torch.Tensor, sorted_token_ids: torch.Tensor, sorted_weights: torch.Tensor, sorted_expert_ids: torch.Tensor, num_valid_ids: torch.Tensor, topk: int, input_scale: torch.Tensor, fc1_scale: torch.Tensor, fc2_scale: torch.Tensor, kernel_name: str, fc_scale_blkn: int = 128, fc_scale_blkk: int = 128, fc2_smooth_scale: Optional[torch.Tensor] = None, activation: ActivationType = ActivationType.Silu) -> None
[2025-12-10 16:20:29 TP0] type hints mismatch, override to --> fmoe_fp8_blockscale_g1u1(out: torch.Tensor, input: torch.Tensor, gate: torch.Tensor, down: torch.Tensor, sorted_token_ids: torch.Tensor, sorted_weights: torch.Tensor, sorted_expert_ids: torch.Tensor, num_valid_ids: torch.Tensor, topk: int, input_scale: torch.Tensor, fc1_scale: torch.Tensor, fc2_scale: torch.Tensor, kernel_name: str, fc_scale_blkn: int = 128, fc_scale_blkk: int = 128, fc2_smooth_scale: Optional[torch.Tensor] = None, activation: ActivationType = ActivationType.Silu) -> None
[aiter] hipModuleLoad: /sgl-workspace/aiter/hsa/gfx942/fmoe/silu/fmoe_bf16_blockscaleFp8_g1u1_vs_silu_1tg_ps_32x256.co GetFunction: _ZN5aiter50fmoe_bf16_blockscaleFp8_g1u1_vs_silu_1tg_ps_32x256E Success
[2025-12-10 16:20:31] INFO:     10.194.129.138:46692 - "POST /generate HTTP/1.1" 200 OK
[2025-12-10 16:20:31] End of prefill disaggregation mode warmup with status 200, resp: [{'text': '# 2019', 'output_ids': [0, 5, 223, 643, 27, 695, 18752, 8570], 'meta_info': {'id': 'bd656a223ef14f0696cd55f4e38de3f0', 'finish_reason': {'type': 'length', 'length': 8}, 'prompt_tokens': 4, 'weight_version': 'default', 'total_retractions': 0, 'completion_tokens': 8, 'cached_tokens': 0, 'e2e_latency': 22.76547336578369, 'response_sent_to_client_ts': 1765383631.364098}}]
[2025-12-10 16:20:31] The server is fired up and ready to roll!
[2025-12-10 16:20:34] WARNING:  Invalid HTTP request received.
[2025-12-10 16:20:34] WARNING:  Invalid HTTP request received.
[2025-12-10 16:20:35] INFO:     10.194.129.138:60348 - "GET /health HTTP/1.1" 200 OK
[2025-12-10 16:20:35] INFO:     10.194.129.138:60356 - "GET /server_info HTTP/1.1" 200 OK
[2025-12-10 16:20:35] INFO:     10.194.129.138:60356 - "GET /model_info HTTP/1.1" 200 OK
[2025-12-10 16:20:40] INFO:     10.194.129.138:60360 - "GET /health HTTP/1.1" 200 OK
[2025-12-10 16:21:29] INFO:     10.194.129.138:41562 - "GET /health HTTP/1.1" 200 OK
[2025-12-10 16:21:32] WARNING:  Invalid HTTP request received.
[2025-12-10 16:21:32] WARNING:  Invalid HTTP request received.
[2025-12-10 16:21:33] INFO:     10.194.129.138:39346 - "GET /health HTTP/1.1" 200 OK
[2025-12-10 16:21:33] INFO:     10.194.129.138:39390 - "GET /server_info HTTP/1.1" 200 OK
[2025-12-10 16:21:33] INFO:     10.194.129.138:39390 - "GET /model_info HTTP/1.1" 200 OK
[2025-12-10 16:21:48] INFO:     10.194.129.138:44780 - "POST /v1/completions HTTP/1.1" 200 OK
[2025-12-10 16:21:52 TP0] Decode batch, #running-req: 1, #token: 31, token usage: 0.00, pre-allocated usage: 0.00, #prealloc-req: 0, #transfer-req: 0, #retracted-req: 0, cuda graph: False, gen throughput (token/s): 0.38, #queue-req: 0, 
[2025-12-10 16:21:55] INFO:     10.194.129.138:44780 - "POST /v1/completions HTTP/1.1" 200 OK
[2025-12-10 16:21:57 TP0] Decode batch, #running-req: 1, #token: 28, token usage: 0.00, pre-allocated usage: 0.00, #prealloc-req: 0, #transfer-req: 0, #retracted-req: 0, cuda graph: False, gen throughput (token/s): 7.66, #queue-req: 0, 
[2025-12-10 16:22:02 TP0] Decode batch, #running-req: 1, #token: 68, token usage: 0.00, pre-allocated usage: 0.00, #prealloc-req: 0, #transfer-req: 0, #retracted-req: 0, cuda graph: False, gen throughput (token/s): 7.92, #queue-req: 0, 
[2025-12-10 16:22:07 TP0] Decode batch, #running-req: 1, #token: 108, token usage: 0.00, pre-allocated usage: 0.00, #prealloc-req: 0, #transfer-req: 0, #retracted-req: 0, cuda graph: False, gen throughput (token/s): 7.94, #queue-req: 0, 
[2025-12-10 16:22:08] INFO:     10.194.129.138:44780 - "POST /v1/completions HTTP/1.1" 200 OK
Memory access fault by GPU node-6 (Agent handle: 0x55c943d28340) on address 0x7ee6c31f9000. Reason: Unknown.
Failed to enable debug interface, debugger might be already attached.
GPU core dump failed
Fatal Python error: Aborted

Thread 0x00007ee67bfff640 (most recent call first):
  File "/usr/lib/python3.10/threading.py", line 324 in wait
  File "/usr/lib/python3.10/threading.py", line 607 in wait
  File "/opt/venv/lib/python3.10/site-packages/tqdm/_monitor.py", line 60 in run
  File "/usr/lib/python3.10/threading.py", line 1016 in _bootstrap_inner
  File "/usr/lib/python3.10/threading.py", line 973 in _bootstrap

Thread 0x00007ee687fff640 (most recent call first):
  File "/sgl-workspace/sglang/python/sglang/srt/disaggregation/mooncake/conn.py", line 918 in heartbeat_checker
  File "/usr/lib/python3.10/threading.py", line 953 in run
  File "/usr/lib/python3.10/threading.py", line 1016 in _bootstrap_inner
  File "/usr/lib/python3.10/threading.py", line 973 in _bootstrap

Thread 0x00007ee6b7fff640 (most recent call first):
  File "/opt/venv/lib/python3.10/site-packages/zmq/sugar/socket.py", line 799 in recv_multipart
  File "/sgl-workspace/sglang/python/sglang/srt/disaggregation/mooncake/conn.py", line 888 in decode_thread
  File "/usr/lib/python3.10/threading.py", line 953 in run
  File "/usr/lib/python3.10/threading.py", line 1016 in _bootstrap_inner
  File "/usr/lib/python3.10/threading.py", line 973 in _bootstrap

Thread 0x00007ee723fff640 (most recent call first):
  File "/sgl-workspace/sglang/python/sglang/srt/managers/scheduler_runtime_checker_mixin.py", line 319 in watchdog_thread
  File "/usr/lib/python3.10/threading.py", line 953 in run
  File "/usr/lib/python3.10/threading.py", line 1016 in _bootstrap_inner
  File "/usr/lib/python3.10/threading.py", line 973 in _bootstrap

Thread 0x00007ee73b5ff640 (most recent call first):
  File "/usr/lib/python3.10/threading.py", line 324 in wait
  File "/usr/lib/python3.10/threading.py", line 607 in wait
  File "/opt/venv/lib/python3.10/site-packages/tqdm/_monitor.py", line 60 in run
  File "/usr/lib/python3.10/threading.py", line 1016 in _bootstrap_inner
  File "/usr/lib/python3.10/threading.py", line 973 in _bootstrap

Thread 0x00007f54bdf55480 (most recent call first):
  File "/opt/venv/lib/python3.10/site-packages/triton/backends/amd/compiler.py", line 181 in get_arg_specialization
  File "/opt/venv/lib/python3.10/site-packages/triton/runtime/jit.py", line 349 in specialize_impl
  File "<string>", line 4 in dynamic_func
  File "/opt/venv/lib/python3.10/site-packages/triton/runtime/jit.py", line Fatal Python error: 588Segmentation fault in 

run
  File "/opt/venv/lib/python3.10/site-packages/triton/runtime/jit.py", line 393 in <lambda>
  File "/sgl-workspace/sglang/python/sglang/srt/layers/attention/triton_ops/decode_attention.py", line 478 in _decode_grouped_att_m_fwd
  File "/sgl-workspace/sglang/python/sglang/srt/layers/attention/triton_ops/decode_attention.py", line 692 in decode_attention_fwd_grouped
  File "/sgl-workspace/sglang/python/sglang/srt/layers/attention/triton_ops/decode_attention.py", line 761 in decode_attention_fwd
  File "/opt/venv/lib/python3.10/site-packages/torch/_dynamo/eval_frame.py", line 1005 in _fn
  File "/sgl-workspace/sglang/python/sglang/srt/layers/attention/triton_backend.py", line 1016 in forward_decode
  File "/sgl-workspace/sglang/python/sglang/srt/layers/attention/base_attn_backend.py", line 93 in forward
  File "/sgl-workspace/sglang/python/sglang/srt/layers/radix_attention.py", line 123 in forward
  File "/opt/venv/lib/python3.10/site-packages/torch/nn/modules/module.py", line 1786 in _call_impl
  File "/opt/venv/lib/python3.10/site-packages/torch/nn/modules/module.py", line 1775 in _wrapped_call_impl
  File "/sgl-workspace/sglang/python/sglang/srt/models/deepseek_v2.py", line 2066 in forward_absorb_core
  File "/sgl-workspace/sglang/python/sglang/srt/models/deepseek_v2.py", line 1633 in forward_core
  File "/sgl-workspace/sglang/python/sglang/srt/models/deepseek_v2.py", line 1545 in forward
  File "/opt/venv/lib/python3.10/site-packages/torch/nn/modules/module.py", line 1786 in _call_impl
  File "/opt/venv/lib/python3.10/site-packages/torch/nn/modules/module.py", line 1775 in _wrapped_call_impl
  File "/sgl-workspace/sglang/python/sglang/srt/models/deepseek_v2.py", line 2854 in forward
  File "/opt/venv/lib/python3.10/site-packages/torch/nn/modules/module.py", line 1786 in _call_impl
  File "/opt/venv/lib/python3.10/site-packages/torch/nn/modules/module.py", line 1775 in _wrapped_call_impl
  File "/sgl-workspace/sglang/python/sglang/srt/models/deepseek_v2.py", line 3157 in forward

Extension modules:   File numpy.core._multiarray_umath"/opt/venv/lib/python3.10/site-packages/torch/nn/modules/module.py", line 1786 in _call_impl
  File "/opt/venv/lib/python3.10/site-packages/torch/nn/modules/module.py", line 1775 in _wrapped_call_impl
  File "/sgl-workspace/sglang/python/sglang/srt/models/deepseek_v2.py", line 3346 in forward
  File , "numpy.core._multiarray_tests/opt/venv/lib/python3.10/site-packages/torch/utils/_contextlib.py", line 120 in decorate_context
  File "/sgl-workspace/sglang/python/sglang/srt/model_executor/model_runner.py, "numpy.linalg._umath_linalg, line 2569 in forward_decode
  File "/sgl-workspace/sglang/python/sglang/srt/model_executor/model_runner.py", line 2701 in _forward_raw
  File "/sgl-workspace/sglang/python/sglang/srt/model_executor/model_runner.py", line 2654 in forward
  File "/sgl-workspace/sglang/python/sglang/srt/managers/tp_worker.py, "numpy.fft._pocketfft_internal, line 392 in forward_batch_generation
  File "/sgl-workspace/sglang/python/sglang/srt/managers/scheduler.py", , line numpy.random._common2015 in run_batch
  File "/sgl-workspace/sglang/python/sglang/srt/disaggregation/decode.py", line 825 in event_loop_overlap_disagg_decode
  File "/opt/venv/lib/python3.10/site-packages/torch/utils/_contextlib.py", line 120 in , decorate_contextnumpy.random.bit_generator
  File "/sgl-workspace/sglang/python/sglang/srt/managers/scheduler.py, numpy.random._bounded_integers", line 2718 in run_scheduler_process, 
  File numpy.random._mt19937"/usr/lib/python3.10/multiprocessing/process.py", , line numpy.random.mtrand108 in run
  File ", /usr/lib/python3.10/multiprocessing/process.pynumpy.random._philox", line 314 in _bootstrap
,   File numpy.random._pcg64"/usr/lib/python3.10/multiprocessing/spawn.py", line 129 in , _mainnumpy.random._sfc64
  File "/usr/lib/python3.10/multiprocessing/spawn.py", line 116 in , spawn_mainnumpy.random._generator
  File "<string>", line 1 in <module>
, torch._C, torch._C._dynamo.autograd_compiler, torch._C._dynamo.eval_frame, torch._C._dynamo.guards, torch._C._dynamo.utils, torch._C._fft, torch._C._linalg, torch._C._nested, torch._C._nn, torch._C._sparse, torch._C._special
Extension modules: numpy.core._multiarray_umath, numpy.core._multiarray_tests, numpy.linalg._umath_linalg, numpy.fft._pocketfft_internal, numpy.random._common, numpy.random.bit_generator, numpy.random._bounded_integers, numpy.random._mt19937, numpy.random.mtrand, numpy.random._philox, numpy.random._pcg64, numpy.random._sfc64, numpy.random._generator, torch._C, torch._C._dynamo.autograd_compiler, torch._C._dynamo.eval_frame, torch._C._dynamo.guards, torch._C._dynamo.utils, torch._C._fft, torch._C._linalg, torch._C._nested, torch._C._nn, torch._C._sparse, torch._C._special, , psutil._psutil_linuxpsutil._psutil_linux, psutil._psutil_posix, psutil._psutil_posix, , pybase64._pybase64pybase64._pybase64, , charset_normalizer.mdcharset_normalizer.md, , requests.packages.charset_normalizer.mdrequests.packages.charset_normalizer.md, , requests.packages.chardet.mdrequests.packages.chardet.md, , zmq.backend.cython._zmqzmq.backend.cython._zmq, , PIL._imagingPIL._imaging, , cython.cimports.libc.mathcython.cimports.libc.math, , sentencepiece._sentencepiecesentencepiece._sentencepiece, , regex._regexregex._regex, , yaml._yamlyaml._yaml, , markupsafe._speedupsmarkupsafe._speedups, , PIL._imagingftPIL._imagingft, , _cffi_backend_cffi_backend, , scipy._lib._ccallback_cscipy._lib._ccallback_c, , scipy.linalg._fblasscipy.linalg._fblas, , scipy.linalg._flapackscipy.linalg._flapack, , scipy.linalg.cython_lapackscipy.linalg.cython_lapack, , scipy.linalg._cythonized_array_utilsscipy.linalg._cythonized_array_utils, , scipy.linalg._solve_toeplitzscipy.linalg._solve_toeplitz, , scipy.linalg._decomp_lu_cythonscipy.linalg._decomp_lu_cython, , scipy.linalg._matfuncs_sqrtm_triuscipy.linalg._matfuncs_sqrtm_triu, scipy.linalg._matfuncs_expm, scipy.linalg._matfuncs_expm, , scipy.linalg._linalg_pythranscipy.linalg._linalg_pythran, , scipy.linalg.cython_blasscipy.linalg.cython_blas, , scipy.linalg._decomp_updatescipy.linalg._decomp_update, , scipy.sparse._sparsetoolsscipy.sparse._sparsetools, , _csparsetools_csparsetools, , scipy.sparse._csparsetoolsscipy.sparse._csparsetools, , scipy.sparse.linalg._dsolve._superluscipy.sparse.linalg._dsolve._superlu, , scipy.sparse.linalg._eigen.arpack._arpackscipy.sparse.linalg._eigen.arpack._arpack, , scipy.sparse.linalg._propack._spropackscipy.sparse.linalg._propack._spropack, , scipy.sparse.linalg._propack._dpropackscipy.sparse.linalg._propack._dpropack, scipy.sparse.linalg._propack._cpropack, scipy.sparse.linalg._propack._cpropack, , scipy.sparse.linalg._propack._zpropackscipy.sparse.linalg._propack._zpropack, , scipy.sparse.csgraph._toolsscipy.sparse.csgraph._tools, , scipy.sparse.csgraph._shortest_pathscipy.sparse.csgraph._shortest_path, , scipy.sparse.csgraph._traversalscipy.sparse.csgraph._traversal, , scipy.sparse.csgraph._min_spanning_treescipy.sparse.csgraph._min_spanning_tree, scipy.sparse.csgraph._flow, scipy.sparse.csgraph._flow, , scipy.sparse.csgraph._matchingscipy.sparse.csgraph._matching, , scipy.sparse.csgraph._reorderingscipy.sparse.csgraph._reordering, , scipy.optimize._group_columnsscipy.optimize._group_columns, , scipy._lib.messagestreamscipy._lib.messagestream, , scipy.optimize._trlib._trlibscipy.optimize._trlib._trlib, , scipy.optimize._lbfgsbscipy.optimize._lbfgsb, , _moduleTNC_moduleTNC, scipy.optimize._moduleTNC, scipy.optimize._moduleTNC, , scipy.optimize._cobylascipy.optimize._cobyla, , scipy.optimize._slsqpscipy.optimize._slsqp, , scipy.optimize._minpackscipy.optimize._minpack, , scipy.optimize._lsq.givens_eliminationscipy.optimize._lsq.givens_elimination, scipy.optimize._zeros, scipy.optimize._zeros, , scipy.optimize._cython_nnlsscipy.optimize._cython_nnls, scipy._lib._uarray._uarray, scipy._lib._uarray._uarray, scipy.special._ufuncs_cxx, scipy.special._ufuncs_cxx, , scipy.special._ufuncsscipy.special._ufuncs, , scipy.special._specfunscipy.special._specfun, , scipy.special._combscipy.special._comb, , scipy.special._ellip_harm_2scipy.special._ellip_harm_2, , scipy.linalg._decomp_interpolativescipy.linalg._decomp_interpolative, , scipy.optimize._bglu_densescipy.optimize._bglu_dense, , scipy.optimize._lsapscipy.optimize._lsap, , scipy.spatial._ckdtreescipy.spatial._ckdtree, , scipy.spatial._qhullscipy.spatial._qhull, , scipy.spatial._voronoiscipy.spatial._voronoi, , scipy.spatial._distance_wrapscipy.spatial._distance_wrap, , scipy.spatial._hausdorffscipy.spatial._hausdorff, , scipy.spatial.transform._rotationscipy.spatial.transform._rotation, , scipy.optimize._directscipy.optimize._direct, , pyzstd._c._zstdpyzstd._c._zstd, , sklearn.__check_build._check_buildsklearn.__check_build._check_build, , scipy.integrate._odepackscipy.integrate._odepack, , scipy.integrate._quadpackscipy.integrate._quadpack, , scipy.integrate._vodescipy.integrate._vode, , scipy.integrate._dopscipy.integrate._dop, scipy.integrate._lsoda, scipy.integrate._lsoda, , scipy.interpolate._fitpackscipy.interpolate._fitpack, , scipy.interpolate._dfitpackscipy.interpolate._dfitpack, , scipy.interpolate._dierckxscipy.interpolate._dierckx, , scipy.interpolate._ppolyscipy.interpolate._ppoly, , scipy.interpolate._interpndscipy.interpolate._interpnd, , scipy.interpolate._rbfinterp_pythranscipy.interpolate._rbfinterp_pythran, , scipy.interpolate._rgi_cythonscipy.interpolate._rgi_cython, , scipy.interpolate._bsplscipy.interpolate._bspl, , scipy.special.cython_specialscipy.special.cython_special, , scipy.stats._statsscipy.stats._stats, , scipy.stats._sobolscipy.stats._sobol, , scipy.stats._qmc_cyscipy.stats._qmc_cy, , scipy.stats._biasedurnscipy.stats._biasedurn, , scipy.stats._stats_pythranscipy.stats._stats_pythran, , scipy.stats._levy_stable.levystscipy.stats._levy_stable.levyst, , scipy.stats._ansari_swilk_statisticsscipy.stats._ansari_swilk_statistics, , scipy.stats._mvnscipy.stats._mvn, , scipy.stats._rcont.rcontscipy.stats._rcont.rcont, , scipy.ndimage._nd_imagescipy.ndimage._nd_image, scipy.ndimage._rank_filter_1d, scipy.ndimage._rank_filter_1d, , _ni_label_ni_label, , scipy.ndimage._ni_labelscipy.ndimage._ni_label, , pyarrow.libpyarrow.lib, , pandas._libs.tslibs.ccalendarpandas._libs.tslibs.ccalendar, , pandas._libs.tslibs.np_datetimepandas._libs.tslibs.np_datetime, , pandas._libs.tslibs.dtypespandas._libs.tslibs.dtypes, , pandas._libs.tslibs.basepandas._libs.tslibs.base, , pandas._libs.tslibs.nattypepandas._libs.tslibs.nattype, pandas._libs.tslibs.timezones, pandas._libs.tslibs.timezones, , pandas._libs.tslibs.fieldspandas._libs.tslibs.fields, , pandas._libs.tslibs.timedeltaspandas._libs.tslibs.timedeltas, , pandas._libs.tslibs.tzconversionpandas._libs.tslibs.tzconversion, , pandas._libs.tslibs.timestampspandas._libs.tslibs.timestamps, , pandas._libs.propertiespandas._libs.properties, , pandas._libs.tslibs.offsetspandas._libs.tslibs.offsets, , pandas._libs.tslibs.strptimepandas._libs.tslibs.strptime, , pandas._libs.tslibs.parsingpandas._libs.tslibs.parsing, , pandas._libs.tslibs.conversionpandas._libs.tslibs.conversion, , pandas._libs.tslibs.periodpandas._libs.tslibs.period, , pandas._libs.tslibs.vectorizedpandas._libs.tslibs.vectorized, , pandas._libs.ops_dispatchpandas._libs.ops_dispatch, , pandas._libs.missingpandas._libs.missing, , pandas._libs.hashtablepandas._libs.hashtable, , pandas._libs.algospandas._libs.algos, , pandas._libs.intervalpandas._libs.interval, , pandas._libs.libpandas._libs.lib, , pyarrow._computepyarrow._compute, , pandas._libs.opspandas._libs.ops, , pandas._libs.hashingpandas._libs.hashing, pandas._libs.arrays, pandas._libs.arrays, , pandas._libs.tslibpandas._libs.tslib, , pandas._libs.sparsepandas._libs.sparse, , pandas._libs.internalspandas._libs.internals, , pandas._libs.indexingpandas._libs.indexing, , pandas._libs.indexpandas._libs.index, , pandas._libs.writerspandas._libs.writers, , pandas._libs.joinpandas._libs.join, , pandas._libs.window.aggregationspandas._libs.window.aggregations, , pandas._libs.window.indexerspandas._libs.window.indexers, , pandas._libs.reshapepandas._libs.reshape, , pandas._libs.groupbypandas._libs.groupby, , pandas._libs.jsonpandas._libs.json, , pandas._libs.parserspandas._libs.parsers, , pandas._libs.testingpandas._libs.testing, , _cyutility_cyutility, sklearn._cyutility, sklearn._cyutility, , sklearn.utils._isfinitesklearn.utils._isfinite, , sklearn.utils.sparsefuncs_fastsklearn.utils.sparsefuncs_fast, , sklearn.utils.murmurhashsklearn.utils.murmurhash, , sklearn.utils._openmp_helperssklearn.utils._openmp_helpers, , sklearn.metrics.cluster._expected_mutual_info_fastsklearn.metrics.cluster._expected_mutual_info_fast, , sklearn.preprocessing._csr_polynomial_expansionsklearn.preprocessing._csr_polynomial_expansion, , sklearn.preprocessing._target_encoder_fastsklearn.preprocessing._target_encoder_fast, , sklearn.metrics._dist_metricssklearn.metrics._dist_metrics, , sklearn.metrics._pairwise_distances_reduction._datasets_pairsklearn.metrics._pairwise_distances_reduction._datasets_pair, , sklearn.utils._cython_blassklearn.utils._cython_blas, , sklearn.metrics._pairwise_distances_reduction._basesklearn.metrics._pairwise_distances_reduction._base, , sklearn.metrics._pairwise_distances_reduction._middle_term_computersklearn.metrics._pairwise_distances_reduction._middle_term_computer, , sklearn.utils._heapsklearn.utils._heap, , sklearn.utils._sortingsklearn.utils._sorting, , sklearn.metrics._pairwise_distances_reduction._argkminsklearn.metrics._pairwise_distances_reduction._argkmin, , sklearn.metrics._pairwise_distances_reduction._argkmin_classmodesklearn.metrics._pairwise_distances_reduction._argkmin_classmode, , sklearn.utils._vector_sentinelsklearn.utils._vector_sentinel, , sklearn.metrics._pairwise_distances_reduction._radius_neighborssklearn.metrics._pairwise_distances_reduction._radius_neighbors, , sklearn.metrics._pairwise_distances_reduction._radius_neighbors_classmodesklearn.metrics._pairwise_distances_reduction._radius_neighbors_classmode, , sklearn.metrics._pairwise_fastsklearn.metrics._pairwise_fast, setproctitle._setproctitle, setproctitle._setproctitle, , Cython.UtilsCython.Utils, , Cython.Plex.ActionsCython.Plex.Actions, , Cython.Plex.TransitionsCython.Plex.Transitions, , Cython.Plex.MachinesCython.Plex.Machines, , Cython.Plex.DFACython.Plex.DFA, , Cython.Plex.ScannersCython.Plex.Scanners, , Cython.Compiler.ScanningCython.Compiler.Scanning, , Cython.StringIOTreeCython.StringIOTree, , Cython.Compiler.CodeCython.Compiler.Code, , hiredis.hiredishiredis.hiredis, , _cbor2_cbor2, , msgspec._coremsgspec._core, , hip_utilship_utils, , multidict._multidictmultidict._multidict, , yarl._quoting_cyarl._quoting_c, , propcache._helpers_cpropcache._helpers_c, , aiohttp._http_writeraiohttp._http_writer, , aiohttp._http_parseraiohttp._http_parser, , aiohttp._websocket.maskaiohttp._websocket.mask, , aiohttp._websocket.reader_caiohttp._websocket.reader_c, , frozenlist._frozenlistfrozenlist._frozenlist, , __triton_launcher__triton_launcher (total: 211) (total: 
211)
[2025-12-10 16:22:52] Health check failed. Server couldn't get a response from detokenizer for last 20 seconds. tic start time: 16:22:32. last_heartbeat time: 16:22:08
[rank2]:[W1210 16:22:53.746983953 TCPStore.cpp:125] [c10d] recvValue failed on SocketImpl(fd=7, addr=[localhost]:54080, remote=[localhost]:30432): Connection reset by peer
Exception raised from recvBytes at /app/pytorch/torch/csrc/distributed/c10d/Utils.hpp:679 (most recent call first):
frame #0: c10::Error::Error(c10::SourceLocation, std::__cxx11::basic_string<char, std::char_traits<char>, std::allocator<char> >) + 0x9c (0x7efc48a3d33c in /opt/venv/lib/python3.10/site-packages/torch/lib/libc10.so)
frame #1: <unknown function> + 0x622d3e2 (0x7efc8b94e3e2 in /opt/venv/lib/python3.10/site-packages/torch/lib/libtorch_cpu.so)
frame #2: <unknown function> + 0x622e7cc (0x7efc8b94f7cc in /opt/venv/lib/python3.10/site-packages/torch/lib/libtorch_cpu.so)
frame #3: <unknown function> + 0x622f311 (0x7efc8b950311 in /opt/venv/lib/python3.10/site-packages/torch/lib/libtorch_cpu.so)
frame #4: c10d::TCPStore::check(std::vector<std::__cxx11::basic_string<char, std::char_traits<char>, std::allocator<char> >, std::allocator<std::__cxx11::basic_string<char, std::char_traits<char>, std::allocator<char> > > > const&) + 0x2c9 (0x7efc8b94af09 in /opt/venv/lib/python3.10/site-packages/torch/lib/libtorch_cpu.so)
frame #5: c10d::ProcessGroupNCCL::HeartbeatMonitor::runLoop() + 0x3c3 (0x7efc8236ade3 in /opt/venv/lib/python3.10/site-packages/torch/lib/libtorch_hip.so)
frame #6: <unknown function> + 0xdc253 (0x7efc46f05253 in /lib/x86_64-linux-gnu/libstdc++.so.6)
frame #7: <unknown function> + 0x94ac3 (0x7efc95869ac3 in /lib/x86_64-linux-gnu/libc.so.6)
frame #8: <unknown function> + 0x126850 (0x7efc958fb850 in /lib/x86_64-linux-gnu/libc.so.6)

[rank3]:[W1210 16:22:53.746985194 TCPStore.cpp:125] [c10d] recvValue failed on SocketImpl(fd=7, addr=[localhost]:54112, remote=[localhost]:30432): Connection reset by peer
Exception raised from recvBytes at /app/pytorch/torch/csrc/distributed/c10d/Utils.hpp:679 (most recent call first):
frame #0: c10::Error::Error(c10::SourceLocation, std::__cxx11::basic_string<char, std::char_traits<char>, std::allocator<char> >) + 0x9c (0x7f605f18a33c in /opt/venv/lib/python3.10/site-packages/torch/lib/libc10.so)
frame #1: <unknown function> + 0x622d3e2 (0x7f60a209b3e2 in /opt/venv/lib/python3.10/site-packages/torch/lib/libtorch_cpu.so)
frame #2: <unknown function> + 0x622e7cc (0x7f60a209c7cc in /opt/venv/lib/python3.10/site-packages/torch/lib/libtorch_cpu.so)
frame #3: <unknown function> + 0x622f311 (0x7f60a209d311 in /opt/venv/lib/python3.10/site-packages/torch/lib/libtorch_cpu.so)
frame #4: c10d::TCPStore::check(std::vector<std::__cxx11::basic_string<char, std::char_traits<char>, std::allocator<char> >, std::allocator<std::__cxx11::basic_string<char, std::char_traits<char>, std::allocator<char> > > > const&) + 0x2c9 (0x7f60a2097f09 in /opt/venv/lib/python3.10/site-packages/torch/lib/libtorch_cpu.so)
frame #5: c10d::ProcessGroupNCCL::HeartbeatMonitor::runLoop() + 0x3c3 (0x7f6098ab7de3 in /opt/venv/lib/python3.10/site-packages/torch/lib/libtorch_hip.so)
frame #6: <unknown function> + 0xdc253 (0x7f605d652253 in /lib/x86_64-linux-gnu/libstdc++.so.6)
frame #7: <unknown function> + 0x94ac3 (0x7f60abfb6ac3 in /lib/x86_64-linux-gnu/libc.so.6)
frame #8: <unknown function> + 0x126850 (0x7f60ac048850 in /lib/x86_64-linux-gnu/libc.so.6)

[rank2]:[W1210 16:22:53.750473178 ProcessGroupNCCL.cpp:1769] [PG ID 0 PG GUID 0 Rank 2] Failed to check the "should dump" flag on TCPStore, (maybe TCPStore server has shut down too early), with error: Connection reset by peer
[rank1]:[W1210 16:22:53.746994311 TCPStore.cpp:125] [c10d] recvValue failed on SocketImpl(fd=7, addr=[localhost]:54106, remote=[localhost]:30432): Connection reset by peer
Exception raised from recvBytes at /app/pytorch/torch/csrc/distributed/c10d/Utils.hpp:679 (most recent call first):
frame #0: c10::Error::Error(c10::SourceLocation, std::__cxx11::basic_string<char, std::char_traits<char>, std::allocator<char> >) + 0x9c (0x7fda9365933c in /opt/venv/lib/python3.10/site-packages/torch/lib/libc10.so)
frame #1: <unknown function> + 0x622d3e2 (0x7fdad656a3e2 in /opt/venv/lib/python3.10/site-packages/torch/lib/libtorch_cpu.so)
frame #2: <unknown function> + 0x622e7cc (0x7fdad656b7cc in /opt/venv/lib/python3.10/site-packages/torch/lib/libtorch_cpu.so)
frame #3: <unknown function> + 0x622f311 (0x7fdad656c311 in /opt/venv/lib/python3.10/site-packages/torch/lib/libtorch_cpu.so)
frame #4: c10d::TCPStore::check(std::vector<std::__cxx11::basic_string<char, std::char_traits<char>, std::allocator<char> >, std::allocator<std::__cxx11::basic_string<char, std::char_traits<char>, std::allocator<char> > > > const&) + 0x2c9 (0x7fdad6566f09 in /opt/venv/lib/python3.10/site-packages/torch/lib/libtorch_cpu.so)
frame #5: c10d::ProcessGroupNCCL::HeartbeatMonitor::runLoop() + 0x3c3 (0x7fdaccf86de3 in /opt/venv/lib/python3.10/site-packages/torch/lib/libtorch_hip.so)
frame #6: <unknown function> + 0xdc253 (0x7fda91b21253 in /lib/x86_64-linux-gnu/libstdc++.so.6)
frame #7: <unknown function> + 0x94ac3 (0x7fdae0485ac3 in /lib/x86_64-linux-gnu/libc.so.6)
frame #8: <unknown function> + 0x126850 (0x7fdae0517850 in /lib/x86_64-linux-gnu/libc.so.6)

[rank3]:[W1210 16:22:53.750534231 ProcessGroupNCCL.cpp:1769] [PG ID 0 PG GUID 0 Rank 3] Failed to check the "should dump" flag on TCPStore, (maybe TCPStore server has shut down too early), with error: Connection reset by peer
[rank1]:[W1210 16:22:53.750537286 ProcessGroupNCCL.cpp:1769] [PG ID 0 PG GUID 0 Rank 1] Failed to check the "should dump" flag on TCPStore, (maybe TCPStore server has shut down too early), with error: Connection reset by peer
[2025-12-10 16:22:53 TP2] Scheduler hit an exception: Traceback (most recent call last):
  File "/sgl-workspace/sglang/python/sglang/srt/managers/scheduler.py", line 2718, in run_scheduler_process
    scheduler.event_loop_overlap_disagg_decode()
  File "/opt/venv/lib/python3.10/site-packages/torch/utils/_contextlib.py", line 120, in decorate_context
    return func(*args, **kwargs)
  File "/sgl-workspace/sglang/python/sglang/srt/disaggregation/decode.py", line 816, in event_loop_overlap_disagg_decode
    recv_reqs = self.recv_requests()
  File "/sgl-workspace/sglang/python/sglang/srt/managers/scheduler.py", line 1169, in recv_requests
    recv_reqs = broadcast_pyobj(
  File "/sgl-workspace/sglang/python/sglang/srt/utils/common.py", line 1244, in broadcast_pyobj
    dist.broadcast(tensor_size, src=src, group=dist_group)
  File "/opt/venv/lib/python3.10/site-packages/torch/distributed/c10d_logger.py", line 81, in wrapper
    return func(*args, **kwargs)
  File "/opt/venv/lib/python3.10/site-packages/torch/distributed/distributed_c10d.py", line 2832, in broadcast
    work.wait()
RuntimeError: [/app/pytorch/third_party/gloo/gloo/transport/tcp/pair.cc:544] Connection closed by peer [127.0.1.1]:18354

[2025-12-10 16:22:53 TP1] Scheduler hit an exception: Traceback (most recent call last):
  File "/sgl-workspace/sglang/python/sglang/srt/managers/scheduler.py", line 2718, in run_scheduler_process
    scheduler.event_loop_overlap_disagg_decode()
  File "/opt/venv/lib/python3.10/site-packages/torch/utils/_contextlib.py", line 120, in decorate_context
    return func(*args, **kwargs)
  File "/sgl-workspace/sglang/python/sglang/srt/disaggregation/decode.py", line 816, in event_loop_overlap_disagg_decode
    recv_reqs = self.recv_requests()
  File "/sgl-workspace/sglang/python/sglang/srt/managers/scheduler.py", line 1169, in recv_requests
    recv_reqs = broadcast_pyobj(
  File "/sgl-workspace/sglang/python/sglang/srt/utils/common.py", line 1244, in broadcast_pyobj
    dist.broadcast(tensor_size, src=src, group=dist_group)
  File "/opt/venv/lib/python3.10/site-packages/torch/distributed/c10d_logger.py", line 81, in wrapper
    return func(*args, **kwargs)
  File "/opt/venv/lib/python3.10/site-packages/torch/distributed/distributed_c10d.py", line 2832, in broadcast
    work.wait()
RuntimeError: [/app/pytorch/third_party/gloo/gloo/transport/tcp/pair.cc:544] Connection closed by peer [127.0.0.1]:57483

[2025-12-10 16:22:53] SIGQUIT received. signum=None, frame=None. It usually means one child failed.
[2025-12-10 16:22:53] SIGQUIT received. signum=None, frame=None. It usually means one child failed.
[2025-12-10 16:22:53] ERROR:    Exception in ASGI application
Traceback (most recent call last):
  File "/usr/lib/python3.10/asyncio/runners.py", line 44, in run
    return loop.run_until_complete(main)
  File "uvloop/loop.pyx", line 1512, in uvloop.loop.Loop.run_until_complete
  File "uvloop/loop.pyx", line 1505, in uvloop.loop.Loop.run_until_complete
  File "uvloop/loop.pyx", line 1379, in uvloop.loop.Loop.run_forever
  File "uvloop/loop.pyx", line 557, in uvloop.loop.Loop._run
  File "uvloop/loop.pyx", line 476, in uvloop.loop.Loop._on_idle
  File "uvloop/cbhandles.pyx", line 83, in uvloop.loop.Handle._run
  File "uvloop/cbhandles.pyx", line 61, in uvloop.loop.Handle._run
  File "/sgl-workspace/sglang/python/sglang/srt/managers/tokenizer_manager.py", line 2214, in running_phase_sigquit_handler
    kill_process_tree(os.getpid())
  File "/sgl-workspace/sglang/python/sglang/srt/utils/common.py", line 1070, in kill_process_tree
    sys.exit(0)
SystemExit: 0

During handling of the above exception, another exception occurred:

Traceback (most recent call last):
  File "/usr/lib/python3.10/asyncio/locks.py", line 214, in wait
    await fut
asyncio.exceptions.CancelledError

During handling of the above exception, another exception occurred:

Traceback (most recent call last):
  File "/opt/venv/lib/python3.10/site-packages/uvicorn/protocols/http/httptools_impl.py", line 409, in run_asgi
    result = await app(  # type: ignore[func-returns-value]
  File "/opt/venv/lib/python3.10/site-packages/uvicorn/middleware/proxy_headers.py", line 60, in __call__
    return await self.app(scope, receive, send)
  File "/opt/venv/lib/python3.10/site-packages/fastapi/applications.py", line 1054, in __call__
    await super().__call__(scope, receive, send)
  File "/opt/venv/lib/python3.10/site-packages/starlette/applications.py", line 113, in __call__
    await self.middleware_stack(scope, receive, send)
  File "/opt/venv/lib/python3.10/site-packages/starlette/middleware/errors.py", line 164, in __call__
    await self.app(scope, receive, _send)
  File "/opt/venv/lib/python3.10/site-packages/starlette/middleware/cors.py", line 85, in __call__
    await self.app(scope, receive, send)
  File "/opt/venv/lib/python3.10/site-packages/starlette/middleware/exceptions.py", line 63, in __call__
    await wrap_app_handling_exceptions(self.app, conn)(scope, receive, send)
  File "/opt/venv/lib/python3.10/site-packages/starlette/_exception_handler.py", line 42, in wrapped_app
    await app(scope, receive, sender)
  File "/opt/venv/lib/python3.10/site-packages/starlette/routing.py", line 716, in __call__
    await self.middleware_stack(scope, receive, send)
  File "/opt/venv/lib/python3.10/site-packages/starlette/routing.py", line 736, in app
    await route.handle(scope, receive, send)
  File "/opt/venv/lib/python3.10/site-packages/starlette/routing.py", line 290, in handle
    await self.app(scope, receive, send)
  File "/opt/venv/lib/python3.10/site-packages/starlette/routing.py", line 78, in app
    await wrap_app_handling_exceptions(app, request)(scope, receive, send)
  File "/opt/venv/lib/python3.10/site-packages/starlette/_exception_handler.py", line 42, in wrapped_app
    await app(scope, receive, sender)
  File "/opt/venv/lib/python3.10/site-packages/starlette/routing.py", line 75, in app
    response = await f(request)
  File "/opt/venv/lib/python3.10/site-packages/fastapi/routing.py", line 302, in app
    raw_response = await run_endpoint_function(
  File "/opt/venv/lib/python3.10/site-packages/fastapi/routing.py", line 213, in run_endpoint_function
    return await dependant.call(**values)
  File "/sgl-workspace/sglang/python/sglang/srt/entrypoints/http_server.py", line 1132, in openai_v1_completions
    return await raw_request.app.state.openai_serving_completion.handle_request(
  File "/sgl-workspace/sglang/python/sglang/srt/entrypoints/openai/serving_base.py", line 119, in handle_request
    return await self._handle_non_streaming_request(
  File "/sgl-workspace/sglang/python/sglang/srt/entrypoints/openai/serving_completions.py", line 348, in _handle_non_streaming_request
    ret = await generator.__anext__()
  File "/sgl-workspace/sglang/python/sglang/srt/managers/tokenizer_manager.py", line 432, in generate_request
    async for response in self._wait_one_response(obj, state, request):
  File "/sgl-workspace/sglang/python/sglang/srt/managers/tokenizer_manager.py", line 960, in _wait_one_response
    await asyncio.wait_for(state.event.wait(), timeout=4)
  File "/usr/lib/python3.10/asyncio/tasks.py", line 435, in wait_for
    return fut.result()
asyncio.exceptions.CancelledError
[2025-12-10 16:22:53] INFO:     10.194.129.138:48394 - "POST /v1/completions HTTP/1.1" 500 Internal Server Error
[2025-12-10 16:22:53] ERROR:    Exception in ASGI application
Traceback (most recent call last):
  File "/usr/lib/python3.10/asyncio/runners.py", line 44, in run
    return loop.run_until_complete(main)
  File "uvloop/loop.pyx", line 1512, in uvloop.loop.Loop.run_until_complete
  File "uvloop/loop.pyx", line 1505, in uvloop.loop.Loop.run_until_complete
  File "uvloop/loop.pyx", line 1379, in uvloop.loop.Loop.run_forever
  File "uvloop/loop.pyx", line 557, in uvloop.loop.Loop._run
  File "uvloop/loop.pyx", line 476, in uvloop.loop.Loop._on_idle
  File "uvloop/cbhandles.pyx", line 83, in uvloop.loop.Handle._run
  File "uvloop/cbhandles.pyx", line 61, in uvloop.loop.Handle._run
  File "/sgl-workspace/sglang/python/sglang/srt/managers/tokenizer_manager.py", line 2214, in running_phase_sigquit_handler
    kill_process_tree(os.getpid())
  File "/sgl-workspace/sglang/python/sglang/srt/utils/common.py", line 1070, in kill_process_tree
    sys.exit(0)
SystemExit: 0

During handling of the above exception, another exception occurred:

Traceback (most recent call last):
  File "/usr/lib/python3.10/asyncio/locks.py", line 214, in wait
    await fut
asyncio.exceptions.CancelledError

During handling of the above exception, another exception occurred:

Traceback (most recent call last):
  File "/opt/venv/lib/python3.10/site-packages/uvicorn/protocols/http/httptools_impl.py", line 409, in run_asgi
    result = await app(  # type: ignore[func-returns-value]
  File "/opt/venv/lib/python3.10/site-packages/uvicorn/middleware/proxy_headers.py", line 60, in __call__
    return await self.app(scope, receive, send)
  File "/opt/venv/lib/python3.10/site-packages/fastapi/applications.py", line 1054, in __call__
    await super().__call__(scope, receive, send)
  File "/opt/venv/lib/python3.10/site-packages/starlette/applications.py", line 113, in __call__
    await self.middleware_stack(scope, receive, send)
  File "/opt/venv/lib/python3.10/site-packages/starlette/middleware/errors.py", line 164, in __call__
    await self.app(scope, receive, _send)
  File "/opt/venv/lib/python3.10/site-packages/starlette/middleware/cors.py", line 85, in __call__
    await self.app(scope, receive, send)
  File "/opt/venv/lib/python3.10/site-packages/starlette/middleware/exceptions.py", line 63, in __call__
    await wrap_app_handling_exceptions(self.app, conn)(scope, receive, send)
  File "/opt/venv/lib/python3.10/site-packages/starlette/_exception_handler.py", line 42, in wrapped_app
    await app(scope, receive, sender)
  File "/opt/venv/lib/python3.10/site-packages/starlette/routing.py", line 716, in __call__
    await self.middleware_stack(scope, receive, send)
  File "/opt/venv/lib/python3.10/site-packages/starlette/routing.py", line 736, in app
    await route.handle(scope, receive, send)
  File "/opt/venv/lib/python3.10/site-packages/starlette/routing.py", line 290, in handle
    await self.app(scope, receive, send)
  File "/opt/venv/lib/python3.10/site-packages/starlette/routing.py", line 78, in app
    await wrap_app_handling_exceptions(app, request)(scope, receive, send)
  File "/opt/venv/lib/python3.10/site-packages/starlette/_exception_handler.py", line 42, in wrapped_app
    await app(scope, receive, sender)
  File "/opt/venv/lib/python3.10/site-packages/starlette/routing.py", line 75, in app
    response = await f(request)
  File "/opt/venv/lib/python3.10/site-packages/fastapi/routing.py", line 302, in app
    raw_response = await run_endpoint_function(
  File "/opt/venv/lib/python3.10/site-packages/fastapi/routing.py", line 213, in run_endpoint_function
    return await dependant.call(**values)
  File "/sgl-workspace/sglang/python/sglang/srt/entrypoints/http_server.py", line 1132, in openai_v1_completions
    return await raw_request.app.state.openai_serving_completion.handle_request(
  File "/sgl-workspace/sglang/python/sglang/srt/entrypoints/openai/serving_base.py", line 119, in handle_request
    return await self._handle_non_streaming_request(
  File "/sgl-workspace/sglang/python/sglang/srt/entrypoints/openai/serving_completions.py", line 348, in _handle_non_streaming_request
    ret = await generator.__anext__()
  File "/sgl-workspace/sglang/python/sglang/srt/managers/tokenizer_manager.py", line 432, in generate_request
    async for response in self._wait_one_response(obj, state, request):
  File "/sgl-workspace/sglang/python/sglang/srt/managers/tokenizer_manager.py", line 960, in _wait_one_response
    await asyncio.wait_for(state.event.wait(), timeout=4)
  File "/usr/lib/python3.10/asyncio/tasks.py", line 435, in wait_for
    return fut.result()
asyncio.exceptions.CancelledError
[2025-12-10 16:22:53] INFO:     10.194.129.138:48410 - "POST /v1/completions HTTP/1.1" 500 Internal Server Error
[2025-12-10 16:22:53] ERROR:    Exception in ASGI application
Traceback (most recent call last):
  File "/usr/lib/python3.10/asyncio/runners.py", line 44, in run
    return loop.run_until_complete(main)
  File "uvloop/loop.pyx", line 1512, in uvloop.loop.Loop.run_until_complete
  File "uvloop/loop.pyx", line 1505, in uvloop.loop.Loop.run_until_complete
  File "uvloop/loop.pyx", line 1379, in uvloop.loop.Loop.run_forever
  File "uvloop/loop.pyx", line 557, in uvloop.loop.Loop._run
  File "uvloop/loop.pyx", line 476, in uvloop.loop.Loop._on_idle
  File "uvloop/cbhandles.pyx", line 83, in uvloop.loop.Handle._run
  File "uvloop/cbhandles.pyx", line 61, in uvloop.loop.Handle._run
  File "/sgl-workspace/sglang/python/sglang/srt/managers/tokenizer_manager.py", line 2214, in running_phase_sigquit_handler
    kill_process_tree(os.getpid())
  File "/sgl-workspace/sglang/python/sglang/srt/utils/common.py", line 1070, in kill_process_tree
    sys.exit(0)
SystemExit: 0

During handling of the above exception, another exception occurred:

Traceback (most recent call last):
  File "/usr/lib/python3.10/asyncio/locks.py", line 214, in wait
    await fut
asyncio.exceptions.CancelledError

During handling of the above exception, another exception occurred:

Traceback (most recent call last):
  File "/opt/venv/lib/python3.10/site-packages/uvicorn/protocols/http/httptools_impl.py", line 409, in run_asgi
    result = await app(  # type: ignore[func-returns-value]
  File "/opt/venv/lib/python3.10/site-packages/uvicorn/middleware/proxy_headers.py", line 60, in __call__
    return await self.app(scope, receive, send)
  File "/opt/venv/lib/python3.10/site-packages/fastapi/applications.py", line 1054, in __call__
    await super().__call__(scope, receive, send)
  File "/opt/venv/lib/python3.10/site-packages/starlette/applications.py", line 113, in __call__
    await self.middleware_stack(scope, receive, send)
  File "/opt/venv/lib/python3.10/site-packages/starlette/middleware/errors.py", line 164, in __call__
[2025-12-10 16:22:53] INFO:     10.194.129.138:44780 - "POST /v1/completions HTTP/1.1" 500 Internal Server Error
    await self.app(scope, receive, _send)
  File "/opt/venv/lib/python3.10/site-packages/starlette/middleware/cors.py", line 85, in __call__
    await self.app(scope, receive, send)
  File "/opt/venv/lib/python3.10/site-packages/starlette/middleware/exceptions.py", line 63, in __call__
    await wrap_app_handling_exceptions(self.app, conn)(scope, receive, send)
  File "/opt/venv/lib/python3.10/site-packages/starlette/_exception_handler.py", line 42, in wrapped_app
    await app(scope, receive, sender)
  File "/opt/venv/lib/python3.10/site-packages/starlette/routing.py", line 716, in __call__
    await self.middleware_stack(scope, receive, send)
  File "/opt/venv/lib/python3.10/site-packages/starlette/routing.py", line 736, in app
    await route.handle(scope, receive, send)
  File "/opt/venv/lib/python3.10/site-packages/starlette/routing.py", line 290, in handle
    await self.app(scope, receive, send)
  File "/opt/venv/lib/python3.10/site-packages/starlette/routing.py", line 78, in app
    await wrap_app_handling_exceptions(app, request)(scope, receive, send)
  File "/opt/venv/lib/python3.10/site-packages/starlette/_exception_handler.py", line 42, in wrapped_app
    await app(scope, receive, sender)
  File "/opt/venv/lib/python3.10/site-packages/starlette/routing.py", line 75, in app
    response = await f(request)
  File "/opt/venv/lib/python3.10/site-packages/fastapi/routing.py", line 302, in app
    raw_response = await run_endpoint_function(
  File "/opt/venv/lib/python3.10/site-packages/fastapi/routing.py", line 213, in run_endpoint_function
    return await dependant.call(**values)
  File "/sgl-workspace/sglang/python/sglang/srt/entrypoints/http_server.py", line 1132, in openai_v1_completions
    return await raw_request.app.state.openai_serving_completion.handle_request(
  File "/sgl-workspace/sglang/python/sglang/srt/entrypoints/openai/serving_base.py", line 119, in handle_request
    return await self._handle_non_streaming_request(
  File "/sgl-workspace/sglang/python/sglang/srt/entrypoints/openai/serving_completions.py", line 348, in _handle_non_streaming_request
    ret = await generator.__anext__()
  File "/sgl-workspace/sglang/python/sglang/srt/managers/tokenizer_manager.py", line 432, in generate_request
    async for response in self._wait_one_response(obj, state, request):
  File "/sgl-workspace/sglang/python/sglang/srt/managers/tokenizer_manager.py", line 960, in _wait_one_response
    await asyncio.wait_for(state.event.wait(), timeout=4)
  File "/usr/lib/python3.10/asyncio/tasks.py", line 435, in wait_for
    return fut.result()
asyncio.exceptions.CancelledError
[2025-12-10 16:22:53] ERROR:    Traceback (most recent call last):
  File "/usr/lib/python3.10/asyncio/runners.py", line 44, in run
    return loop.run_until_complete(main)
  File "uvloop/loop.pyx", line 1512, in uvloop.loop.Loop.run_until_complete
  File "uvloop/loop.pyx", line 1505, in uvloop.loop.Loop.run_until_complete
  File "uvloop/loop.pyx", line 1379, in uvloop.loop.Loop.run_forever
  File "uvloop/loop.pyx", line 557, in uvloop.loop.Loop._run
  File "uvloop/loop.pyx", line 476, in uvloop.loop.Loop._on_idle
  File "uvloop/cbhandles.pyx", line 83, in uvloop.loop.Handle._run
  File "uvloop/cbhandles.pyx", line 61, in uvloop.loop.Handle._run
  File "/sgl-workspace/sglang/python/sglang/srt/managers/tokenizer_manager.py", line 2214, in running_phase_sigquit_handler
    kill_process_tree(os.getpid())
  File "/sgl-workspace/sglang/python/sglang/srt/utils/common.py", line 1070, in kill_process_tree
    sys.exit(0)
SystemExit: 0

During handling of the above exception, another exception occurred:

Traceback (most recent call last):
  File "/opt/venv/lib/python3.10/site-packages/starlette/routing.py", line 701, in lifespan
    await receive()
  File "/opt/venv/lib/python3.10/site-packages/uvicorn/lifespan/on.py", line 137, in receive
    return await self.receive_queue.get()
  File "/usr/lib/python3.10/asyncio/queues.py", line 159, in get
    await getter
asyncio.exceptions.CancelledError

[2025-12-10 16:22:53] ERROR:    Exception in ASGI application
Traceback (most recent call last):
  File "/usr/lib/python3.10/asyncio/runners.py", line 44, in run
    return loop.run_until_complete(main)
  File "uvloop/loop.pyx", line 1512, in uvloop.loop.Loop.run_until_complete
  File "uvloop/loop.pyx", line 1505, in uvloop.loop.Loop.run_until_complete
  File "uvloop/loop.pyx", line 1379, in uvloop.loop.Loop.run_forever
  File "uvloop/loop.pyx", line 557, in uvloop.loop.Loop._run
  File "uvloop/loop.pyx", line 476, in uvloop.loop.Loop._on_idle
  File "uvloop/cbhandles.pyx", line 83, in uvloop.loop.Handle._run
  File "uvloop/cbhandles.pyx", line 61, in uvloop.loop.Handle._run
  File "/sgl-workspace/sglang/python/sglang/srt/managers/tokenizer_manager.py", line 2214, in running_phase_sigquit_handler
    kill_process_tree(os.getpid())
  File "/sgl-workspace/sglang/python/sglang/srt/utils/common.py", line 1070, in kill_process_tree
    sys.exit(0)
SystemExit: 0

During handling of the above exception, another exception occurred:

Traceback (most recent call last):
  File "/usr/lib/python3.10/asyncio/locks.py", line 214, in wait
    await fut
asyncio.exceptions.CancelledError

During handling of the above exception, another exception occurred:

Traceback (most recent call last):
  File "/opt/venv/lib/python3.10/site-packages/uvicorn/protocols/http/httptools_impl.py", line 409, in run_asgi
    result = await app(  # type: ignore[func-returns-value]
  File "/opt/venv/lib/python3.10/site-packages/uvicorn/middleware/proxy_headers.py", line 60, in __call__
    return await self.app(scope, receive, send)
  File "/opt/venv/lib/python3.10/site-packages/fastapi/applications.py", line 1054, in __call__
    await super().__call__(scope, receive, send)
  File "/opt/venv/lib/python3.10/site-packages/starlette/applications.py", line 113, in __call__
    await self.middleware_stack(scope, receive, send)
  File "/opt/venv/lib/python3.10/site-packages/starlette/middleware/errors.py", line 164, in __call__
    await self.app(scope, receive, _send)
  File "/opt/venv/lib/python3.10/site-packages/starlette/middleware/cors.py", line 85, in __call__
    await self.app(scope, receive, send)
  File "/opt/venv/lib/python3.10/site-packages/starlette/middleware/exceptions.py", line 63, in __call__
    await wrap_app_handling_exceptions(self.app, conn)(scope, receive, send)
  File "/opt/venv/lib/python3.10/site-packages/starlette/_exception_handler.py", line 42, in wrapped_app
    await app(scope, receive, sender)
  File "/opt/venv/lib/python3.10/site-packages/starlette/routing.py", line 716, in __call__
    await self.middleware_stack(scope, receive, send)
[2025-12-10 16:22:53] INFO:     10.194.129.138:48398 - "POST /v1/completions HTTP/1.1" 500 Internal Server Error
  File "/opt/venv/lib/python3.10/site-packages/starlette/routing.py", line 736, in app
    await route.handle(scope, receive, send)
  File "/opt/venv/lib/python3.10/site-packages/starlette/routing.py", line 290, in handle
    await self.app(scope, receive, send)
  File "/opt/venv/lib/python3.10/site-packages/starlette/routing.py", line 78, in app
    await wrap_app_handling_exceptions(app, request)(scope, receive, send)
  File "/opt/venv/lib/python3.10/site-packages/starlette/_exception_handler.py", line 42, in wrapped_app
    await app(scope, receive, sender)
  File "/opt/venv/lib/python3.10/site-packages/starlette/routing.py", line 75, in app
    response = await f(request)
  File "/opt/venv/lib/python3.10/site-packages/fastapi/routing.py", line 302, in app
    raw_response = await run_endpoint_function(
  File "/opt/venv/lib/python3.10/site-packages/fastapi/routing.py", line 213, in run_endpoint_function
    return await dependant.call(**values)
  File "/sgl-workspace/sglang/python/sglang/srt/entrypoints/http_server.py", line 1132, in openai_v1_completions
    return await raw_request.app.state.openai_serving_completion.handle_request(
  File "/sgl-workspace/sglang/python/sglang/srt/entrypoints/openai/serving_base.py", line 119, in handle_request
    return await self._handle_non_streaming_request(
  File "/sgl-workspace/sglang/python/sglang/srt/entrypoints/openai/serving_completions.py", line 348, in _handle_non_streaming_request
    ret = await generator.__anext__()
  File "/sgl-workspace/sglang/python/sglang/srt/managers/tokenizer_manager.py", line 432, in generate_request
    async for response in self._wait_one_response(obj, state, request):
  File "/sgl-workspace/sglang/python/sglang/srt/managers/tokenizer_manager.py", line 960, in _wait_one_response
    await asyncio.wait_for(state.event.wait(), timeout=4)
  File "/usr/lib/python3.10/asyncio/tasks.py", line 435, in wait_for
    return fut.result()
asyncio.exceptions.CancelledError
[2025-12-10 16:22:53] ERROR:    Exception in ASGI application
Traceback (most recent call last):
  File "/usr/lib/python3.10/asyncio/runners.py", line 44, in run
    return loop.run_until_complete(main)
  File "uvloop/loop.pyx", line 1512, in uvloop.loop.Loop.run_until_complete
  File "uvloop/loop.pyx", line 1505, in uvloop.loop.Loop.run_until_complete
  File "uvloop/loop.pyx", line 1379, in uvloop.loop.Loop.run_forever
  File "uvloop/loop.pyx", line 557, in uvloop.loop.Loop._run
  File "uvloop/loop.pyx", line 476, in uvloop.loop.Loop._on_idle
  File "uvloop/cbhandles.pyx", line 83, in uvloop.loop.Handle._run
  File "uvloop/cbhandles.pyx", line 61, in uvloop.loop.Handle._run
  File "/sgl-workspace/sglang/python/sglang/srt/managers/tokenizer_manager.py", line 2214, in running_phase_sigquit_handler
    kill_process_tree(os.getpid())
  File "/sgl-workspace/sglang/python/sglang/srt/utils/common.py", line 1070, in kill_process_tree
    sys.exit(0)
SystemExit: 0

During handling of the above exception, another exception occurred:

Traceback (most recent call last):
  File "/usr/lib/python3.10/asyncio/locks.py", line 214, in wait
    await fut
asyncio.exceptions.CancelledError

During handling of the above exception, another exception occurred:

Traceback (most recent call last):
  File "/opt/venv/lib/python3.10/site-packages/uvicorn/protocols/http/httptools_impl.py", line 409, in run_asgi
    result = await app(  # type: ignore[func-returns-value]
  File "/opt/venv/lib/python3.10/site-packages/uvicorn/middleware/proxy_headers.py", line 60, in __call__
    return await self.app(scope, receive, send)
  File "/opt/venv/lib/python3.10/site-packages/fastapi/applications.py", line 1054, in __call__
    await super().__call__(scope, receive, send)
  File "/opt/venv/lib/python3.10/site-packages/starlette/applications.py", line 113, in __call__
    await self.middleware_stack(scope, receive, send)
  File "/opt/venv/lib/python3.10/site-packages/starlette/middleware/errors.py", line 164, in __call__
    await self.app(scope, receive, _send)
  File "/opt/venv/lib/python3.10/site-packages/starlette/middleware/cors.py", line 85, in __call__
    await self.app(scope, receive, send)
  File "/opt/venv/lib/python3.10/site-packages/starlette/middleware/exceptions.py", line 63, in __call__
    await wrap_app_handling_exceptions(self.app, conn)(scope, receive, send)
  File "/opt/venv/lib/python3.10/site-packages/starlette/_exception_handler.py", line 42, in wrapped_app
    await app(scope, receive, sender)
  File "/opt/venv/lib/python3.10/site-packages/starlette/routing.py", line 716, in __call__
    await self.middleware_stack(scope, receive, send)
  File "/opt/venv/lib/python3.10/site-packages/starlette/routing.py", line 736, in app
    await route.handle(scope, receive, send)
  File "/opt/venv/lib/python3.10/site-packages/starlette/routing.py", line 290, in handle
    await self.app(scope, receive, send)
  File "/opt/venv/lib/python3.10/site-packages/starlette/routing.py", line 78, in app
    await wrap_app_handling_exceptions(app, request)(scope, receive, send)
  File "/opt/venv/lib/python3.10/site-packages/starlette/_exception_handler.py", line 42, in wrapped_app
    await app(scope, receive, sender)
  File "/opt/venv/lib/python3.10/site-packages/starlette/routing.py", line 75, in app
    response = await f(request)
  File "/opt/venv/lib/python3.10/site-packages/fastapi/routing.py", line 302, in app
    raw_response = await run_endpoint_function(
  File "/opt/venv/lib/python3.10/site-packages/fastapi/routing.py", line 213, in run_endpoint_function
    return await dependant.call(**values)
  File "/sgl-workspace/sglang/python/sglang/srt/entrypoints/http_server.py", line 1132, in openai_v1_completions
    return await raw_request.app.state.openai_serving_completion.handle_request(
  File "/sgl-workspace/sglang/python/sglang/srt/entrypoints/openai/serving_base.py", line 119, in handle_request
    return await self._handle_non_streaming_request(
  File "/sgl-workspace/sglang/python/sglang/srt/entrypoints/openai/serving_completions.py", line 348, in _handle_non_streaming_request
    ret = await generator.__anext__()
  File "/sgl-workspace/sglang/python/sglang/srt/managers/tokenizer_manager.py", line 432, in generate_request
    async for response in self._wait_one_response(obj, state, request):
  File "/sgl-workspace/sglang/python/sglang/srt/managers/tokenizer_manager.py", line 960, in _wait_one_response
    await asyncio.wait_for(state.event.wait(), timeout=4)
  File "/usr/lib/python3.10/asyncio/tasks.py", line 435, in wait_for
    return fut.result()
asyncio.exceptions.CancelledError
[2025-12-10 16:22:53] INFO:     10.194.129.138:48436 - "POST /v1/completions HTTP/1.1" 500 Internal Server Error
[2025-12-10 16:22:53] ERROR:    Exception in ASGI application
Traceback (most recent call last):
  File "/usr/lib/python3.10/asyncio/runners.py", line 44, in run
    return loop.run_until_complete(main)
  File "uvloop/loop.pyx", line 1512, in uvloop.loop.Loop.run_until_complete
  File "uvloop/loop.pyx", line 1505, in uvloop.loop.Loop.run_until_complete
  File "uvloop/loop.pyx", line 1379, in uvloop.loop.Loop.run_forever
  File "uvloop/loop.pyx", line 557, in uvloop.loop.Loop._run
  File "uvloop/loop.pyx", line 476, in uvloop.loop.Loop._on_idle
  File "uvloop/cbhandles.pyx", line 83, in uvloop.loop.Handle._run
  File "uvloop/cbhandles.pyx", line 61, in uvloop.loop.Handle._run
  File "/sgl-workspace/sglang/python/sglang/srt/managers/tokenizer_manager.py", line 2214, in running_phase_sigquit_handler
    kill_process_tree(os.getpid())
  File "/sgl-workspace/sglang/python/sglang/srt/utils/common.py", line 1070, in kill_process_tree
    sys.exit(0)
SystemExit: 0

During handling of the above exception, another exception occurred:

Traceback (most recent call last):
  File "/usr/lib/python3.10/asyncio/locks.py", line 214, in wait
    await fut
asyncio.exceptions.CancelledError

During handling of the above exception, another exception occurred:

Traceback (most recent call last):
  File "/opt/venv/lib/python3.10/site-packages/uvicorn/protocols/http/httptools_impl.py", line 409, in run_asgi
    result = await app(  # type: ignore[func-returns-value]
  File "/opt/venv/lib/python3.10/site-packages/uvicorn/middleware/proxy_headers.py", line 60, in __call__
    return await self.app(scope, receive, send)
  File "/opt/venv/lib/python3.10/site-packages/fastapi/applications.py", line 1054, in __call__
    await super().__call__(scope, receive, send)
  File "/opt/venv/lib/python3.10/site-packages/starlette/applications.py", line 113, in __call__
    await self.middleware_stack(scope, receive, send)
  File "/opt/venv/lib/python3.10/site-packages/starlette/middleware/errors.py", line 164, in __call__
    await self.app(scope, receive, _send)
  File "/opt/venv/lib/python3.10/site-packages/starlette/middleware/cors.py", line 85, in __call__
    await self.app(scope, receive, send)
  File "/opt/venv/lib/python3.10/site-packages/starlette/middleware/exceptions.py", line 63, in __call__
    await wrap_app_handling_exceptions(self.app, conn)(scope, receive, send)
  File "/opt/venv/lib/python3.10/site-packages/starlette/_exception_handler.py", line 42, in wrapped_app
    await app(scope, receive, sender)
  File "/opt/venv/lib/python3.10/site-packages/starlette/routing.py", line 716, in __call__
    await self.middleware_stack(scope, receive, send)
  File "/opt/venv/lib/python3.10/site-packages/starlette/routing.py", line 736, in app
    await route.handle(scope, receive, send)
  File "/opt/venv/lib/python3.10/site-packages/starlette/routing.py", line 290, in handle
    await self.app(scope, receive, send)
  File "/opt/venv/lib/python3.10/site-packages/starlette/routing.py", line 78, in app
    await wrap_app_handling_exceptions(app, request)(scope, receive, send)
  File "/opt/venv/lib/python3.10/site-packages/starlette/_exception_handler.py", line 42, in wrapped_app
    await app(scope, receive, sender)
  File "/opt/venv/lib/python3.10/site-packages/starlette/routing.py", line 75, in app
    response = await f(request)
  File "/opt/venv/lib/python3.10/site-packages/fastapi/routing.py", line 302, in app
    raw_response = await run_endpoint_function(
  File "/opt/venv/lib/python3.10/site-packages/fastapi/routing.py", line 213, in run_endpoint_function
    return await dependant.call(**values)
  File "/sgl-workspace/sglang/python/sglang/srt/entrypoints/http_server.py", line 1132, in openai_v1_completions
    return await raw_request.app.state.openai_serving_completion.handle_request(
  File "/sgl-workspace/sglang/python/sglang/srt/entrypoints/openai/serving_base.py", line 119, in handle_request
    return await self._handle_non_streaming_request(
  File "/sgl-workspace/sglang/python/sglang/srt/entrypoints/openai/serving_completions.py", line 348, in _handle_non_streaming_request
    ret = await generator.__anext__()
  File "/sgl-workspace/sglang/python/sglang/srt/managers/tokenizer_manager.py", line 432, in generate_request
    async for response in self._wait_one_response(obj, state, request):
  File "/sgl-workspace/sglang/python/sglang/srt/managers/tokenizer_manager.py", line 960, in _wait_one_response
    await asyncio.wait_for(state.event.wait(), timeout=4)
  File "/usr/lib/python3.10/asyncio/tasks.py", line 435, in wait_for
    return fut.result()
asyncio.exceptions.CancelledError
[2025-12-10 16:22:53] INFO:     10.194.129.138:48462 - "POST /v1/completions HTTP/1.1" 500 Internal Server Error
[2025-12-10 16:22:53] ERROR:    Exception in ASGI application
Traceback (most recent call last):
  File "/usr/lib/python3.10/asyncio/runners.py", line 44, in run
    return loop.run_until_complete(main)
  File "uvloop/loop.pyx", line 1512, in uvloop.loop.Loop.run_until_complete
  File "uvloop/loop.pyx", line 1505, in uvloop.loop.Loop.run_until_complete
  File "uvloop/loop.pyx", line 1379, in uvloop.loop.Loop.run_forever
  File "uvloop/loop.pyx", line 557, in uvloop.loop.Loop._run
  File "uvloop/loop.pyx", line 476, in uvloop.loop.Loop._on_idle
  File "uvloop/cbhandles.pyx", line 83, in uvloop.loop.Handle._run
  File "uvloop/cbhandles.pyx", line 61, in uvloop.loop.Handle._run
  File "/sgl-workspace/sglang/python/sglang/srt/managers/tokenizer_manager.py", line 2214, in running_phase_sigquit_handler
    kill_process_tree(os.getpid())
  File "/sgl-workspace/sglang/python/sglang/srt/utils/common.py", line 1070, in kill_process_tree
    sys.exit(0)
SystemExit: 0

During handling of the above exception, another exception occurred:

Traceback (most recent call last):
  File "/opt/venv/lib/python3.10/site-packages/uvicorn/protocols/http/httptools_impl.py", line 409, in run_asgi
    result = await app(  # type: ignore[func-returns-value]
  File "/opt/venv/lib/python3.10/site-packages/uvicorn/middleware/proxy_headers.py", line 60, in __call__
    return await self.app(scope, receive, send)
[2025-12-10 16:22:53] INFO:     10.194.129.138:48440 - "POST /v1/completions HTTP/1.1" 500 Internal Server Error
  File "/opt/venv/lib/python3.10/site-packages/fastapi/applications.py", line 1054, in __call__
    await super().__call__(scope, receive, send)
  File "/opt/venv/lib/python3.10/site-packages/starlette/applications.py", line 113, in __call__
    await self.middleware_stack(scope, receive, send)
  File "/opt/venv/lib/python3.10/site-packages/starlette/middleware/errors.py", line 164, in __call__
    await self.app(scope, receive, _send)
  File "/opt/venv/lib/python3.10/site-packages/starlette/middleware/cors.py", line 85, in __call__
    await self.app(scope, receive, send)
  File "/opt/venv/lib/python3.10/site-packages/starlette/middleware/exceptions.py", line 63, in __call__
    await wrap_app_handling_exceptions(self.app, conn)(scope, receive, send)
  File "/opt/venv/lib/python3.10/site-packages/starlette/_exception_handler.py", line 42, in wrapped_app
    await app(scope, receive, sender)
  File "/opt/venv/lib/python3.10/site-packages/starlette/routing.py", line 716, in __call__
    await self.middleware_stack(scope, receive, send)
  File "/opt/venv/lib/python3.10/site-packages/starlette/routing.py", line 736, in app
    await route.handle(scope, receive, send)
  File "/opt/venv/lib/python3.10/site-packages/starlette/routing.py", line 290, in handle
    await self.app(scope, receive, send)
  File "/opt/venv/lib/python3.10/site-packages/starlette/routing.py", line 78, in app
    await wrap_app_handling_exceptions(app, request)(scope, receive, send)
  File "/opt/venv/lib/python3.10/site-packages/starlette/_exception_handler.py", line 42, in wrapped_app
    await app(scope, receive, sender)
  File "/opt/venv/lib/python3.10/site-packages/starlette/routing.py", line 75, in app
    response = await f(request)
  File "/opt/venv/lib/python3.10/site-packages/fastapi/routing.py", line 302, in app
    raw_response = await run_endpoint_function(
  File "/opt/venv/lib/python3.10/site-packages/fastapi/routing.py", line 213, in run_endpoint_function
    return await dependant.call(**values)
  File "/sgl-workspace/sglang/python/sglang/srt/entrypoints/http_server.py", line 1132, in openai_v1_completions
    return await raw_request.app.state.openai_serving_completion.handle_request(
  File "/sgl-workspace/sglang/python/sglang/srt/entrypoints/openai/serving_base.py", line 119, in handle_request
    return await self._handle_non_streaming_request(
  File "/sgl-workspace/sglang/python/sglang/srt/entrypoints/openai/serving_completions.py", line 348, in _handle_non_streaming_request
    ret = await generator.__anext__()
  File "/sgl-workspace/sglang/python/sglang/srt/managers/tokenizer_manager.py", line 432, in generate_request
    async for response in self._wait_one_response(obj, state, request):
  File "/sgl-workspace/sglang/python/sglang/srt/managers/tokenizer_manager.py", line 960, in _wait_one_response
    await asyncio.wait_for(state.event.wait(), timeout=4)
  File "/usr/lib/python3.10/asyncio/tasks.py", line 432, in wait_for
    await waiter
asyncio.exceptions.CancelledError
[2025-12-10 16:22:53] ERROR:    Exception in ASGI application
Traceback (most recent call last):
  File "/usr/lib/python3.10/asyncio/runners.py", line 44, in run
    return loop.run_until_complete(main)
  File "uvloop/loop.pyx", line 1512, in uvloop.loop.Loop.run_until_complete
  File "uvloop/loop.pyx", line 1505, in uvloop.loop.Loop.run_until_complete
  File "uvloop/loop.pyx", line 1379, in uvloop.loop.Loop.run_forever
  File "uvloop/loop.pyx", line 557, in uvloop.loop.Loop._run
  File "uvloop/loop.pyx", line 476, in uvloop.loop.Loop._on_idle
  File "uvloop/cbhandles.pyx", line 83, in uvloop.loop.Handle._run
  File "uvloop/cbhandles.pyx", line 61, in uvloop.loop.Handle._run
  File "/sgl-workspace/sglang/python/sglang/srt/managers/tokenizer_manager.py", line 2214, in running_phase_sigquit_handler
    kill_process_tree(os.getpid())
  File "/sgl-workspace/sglang/python/sglang/srt/utils/common.py", line 1070, in kill_process_tree
    sys.exit(0)
SystemExit: 0

During handling of the above exception, another exception occurred:

Traceback (most recent call last):
  File "/opt/venv/lib/python3.10/site-packages/uvicorn/protocols/http/httptools_impl.py", line 409, in run_asgi
    result = await app(  # type: ignore[func-returns-value]
  File "/opt/venv/lib/python3.10/site-packages/uvicorn/middleware/proxy_headers.py", line 60, in __call__
    return await self.app(scope, receive, send)
  File "/opt/venv/lib/python3.10/site-packages/fastapi/applications.py", line 1054, in __call__
    await super().__call__(scope, receive, send)
  File "/opt/venv/lib/python3.10/site-packages/starlette/applications.py", line 113, in __call__
    await self.middleware_stack(scope, receive, send)
  File "/opt/venv/lib/python3.10/site-packages/starlette/middleware/errors.py", line 164, in __call__
    await self.app(scope, receive, _send)
  File "/opt/venv/lib/python3.10/site-packages/starlette/middleware/cors.py", line 85, in __call__
    await self.app(scope, receive, send)
  File "/opt/venv/lib/python3.10/site-packages/starlette/middleware/exceptions.py", line 63, in __call__
    await wrap_app_handling_exceptions(self.app, conn)(scope, receive, send)
  File "/opt/venv/lib/python3.10/site-packages/starlette/_exception_handler.py", line 42, in wrapped_app
    await app(scope, receive, sender)
  File "/opt/venv/lib/python3.10/site-packages/starlette/routing.py", line 716, in __call__
    await self.middleware_stack(scope, receive, send)
  File "/opt/venv/lib/python3.10/site-packages/starlette/routing.py", line 736, in app
    await route.handle(scope, receive, send)
  File "/opt/venv/lib/python3.10/site-packages/starlette/routing.py", line 290, in handle
    await self.app(scope, receive, send)
  File "/opt/venv/lib/python3.10/site-packages/starlette/routing.py", line 78, in app
    await wrap_app_handling_exceptions(app, request)(scope, receive, send)
  File "/opt/venv/lib/python3.10/site-packages/starlette/_exception_handler.py", line 42, in wrapped_app
    await app(scope, receive, sender)
  File "/opt/venv/lib/python3.10/site-packages/starlette/routing.py", line 75, in app
    response = await f(request)
  File "/opt/venv/lib/python3.10/site-packages/fastapi/routing.py", line 302, in app
    raw_response = await run_endpoint_function(
  File "/opt/venv/lib/python3.10/site-packages/fastapi/routing.py", line 213, in run_endpoint_function
    return await dependant.call(**values)
  File "/sgl-workspace/sglang/python/sglang/srt/entrypoints/http_server.py", line 1132, in openai_v1_completions
    return await raw_request.app.state.openai_serving_completion.handle_request(
  File "/sgl-workspace/sglang/python/sglang/srt/entrypoints/openai/serving_base.py", line 119, in handle_request
    return await self._handle_non_streaming_request(
  File "/sgl-workspace/sglang/python/sglang/srt/entrypoints/openai/serving_completions.py", line 348, in _handle_non_streaming_request
    ret = await generator.__anext__()
  File "/sgl-workspace/sglang/python/sglang/srt/managers/tokenizer_manager.py", line 432, in generate_request
[2025-12-10 16:22:53] INFO:     10.194.129.138:48464 - "POST /v1/completions HTTP/1.1" 500 Internal Server Error
    async for response in self._wait_one_response(obj, state, request):
  File "/sgl-workspace/sglang/python/sglang/srt/managers/tokenizer_manager.py", line 960, in _wait_one_response
    await asyncio.wait_for(state.event.wait(), timeout=4)
  File "/usr/lib/python3.10/asyncio/tasks.py", line 432, in wait_for
    await waiter
asyncio.exceptions.CancelledError
[2025-12-10 16:22:53] ERROR:    Exception in ASGI application
Traceback (most recent call last):
  File "/usr/lib/python3.10/asyncio/runners.py", line 44, in run
    return loop.run_until_complete(main)
  File "uvloop/loop.pyx", line 1512, in uvloop.loop.Loop.run_until_complete
  File "uvloop/loop.pyx", line 1505, in uvloop.loop.Loop.run_until_complete
  File "uvloop/loop.pyx", line 1379, in uvloop.loop.Loop.run_forever
  File "uvloop/loop.pyx", line 557, in uvloop.loop.Loop._run
  File "uvloop/loop.pyx", line 476, in uvloop.loop.Loop._on_idle
  File "uvloop/cbhandles.pyx", line 83, in uvloop.loop.Handle._run
  File "uvloop/cbhandles.pyx", line 61, in uvloop.loop.Handle._run
  File "/sgl-workspace/sglang/python/sglang/srt/managers/tokenizer_manager.py", line 2214, in running_phase_sigquit_handler
    kill_process_tree(os.getpid())
  File "/sgl-workspace/sglang/python/sglang/srt/utils/common.py", line 1070, in kill_process_tree
    sys.exit(0)
SystemExit: 0

During handling of the above exception, another exception occurred:

Traceback (most recent call last):
  File "/opt/venv/lib/python3.10/site-packages/uvicorn/protocols/http/httptools_impl.py", line 409, in run_asgi
    result = await app(  # type: ignore[func-returns-value]
  File "/opt/venv/lib/python3.10/site-packages/uvicorn/middleware/proxy_headers.py", line 60, in __call__
    return await self.app(scope, receive, send)
  File "/opt/venv/lib/python3.10/site-packages/fastapi/applications.py", line 1054, in __call__
    await super().__call__(scope, receive, send)
  File "/opt/venv/lib/python3.10/site-packages/starlette/applications.py", line 113, in __call__
    await self.middleware_stack(scope, receive, send)
  File "/opt/venv/lib/python3.10/site-packages/starlette/middleware/errors.py", line 164, in __call__
    await self.app(scope, receive, _send)
  File "/opt/venv/lib/python3.10/site-packages/starlette/middleware/cors.py", line 85, in __call__
    await self.app(scope, receive, send)
  File "/opt/venv/lib/python3.10/site-packages/starlette/middleware/exceptions.py", line 63, in __call__
    await wrap_app_handling_exceptions(self.app, conn)(scope, receive, send)
  File "/opt/venv/lib/python3.10/site-packages/starlette/_exception_handler.py", line 42, in wrapped_app
    await app(scope, receive, sender)
  File "/opt/venv/lib/python3.10/site-packages/starlette/routing.py", line 716, in __call__
    await self.middleware_stack(scope, receive, send)
  File "/opt/venv/lib/python3.10/site-packages/starlette/routing.py", line 736, in app
    await route.handle(scope, receive, send)
  File "/opt/venv/lib/python3.10/site-packages/starlette/routing.py", line 290, in handle
    await self.app(scope, receive, send)
  File "/opt/venv/lib/python3.10/site-packages/starlette/routing.py", line 78, in app
    await wrap_app_handling_exceptions(app, request)(scope, receive, send)
  File "/opt/venv/lib/python3.10/site-packages/starlette/_exception_handler.py", line 42, in wrapped_app
    await app(scope, receive, sender)
  File "/opt/venv/lib/python3.10/site-packages/starlette/routing.py", line 75, in app
    response = await f(request)
  File "/opt/venv/lib/python3.10/site-packages/fastapi/routing.py", line 302, in app
    raw_response = await run_endpoint_function(
  File "/opt/venv/lib/python3.10/site-packages/fastapi/routing.py", line 213, in run_endpoint_function
    return await dependant.call(**values)
  File "/sgl-workspace/sglang/python/sglang/srt/entrypoints/http_server.py", line 1132, in openai_v1_completions
    return await raw_request.app.state.openai_serving_completion.handle_request(
  File "/sgl-workspace/sglang/python/sglang/srt/entrypoints/openai/serving_base.py", line 119, in handle_request
    return await self._handle_non_streaming_request(
  File "/sgl-workspace/sglang/python/sglang/srt/entrypoints/openai/serving_completions.py", line 348, in _handle_non_streaming_request
    ret = await generator.__anext__()
  File "/sgl-workspace/sglang/python/sglang/srt/managers/tokenizer_manager.py", line 432, in generate_request
    async for response in self._wait_one_response(obj, state, request):
  File "/sgl-workspace/sglang/python/sglang/srt/managers/tokenizer_manager.py", line 960, in _wait_one_response
    await asyncio.wait_for(state.event.wait(), timeout=4)
  File "/usr/lib/python3.10/asyncio/tasks.py", line 432, in wait_for
    await waiter
asyncio.exceptions.CancelledError
[2025-12-10 16:22:53] INFO:     10.194.129.138:48446 - "POST /v1/completions HTTP/1.1" 500 Internal Server Error
[2025-12-10 16:22:53] ERROR:    Exception in ASGI application
Traceback (most recent call last):
  File "/usr/lib/python3.10/asyncio/runners.py", line 44, in run
    return loop.run_until_complete(main)
  File "uvloop/loop.pyx", line 1512, in uvloop.loop.Loop.run_until_complete
  File "uvloop/loop.pyx", line 1505, in uvloop.loop.Loop.run_until_complete
  File "uvloop/loop.pyx", line 1379, in uvloop.loop.Loop.run_forever
  File "uvloop/loop.pyx", line 557, in uvloop.loop.Loop._run
  File "uvloop/loop.pyx", line 476, in uvloop.loop.Loop._on_idle
  File "uvloop/cbhandles.pyx", line 83, in uvloop.loop.Handle._run
  File "uvloop/cbhandles.pyx", line 61, in uvloop.loop.Handle._run
  File "/sgl-workspace/sglang/python/sglang/srt/managers/tokenizer_manager.py", line 2214, in running_phase_sigquit_handler
    kill_process_tree(os.getpid())
  File "/sgl-workspace/sglang/python/sglang/srt/utils/common.py", line 1070, in kill_process_tree
    sys.exit(0)
SystemExit: 0

During handling of the above exception, another exception occurred:

Traceback (most recent call last):
  File "/opt/venv/lib/python3.10/site-packages/uvicorn/protocols/http/httptools_impl.py", line 409, in run_asgi
    result = await app(  # type: ignore[func-returns-value]
  File "/opt/venv/lib/python3.10/site-packages/uvicorn/middleware/proxy_headers.py", line 60, in __call__
    return await self.app(scope, receive, send)
  File "/opt/venv/lib/python3.10/site-packages/fastapi/applications.py", line 1054, in __call__
    await super().__call__(scope, receive, send)
  File "/opt/venv/lib/python3.10/site-packages/starlette/applications.py", line 113, in __call__
    await self.middleware_stack(scope, receive, send)
  File "/opt/venv/lib/python3.10/site-packages/starlette/middleware/errors.py", line 164, in __call__
    await self.app(scope, receive, _send)
  File "/opt/venv/lib/python3.10/site-packages/starlette/middleware/cors.py", line 85, in __call__
    await self.app(scope, receive, send)
  File "/opt/venv/lib/python3.10/site-packages/starlette/middleware/exceptions.py", line 63, in __call__
    await wrap_app_handling_exceptions(self.app, conn)(scope, receive, send)
  File "/opt/venv/lib/python3.10/site-packages/starlette/_exception_handler.py", line 42, in wrapped_app
    await app(scope, receive, sender)
  File "/opt/venv/lib/python3.10/site-packages/starlette/routing.py", line 716, in __call__
    await self.middleware_stack(scope, receive, send)
  File "/opt/venv/lib/python3.10/site-packages/starlette/routing.py", line 736, in app
    await route.handle(scope, receive, send)
  File "/opt/venv/lib/python3.10/site-packages/starlette/routing.py", line 290, in handle
    await self.app(scope, receive, send)
  File "/opt/venv/lib/python3.10/site-packages/starlette/routing.py", line 78, in app
    await wrap_app_handling_exceptions(app, request)(scope, receive, send)
  File "/opt/venv/lib/python3.10/site-packages/starlette/_exception_handler.py", line 42, in wrapped_app
    await app(scope, receive, sender)
  File "/opt/venv/lib/python3.10/site-packages/starlette/routing.py", line 75, in app
    response = await f(request)
  File "/opt/venv/lib/python3.10/site-packages/fastapi/routing.py", line 302, in app
    raw_response = await run_endpoint_function(
  File "/opt/venv/lib/python3.10/site-packages/fastapi/routing.py", line 213, in run_endpoint_function
    return await dependant.call(**values)
  File "/sgl-workspace/sglang/python/sglang/srt/entrypoints/http_server.py", line 1132, in openai_v1_completions
    return await raw_request.app.state.openai_serving_completion.handle_request(
  File "/sgl-workspace/sglang/python/sglang/srt/entrypoints/openai/serving_base.py", line 119, in handle_request
    return await self._handle_non_streaming_request(
  File "/sgl-workspace/sglang/python/sglang/srt/entrypoints/openai/serving_completions.py", line 348, in _handle_non_streaming_request
    ret = await generator.__anext__()
  File "/sgl-workspace/sglang/python/sglang/srt/managers/tokenizer_manager.py", line 432, in generate_request
    async for response in self._wait_one_response(obj, state, request):
  File "/sgl-workspace/sglang/python/sglang/srt/managers/tokenizer_manager.py", line 960, in _wait_one_response
    await asyncio.wait_for(state.event.wait(), timeout=4)
  File "/usr/lib/python3.10/asyncio/tasks.py", line 432, in wait_for
    await waiter
asyncio.exceptions.CancelledError
[2025-12-10 16:22:53] INFO:     10.194.129.138:48478 - "POST /v1/completions HTTP/1.1" 500 Internal Server Error
[2025-12-10 16:22:53] ERROR:    Exception in ASGI application
Traceback (most recent call last):
  File "/usr/lib/python3.10/asyncio/runners.py", line 44, in run
    return loop.run_until_complete(main)
  File "uvloop/loop.pyx", line 1512, in uvloop.loop.Loop.run_until_complete
  File "uvloop/loop.pyx", line 1505, in uvloop.loop.Loop.run_until_complete
  File "uvloop/loop.pyx", line 1379, in uvloop.loop.Loop.run_forever
  File "uvloop/loop.pyx", line 557, in uvloop.loop.Loop._run
  File "uvloop/loop.pyx", line 476, in uvloop.loop.Loop._on_idle
  File "uvloop/cbhandles.pyx", line 83, in uvloop.loop.Handle._run
  File "uvloop/cbhandles.pyx", line 61, in uvloop.loop.Handle._run
  File "/sgl-workspace/sglang/python/sglang/srt/managers/tokenizer_manager.py", line 2214, in running_phase_sigquit_handler
    kill_process_tree(os.getpid())
  File "/sgl-workspace/sglang/python/sglang/srt/utils/common.py", line 1070, in kill_process_tree
    sys.exit(0)
SystemExit: 0

During handling of the above exception, another exception occurred:

Traceback (most recent call last):
  File "/opt/venv/lib/python3.10/site-packages/uvicorn/protocols/http/httptools_impl.py", line 409, in run_asgi
[2025-12-10 16:22:53] INFO:     10.194.129.138:48416 - "POST /v1/completions HTTP/1.1" 500 Internal Server Error
    result = await app(  # type: ignore[func-returns-value]
  File "/opt/venv/lib/python3.10/site-packages/uvicorn/middleware/proxy_headers.py", line 60, in __call__
    return await self.app(scope, receive, send)
  File "/opt/venv/lib/python3.10/site-packages/fastapi/applications.py", line 1054, in __call__
    await super().__call__(scope, receive, send)
  File "/opt/venv/lib/python3.10/site-packages/starlette/applications.py", line 113, in __call__
    await self.middleware_stack(scope, receive, send)
  File "/opt/venv/lib/python3.10/site-packages/starlette/middleware/errors.py", line 164, in __call__
    await self.app(scope, receive, _send)
  File "/opt/venv/lib/python3.10/site-packages/starlette/middleware/cors.py", line 85, in __call__
    await self.app(scope, receive, send)
  File "/opt/venv/lib/python3.10/site-packages/starlette/middleware/exceptions.py", line 63, in __call__
    await wrap_app_handling_exceptions(self.app, conn)(scope, receive, send)
  File "/opt/venv/lib/python3.10/site-packages/starlette/_exception_handler.py", line 42, in wrapped_app
    await app(scope, receive, sender)
  File "/opt/venv/lib/python3.10/site-packages/starlette/routing.py", line 716, in __call__
    await self.middleware_stack(scope, receive, send)
  File "/opt/venv/lib/python3.10/site-packages/starlette/routing.py", line 736, in app
    await route.handle(scope, receive, send)
  File "/opt/venv/lib/python3.10/site-packages/starlette/routing.py", line 290, in handle
    await self.app(scope, receive, send)
  File "/opt/venv/lib/python3.10/site-packages/starlette/routing.py", line 78, in app
    await wrap_app_handling_exceptions(app, request)(scope, receive, send)
  File "/opt/venv/lib/python3.10/site-packages/starlette/_exception_handler.py", line 42, in wrapped_app
    await app(scope, receive, sender)
  File "/opt/venv/lib/python3.10/site-packages/starlette/routing.py", line 75, in app
    response = await f(request)
  File "/opt/venv/lib/python3.10/site-packages/fastapi/routing.py", line 302, in app
    raw_response = await run_endpoint_function(
  File "/opt/venv/lib/python3.10/site-packages/fastapi/routing.py", line 213, in run_endpoint_function
    return await dependant.call(**values)
  File "/sgl-workspace/sglang/python/sglang/srt/entrypoints/http_server.py", line 1132, in openai_v1_completions
    return await raw_request.app.state.openai_serving_completion.handle_request(
  File "/sgl-workspace/sglang/python/sglang/srt/entrypoints/openai/serving_base.py", line 119, in handle_request
    return await self._handle_non_streaming_request(
  File "/sgl-workspace/sglang/python/sglang/srt/entrypoints/openai/serving_completions.py", line 348, in _handle_non_streaming_request
    ret = await generator.__anext__()
  File "/sgl-workspace/sglang/python/sglang/srt/managers/tokenizer_manager.py", line 432, in generate_request
    async for response in self._wait_one_response(obj, state, request):
  File "/sgl-workspace/sglang/python/sglang/srt/managers/tokenizer_manager.py", line 960, in _wait_one_response
    await asyncio.wait_for(state.event.wait(), timeout=4)
  File "/usr/lib/python3.10/asyncio/tasks.py", line 432, in wait_for
    await waiter
asyncio.exceptions.CancelledError
[2025-12-10 16:22:53] ERROR:    Exception in ASGI application
Traceback (most recent call last):
  File "/usr/lib/python3.10/asyncio/runners.py", line 44, in run
    return loop.run_until_complete(main)
  File "uvloop/loop.pyx", line 1512, in uvloop.loop.Loop.run_until_complete
  File "uvloop/loop.pyx", line 1505, in uvloop.loop.Loop.run_until_complete
  File "uvloop/loop.pyx", line 1379, in uvloop.loop.Loop.run_forever
  File "uvloop/loop.pyx", line 557, in uvloop.loop.Loop._run
  File "uvloop/loop.pyx", line 476, in uvloop.loop.Loop._on_idle
  File "uvloop/cbhandles.pyx", line 83, in uvloop.loop.Handle._run
  File "uvloop/cbhandles.pyx", line 61, in uvloop.loop.Handle._run
  File "/sgl-workspace/sglang/python/sglang/srt/managers/tokenizer_manager.py", line 2214, in running_phase_sigquit_handler
    kill_process_tree(os.getpid())
  File "/sgl-workspace/sglang/python/sglang/srt/utils/common.py", line 1070, in kill_process_tree
    sys.exit(0)
SystemExit: 0

During handling of the above exception, another exception occurred:

[2025-12-10 16:22:53] INFO:     10.194.129.138:48450 - "POST /v1/completions HTTP/1.1" 500 Internal Server Error
Traceback (most recent call last):
  File "/opt/venv/lib/python3.10/site-packages/uvicorn/protocols/http/httptools_impl.py", line 409, in run_asgi
    result = await app(  # type: ignore[func-returns-value]
  File "/opt/venv/lib/python3.10/site-packages/uvicorn/middleware/proxy_headers.py", line 60, in __call__
    return await self.app(scope, receive, send)
  File "/opt/venv/lib/python3.10/site-packages/fastapi/applications.py", line 1054, in __call__
    await super().__call__(scope, receive, send)
  File "/opt/venv/lib/python3.10/site-packages/starlette/applications.py", line 113, in __call__
    await self.middleware_stack(scope, receive, send)
  File "/opt/venv/lib/python3.10/site-packages/starlette/middleware/errors.py", line 164, in __call__
    await self.app(scope, receive, _send)
  File "/opt/venv/lib/python3.10/site-packages/starlette/middleware/cors.py", line 85, in __call__
    await self.app(scope, receive, send)
  File "/opt/venv/lib/python3.10/site-packages/starlette/middleware/exceptions.py", line 63, in __call__
    await wrap_app_handling_exceptions(self.app, conn)(scope, receive, send)
  File "/opt/venv/lib/python3.10/site-packages/starlette/_exception_handler.py", line 42, in wrapped_app
    await app(scope, receive, sender)
  File "/opt/venv/lib/python3.10/site-packages/starlette/routing.py", line 716, in __call__
    await self.middleware_stack(scope, receive, send)
  File "/opt/venv/lib/python3.10/site-packages/starlette/routing.py", line 736, in app
    await route.handle(scope, receive, send)
  File "/opt/venv/lib/python3.10/site-packages/starlette/routing.py", line 290, in handle
    await self.app(scope, receive, send)
  File "/opt/venv/lib/python3.10/site-packages/starlette/routing.py", line 78, in app
    await wrap_app_handling_exceptions(app, request)(scope, receive, send)
  File "/opt/venv/lib/python3.10/site-packages/starlette/_exception_handler.py", line 42, in wrapped_app
    await app(scope, receive, sender)
  File "/opt/venv/lib/python3.10/site-packages/starlette/routing.py", line 75, in app
    response = await f(request)
  File "/opt/venv/lib/python3.10/site-packages/fastapi/routing.py", line 302, in app
    raw_response = await run_endpoint_function(
  File "/opt/venv/lib/python3.10/site-packages/fastapi/routing.py", line 213, in run_endpoint_function
    return await dependant.call(**values)
  File "/sgl-workspace/sglang/python/sglang/srt/entrypoints/http_server.py", line 1132, in openai_v1_completions
    return await raw_request.app.state.openai_serving_completion.handle_request(
  File "/sgl-workspace/sglang/python/sglang/srt/entrypoints/openai/serving_base.py", line 119, in handle_request
    return await self._handle_non_streaming_request(
  File "/sgl-workspace/sglang/python/sglang/srt/entrypoints/openai/serving_completions.py", line 348, in _handle_non_streaming_request
    ret = await generator.__anext__()
  File "/sgl-workspace/sglang/python/sglang/srt/managers/tokenizer_manager.py", line 432, in generate_request
    async for response in self._wait_one_response(obj, state, request):
  File "/sgl-workspace/sglang/python/sglang/srt/managers/tokenizer_manager.py", line 960, in _wait_one_response
    await asyncio.wait_for(state.event.wait(), timeout=4)
  File "/usr/lib/python3.10/asyncio/tasks.py", line 432, in wait_for
    await waiter
asyncio.exceptions.CancelledError
[2025-12-10 16:22:53] ERROR:    Exception in ASGI application
Traceback (most recent call last):
  File "/usr/lib/python3.10/asyncio/runners.py", line 44, in run
    return loop.run_until_complete(main)
  File "uvloop/loop.pyx", line 1512, in uvloop.loop.Loop.run_until_complete
  File "uvloop/loop.pyx", line 1505, in uvloop.loop.Loop.run_until_complete
  File "uvloop/loop.pyx", line 1379, in uvloop.loop.Loop.run_forever
  File "uvloop/loop.pyx", line 557, in uvloop.loop.Loop._run
  File "uvloop/loop.pyx", line 476, in uvloop.loop.Loop._on_idle
  File "uvloop/cbhandles.pyx", line 83, in uvloop.loop.Handle._run
  File "uvloop/cbhandles.pyx", line 61, in uvloop.loop.Handle._run
  File "/sgl-workspace/sglang/python/sglang/srt/managers/tokenizer_manager.py", line 2214, in running_phase_sigquit_handler
    kill_process_tree(os.getpid())
  File "/sgl-workspace/sglang/python/sglang/srt/utils/common.py", line 1070, in kill_process_tree
    sys.exit(0)
SystemExit: 0

During handling of the above exception, another exception occurred:
[2025-12-10 16:22:53] INFO:     10.194.129.138:48490 - "POST /v1/completions HTTP/1.1" 500 Internal Server Error

Traceback (most recent call last):
  File "/opt/venv/lib/python3.10/site-packages/uvicorn/protocols/http/httptools_impl.py", line 409, in run_asgi
    result = await app(  # type: ignore[func-returns-value]
  File "/opt/venv/lib/python3.10/site-packages/uvicorn/middleware/proxy_headers.py", line 60, in __call__
    return await self.app(scope, receive, send)
  File "/opt/venv/lib/python3.10/site-packages/fastapi/applications.py", line 1054, in __call__
    await super().__call__(scope, receive, send)
  File "/opt/venv/lib/python3.10/site-packages/starlette/applications.py", line 113, in __call__
    await self.middleware_stack(scope, receive, send)
  File "/opt/venv/lib/python3.10/site-packages/starlette/middleware/errors.py", line 164, in __call__
    await self.app(scope, receive, _send)
  File "/opt/venv/lib/python3.10/site-packages/starlette/middleware/cors.py", line 85, in __call__
    await self.app(scope, receive, send)
  File "/opt/venv/lib/python3.10/site-packages/starlette/middleware/exceptions.py", line 63, in __call__
    await wrap_app_handling_exceptions(self.app, conn)(scope, receive, send)
  File "/opt/venv/lib/python3.10/site-packages/starlette/_exception_handler.py", line 42, in wrapped_app
    await app(scope, receive, sender)
  File "/opt/venv/lib/python3.10/site-packages/starlette/routing.py", line 716, in __call__
    await self.middleware_stack(scope, receive, send)
  File "/opt/venv/lib/python3.10/site-packages/starlette/routing.py", line 736, in app
    await route.handle(scope, receive, send)
  File "/opt/venv/lib/python3.10/site-packages/starlette/routing.py", line 290, in handle
    await self.app(scope, receive, send)
  File "/opt/venv/lib/python3.10/site-packages/starlette/routing.py", line 78, in app
    await wrap_app_handling_exceptions(app, request)(scope, receive, send)
  File "/opt/venv/lib/python3.10/site-packages/starlette/_exception_handler.py", line 42, in wrapped_app
    await app(scope, receive, sender)
  File "/opt/venv/lib/python3.10/site-packages/starlette/routing.py", line 75, in app
    response = await f(request)
  File "/opt/venv/lib/python3.10/site-packages/fastapi/routing.py", line 302, in app
    raw_response = await run_endpoint_function(
  File "/opt/venv/lib/python3.10/site-packages/fastapi/routing.py", line 213, in run_endpoint_function
    return await dependant.call(**values)
  File "/sgl-workspace/sglang/python/sglang/srt/entrypoints/http_server.py", line 1132, in openai_v1_completions
    return await raw_request.app.state.openai_serving_completion.handle_request(
  File "/sgl-workspace/sglang/python/sglang/srt/entrypoints/openai/serving_base.py", line 119, in handle_request
    return await self._handle_non_streaming_request(
  File "/sgl-workspace/sglang/python/sglang/srt/entrypoints/openai/serving_completions.py", line 348, in _handle_non_streaming_request
    ret = await generator.__anext__()
  File "/sgl-workspace/sglang/python/sglang/srt/managers/tokenizer_manager.py", line 432, in generate_request
    async for response in self._wait_one_response(obj, state, request):
  File "/sgl-workspace/sglang/python/sglang/srt/managers/tokenizer_manager.py", line 960, in _wait_one_response
    await asyncio.wait_for(state.event.wait(), timeout=4)
  File "/usr/lib/python3.10/asyncio/tasks.py", line 432, in wait_for
    await waiter
asyncio.exceptions.CancelledError
[2025-12-10 16:22:53] ERROR:    Exception in ASGI application
Traceback (most recent call last):
  File "/usr/lib/python3.10/asyncio/runners.py", line 44, in run
    return loop.run_until_complete(main)
  File "uvloop/loop.pyx", line 1512, in uvloop.loop.Loop.run_until_complete
  File "uvloop/loop.pyx", line 1505, in uvloop.loop.Loop.run_until_complete
  File "uvloop/loop.pyx", line 1379, in uvloop.loop.Loop.run_forever
  File "uvloop/loop.pyx", line 557, in uvloop.loop.Loop._run
  File "uvloop/loop.pyx", line 476, in uvloop.loop.Loop._on_idle
  File "uvloop/cbhandles.pyx", line 83, in uvloop.loop.Handle._run
  File "uvloop/cbhandles.pyx", line 61, in uvloop.loop.Handle._run
  File "/sgl-workspace/sglang/python/sglang/srt/managers/tokenizer_manager.py", line 2214, in running_phase_sigquit_handler
    kill_process_tree(os.getpid())
  File "/sgl-workspace/sglang/python/sglang/srt/utils/common.py", line 1070, in kill_process_tree
    sys.exit(0)
SystemExit: 0

During handling of the above exception, another exception occurred:

Traceback (most recent call last):
  File "/opt/venv/lib/python3.10/site-packages/uvicorn/protocols/http/httptools_impl.py", line 409, in run_asgi
    result = await app(  # type: ignore[func-returns-value]
  File "/opt/venv/lib/python3.10/site-packages/uvicorn/middleware/proxy_headers.py", line 60, in __call__
    return await self.app(scope, receive, send)
  File "/opt/venv/lib/python3.10/site-packages/fastapi/applications.py", line 1054, in __call__
    await super().__call__(scope, receive, send)
  File "/opt/venv/lib/python3.10/site-packages/starlette/applications.py", line 113, in __call__
    await self.middleware_stack(scope, receive, send)
  File "/opt/venv/lib/python3.10/site-packages/starlette/middleware/errors.py", line 164, in __call__
    await self.app(scope, receive, _send)
  File "/opt/venv/lib/python3.10/site-packages/starlette/middleware/cors.py", line 85, in __call__
    await self.app(scope, receive, send)
  File "/opt/venv/lib/python3.10/site-packages/starlette/middleware/exceptions.py", line 63, in __call__
    await wrap_app_handling_exceptions(self.app, conn)(scope, receive, send)
  File "/opt/venv/lib/python3.10/site-packages/starlette/_exception_handler.py", line 42, in wrapped_app
    await app(scope, receive, sender)
  File "/opt/venv/lib/python3.10/site-packages/starlette/routing.py", line 716, in __call__
    await self.middleware_stack(scope, receive, send)
  File "/opt/venv/lib/python3.10/site-packages/starlette/routing.py", line 736, in app
    await route.handle(scope, receive, send)
  File "/opt/venv/lib/python3.10/site-packages/starlette/routing.py", line 290, in handle
    await self.app(scope, receive, send)
  File "/opt/venv/lib/python3.10/site-packages/starlette/routing.py", line 78, in app
    await wrap_app_handling_exceptions(app, request)(scope, receive, send)
  File "/opt/venv/lib/python3.10/site-packages/starlette/_exception_handler.py", line 42, in wrapped_app
    await app(scope, receive, sender)
  File "/opt/venv/lib/python3.10/site-packages/starlette/routing.py", line 75, in app
    response = await f(request)
  File "/opt/venv/lib/python3.10/site-packages/fastapi/routing.py", line 302, in app
    raw_response = await run_endpoint_function(
  File "/opt/venv/lib/python3.10/site-packages/fastapi/routing.py", line 213, in run_endpoint_function
    return await dependant.call(**values)
  File "/sgl-workspace/sglang/python/sglang/srt/entrypoints/http_server.py", line 1132, in openai_v1_completions
    return await raw_request.app.state.openai_serving_completion.handle_request(
  File "/sgl-workspace/sglang/python/sglang/srt/entrypoints/openai/serving_base.py", line 119, in handle_request
    return await self._handle_non_streaming_request(
  File "/sgl-workspace/sglang/python/sglang/srt/entrypoints/openai/serving_completions.py", line 348, in _handle_non_streaming_request
    ret = await generator.__anext__()
  File "/sgl-workspace/sglang/python/sglang/srt/managers/tokenizer_manager.py", line 432, in generate_request
    async for response in self._wait_one_response(obj, state, request):
  File "/sgl-workspace/sglang/python/sglang/srt/managers/tokenizer_manager.py", line 960, in _wait_one_response
    await asyncio.wait_for(state.event.wait(), timeout=4)
[2025-12-10 16:22:53] INFO:     10.194.129.138:48424 - "POST /v1/completions HTTP/1.1" 500 Internal Server Error
  File "/usr/lib/python3.10/asyncio/tasks.py", line 432, in wait_for
    await waiter
asyncio.exceptions.CancelledError
[2025-12-10 16:22:53] ERROR:    Exception in ASGI application
Traceback (most recent call last):
  File "/usr/lib/python3.10/asyncio/runners.py", line 44, in run
    return loop.run_until_complete(main)
  File "uvloop/loop.pyx", line 1512, in uvloop.loop.Loop.run_until_complete
  File "uvloop/loop.pyx", line 1505, in uvloop.loop.Loop.run_until_complete
  File "uvloop/loop.pyx", line 1379, in uvloop.loop.Loop.run_forever
  File "uvloop/loop.pyx", line 557, in uvloop.loop.Loop._run
  File "uvloop/loop.pyx", line 476, in uvloop.loop.Loop._on_idle
  File "uvloop/cbhandles.pyx", line 83, in uvloop.loop.Handle._run
  File "uvloop/cbhandles.pyx", line 61, in uvloop.loop.Handle._run
  File "/sgl-workspace/sglang/python/sglang/srt/managers/tokenizer_manager.py", line 2214, in running_phase_sigquit_handler
    kill_process_tree(os.getpid())
  File "/sgl-workspace/sglang/python/sglang/srt/utils/common.py", line 1070, in kill_process_tree
    sys.exit(0)
SystemExit: 0

[2025-12-10 16:22:53] INFO:     10.194.129.138:48454 - "POST /v1/completions HTTP/1.1" 500 Internal Server Error
During handling of the above exception, another exception occurred:

Traceback (most recent call last):
  File "/opt/venv/lib/python3.10/site-packages/uvicorn/protocols/http/httptools_impl.py", line 409, in run_asgi
    result = await app(  # type: ignore[func-returns-value]
  File "/opt/venv/lib/python3.10/site-packages/uvicorn/middleware/proxy_headers.py", line 60, in __call__
    return await self.app(scope, receive, send)
  File "/opt/venv/lib/python3.10/site-packages/fastapi/applications.py", line 1054, in __call__
    await super().__call__(scope, receive, send)
  File "/opt/venv/lib/python3.10/site-packages/starlette/applications.py", line 113, in __call__
    await self.middleware_stack(scope, receive, send)
  File "/opt/venv/lib/python3.10/site-packages/starlette/middleware/errors.py", line 164, in __call__
    await self.app(scope, receive, _send)
  File "/opt/venv/lib/python3.10/site-packages/starlette/middleware/cors.py", line 85, in __call__
    await self.app(scope, receive, send)
  File "/opt/venv/lib/python3.10/site-packages/starlette/middleware/exceptions.py", line 63, in __call__
    await wrap_app_handling_exceptions(self.app, conn)(scope, receive, send)
  File "/opt/venv/lib/python3.10/site-packages/starlette/_exception_handler.py", line 42, in wrapped_app
    await app(scope, receive, sender)
  File "/opt/venv/lib/python3.10/site-packages/starlette/routing.py", line 716, in __call__
    await self.middleware_stack(scope, receive, send)
  File "/opt/venv/lib/python3.10/site-packages/starlette/routing.py", line 736, in app
    await route.handle(scope, receive, send)
  File "/opt/venv/lib/python3.10/site-packages/starlette/routing.py", line 290, in handle
    await self.app(scope, receive, send)
  File "/opt/venv/lib/python3.10/site-packages/starlette/routing.py", line 78, in app
    await wrap_app_handling_exceptions(app, request)(scope, receive, send)
  File "/opt/venv/lib/python3.10/site-packages/starlette/_exception_handler.py", line 42, in wrapped_app
    await app(scope, receive, sender)
  File "/opt/venv/lib/python3.10/site-packages/starlette/routing.py", line 75, in app
    response = await f(request)
  File "/opt/venv/lib/python3.10/site-packages/fastapi/routing.py", line 302, in app
    raw_response = await run_endpoint_function(
  File "/opt/venv/lib/python3.10/site-packages/fastapi/routing.py", line 213, in run_endpoint_function
    return await dependant.call(**values)
  File "/sgl-workspace/sglang/python/sglang/srt/entrypoints/http_server.py", line 1132, in openai_v1_completions
    return await raw_request.app.state.openai_serving_completion.handle_request(
  File "/sgl-workspace/sglang/python/sglang/srt/entrypoints/openai/serving_base.py", line 119, in handle_request
    return await self._handle_non_streaming_request(
  File "/sgl-workspace/sglang/python/sglang/srt/entrypoints/openai/serving_completions.py", line 348, in _handle_non_streaming_request
    ret = await generator.__anext__()
  File "/sgl-workspace/sglang/python/sglang/srt/managers/tokenizer_manager.py", line 432, in generate_request
    async for response in self._wait_one_response(obj, state, request):
  File "/sgl-workspace/sglang/python/sglang/srt/managers/tokenizer_manager.py", line 960, in _wait_one_response
    await asyncio.wait_for(state.event.wait(), timeout=4)
  File "/usr/lib/python3.10/asyncio/tasks.py", line 432, in wait_for
    await waiter
asyncio.exceptions.CancelledError
[2025-12-10 16:22:53] ERROR:    Exception in ASGI application
Traceback (most recent call last):
  File "/usr/lib/python3.10/asyncio/runners.py", line 44, in run
    return loop.run_until_complete(main)
  File "uvloop/loop.pyx", line 1512, in uvloop.loop.Loop.run_until_complete
  File "uvloop/loop.pyx", line 1505, in uvloop.loop.Loop.run_until_complete
  File "uvloop/loop.pyx", line 1379, in uvloop.loop.Loop.run_forever
  File "uvloop/loop.pyx", line 557, in uvloop.loop.Loop._run
  File "uvloop/loop.pyx", line 476, in uvloop.loop.Loop._on_idle
  File "uvloop/cbhandles.pyx", line 83, in uvloop.loop.Handle._run
  File "uvloop/cbhandles.pyx", line 61, in uvloop.loop.Handle._run
  File "/sgl-workspace/sglang/python/sglang/srt/managers/tokenizer_manager.py", line 2214, in running_phase_sigquit_handler
    kill_process_tree(os.getpid())
  File "/sgl-workspace/sglang/python/sglang/srt/utils/common.py", line 1070, in kill_process_tree
    sys.exit(0)
SystemExit: 0

During handling of the above exception, another exception occurred:

Traceback (most recent call last):
  File "/opt/venv/lib/python3.10/site-packages/uvicorn/protocols/http/httptools_impl.py", line 409, in run_asgi
    result = await app(  # type: ignore[func-returns-value]
[2025-12-10 16:22:53] INFO:     10.194.129.138:48500 - "POST /v1/completions HTTP/1.1" 500 Internal Server Error
  File "/opt/venv/lib/python3.10/site-packages/uvicorn/middleware/proxy_headers.py", line 60, in __call__
    return await self.app(scope, receive, send)
  File "/opt/venv/lib/python3.10/site-packages/fastapi/applications.py", line 1054, in __call__
    await super().__call__(scope, receive, send)
  File "/opt/venv/lib/python3.10/site-packages/starlette/applications.py", line 113, in __call__
    await self.middleware_stack(scope, receive, send)
  File "/opt/venv/lib/python3.10/site-packages/starlette/middleware/errors.py", line 164, in __call__
    await self.app(scope, receive, _send)
  File "/opt/venv/lib/python3.10/site-packages/starlette/middleware/cors.py", line 85, in __call__
    await self.app(scope, receive, send)
  File "/opt/venv/lib/python3.10/site-packages/starlette/middleware/exceptions.py", line 63, in __call__
    await wrap_app_handling_exceptions(self.app, conn)(scope, receive, send)
  File "/opt/venv/lib/python3.10/site-packages/starlette/_exception_handler.py", line 42, in wrapped_app
    await app(scope, receive, sender)
  File "/opt/venv/lib/python3.10/site-packages/starlette/routing.py", line 716, in __call__
    await self.middleware_stack(scope, receive, send)
  File "/opt/venv/lib/python3.10/site-packages/starlette/routing.py", line 736, in app
    await route.handle(scope, receive, send)
  File "/opt/venv/lib/python3.10/site-packages/starlette/routing.py", line 290, in handle
    await self.app(scope, receive, send)
  File "/opt/venv/lib/python3.10/site-packages/starlette/routing.py", line 78, in app
    await wrap_app_handling_exceptions(app, request)(scope, receive, send)
  File "/opt/venv/lib/python3.10/site-packages/starlette/_exception_handler.py", line 42, in wrapped_app
    await app(scope, receive, sender)
  File "/opt/venv/lib/python3.10/site-packages/starlette/routing.py", line 75, in app
    response = await f(request)
  File "/opt/venv/lib/python3.10/site-packages/fastapi/routing.py", line 302, in app
    raw_response = await run_endpoint_function(
  File "/opt/venv/lib/python3.10/site-packages/fastapi/routing.py", line 213, in run_endpoint_function
    return await dependant.call(**values)
  File "/sgl-workspace/sglang/python/sglang/srt/entrypoints/http_server.py", line 1132, in openai_v1_completions
    return await raw_request.app.state.openai_serving_completion.handle_request(
  File "/sgl-workspace/sglang/python/sglang/srt/entrypoints/openai/serving_base.py", line 119, in handle_request
    return await self._handle_non_streaming_request(
  File "/sgl-workspace/sglang/python/sglang/srt/entrypoints/openai/serving_completions.py", line 348, in _handle_non_streaming_request
    ret = await generator.__anext__()
  File "/sgl-workspace/sglang/python/sglang/srt/managers/tokenizer_manager.py", line 432, in generate_request
    async for response in self._wait_one_response(obj, state, request):
  File "/sgl-workspace/sglang/python/sglang/srt/managers/tokenizer_manager.py", line 960, in _wait_one_response
    await asyncio.wait_for(state.event.wait(), timeout=4)
  File "/usr/lib/python3.10/asyncio/tasks.py", line 432, in wait_for
    await waiter
asyncio.exceptions.CancelledError
