[test] ==========================================
[test] SGL Nightly Unit Test Started
[test] ==========================================
[test] Command: scripts/test_nightly.sh --model-path=/mnt/raid/models/deepseek-ai/amd-DeepSeek-R1-MXFP4-Preview --test-type=pd --hardware=mi35x --teams-webhook-url=https://prod-99.westus.logic.azure.com/workflows/44b23afb37e74288b6b006c60bbe65b2/triggers/manual/paths/invoke?api-version=2016-06-01&sp=%2Ftriggers%2Fmanual%2Frun&sv=1.0&sig=ucbP9AJ9WeZtxe95Wmi8TfLUjiEo0AZSZP4Y_cNgWS0
[test] Start time: 2025-11-26 10:15:01 CST
[test] Machine: smci355-ccs-aus-m12-33
[test] Working directory: /mnt/raid/michael/sglang-ci
[test] Script location: /mnt/raid/michael/sglang-ci/scripts/test_nightly.sh
[test] Process ID: 2600134
[test] ==========================================

[test] Runtime Environment:
[test] User: michaezh | Groups: michaezh sudo docker... | Docker: /usr/bin/docker
[test] Testing Docker daemon access...
[test] Docker daemon accessible - proceeding...
[test] Hardware: mi35x, ROCM Version: rocm700 (PD test - using rocm700)
[test] Test Type: pd
[test] Created process lock: /tmp/test_nightly_pd.lock
[test] Cleaning up Docker containers...
[test] Stopping running containers: 1fbebcc08617
[test] Docker container cleanup complete.
[test] Checking for conflicting SGLang processes...
[test] No conflicting SGLang processes found.
[test] GPU is still busy after cleanup. Waiting 15s for GPU to become idle...
[test] WARN: GPU may still be busy, but no conflicting processes found. Proceeding...
[test] Searching for latest non-SRT image...
[test] Searching for non-SRT mi35x image (rocm700) in 'rocm/sgl-dev' for date 20251126...
[test] Found candidate tag for today: v0.5.5.post3-rocm700-mi35x-20251126
[test] Attempting to pull rocm/sgl-dev:v0.5.5.post3-rocm700-mi35x-20251126...
v0.5.5.post3-rocm700-mi35x-20251126: Pulling from rocm/sgl-dev
Digest: sha256:3735612cb36c5ac37f0b1c97a0476455f14829a7c7e45471fbdc0075a3c8b61c
Status: Image is up to date for rocm/sgl-dev:v0.5.5.post3-rocm700-mi35x-20251126
docker.io/rocm/sgl-dev:v0.5.5.post3-rocm700-mi35x-20251126
[test] Successfully pulled image for today: rocm/sgl-dev:v0.5.5.post3-rocm700-mi35x-20251126
[test] Selected image to run tests on: rocm/sgl-dev:v0.5.5.post3-rocm700-mi35x-20251126

[test] ==========================================
[test] Starting tests for image: rocm/sgl-dev:v0.5.5.post3-rocm700-mi35x-20251126
[test] Test type: pd
[test] ==========================================
[test] Checking GPU status before starting tests for rocm/sgl-dev:v0.5.5.post3-rocm700-mi35x-20251126...
[test] Cleaning up Docker containers...
[test] Stopping running containers: e0efad96c326
[test] Docker container cleanup complete.
[test] Checking for conflicting SGLang processes...
[test] No conflicting SGLang processes found.
[test] GPU is still busy after cleanup. Waiting 15s for GPU to become idle...
[test] WARN: GPU may still be busy, but no conflicting processes found. Proceeding...
[test] Using Docker image: rocm/sgl-dev:v0.5.5.post3-rocm700-mi35x-20251126
[test] Container name: sgl-dev_v0.5.5.post3-rocm700-mi35x-20251126
[test] ==========================================
[test] Running PD Disaggregation Test
[test] ==========================================
[test] Hardware type: mi35x
[test] Model path: /mnt/raid/models/deepseek-ai/amd-DeepSeek-R1-MXFP4-Preview
[test] Model name: DeepSeek-R1-MXFP4-Preview
[test] Running PD test script: /mnt/raid/michael/sglang-ci/test/pd/run_pd_docker.sh
[test] Model: DeepSeek-R1-MXFP4-Preview (/mnt/raid/models/deepseek-ai/amd-DeepSeek-R1-MXFP4-Preview)
[test] Docker Image: rocm/sgl-dev:v0.5.5.post3-rocm700-mi35x-20251126
[pd-test] Log directory created: /mnt/raid/michael/sglang-ci/test/pd/pd_log/mi35x/v0.5.5.post3-rocm700-mi35x-20251126
===================================================
PD Test Execution Started: Wed Nov 26 10:15:34 AM CST 2025
===================================================
[pd-test] ==========================================
[pd-test] SGLang PD Docker-based Test Runner
[pd-test] ==========================================
[pd-test] Model: /mnt/raid/models/deepseek-ai/amd-DeepSeek-R1-MXFP4-Preview
[pd-test] Model Name: DeepSeek-R1-MXFP4-Preview
[pd-test] Docker Image: rocm/sgl-dev:v0.5.5.post3-rocm700-mi35x-20251126
[pd-test] Hardware: mi35x
[pd-test] Docker Tag: v0.5.5.post3-rocm700-mi35x-20251126
[pd-test] Log Directory: /mnt/raid/michael/sglang-ci/test/pd/pd_log/mi35x/v0.5.5.post3-rocm700-mi35x-20251126
[pd-test] IP: 10.235.26.245
[pd-test]
[pd-test] Checking for existing containers...

[pd-test] ==========================================
[pd-test] Cleaning up Docker containers...
[pd-test] ==========================================
[pd-test] Cleanup complete.
===================================================
PD Test Execution Ended: Wed Nov 26 10:15:38 AM CST 2025 (Exit Code: 0)
===================================================
[pd-test] ==========================================
[pd-test] Step 1: Starting Load Balancer/Router...
[pd-test] ==========================================
[pd-test] Router container started (ID: 712fbf57a2bf)
[pd-test] Waiting 10 seconds for router to initialize...
[pd-test] âœ“ Router started successfully

[pd-test] ==========================================
[pd-test] Step 2: Starting Prefill Server (GPUs 0-3)...
[pd-test] ==========================================
[pd-test] Prefill Server container started (ID: 20c3d28860c0)
[pd-test] Waiting 150 seconds for prefill server to initialize...
[pd-test] âœ“ Prefill Server started successfully

[pd-test] ==========================================
[pd-test] Step 3: Starting Decode Server (GPUs 4-7)...
[pd-test] ==========================================
[pd-test] Decode Server container started (ID: fa5b43065a47)
[pd-test] Waiting 150 seconds for decode server to initialize...
[pd-test] âœ“ Decode Server started successfully

[pd-test] ==========================================
[pd-test] Step 4: Waiting for services to be healthy...
[pd-test] ==========================================
[pd-test] Waiting additional 30 seconds...
[pd-test] Checking health endpoints for all services...
[pd-test] Attempt 1/60...
[pd-test]   â§— Prefill server not ready yet...
[pd-test]   â§— Decode server not ready yet...
[pd-test] Attempt 2/60...
[pd-test]   â§— Prefill server not ready yet...
[pd-test]   â§— Decode server not ready yet...
[pd-test] Attempt 3/60...
[pd-test]   â§— Prefill server not ready yet...
[pd-test]   â§— Decode server not ready yet...
[pd-test] Attempt 4/60...
[pd-test]   â§— Prefill server not ready yet...
[pd-test]   â§— Decode server not ready yet...
[pd-test] Attempt 5/60...
[pd-test]   â§— Prefill server not ready yet...
[pd-test]   â§— Decode server not ready yet...
[pd-test] Attempt 6/60...
[pd-test]   â§— Prefill server not ready yet...
[pd-test]   â§— Decode server not ready yet...
[pd-test] Attempt 7/60...
[pd-test]   â§— Prefill server not ready yet...
[pd-test]   â§— Decode server not ready yet...
[pd-test] Attempt 8/60...
[pd-test]   â§— Prefill server not ready yet...
[pd-test]   â§— Decode server not ready yet...
[pd-test] Attempt 9/60...
[pd-test]   â§— Prefill server not ready yet...
[pd-test]   â§— Decode server not ready yet...
[pd-test] Attempt 10/60...
[pd-test]   â§— Prefill server not ready yet...
[pd-test]   â§— Decode server not ready yet...
[pd-test] Attempt 11/60...
[pd-test]   â§— Prefill server not ready yet...
[pd-test]   â§— Decode server not ready yet...
[pd-test] Attempt 12/60...
[pd-test]   â§— Prefill server not ready yet...
[pd-test]   â§— Decode server not ready yet...
[pd-test] Attempt 13/60...
[pd-test]   â§— Prefill server not ready yet...
[pd-test]   â§— Decode server not ready yet...
[pd-test] Attempt 14/60...
[pd-test]   â§— Prefill server not ready yet...
[pd-test]   â§— Decode server not ready yet...
[pd-test] Attempt 15/60...
[pd-test]   â§— Prefill server not ready yet...
[pd-test]   â§— Decode server not ready yet...
[pd-test] Attempt 16/60...
[pd-test]   â§— Prefill server not ready yet...
[pd-test]   â§— Decode server not ready yet...
[pd-test] Attempt 17/60...
[pd-test]   â§— Prefill server not ready yet...
[pd-test]   â§— Decode server not ready yet...
[pd-test] Attempt 18/60...
[pd-test]   â§— Prefill server not ready yet...
[pd-test]   â§— Decode server not ready yet...
[pd-test] Attempt 19/60...
[pd-test]   â§— Prefill server not ready yet...
[pd-test]   â§— Decode server not ready yet...
[pd-test] Attempt 20/60...
[pd-test]   â§— Prefill server not ready yet...
[pd-test]   â§— Decode server not ready yet...
[pd-test] Attempt 21/60...
[pd-test]   â§— Prefill server not ready yet...
[pd-test]   â§— Decode server not ready yet...
[pd-test] Attempt 22/60...
[pd-test]   â§— Prefill server not ready yet...
[pd-test]   â§— Decode server not ready yet...
[pd-test] Attempt 23/60...
[pd-test]   â§— Prefill server not ready yet...
[pd-test]   â§— Decode server not ready yet...
[pd-test] Attempt 24/60...
[pd-test]   â§— Prefill server not ready yet...
[pd-test]   â§— Decode server not ready yet...
[pd-test] Attempt 25/60...
[pd-test]   â§— Prefill server not ready yet...
[pd-test]   â§— Decode server not ready yet...
[pd-test] Attempt 26/60...
[pd-test]   â§— Prefill server not ready yet...
[pd-test]   â§— Decode server not ready yet...
[pd-test] Attempt 27/60...
[pd-test]   â§— Prefill server not ready yet...
[pd-test]   â§— Decode server not ready yet...
[pd-test] Attempt 28/60...
[pd-test]   â§— Prefill server not ready yet...
[pd-test]   â§— Decode server not ready yet...
[pd-test] Attempt 29/60...
[pd-test]   â§— Prefill server not ready yet...
[pd-test]   â§— Decode server not ready yet...
[pd-test] Attempt 30/60...
[pd-test]   â§— Prefill server not ready yet...
[pd-test]   â§— Decode server not ready yet...
[pd-test] Attempt 31/60...
[pd-test]   â§— Prefill server not ready yet...
[pd-test]   â§— Decode server not ready yet...
[pd-test] Attempt 32/60...
[pd-test]   â§— Prefill server not ready yet...
[pd-test]   â§— Decode server not ready yet...
[pd-test] Attempt 33/60...
[pd-test]   â§— Prefill server not ready yet...
[pd-test]   â§— Decode server not ready yet...
[pd-test] Attempt 34/60...
[pd-test]   â§— Prefill server not ready yet...
[pd-test]   â§— Decode server not ready yet...
[pd-test] Attempt 35/60...
[pd-test]   â§— Prefill server not ready yet...
[pd-test]   â§— Decode server not ready yet...
[pd-test] Attempt 36/60...
[pd-test]   â§— Prefill server not ready yet...
[pd-test]   â§— Decode server not ready yet...
[pd-test] Attempt 37/60...
[pd-test]   â§— Prefill server not ready yet...
[pd-test]   â§— Decode server not ready yet...
[pd-test] Attempt 38/60...
[pd-test]   â§— Prefill server not ready yet...
[pd-test]   â§— Decode server not ready yet...
[pd-test] Attempt 39/60...
[pd-test]   â§— Prefill server not ready yet...
[pd-test]   â§— Decode server not ready yet...
[pd-test] Attempt 40/60...
[pd-test]   â§— Prefill server not ready yet...
[pd-test]   â§— Decode server not ready yet...
[pd-test] Attempt 41/60...
[pd-test]   â§— Prefill server not ready yet...
[pd-test]   â§— Decode server not ready yet...
[pd-test] Attempt 42/60...
[pd-test]   â§— Prefill server not ready yet...
[pd-test]   â§— Decode server not ready yet...
[pd-test] Attempt 43/60...
[pd-test]   â§— Prefill server not ready yet...
[pd-test]   â§— Decode server not ready yet...
[pd-test] Attempt 44/60...
[pd-test]   â§— Prefill server not ready yet...
[pd-test]   â§— Decode server not ready yet...
[pd-test] Attempt 45/60...
[pd-test]   â§— Prefill server not ready yet...
[pd-test]   â§— Decode server not ready yet...
[pd-test] Attempt 46/60...
[pd-test]   â§— Prefill server not ready yet...
[pd-test]   â§— Decode server not ready yet...
[pd-test] Attempt 47/60...
[pd-test]   â§— Prefill server not ready yet...
[pd-test]   â§— Decode server not ready yet...
[pd-test] Attempt 48/60...
[pd-test]   â§— Prefill server not ready yet...
[pd-test]   â§— Decode server not ready yet...
[pd-test] Attempt 49/60...
[pd-test]   â§— Prefill server not ready yet...
[pd-test]   â§— Decode server not ready yet...
[pd-test] Attempt 50/60...
[pd-test]   â§— Prefill server not ready yet...
[pd-test]   â§— Decode server not ready yet...
[pd-test] Attempt 51/60...
[pd-test]   â§— Prefill server not ready yet...
[pd-test]   â§— Decode server not ready yet...
[pd-test] Attempt 52/60...
[pd-test]   â§— Prefill server not ready yet...
[pd-test]   â§— Decode server not ready yet...
[pd-test] Attempt 53/60...
[pd-test]   â§— Prefill server not ready yet...
[pd-test]   â§— Decode server not ready yet...
[pd-test] Attempt 54/60...
[pd-test]   â§— Prefill server not ready yet...
[pd-test]   â§— Decode server not ready yet...
[pd-test] Attempt 55/60...
[pd-test]   â§— Prefill server not ready yet...
[pd-test]   â§— Decode server not ready yet...
[pd-test] Attempt 56/60...
[pd-test]   â§— Prefill server not ready yet...
[pd-test]   â§— Decode server not ready yet...
[pd-test] Attempt 57/60...
[pd-test]   â§— Prefill server not ready yet...
[pd-test]   â§— Decode server not ready yet...
[pd-test] Attempt 58/60...
[pd-test]   â§— Prefill server not ready yet...
[pd-test]   â§— Decode server not ready yet...
[pd-test] Attempt 59/60...
[pd-test]   â§— Prefill server not ready yet...
[pd-test]   â§— Decode server not ready yet...
[pd-test] Attempt 60/60...
[pd-test]   â§— Prefill server not ready yet...
[pd-test]   â§— Decode server not ready yet...
[pd-test] WARNING: Services may not be fully healthy yet
[pd-test] Prefill ready: false, Decode ready: false, Router ready: false
[pd-test] Router log tail:
[2m2025-11-26 16:56:28[0m [32m INFO[0m [2msglang_router_rs::core::workflow::event[0m[2m:[0m [2m/sgl-workspace/sglang/sgl-router/src/core/workflow/event.rs[0m[2m:[0m[2m114:[0m Step started [3minstance_id[0m[2m=[0m15b36d8a-5786-4c56-a670-c7dd1fe07a05 [3mstep_id[0m[2m=[0mdetect_connection_mode [3mattempt[0m[2m=[0m289
[2m2025-11-26 16:56:28[0m [33m WARN[0m [2msglang_router_rs::core::workflow::event[0m[2m:[0m [2m/sgl-workspace/sglang/sgl-router/src/core/workflow/event.rs[0m[2m:[0m[2m139:[0m Step failed [3minstance_id[0m[2m=[0m15b36d8a-5786-4c56-a670-c7dd1fe07a05 [3mstep_id[0m[2m=[0mdetect_connection_mode [3merror[0m[2m=[0m"Step failed: detect_connection_mode - Both HTTP and gRPC health checks failed for http://10.235.26.245:30025: HTTP: Health check failed: error sending request for url (http://10.235.26.245:30025/health), gRPC: gRPC health check failed (tried both SGLang and vLLM): gRPC connection failed: transport error" [3mwill_retry[0m[2m=[0mtrue
[2m2025-11-26 16:56:28[0m [32m INFO[0m [2msglang_router_rs::core::workflow::event[0m[2m:[0m [2m/sgl-workspace/sglang/sgl-router/src/core/workflow/event.rs[0m[2m:[0m[2m153:[0m Step retrying [3minstance_id[0m[2m=[0m15b36d8a-5786-4c56-a670-c7dd1fe07a05 [3mstep_id[0m[2m=[0mdetect_connection_mode [3mattempt[0m[2m=[0m290 [3mdelay_ms[0m[2m=[0m5000
[2m2025-11-26 16:56:32[0m [32m INFO[0m [2msglang_router_rs::core::workflow::event[0m[2m:[0m [2m/sgl-workspace/sglang/sgl-router/src/core/workflow/event.rs[0m[2m:[0m[2m114:[0m Step started [3minstance_id[0m[2m=[0ma92df9f8-f0d1-482b-a850-9f922d313811 [3mstep_id[0m[2m=[0mdetect_connection_mode [3mattempt[0m[2m=[0m254
[2m2025-11-26 16:56:32[0m [33m WARN[0m [2msglang_router_rs::core::workflow::event[0m[2m:[0m [2m/sgl-workspace/sglang/sgl-router/src/core/workflow/event.rs[0m[2m:[0m[2m139:[0m Step failed [3minstance_id[0m[2m=[0ma92df9f8-f0d1-482b-a850-9f922d313811 [3mstep_id[0m[2m=[0mdetect_connection_mode [3merror[0m[2m=[0m"Step failed: detect_connection_mode - Both HTTP and gRPC health checks failed for http://10.235.26.245:30026: HTTP: Health check failed: error sending request for url (http://10.235.26.245:30026/health), gRPC: gRPC health check failed (tried both SGLang and vLLM): gRPC connection failed: transport error" [3mwill_retry[0m[2m=[0mtrue
[2m2025-11-26 16:56:32[0m [32m INFO[0m [2msglang_router_rs::core::workflow::event[0m[2m:[0m [2m/sgl-workspace/sglang/sgl-router/src/core/workflow/event.rs[0m[2m:[0m[2m153:[0m Step retrying [3minstance_id[0m[2m=[0ma92df9f8-f0d1-482b-a850-9f922d313811 [3mstep_id[0m[2m=[0mdetect_connection_mode [3mattempt[0m[2m=[0m255 [3mdelay_ms[0m[2m=[0m5000
[2m2025-11-26 16:56:33[0m [32m INFO[0m [2msglang_router_rs::core::workflow::event[0m[2m:[0m [2m/sgl-workspace/sglang/sgl-router/src/core/workflow/event.rs[0m[2m:[0m[2m114:[0m Step started [3minstance_id[0m[2m=[0m15b36d8a-5786-4c56-a670-c7dd1fe07a05 [3mstep_id[0m[2m=[0mdetect_connection_mode [3mattempt[0m[2m=[0m290
[2m2025-11-26 16:56:33[0m [33m WARN[0m [2msglang_router_rs::core::workflow::event[0m[2m:[0m [2m/sgl-workspace/sglang/sgl-router/src/core/workflow/event.rs[0m[2m:[0m[2m139:[0m Step failed [3minstance_id[0m[2m=[0m15b36d8a-5786-4c56-a670-c7dd1fe07a05 [3mstep_id[0m[2m=[0mdetect_connection_mode [3merror[0m[2m=[0m"Step failed: detect_connection_mode - Both HTTP and gRPC health checks failed for http://10.235.26.245:30025: HTTP: Health check failed: error sending request for url (http://10.235.26.245:30025/health), gRPC: gRPC health check failed (tried both SGLang and vLLM): gRPC connection failed: transport error" [3mwill_retry[0m[2m=[0mtrue
[2m2025-11-26 16:56:33[0m [32m INFO[0m [2msglang_router_rs::core::workflow::event[0m[2m:[0m [2m/sgl-workspace/sglang/sgl-router/src/core/workflow/event.rs[0m[2m:[0m[2m153:[0m Step retrying [3minstance_id[0m[2m=[0m15b36d8a-5786-4c56-a670-c7dd1fe07a05 [3mstep_id[0m[2m=[0mdetect_connection_mode [3mattempt[0m[2m=[0m291 [3mdelay_ms[0m[2m=[0m5000
[2m2025-11-26 16:56:37[0m [32m INFO[0m [2msglang_router_rs::core::workflow::event[0m[2m:[0m [2m/sgl-workspace/sglang/sgl-router/src/core/workflow/event.rs[0m[2m:[0m[2m114:[0m Step started [3minstance_id[0m[2m=[0ma92df9f8-f0d1-482b-a850-9f922d313811 [3mstep_id[0m[2m=[0mdetect_connection_mode [3mattempt[0m[2m=[0m255
[2m2025-11-26 16:56:37[0m [33m WARN[0m [2msglang_router_rs::core::workflow::event[0m[2m:[0m [2m/sgl-workspace/sglang/sgl-router/src/core/workflow/event.rs[0m[2m:[0m[2m139:[0m Step failed [3minstance_id[0m[2m=[0ma92df9f8-f0d1-482b-a850-9f922d313811 [3mstep_id[0m[2m=[0mdetect_connection_mode [3merror[0m[2m=[0m"Step failed: detect_connection_mode - Both HTTP and gRPC health checks failed for http://10.235.26.245:30026: HTTP: Health check failed: error sending request for url (http://10.235.26.245:30026/health), gRPC: gRPC health check failed (tried both SGLang and vLLM): gRPC connection failed: transport error" [3mwill_retry[0m[2m=[0mtrue
[2m2025-11-26 16:56:37[0m [32m INFO[0m [2msglang_router_rs::core::workflow::event[0m[2m:[0m [2m/sgl-workspace/sglang/sgl-router/src/core/workflow/event.rs[0m[2m:[0m[2m153:[0m Step retrying [3minstance_id[0m[2m=[0ma92df9f8-f0d1-482b-a850-9f922d313811 [3mstep_id[0m[2m=[0mdetect_connection_mode [3mattempt[0m[2m=[0m256 [3mdelay_ms[0m[2m=[0m5000
[2m2025-11-26 16:56:38[0m [32m INFO[0m [2msglang_router_rs::core::workflow::event[0m[2m:[0m [2m/sgl-workspace/sglang/sgl-router/src/core/workflow/event.rs[0m[2m:[0m[2m114:[0m Step started [3minstance_id[0m[2m=[0m15b36d8a-5786-4c56-a670-c7dd1fe07a05 [3mstep_id[0m[2m=[0mdetect_connection_mode [3mattempt[0m[2m=[0m291
[2m2025-11-26 16:56:38[0m [33m WARN[0m [2msglang_router_rs::core::workflow::event[0m[2m:[0m [2m/sgl-workspace/sglang/sgl-router/src/core/workflow/event.rs[0m[2m:[0m[2m139:[0m Step failed [3minstance_id[0m[2m=[0m15b36d8a-5786-4c56-a670-c7dd1fe07a05 [3mstep_id[0m[2m=[0mdetect_connection_mode [3merror[0m[2m=[0m"Step failed: detect_connection_mode - Both HTTP and gRPC health checks failed for http://10.235.26.245:30025: HTTP: Health check failed: error sending request for url (http://10.235.26.245:30025/health), gRPC: gRPC health check failed (tried both SGLang and vLLM): gRPC connection failed: transport error" [3mwill_retry[0m[2m=[0mtrue
[2m2025-11-26 16:56:38[0m [32m INFO[0m [2msglang_router_rs::core::workflow::event[0m[2m:[0m [2m/sgl-workspace/sglang/sgl-router/src/core/workflow/event.rs[0m[2m:[0m[2m153:[0m Step retrying [3minstance_id[0m[2m=[0m15b36d8a-5786-4c56-a670-c7dd1fe07a05 [3mstep_id[0m[2m=[0mdetect_connection_mode [3mattempt[0m[2m=[0m292 [3mdelay_ms[0m[2m=[0m5000
[2m2025-11-26 16:56:42[0m [32m INFO[0m [2msglang_router_rs::core::workflow::event[0m[2m:[0m [2m/sgl-workspace/sglang/sgl-router/src/core/workflow/event.rs[0m[2m:[0m[2m114:[0m Step started [3minstance_id[0m[2m=[0ma92df9f8-f0d1-482b-a850-9f922d313811 [3mstep_id[0m[2m=[0mdetect_connection_mode [3mattempt[0m[2m=[0m256
[2m2025-11-26 16:56:42[0m [33m WARN[0m [2msglang_router_rs::core::workflow::event[0m[2m:[0m [2m/sgl-workspace/sglang/sgl-router/src/core/workflow/event.rs[0m[2m:[0m[2m139:[0m Step failed [3minstance_id[0m[2m=[0ma92df9f8-f0d1-482b-a850-9f922d313811 [3mstep_id[0m[2m=[0mdetect_connection_mode [3merror[0m[2m=[0m"Step failed: detect_connection_mode - Both HTTP and gRPC health checks failed for http://10.235.26.245:30026: HTTP: Health check failed: error sending request for url (http://10.235.26.245:30026/health), gRPC: gRPC health check failed (tried both SGLang and vLLM): gRPC connection failed: transport error" [3mwill_retry[0m[2m=[0mtrue
[2m2025-11-26 16:56:42[0m [32m INFO[0m [2msglang_router_rs::core::workflow::event[0m[2m:[0m [2m/sgl-workspace/sglang/sgl-router/src/core/workflow/event.rs[0m[2m:[0m[2m153:[0m Step retrying [3minstance_id[0m[2m=[0ma92df9f8-f0d1-482b-a850-9f922d313811 [3mstep_id[0m[2m=[0mdetect_connection_mode [3mattempt[0m[2m=[0m257 [3mdelay_ms[0m[2m=[0m5000
[2m2025-11-26 16:56:43[0m [32m INFO[0m [2msglang_router_rs::core::workflow::event[0m[2m:[0m [2m/sgl-workspace/sglang/sgl-router/src/core/workflow/event.rs[0m[2m:[0m[2m114:[0m Step started [3minstance_id[0m[2m=[0m15b36d8a-5786-4c56-a670-c7dd1fe07a05 [3mstep_id[0m[2m=[0mdetect_connection_mode [3mattempt[0m[2m=[0m292
[2m2025-11-26 16:56:43[0m [33m WARN[0m [2msglang_router_rs::core::workflow::event[0m[2m:[0m [2m/sgl-workspace/sglang/sgl-router/src/core/workflow/event.rs[0m[2m:[0m[2m139:[0m Step failed [3minstance_id[0m[2m=[0m15b36d8a-5786-4c56-a670-c7dd1fe07a05 [3mstep_id[0m[2m=[0mdetect_connection_mode [3merror[0m[2m=[0m"Step failed: detect_connection_mode - Both HTTP and gRPC health checks failed for http://10.235.26.245:30025: HTTP: Health check failed: error sending request for url (http://10.235.26.245:30025/health), gRPC: gRPC health check failed (tried both SGLang and vLLM): gRPC connection failed: transport error" [3mwill_retry[0m[2m=[0mtrue
[2m2025-11-26 16:56:43[0m [32m INFO[0m [2msglang_router_rs::core::workflow::event[0m[2m:[0m [2m/sgl-workspace/sglang/sgl-router/src/core/workflow/event.rs[0m[2m:[0m[2m153:[0m Step retrying [3minstance_id[0m[2m=[0m15b36d8a-5786-4c56-a670-c7dd1fe07a05 [3mstep_id[0m[2m=[0mdetect_connection_mode [3mattempt[0m[2m=[0m293 [3mdelay_ms[0m[2m=[0m5000
[2m2025-11-26 16:56:47[0m [32m INFO[0m [2msglang_router_rs::core::workflow::event[0m[2m:[0m [2m/sgl-workspace/sglang/sgl-router/src/core/workflow/event.rs[0m[2m:[0m[2m114:[0m Step started [3minstance_id[0m[2m=[0ma92df9f8-f0d1-482b-a850-9f922d313811 [3mstep_id[0m[2m=[0mdetect_connection_mode [3mattempt[0m[2m=[0m257
[2m2025-11-26 16:56:47[0m [33m WARN[0m [2msglang_router_rs::core::workflow::event[0m[2m:[0m [2m/sgl-workspace/sglang/sgl-router/src/core/workflow/event.rs[0m[2m:[0m[2m139:[0m Step failed [3minstance_id[0m[2m=[0ma92df9f8-f0d1-482b-a850-9f922d313811 [3mstep_id[0m[2m=[0mdetect_connection_mode [3merror[0m[2m=[0m"Step failed: detect_connection_mode - Both HTTP and gRPC health checks failed for http://10.235.26.245:30026: HTTP: Health check failed: error sending request for url (http://10.235.26.245:30026/health), gRPC: gRPC health check failed (tried both SGLang and vLLM): gRPC connection failed: transport error" [3mwill_retry[0m[2m=[0mtrue
[2m2025-11-26 16:56:47[0m [32m INFO[0m [2msglang_router_rs::core::workflow::event[0m[2m:[0m [2m/sgl-workspace/sglang/sgl-router/src/core/workflow/event.rs[0m[2m:[0m[2m153:[0m Step retrying [3minstance_id[0m[2m=[0ma92df9f8-f0d1-482b-a850-9f922d313811 [3mstep_id[0m[2m=[0mdetect_connection_mode [3mattempt[0m[2m=[0m258 [3mdelay_ms[0m[2m=[0m5000
[2m2025-11-26 16:56:48[0m [32m INFO[0m [2msglang_router_rs::core::workflow::event[0m[2m:[0m [2m/sgl-workspace/sglang/sgl-router/src/core/workflow/event.rs[0m[2m:[0m[2m114:[0m Step started [3minstance_id[0m[2m=[0m15b36d8a-5786-4c56-a670-c7dd1fe07a05 [3mstep_id[0m[2m=[0mdetect_connection_mode [3mattempt[0m[2m=[0m293
[2m2025-11-26 16:56:48[0m [33m WARN[0m [2msglang_router_rs::core::workflow::event[0m[2m:[0m [2m/sgl-workspace/sglang/sgl-router/src/core/workflow/event.rs[0m[2m:[0m[2m139:[0m Step failed [3minstance_id[0m[2m=[0m15b36d8a-5786-4c56-a670-c7dd1fe07a05 [3mstep_id[0m[2m=[0mdetect_connection_mode [3merror[0m[2m=[0m"Step failed: detect_connection_mode - Both HTTP and gRPC health checks failed for http://10.235.26.245:30025: HTTP: Health check failed: error sending request for url (http://10.235.26.245:30025/health), gRPC: gRPC health check failed (tried both SGLang and vLLM): gRPC connection failed: transport error" [3mwill_retry[0m[2m=[0mtrue
[2m2025-11-26 16:56:48[0m [32m INFO[0m [2msglang_router_rs::core::workflow::event[0m[2m:[0m [2m/sgl-workspace/sglang/sgl-router/src/core/workflow/event.rs[0m[2m:[0m[2m153:[0m Step retrying [3minstance_id[0m[2m=[0m15b36d8a-5786-4c56-a670-c7dd1fe07a05 [3mstep_id[0m[2m=[0mdetect_connection_mode [3mattempt[0m[2m=[0m294 [3mdelay_ms[0m[2m=[0m5000
[2m2025-11-26 16:56:52[0m [32m INFO[0m [2msglang_router_rs::core::workflow::event[0m[2m:[0m [2m/sgl-workspace/sglang/sgl-router/src/core/workflow/event.rs[0m[2m:[0m[2m114:[0m Step started [3minstance_id[0m[2m=[0ma92df9f8-f0d1-482b-a850-9f922d313811 [3mstep_id[0m[2m=[0mdetect_connection_mode [3mattempt[0m[2m=[0m258
[2m2025-11-26 16:56:52[0m [33m WARN[0m [2msglang_router_rs::core::workflow::event[0m[2m:[0m [2m/sgl-workspace/sglang/sgl-router/src/core/workflow/event.rs[0m[2m:[0m[2m139:[0m Step failed [3minstance_id[0m[2m=[0ma92df9f8-f0d1-482b-a850-9f922d313811 [3mstep_id[0m[2m=[0mdetect_connection_mode [3merror[0m[2m=[0m"Step failed: detect_connection_mode - Both HTTP and gRPC health checks failed for http://10.235.26.245:30026: HTTP: Health check failed: error sending request for url (http://10.235.26.245:30026/health), gRPC: gRPC health check failed (tried both SGLang and vLLM): gRPC connection failed: transport error" [3mwill_retry[0m[2m=[0mtrue
[2m2025-11-26 16:56:52[0m [32m INFO[0m [2msglang_router_rs::core::workflow::event[0m[2m:[0m [2m/sgl-workspace/sglang/sgl-router/src/core/workflow/event.rs[0m[2m:[0m[2m153:[0m Step retrying [3minstance_id[0m[2m=[0ma92df9f8-f0d1-482b-a850-9f922d313811 [3mstep_id[0m[2m=[0mdetect_connection_mode [3mattempt[0m[2m=[0m259 [3mdelay_ms[0m[2m=[0m5000
[pd-test] Decode log tail:
  File "/opt/venv/lib/python3.10/site-packages/starlette/routing.py", line 290, in handle
    await self.app(scope, receive, send)
  File "/opt/venv/lib/python3.10/site-packages/starlette/routing.py", line 78, in app
    await wrap_app_handling_exceptions(app, request)(scope, receive, send)
  File "/opt/venv/lib/python3.10/site-packages/starlette/_exception_handler.py", line 42, in wrapped_app
    await app(scope, receive, sender)
  File "/opt/venv/lib/python3.10/site-packages/starlette/routing.py", line 75, in app
    response = await f(request)
  File "/opt/venv/lib/python3.10/site-packages/fastapi/routing.py", line 302, in app
    raw_response = await run_endpoint_function(
  File "/opt/venv/lib/python3.10/site-packages/fastapi/routing.py", line 213, in run_endpoint_function
    return await dependant.call(**values)
  File "/sgl-workspace/sglang/python/sglang/srt/entrypoints/http_server.py", line 601, in generate_request
    ret = await _global_state.tokenizer_manager.generate_request(
  File "/sgl-workspace/sglang/python/sglang/srt/managers/tokenizer_manager.py", line 516, in generate_request
    async for response in self._handle_batch_request(
  File "/sgl-workspace/sglang/python/sglang/srt/managers/tokenizer_manager.py", line 1219, in _handle_batch_request
    outputs = await asyncio.gather(*(gen.__anext__() for gen in generators))
asyncio.exceptions.CancelledError
[2025-11-26 16:52:52] INFO:     10.235.26.245:55396 - "GET /health HTTP/1.1" 503 Service Unavailable
[2025-11-26 16:52:52] WARNING:  Invalid HTTP request received.
[2025-11-26 16:52:52] WARNING:  Invalid HTTP request received.
[2025-11-26 16:52:52] INFO:     10.235.26.245:59992 - "GET /health HTTP/1.1" 503 Service Unavailable
[2025-11-26 16:52:52] WARNING:  Invalid HTTP request received.
[2025-11-26 16:52:52] WARNING:  Invalid HTTP request received.
[2025-11-26 16:52:52] INFO:     10.235.26.245:36470 - "GET /health HTTP/1.1" 503 Service Unavailable
[2025-11-26 16:52:52] WARNING:  Invalid HTTP request received.
[2025-11-26 16:52:52] WARNING:  Invalid HTTP request received.
[2025-11-26 16:52:52] INFO:     10.235.26.245:38538 - "GET /health HTTP/1.1" 503 Service Unavailable
[2025-11-26 16:52:52] WARNING:  Invalid HTTP request received.

[pd-test] ERROR: Health check failed after 60 attempts
[pd-test] Collecting logs from Docker containers for debugging...
[pd-test] ==========================================
[pd-test] Debug Information
[pd-test] ==========================================
[pd-test] Container status:
fa5b43065a47   rocm/sgl-dev:v0.5.5.post3-rocm700-mi35x-20251126   "python3 -m sglang.lâ€¦"   38 minutes ago   Exited (0) 4 minutes ago                sglang-pd-decode
20c3d28860c0   rocm/sgl-dev:v0.5.5.post3-rocm700-mi35x-20251126   "python3 -m sglang.lâ€¦"   41 minutes ago   Exited (0) 9 minutes ago                sglang-pd-prefill
712fbf57a2bf   rocm/sgl-dev:v0.5.5.post3-rocm700-mi35x-20251126   "python3 -m sglang_râ€¦"   41 minutes ago   Up 41 minutes                           sglang-pd-router

[pd-test] Router log errors:
[2m2025-11-26 16:56:33[0m [33m WARN[0m [2msglang_router_rs::core::workflow::event[0m[2m:[0m [2m/sgl-workspace/sglang/sgl-router/src/core/workflow/event.rs[0m[2m:[0m[2m139:[0m Step failed [3minstance_id[0m[2m=[0m15b36d8a-5786-4c56-a670-c7dd1fe07a05 [3mstep_id[0m[2m=[0mdetect_connection_mode [3merror[0m[2m=[0m"Step failed: detect_connection_mode - Both HTTP and gRPC health checks failed for http://10.235.26.245:30025: HTTP: Health check failed: error sending request for url (http://10.235.26.245:30025/health), gRPC: gRPC health check failed (tried both SGLang and vLLM): gRPC connection failed: transport error" [3mwill_retry[0m[2m=[0mtrue
[2m2025-11-26 16:56:37[0m [33m WARN[0m [2msglang_router_rs::core::workflow::event[0m[2m:[0m [2m/sgl-workspace/sglang/sgl-router/src/core/workflow/event.rs[0m[2m:[0m[2m139:[0m Step failed [3minstance_id[0m[2m=[0ma92df9f8-f0d1-482b-a850-9f922d313811 [3mstep_id[0m[2m=[0mdetect_connection_mode [3merror[0m[2m=[0m"Step failed: detect_connection_mode - Both HTTP and gRPC health checks failed for http://10.235.26.245:30026: HTTP: Health check failed: error sending request for url (http://10.235.26.245:30026/health), gRPC: gRPC health check failed (tried both SGLang and vLLM): gRPC connection failed: transport error" [3mwill_retry[0m[2m=[0mtrue
[2m2025-11-26 16:56:38[0m [33m WARN[0m [2msglang_router_rs::core::workflow::event[0m[2m:[0m [2m/sgl-workspace/sglang/sgl-router/src/core/workflow/event.rs[0m[2m:[0m[2m139:[0m Step failed [3minstance_id[0m[2m=[0m15b36d8a-5786-4c56-a670-c7dd1fe07a05 [3mstep_id[0m[2m=[0mdetect_connection_mode [3merror[0m[2m=[0m"Step failed: detect_connection_mode - Both HTTP and gRPC health checks failed for http://10.235.26.245:30025: HTTP: Health check failed: error sending request for url (http://10.235.26.245:30025/health), gRPC: gRPC health check failed (tried both SGLang and vLLM): gRPC connection failed: transport error" [3mwill_retry[0m[2m=[0mtrue
[2m2025-11-26 16:56:42[0m [33m WARN[0m [2msglang_router_rs::core::workflow::event[0m[2m:[0m [2m/sgl-workspace/sglang/sgl-router/src/core/workflow/event.rs[0m[2m:[0m[2m139:[0m Step failed [3minstance_id[0m[2m=[0ma92df9f8-f0d1-482b-a850-9f922d313811 [3mstep_id[0m[2m=[0mdetect_connection_mode [3merror[0m[2m=[0m"Step failed: detect_connection_mode - Both HTTP and gRPC health checks failed for http://10.235.26.245:30026: HTTP: Health check failed: error sending request for url (http://10.235.26.245:30026/health), gRPC: gRPC health check failed (tried both SGLang and vLLM): gRPC connection failed: transport error" [3mwill_retry[0m[2m=[0mtrue
[2m2025-11-26 16:56:43[0m [33m WARN[0m [2msglang_router_rs::core::workflow::event[0m[2m:[0m [2m/sgl-workspace/sglang/sgl-router/src/core/workflow/event.rs[0m[2m:[0m[2m139:[0m Step failed [3minstance_id[0m[2m=[0m15b36d8a-5786-4c56-a670-c7dd1fe07a05 [3mstep_id[0m[2m=[0mdetect_connection_mode [3merror[0m[2m=[0m"Step failed: detect_connection_mode - Both HTTP and gRPC health checks failed for http://10.235.26.245:30025: HTTP: Health check failed: error sending request for url (http://10.235.26.245:30025/health), gRPC: gRPC health check failed (tried both SGLang and vLLM): gRPC connection failed: transport error" [3mwill_retry[0m[2m=[0mtrue
[2m2025-11-26 16:56:47[0m [33m WARN[0m [2msglang_router_rs::core::workflow::event[0m[2m:[0m [2m/sgl-workspace/sglang/sgl-router/src/core/workflow/event.rs[0m[2m:[0m[2m139:[0m Step failed [3minstance_id[0m[2m=[0ma92df9f8-f0d1-482b-a850-9f922d313811 [3mstep_id[0m[2m=[0mdetect_connection_mode [3merror[0m[2m=[0m"Step failed: detect_connection_mode - Both HTTP and gRPC health checks failed for http://10.235.26.245:30026: HTTP: Health check failed: error sending request for url (http://10.235.26.245:30026/health), gRPC: gRPC health check failed (tried both SGLang and vLLM): gRPC connection failed: transport error" [3mwill_retry[0m[2m=[0mtrue
[2m2025-11-26 16:56:48[0m [33m WARN[0m [2msglang_router_rs::core::workflow::event[0m[2m:[0m [2m/sgl-workspace/sglang/sgl-router/src/core/workflow/event.rs[0m[2m:[0m[2m139:[0m Step failed [3minstance_id[0m[2m=[0m15b36d8a-5786-4c56-a670-c7dd1fe07a05 [3mstep_id[0m[2m=[0mdetect_connection_mode [3merror[0m[2m=[0m"Step failed: detect_connection_mode - Both HTTP and gRPC health checks failed for http://10.235.26.245:30025: HTTP: Health check failed: error sending request for url (http://10.235.26.245:30025/health), gRPC: gRPC health check failed (tried both SGLang and vLLM): gRPC connection failed: transport error" [3mwill_retry[0m[2m=[0mtrue
[2m2025-11-26 16:56:52[0m [33m WARN[0m [2msglang_router_rs::core::workflow::event[0m[2m:[0m [2m/sgl-workspace/sglang/sgl-router/src/core/workflow/event.rs[0m[2m:[0m[2m139:[0m Step failed [3minstance_id[0m[2m=[0ma92df9f8-f0d1-482b-a850-9f922d313811 [3mstep_id[0m[2m=[0mdetect_connection_mode [3merror[0m[2m=[0m"Step failed: detect_connection_mode - Both HTTP and gRPC health checks failed for http://10.235.26.245:30026: HTTP: Health check failed: error sending request for url (http://10.235.26.245:30026/health), gRPC: gRPC health check failed (tried both SGLang and vLLM): gRPC connection failed: transport error" [3mwill_retry[0m[2m=[0mtrue
[2m2025-11-26 16:56:53[0m [33m WARN[0m [2msglang_router_rs::core::workflow::event[0m[2m:[0m [2m/sgl-workspace/sglang/sgl-router/src/core/workflow/event.rs[0m[2m:[0m[2m139:[0m Step failed [3minstance_id[0m[2m=[0m15b36d8a-5786-4c56-a670-c7dd1fe07a05 [3mstep_id[0m[2m=[0mdetect_connection_mode [3merror[0m[2m=[0m"Step failed: detect_connection_mode - Both HTTP and gRPC health checks failed for http://10.235.26.245:30025: HTTP: Health check failed: error sending request for url (http://10.235.26.245:30025/health), gRPC: gRPC health check failed (tried both SGLang and vLLM): gRPC connection failed: transport error" [3mwill_retry[0m[2m=[0mtrue
[2m2025-11-26 16:56:57[0m [33m WARN[0m [2msglang_router_rs::core::workflow::event[0m[2m:[0m [2m/sgl-workspace/sglang/sgl-router/src/core/workflow/event.rs[0m[2m:[0m[2m139:[0m Step failed [3minstance_id[0m[2m=[0ma92df9f8-f0d1-482b-a850-9f922d313811 [3mstep_id[0m[2m=[0mdetect_connection_mode [3merror[0m[2m=[0m"Step failed: detect_connection_mode - Both HTTP and gRPC health checks failed for http://10.235.26.245:30026: HTTP: Health check failed: error sending request for url (http://10.235.26.245:30026/health), gRPC: gRPC health check failed (tried both SGLang and vLLM): gRPC connection failed: transport error" [3mwill_retry[0m[2m=[0mtrue

[pd-test] Prefill log errors:
asyncio.exceptions.CancelledError
[2025-11-26 16:47:48] ERROR:    Exception in ASGI application
During handling of the above exception, another exception occurred:
  File "/opt/venv/lib/python3.10/site-packages/starlette/middleware/errors.py", line 164, in __call__
  File "/opt/venv/lib/python3.10/site-packages/starlette/middleware/exceptions.py", line 63, in __call__
    await wrap_app_handling_exceptions(self.app, conn)(scope, receive, send)
  File "/opt/venv/lib/python3.10/site-packages/starlette/_exception_handler.py", line 42, in wrapped_app
    await wrap_app_handling_exceptions(app, request)(scope, receive, send)
  File "/opt/venv/lib/python3.10/site-packages/starlette/_exception_handler.py", line 42, in wrapped_app
asyncio.exceptions.CancelledError

[pd-test] Decode log errors:
asyncio.exceptions.CancelledError
[2025-11-26 16:52:52] ERROR:    Exception in ASGI application
During handling of the above exception, another exception occurred:
  File "/opt/venv/lib/python3.10/site-packages/starlette/middleware/errors.py", line 164, in __call__
  File "/opt/venv/lib/python3.10/site-packages/starlette/middleware/exceptions.py", line 63, in __call__
    await wrap_app_handling_exceptions(self.app, conn)(scope, receive, send)
  File "/opt/venv/lib/python3.10/site-packages/starlette/_exception_handler.py", line 42, in wrapped_app
    await wrap_app_handling_exceptions(app, request)(scope, receive, send)
  File "/opt/venv/lib/python3.10/site-packages/starlette/_exception_handler.py", line 42, in wrapped_app
asyncio.exceptions.CancelledError

[pd-test] Logs saved to: /mnt/raid/michael/sglang-ci/test/pd/pd_log/mi35x/v0.5.5.post3-rocm700-mi35x-20251126
[pd-test] Check prefill.log and decode.log for startup errors

[pd-test] ==========================================
[pd-test] Cleaning up Docker containers...
[pd-test] ==========================================
[pd-test] Collecting final router logs...
[pd-test] Collecting final prefill logs...
[pd-test] Collecting final decode logs...
sglang-pd-router
sglang-pd-prefill
sglang-pd-decode
sglang-pd-router
sglang-pd-prefill
sglang-pd-decode
[pd-test] Cleanup complete.
===================================================
PD Test Execution Ended: Wed Nov 26 10:57:02 AM CST 2025 (Exit Code: 1)
===================================================
[test] PD test log directory: /mnt/raid/michael/sglang-ci/test/pd/pd_log/mi35x/v0.5.5.post3-rocm700-mi35x-20251126
[test] === PD test FAILED for rocm/sgl-dev:v0.5.5.post3-rocm700-mi35x-20251126 (exit code: 1) ===
[test] Logs saved to: /mnt/raid/michael/sglang-ci/test/pd/pd_log/mi35x/v0.5.5.post3-rocm700-mi35x-20251126
[test] Check the log directory for detailed error information
[test] Sending Teams notification...
ðŸ“‹ Parsing PD test summary file: /mnt/raid/michael/sglang-ci/test/pd/pd_log/mi35x/v0.5.5.post3-rocm700-mi35x-20251126/test_summary.txt
âœ… Docker image date matches expected date (20251126) - proceeding with alert
âœ… Successfully sent PD test fail alert to Teams
   (Power Automate flow accepted - message processing asynchronously)
[test] ==========================================
[test] Test completed for image: rocm/sgl-dev:v0.5.5.post3-rocm700-mi35x-20251126
[test] Test type: pd
[test] ==========================================
[test] Cleaning up process lock...
