[aiter] start build [module_aiter_enum] under /sgl-workspace/aiter/aiter/jit/build/module_aiter_enum
[2025-11-26 16:15:53] INFO core.py:461: start build [module_aiter_enum] under /sgl-workspace/aiter/aiter/jit/build/module_aiter_enum
merge tuned file under model_configs/ and configs/  /sgl-workspace/aiter/aiter/configs/a8w8_bpreshuffle_tuned_gemm.csv:/sgl-workspace/aiter/aiter/configs/model_configs/a8w8_bpreshuffle_tuned_gemm_dsv3.csv
merge tuned file under model_configs/ and configs/  /sgl-workspace/aiter/aiter/configs/a8w8_blockscale_tuned_gemm.csv:/sgl-workspace/aiter/aiter/configs/model_configs/a8w8_blockscale_tuned_gemm_ds_v3.csv
merge tuned file under model_configs/ and configs/  /sgl-workspace/aiter/aiter/configs/a8w8_blockscale_bpreshuffle_tuned_gemm.csv:/sgl-workspace/aiter/aiter/configs/model_configs/a8w8_blockscale_bpreshuffle_tuned_gemm_dsv3.csv
[aiter] [32mfinish build [module_aiter_enum], cost 6.7s [0m
[2025-11-26 16:15:59] INFO core.py:632: [32mfinish build [module_aiter_enum], cost 6.7s [0m
[aiter] import [module_aiter_enum] under /sgl-workspace/aiter/aiter/jit/module_aiter_enum.so
[2025-11-26 16:15:59] INFO core.py:413: import [module_aiter_enum] under /sgl-workspace/aiter/aiter/jit/module_aiter_enum.so
INFO 11-26 16:16:00 [__init__.py:241] Automatically detected platform rocm.
/sgl-workspace/sglang/python/sglang/srt/layers/quantization/awq.py:63: UserWarning: HIP does not support fused_marlin_moe currently.
  warnings.warn(f"HIP does not support fused_marlin_moe currently.")
/sgl-workspace/sglang/python/sglang/srt/layers/quantization/gguf.py:46: UserWarning: Only CUDA support GGUF q uantization currently.
  warnings.warn(f"Only CUDA support GGUF q uantization currently.")
[2025-11-26 16:16:01] WARNING server_args.py:1824: Cuda graph is disabled for prefill server
[2025-11-26 16:16:01] server_args=ServerArgs(model_path='/mnt/raid/models/deepseek-ai/amd-DeepSeek-R1-MXFP4-Preview', tokenizer_path='/mnt/raid/models/deepseek-ai/amd-DeepSeek-R1-MXFP4-Preview', tokenizer_mode='auto', tokenizer_worker_num=1, skip_tokenizer_init=False, load_format='auto', model_loader_extra_config='{}', trust_remote_code=True, context_length=None, is_embedding=False, enable_multimodal=None, revision=None, model_impl='auto', dllm_algorithm=None, dllm_block_size=None, host='10.235.26.245', port=30025, fastapi_root_path='', grpc_mode=False, skip_server_warmup=False, warmups=None, nccl_port=None, checkpoint_engine_wait_weights_before_ready=False, dtype='auto', quantization=None, quantization_param_path=None, kv_cache_dtype='auto', enable_fp32_lm_head=False, modelopt_quant=None, modelopt_checkpoint_restore_path=None, modelopt_checkpoint_save_path=None, modelopt_export_path=None, quantize_and_serve=False, mem_fraction_static=0.88, max_running_requests=None, max_queued_requests=None, max_total_tokens=None, chunked_prefill_size=16384, max_prefill_tokens=16384, schedule_policy='fcfs', enable_priority_scheduling=False, abort_on_priority_when_disabled=False, schedule_low_priority_values_first=False, priority_scheduling_preemption_threshold=10, schedule_conservativeness=1.0, page_size=1, hybrid_kvcache_ratio=None, swa_full_tokens_ratio=0.8, disable_hybrid_swa_memory=False, radix_eviction_policy='lru', device='cuda', tp_size=4, pp_size=1, pp_max_micro_batch_size=None, stream_interval=1, stream_output=False, random_seed=978836782, constrained_json_whitespace_pattern=None, constrained_json_disable_any_whitespace=False, watchdog_timeout=180.0, dist_timeout=None, download_dir=None, base_gpu_id=0, gpu_id_step=1, sleep_on_idle=False, mm_process_config={}, log_level='info', log_level_http=None, log_requests=False, log_requests_level=2, crash_dump_folder=None, show_time_cost=False, enable_metrics=False, enable_metrics_for_all_schedulers=False, tokenizer_metrics_custom_labels_header='x-custom-labels', tokenizer_metrics_allowed_custom_labels=None, bucket_time_to_first_token=None, bucket_inter_token_latency=None, bucket_e2e_request_latency=None, collect_tokens_histogram=False, prompt_tokens_buckets=None, generation_tokens_buckets=None, gc_warning_threshold_secs=0.0, decode_log_interval=40, enable_request_time_stats_logging=False, kv_events_config=None, enable_trace=False, otlp_traces_endpoint='localhost:4317', export_metrics_to_file=False, export_metrics_to_file_dir=None, api_key=None, served_model_name='/mnt/raid/models/deepseek-ai/amd-DeepSeek-R1-MXFP4-Preview', weight_version='default', chat_template=None, completion_template=None, file_storage_path='sglang_storage', enable_cache_report=False, reasoning_parser=None, tool_call_parser=None, tool_server=None, sampling_defaults='model', dp_size=1, load_balance_method='round_robin', load_watch_interval=0.1, prefill_round_robin_balance=False, dist_init_addr=None, nnodes=1, node_rank=0, json_model_override_args='{}', preferred_sampling_params=None, enable_lora=None, max_lora_rank=None, lora_target_modules=None, lora_paths=None, max_loaded_loras=None, max_loras_per_batch=8, lora_eviction_policy='lru', lora_backend='csgmv', max_lora_chunk_size=16, attention_backend='triton', decode_attention_backend=None, prefill_attention_backend=None, sampling_backend='pytorch', grammar_backend='xgrammar', mm_attention_backend=None, nsa_prefill_backend='flashmla_sparse', nsa_decode_backend='fa3', speculative_algorithm=None, speculative_draft_model_path=None, speculative_draft_model_revision=None, speculative_draft_load_format=None, speculative_num_steps=None, speculative_eagle_topk=None, speculative_num_draft_tokens=None, speculative_accept_threshold_single=1.0, speculative_accept_threshold_acc=1.0, speculative_token_map=None, speculative_attention_mode='prefill', speculative_moe_runner_backend=None, speculative_ngram_min_match_window_size=1, speculative_ngram_max_match_window_size=12, speculative_ngram_min_bfs_breadth=1, speculative_ngram_max_bfs_breadth=10, speculative_ngram_match_type='BFS', speculative_ngram_branch_length=18, speculative_ngram_capacity=10000000, ep_size=1, moe_a2a_backend='none', moe_runner_backend='auto', flashinfer_mxfp4_moe_precision='default', enable_flashinfer_allreduce_fusion=False, deepep_mode='auto', ep_num_redundant_experts=0, ep_dispatch_algorithm=None, init_expert_location='trivial', enable_eplb=False, eplb_algorithm='auto', eplb_rebalance_num_iterations=1000, eplb_rebalance_layers_per_chunk=None, eplb_min_rebalancing_utilization_threshold=1.0, expert_distribution_recorder_mode=None, expert_distribution_recorder_buffer_size=1000, enable_expert_distribution_metrics=False, deepep_config=None, moe_dense_tp_size=None, elastic_ep_backend=None, mooncake_ib_device=None, max_mamba_cache_size=None, mamba_ssm_dtype='float32', mamba_full_memory_ratio=0.9, enable_hierarchical_cache=False, hicache_ratio=2.0, hicache_size=0, hicache_write_policy='write_through', hicache_io_backend='kernel', hicache_mem_layout='layer_first', hicache_storage_backend=None, hicache_storage_prefetch_policy='best_effort', hicache_storage_backend_extra_config=None, enable_lmcache=False, kt_weight_path=None, kt_method='AMXINT4', kt_cpuinfer=None, kt_threadpool_count=2, kt_num_gpu_experts=None, kt_max_deferred_experts_per_token=None, enable_double_sparsity=False, ds_channel_config_path=None, ds_heavy_channel_num=32, ds_heavy_token_num=256, ds_heavy_channel_type='qk', ds_sparse_decode_threshold=4096, cpu_offload_gb=0, offload_group_size=-1, offload_num_in_group=1, offload_prefetch_step=1, offload_mode='cpu', multi_item_scoring_delimiter=None, disable_radix_cache=False, cuda_graph_max_bs=512, cuda_graph_bs=[1, 2, 4, 8, 12, 16, 24, 32, 40, 48, 56, 64, 72, 80, 88, 96, 104, 112, 120, 128, 136, 144, 152, 160, 168, 176, 184, 192, 200, 208, 216, 224, 232, 240, 248, 256, 272, 288, 304, 320, 336, 352, 368, 384, 400, 416, 432, 448, 464, 480, 496, 512], disable_cuda_graph=True, disable_cuda_graph_padding=False, enable_profile_cuda_graph=False, enable_cudagraph_gc=False, enable_layerwise_nvtx_marker=False, enable_nccl_nvls=False, enable_symm_mem=False, disable_flashinfer_cutlass_moe_fp4_allgather=False, enable_tokenizer_batch_encode=False, disable_tokenizer_batch_decode=False, disable_outlines_disk_cache=False, disable_custom_all_reduce=False, enable_mscclpp=False, enable_torch_symm_mem=False, disable_overlap_schedule=False, enable_mixed_chunk=False, enable_dp_attention=False, enable_dp_lm_head=False, enable_two_batch_overlap=True, enable_single_batch_overlap=False, tbo_token_distribution_threshold=0.48, enable_torch_compile=False, enable_piecewise_cuda_graph=False, enable_torch_compile_debug_mode=False, torch_compile_max_bs=32, piecewise_cuda_graph_max_tokens=4096, piecewise_cuda_graph_tokens=[4, 8, 12, 16, 20, 24, 28, 32, 48, 64, 80, 96, 112, 128, 144, 160, 176, 192, 208, 224, 240, 256, 288, 320, 352, 384, 416, 448, 480, 512, 640, 768, 896, 1024, 1152, 1280, 1408, 1536, 1664, 1792, 1920, 2048, 2176, 2304, 2432, 2560, 2688, 2816, 2944, 3072, 3200, 3328, 3456, 3584, 3712, 3840, 3968, 4096], piecewise_cuda_graph_compiler='eager', torchao_config='', enable_nan_detection=False, enable_p2p_check=False, triton_attention_reduce_in_fp32=False, triton_attention_num_kv_splits=16, triton_attention_split_tile_size=None, num_continuous_decode_steps=1, delete_ckpt_after_loading=False, enable_memory_saver=False, enable_weights_cpu_backup=False, enable_draft_weights_cpu_backup=False, allow_auto_truncate=False, enable_custom_logit_processor=False, flashinfer_mla_disable_ragged=False, disable_shared_experts_fusion=False, disable_chunked_prefix_cache=False, disable_fast_image_processor=False, keep_mm_feature_on_device=False, enable_return_hidden_states=False, scheduler_recv_interval=1, numa_node=None, enable_deterministic_inference=False, rl_on_policy_target=None, enable_attn_tp_input_scattered=False, enable_nsa_prefill_context_parallel=False, enable_dynamic_batch_tokenizer=False, dynamic_batch_tokenizer_batch_size=32, dynamic_batch_tokenizer_batch_timeout=0.002, debug_tensor_dump_output_folder=None, debug_tensor_dump_layers=None, debug_tensor_dump_input_file=None, debug_tensor_dump_inject=False, disaggregation_mode='prefill', disaggregation_transfer_backend='mooncake', disaggregation_bootstrap_port=8998, disaggregation_decode_tp=4, disaggregation_decode_dp=1, disaggregation_prefill_pp=1, disaggregation_ib_device='lo', disaggregation_decode_enable_offload_kvcache=False, num_reserved_decode_tokens=512, disaggregation_decode_polling_interval=1, custom_weight_loader=[], weight_loader_disable_mmap=False, remote_instance_weight_loader_seed_instance_ip=None, remote_instance_weight_loader_seed_instance_service_port=None, remote_instance_weight_loader_send_weights_group_ports=None, enable_pdmux=False, pdmux_config_path=None, sm_group_num=8, mm_max_concurrent_calls=32, mm_per_request_timeout=10.0, enable_broadcast_mm_inputs_process=False, decrypted_config_file=None, decrypted_draft_config_file=None, mm_enable_dp_encoder=False, hooks=None)
[2025-11-26 16:16:01] Using default HuggingFace chat template with detected content format: string
[aiter] import [module_aiter_enum] under /sgl-workspace/aiter/aiter/jit/module_aiter_enum.so
[2025-11-26 16:16:05] INFO core.py:413: import [module_aiter_enum] under /sgl-workspace/aiter/aiter/jit/module_aiter_enum.so
[aiter] import [module_aiter_enum] under /sgl-workspace/aiter/aiter/jit/module_aiter_enum.so
[2025-11-26 16:16:05] INFO core.py:413: import [module_aiter_enum] under /sgl-workspace/aiter/aiter/jit/module_aiter_enum.so
[aiter] import [module_aiter_enum] under /sgl-workspace/aiter/aiter/jit/module_aiter_enum.so
[2025-11-26 16:16:05] INFO core.py:413: import [module_aiter_enum] under /sgl-workspace/aiter/aiter/jit/module_aiter_enum.so
[aiter] import [module_aiter_enum] under /sgl-workspace/aiter/aiter/jit/module_aiter_enum.so
[2025-11-26 16:16:05] INFO core.py:413: import [module_aiter_enum] under /sgl-workspace/aiter/aiter/jit/module_aiter_enum.so
[aiter] import [module_aiter_enum] under /sgl-workspace/aiter/aiter/jit/module_aiter_enum.so
[2025-11-26 16:16:05] INFO core.py:413: import [module_aiter_enum] under /sgl-workspace/aiter/aiter/jit/module_aiter_enum.so
merge tuned file under model_configs/ and configs/  /sgl-workspace/aiter/aiter/configs/a8w8_bpreshuffle_tuned_gemm.csv:/sgl-workspace/aiter/aiter/configs/model_configs/a8w8_bpreshuffle_tuned_gemm_dsv3.csv
merge tuned file under model_configs/ and configs/  /sgl-workspace/aiter/aiter/configs/a8w8_blockscale_tuned_gemm.csv:/sgl-workspace/aiter/aiter/configs/model_configs/a8w8_blockscale_tuned_gemm_ds_v3.csv
merge tuned file under model_configs/ and configs/  /sgl-workspace/aiter/aiter/configs/a8w8_blockscale_bpreshuffle_tuned_gemm.csv:/sgl-workspace/aiter/aiter/configs/model_configs/a8w8_blockscale_bpreshuffle_tuned_gemm_dsv3.csv
INFO 11-26 16:16:06 [__init__.py:241] Automatically detected platform rocm.
merge tuned file under model_configs/ and configs/  /sgl-workspace/aiter/aiter/configs/a8w8_bpreshuffle_tuned_gemm.csv:/sgl-workspace/aiter/aiter/configs/model_configs/a8w8_bpreshuffle_tuned_gemm_dsv3.csv
merge tuned file under model_configs/ and configs/  /sgl-workspace/aiter/aiter/configs/a8w8_blockscale_tuned_gemm.csv:/sgl-workspace/aiter/aiter/configs/model_configs/a8w8_blockscale_tuned_gemm_ds_v3.csv
merge tuned file under model_configs/ and configs/  /sgl-workspace/aiter/aiter/configs/a8w8_blockscale_bpreshuffle_tuned_gemm.csv:/sgl-workspace/aiter/aiter/configs/model_configs/a8w8_blockscale_bpreshuffle_tuned_gemm_dsv3.csv
INFO 11-26 16:16:06 [__init__.py:241] Automatically detected platform rocm.
merge tuned file under model_configs/ and configs/  /sgl-workspace/aiter/aiter/configs/a8w8_bpreshuffle_tuned_gemm.csv:/sgl-workspace/aiter/aiter/configs/model_configs/a8w8_bpreshuffle_tuned_gemm_dsv3.csv
merge tuned file under model_configs/ and configs/  /sgl-workspace/aiter/aiter/configs/a8w8_blockscale_tuned_gemm.csv:/sgl-workspace/aiter/aiter/configs/model_configs/a8w8_blockscale_tuned_gemm_ds_v3.csv
merge tuned file under model_configs/ and configs/  /sgl-workspace/aiter/aiter/configs/a8w8_blockscale_bpreshuffle_tuned_gemm.csv:/sgl-workspace/aiter/aiter/configs/model_configs/a8w8_blockscale_bpreshuffle_tuned_gemm_dsv3.csv
INFO 11-26 16:16:06 [__init__.py:241] Automatically detected platform rocm.
merge tuned file under model_configs/ and configs/  /sgl-workspace/aiter/aiter/configs/a8w8_bpreshuffle_tuned_gemm.csv:/sgl-workspace/aiter/aiter/configs/model_configs/a8w8_bpreshuffle_tuned_gemm_dsv3.csv
merge tuned file under model_configs/ and configs/  /sgl-workspace/aiter/aiter/configs/a8w8_blockscale_tuned_gemm.csv:/sgl-workspace/aiter/aiter/configs/model_configs/a8w8_blockscale_tuned_gemm_ds_v3.csv
merge tuned file under model_configs/ and configs/  /sgl-workspace/aiter/aiter/configs/a8w8_blockscale_bpreshuffle_tuned_gemm.csv:/sgl-workspace/aiter/aiter/configs/model_configs/a8w8_blockscale_bpreshuffle_tuned_gemm_dsv3.csv
INFO 11-26 16:16:06 [__init__.py:241] Automatically detected platform rocm.
merge tuned file under model_configs/ and configs/  /sgl-workspace/aiter/aiter/configs/a8w8_bpreshuffle_tuned_gemm.csv:/sgl-workspace/aiter/aiter/configs/model_configs/a8w8_bpreshuffle_tuned_gemm_dsv3.csv
merge tuned file under model_configs/ and configs/  /sgl-workspace/aiter/aiter/configs/a8w8_blockscale_tuned_gemm.csv:/sgl-workspace/aiter/aiter/configs/model_configs/a8w8_blockscale_tuned_gemm_ds_v3.csv
merge tuned file under model_configs/ and configs/  /sgl-workspace/aiter/aiter/configs/a8w8_blockscale_bpreshuffle_tuned_gemm.csv:/sgl-workspace/aiter/aiter/configs/model_configs/a8w8_blockscale_bpreshuffle_tuned_gemm_dsv3.csv
INFO 11-26 16:16:06 [__init__.py:241] Automatically detected platform rocm.
/sgl-workspace/sglang/python/sglang/srt/layers/quantization/awq.py:63: UserWarning: HIP does not support fused_marlin_moe currently.
  warnings.warn(f"HIP does not support fused_marlin_moe currently.")
/sgl-workspace/sglang/python/sglang/srt/layers/quantization/gguf.py:46: UserWarning: Only CUDA support GGUF q uantization currently.
  warnings.warn(f"Only CUDA support GGUF q uantization currently.")
/sgl-workspace/sglang/python/sglang/srt/layers/quantization/awq.py:63: UserWarning: HIP does not support fused_marlin_moe currently.
  warnings.warn(f"HIP does not support fused_marlin_moe currently.")
/sgl-workspace/sglang/python/sglang/srt/layers/quantization/gguf.py:46: UserWarning: Only CUDA support GGUF q uantization currently.
  warnings.warn(f"Only CUDA support GGUF q uantization currently.")
/sgl-workspace/sglang/python/sglang/srt/layers/quantization/awq.py:63: UserWarning: HIP does not support fused_marlin_moe currently.
  warnings.warn(f"HIP does not support fused_marlin_moe currently.")
/sgl-workspace/sglang/python/sglang/srt/layers/quantization/awq.py:63: UserWarning: HIP does not support fused_marlin_moe currently.
  warnings.warn(f"HIP does not support fused_marlin_moe currently.")
/sgl-workspace/sglang/python/sglang/srt/layers/quantization/gguf.py:46: UserWarning: Only CUDA support GGUF q uantization currently.
  warnings.warn(f"Only CUDA support GGUF q uantization currently.")
/sgl-workspace/sglang/python/sglang/srt/layers/quantization/gguf.py:46: UserWarning: Only CUDA support GGUF q uantization currently.
  warnings.warn(f"Only CUDA support GGUF q uantization currently.")
[2025-11-26 16:16:06 TP1] Process 441 gpu_id 1 is running on CPUs: [32, 33, 34, 35, 36, 37, 38, 39, 40, 41, 42, 43, 44, 45, 46, 47, 48, 49, 50, 51, 52, 53, 54, 55, 56, 57, 58, 59, 60, 61, 62, 63, 160, 161, 162, 163, 164, 165, 166, 167, 168, 169, 170, 171, 172, 173, 174, 175, 176, 177, 178, 179, 180, 181, 182, 183, 184, 185, 186, 187, 188, 189, 190, 191]
[2025-11-26 16:16:06 TP3] Process 443 gpu_id 3 is running on CPUs: [96, 97, 98, 99, 100, 101, 102, 103, 104, 105, 106, 107, 108, 109, 110, 111, 112, 113, 114, 115, 116, 117, 118, 119, 120, 121, 122, 123, 124, 125, 126, 127, 224, 225, 226, 227, 228, 229, 230, 231, 232, 233, 234, 235, 236, 237, 238, 239, 240, 241, 242, 243, 244, 245, 246, 247, 248, 249, 250, 251, 252, 253, 254, 255]
/sgl-workspace/sglang/python/sglang/srt/layers/quantization/awq.py:63: UserWarning: HIP does not support fused_marlin_moe currently.
  warnings.warn(f"HIP does not support fused_marlin_moe currently.")
/sgl-workspace/sglang/python/sglang/srt/layers/quantization/gguf.py:46: UserWarning: Only CUDA support GGUF q uantization currently.
  warnings.warn(f"Only CUDA support GGUF q uantization currently.")
[2025-11-26 16:16:06 TP0] Process 440 gpu_id 0 is running on CPUs: [0, 1, 2, 3, 4, 5, 6, 7, 8, 9, 10, 11, 12, 13, 14, 15, 16, 17, 18, 19, 20, 21, 22, 23, 24, 25, 26, 27, 28, 29, 30, 31, 128, 129, 130, 131, 132, 133, 134, 135, 136, 137, 138, 139, 140, 141, 142, 143, 144, 145, 146, 147, 148, 149, 150, 151, 152, 153, 154, 155, 156, 157, 158, 159]
[2025-11-26 16:16:06 TP2] Process 442 gpu_id 2 is running on CPUs: [64, 65, 66, 67, 68, 69, 70, 71, 72, 73, 74, 75, 76, 77, 78, 79, 80, 81, 82, 83, 84, 85, 86, 87, 88, 89, 90, 91, 92, 93, 94, 95, 192, 193, 194, 195, 196, 197, 198, 199, 200, 201, 202, 203, 204, 205, 206, 207, 208, 209, 210, 211, 212, 213, 214, 215, 216, 217, 218, 219, 220, 221, 222, 223]
[2025-11-26 16:16:06 TP1] Init torch distributed begin.
[2025-11-26 16:16:07 TP3] Init torch distributed begin.
[2025-11-26 16:16:07 TP0] Init torch distributed begin.
[2025-11-26 16:16:07 TP2] Init torch distributed begin.
[Gloo] Rank 1 is connected to 3 peer ranks. Expected number of connected peer ranks is : 3
[Gloo] Rank 0 is connected to 3 peer ranks. Expected number of connected peer ranks is : 3
[Gloo] Rank 3 is connected to 3 peer ranks. Expected number of connected peer ranks is : 3
[Gloo] Rank 2 is connected to 3 peer ranks. Expected number of connected peer ranks is : 3
[Gloo] Rank 0 is connected to 3 peer ranks. Expected number of connected peer ranks is : 3
[Gloo] Rank 3 is connected to 3 peer ranks. Expected number of connected peer ranks is : 3
[Gloo] Rank 2 is connected to 3 peer ranks. Expected number of connected peer ranks is : 3
[Gloo] Rank 1 is connected to 3 peer ranks. Expected number of connected peer ranks is : 3
[2025-11-26 16:16:07 TP0] sglang is using nccl==2.26.6
[aiter] start build [module_custom_all_reduce] under /sgl-workspace/aiter/aiter/jit/build/module_custom_all_reduce
[2025-11-26 16:16:12 TP3] start build [module_custom_all_reduce] under /sgl-workspace/aiter/aiter/jit/build/module_custom_all_reduce
[aiter] waiting for baton release at /sgl-workspace/aiter/aiter/jit/build/lock_module_custom_all_reduce
[2025-11-26 16:16:12 TP2] waiting for baton release at /sgl-workspace/aiter/aiter/jit/build/lock_module_custom_all_reduce
[aiter] waiting for baton release at /sgl-workspace/aiter/aiter/jit/build/lock_module_custom_all_reduce
[2025-11-26 16:16:12 TP0] waiting for baton release at /sgl-workspace/aiter/aiter/jit/build/lock_module_custom_all_reduce
[aiter] waiting for baton release at /sgl-workspace/aiter/aiter/jit/build/lock_module_custom_all_reduce
[2025-11-26 16:16:12 TP1] waiting for baton release at /sgl-workspace/aiter/aiter/jit/build/lock_module_custom_all_reduce
[aiter] [32mfinish build [module_custom_all_reduce], cost 21.4s [0m
[2025-11-26 16:16:33 TP3] [32mfinish build [module_custom_all_reduce], cost 21.4s [0m
[aiter] import [module_custom_all_reduce] under /sgl-workspace/aiter/aiter/jit/module_custom_all_reduce.so
[2025-11-26 16:16:33 TP3] import [module_custom_all_reduce] under /sgl-workspace/aiter/aiter/jit/module_custom_all_reduce.so
[2025-11-26 16:16:33 TP3] Using AiterCustomAllreduce for ROCm.
[aiter] import [module_custom_all_reduce] under /sgl-workspace/aiter/aiter/jit/module_custom_all_reduce.so
[2025-11-26 16:16:33 TP2] import [module_custom_all_reduce] under /sgl-workspace/aiter/aiter/jit/module_custom_all_reduce.so
[aiter] import [module_custom_all_reduce] under /sgl-workspace/aiter/aiter/jit/module_custom_all_reduce.so
[2025-11-26 16:16:33 TP0] import [module_custom_all_reduce] under /sgl-workspace/aiter/aiter/jit/module_custom_all_reduce.so
[2025-11-26 16:16:33 TP2] Using AiterCustomAllreduce for ROCm.
[2025-11-26 16:16:33 TP0] Using AiterCustomAllreduce for ROCm.
[aiter] import [module_custom_all_reduce] under /sgl-workspace/aiter/aiter/jit/module_custom_all_reduce.so
[2025-11-26 16:16:33 TP1] import [module_custom_all_reduce] under /sgl-workspace/aiter/aiter/jit/module_custom_all_reduce.so
[2025-11-26 16:16:33 TP1] Using AiterCustomAllreduce for ROCm.
[Gloo] Rank 0 is connected to 0 peer ranks. Expected number of connected peer ranks is : 0
[Gloo] Rank 0 is connected to 0 peer ranks. Expected number of connected peer ranks is : 0
[Gloo] Rank 0 is connected to 0 peer ranks. Expected number of connected peer ranks is : 0
[Gloo] Rank 0 is connected to 0 peer ranks. Expected number of connected peer ranks is : 0
[Gloo] Rank 0 is connected to 0 peer ranks. Expected number of connected peer ranks is : 0
[Gloo] Rank 0 is connected to 0 peer ranks. Expected number of connected peer ranks is : 0
[Gloo] Rank 0 is connected to 0 peer ranks. Expected number of connected peer ranks is : 0
[Gloo] Rank 0 is connected to 0 peer ranks. Expected number of connected peer ranks is : 0
[Gloo] Rank 0 is connected to 3 peer ranks. Expected number of connected peer ranks is : 3
[Gloo] Rank 1 is connected to 3 peer ranks. Expected number of connected peer ranks is : 3
[Gloo] Rank 3 is connected to 3 peer ranks. Expected number of connected peer ranks is : 3
[Gloo] Rank 2 is connected to 3 peer ranks. Expected number of connected peer ranks is : 3
[2025-11-26 16:16:34 TP0] Init torch distributed ends. mem usage=1.17 GB
[2025-11-26 16:16:34 TP2] Init torch distributed ends. mem usage=1.17 GB
[2025-11-26 16:16:34 TP3] Init torch distributed ends. mem usage=1.13 GB
[2025-11-26 16:16:34 TP1] Init torch distributed ends. mem usage=1.19 GB
/opt/venv/lib/python3.10/site-packages/apex/transformer/functional/fused_rope.py:49: UserWarning: Aiter backend is selected for fused RoPE. This has lower precision. To disable aiter, export USE_ROCM_AITER_ROPE_BACKEND=0
  warnings.warn("Aiter backend is selected for fused RoPE. This has lower precision. To disable aiter, export USE_ROCM_AITER_ROPE_BACKEND=0", UserWarning)
/opt/venv/lib/python3.10/site-packages/apex/transformer/functional/fused_rope.py:49: UserWarning: Aiter backend is selected for fused RoPE. This has lower precision. To disable aiter, export USE_ROCM_AITER_ROPE_BACKEND=0
  warnings.warn("Aiter backend is selected for fused RoPE. This has lower precision. To disable aiter, export USE_ROCM_AITER_ROPE_BACKEND=0", UserWarning)
/opt/venv/lib/python3.10/site-packages/apex/transformer/functional/fused_rope.py:49: UserWarning: Aiter backend is selected for fused RoPE. This has lower precision. To disable aiter, export USE_ROCM_AITER_ROPE_BACKEND=0
  warnings.warn("Aiter backend is selected for fused RoPE. This has lower precision. To disable aiter, export USE_ROCM_AITER_ROPE_BACKEND=0", UserWarning)
/opt/venv/lib/python3.10/site-packages/apex/transformer/functional/fused_rope.py:49: UserWarning: Aiter backend is selected for fused RoPE. This has lower precision. To disable aiter, export USE_ROCM_AITER_ROPE_BACKEND=0
  warnings.warn("Aiter backend is selected for fused RoPE. This has lower precision. To disable aiter, export USE_ROCM_AITER_ROPE_BACKEND=0", UserWarning)
[2025-11-26 16:16:34 TP3] Ignore import error when loading sglang.srt.models.mindspore: name 'ms' is not defined
[2025-11-26 16:16:34 TP0] Ignore import error when loading sglang.srt.models.mindspore: name 'ms' is not defined
[2025-11-26 16:16:34 TP2] Ignore import error when loading sglang.srt.models.mindspore: name 'ms' is not defined
[2025-11-26 16:16:34 TP1] Ignore import error when loading sglang.srt.models.mindspore: name 'ms' is not defined
[2025-11-26 16:16:35 TP0] Load weight begin. avail mem=286.33 GB
[2025-11-26 16:16:35 TP1] Load weight begin. avail mem=286.31 GB
[2025-11-26 16:16:35 TP2] Load weight begin. avail mem=286.33 GB
[2025-11-26 16:16:35 TP3] Load weight begin. avail mem=286.37 GB
[2025-11-26 16:16:35 TP0] Shared experts fusion optimization enabled.
Loading safetensors checkpoint shards:   0% Completed | 0/73 [00:00<?, ?it/s]
Loading safetensors checkpoint shards:   1% Completed | 1/73 [00:00<00:48,  1.48it/s]
Loading safetensors checkpoint shards:   3% Completed | 2/73 [00:00<00:24,  2.95it/s]
Loading safetensors checkpoint shards:   5% Completed | 4/73 [00:01<00:17,  3.96it/s]
Loading safetensors checkpoint shards:   7% Completed | 5/73 [00:01<00:18,  3.72it/s]
Loading safetensors checkpoint shards:   8% Completed | 6/73 [00:01<00:17,  3.93it/s]
Loading safetensors checkpoint shards:  10% Completed | 7/73 [00:02<00:21,  3.04it/s]
Loading safetensors checkpoint shards:  11% Completed | 8/73 [00:02<00:20,  3.23it/s]
Loading safetensors checkpoint shards:  12% Completed | 9/73 [00:02<00:23,  2.71it/s]
Loading safetensors checkpoint shards:  14% Completed | 10/73 [00:03<00:21,  2.94it/s]
Loading safetensors checkpoint shards:  15% Completed | 11/73 [00:04<00:35,  1.75it/s]
Loading safetensors checkpoint shards:  16% Completed | 12/73 [00:04<00:30,  1.97it/s]
Loading safetensors checkpoint shards:  18% Completed | 13/73 [00:05<00:29,  2.05it/s]
Loading safetensors checkpoint shards:  19% Completed | 14/73 [00:05<00:24,  2.42it/s]
Loading safetensors checkpoint shards:  21% Completed | 15/73 [00:05<00:25,  2.26it/s]
Loading safetensors checkpoint shards:  22% Completed | 16/73 [00:06<00:21,  2.64it/s]
Loading safetensors checkpoint shards:  23% Completed | 17/73 [00:06<00:19,  2.85it/s]
Loading safetensors checkpoint shards:  25% Completed | 18/73 [00:06<00:21,  2.58it/s]
Loading safetensors checkpoint shards:  26% Completed | 19/73 [00:07<00:20,  2.66it/s]
Loading safetensors checkpoint shards:  27% Completed | 20/73 [00:07<00:20,  2.54it/s]
Loading safetensors checkpoint shards:  29% Completed | 21/73 [00:07<00:18,  2.80it/s]
Loading safetensors checkpoint shards:  30% Completed | 22/73 [00:08<00:19,  2.64it/s]
Loading safetensors checkpoint shards:  32% Completed | 23/73 [00:09<00:26,  1.91it/s]
Loading safetensors checkpoint shards:  33% Completed | 24/73 [00:09<00:21,  2.31it/s]
Loading safetensors checkpoint shards:  34% Completed | 25/73 [00:09<00:16,  2.94it/s]
Loading safetensors checkpoint shards:  36% Completed | 26/73 [00:09<00:12,  3.65it/s]
Loading safetensors checkpoint shards:  37% Completed | 27/73 [00:10<00:12,  3.56it/s]
Loading safetensors checkpoint shards:  38% Completed | 28/73 [00:10<00:11,  4.06it/s]
Loading safetensors checkpoint shards:  40% Completed | 29/73 [00:10<00:10,  4.23it/s]
Loading safetensors checkpoint shards:  41% Completed | 30/73 [00:10<00:12,  3.35it/s]
Loading safetensors checkpoint shards:  42% Completed | 31/73 [00:11<00:12,  3.26it/s]
Loading safetensors checkpoint shards:  45% Completed | 33/73 [00:11<00:11,  3.48it/s]
Loading safetensors checkpoint shards:  47% Completed | 34/73 [00:11<00:10,  3.66it/s]
Loading safetensors checkpoint shards:  48% Completed | 35/73 [00:12<00:09,  4.15it/s]
Loading safetensors checkpoint shards:  49% Completed | 36/73 [00:12<00:08,  4.26it/s]
Loading safetensors checkpoint shards:  51% Completed | 37/73 [00:12<00:07,  4.99it/s]
Loading safetensors checkpoint shards:  52% Completed | 38/73 [00:12<00:06,  5.62it/s]
Loading safetensors checkpoint shards:  53% Completed | 39/73 [00:12<00:08,  3.97it/s]
Loading safetensors checkpoint shards:  55% Completed | 40/73 [00:13<00:15,  2.18it/s]
Loading safetensors checkpoint shards:  56% Completed | 41/73 [00:14<00:11,  2.78it/s]
Loading safetensors checkpoint shards:  58% Completed | 42/73 [00:14<00:10,  2.86it/s]
Loading safetensors checkpoint shards:  59% Completed | 43/73 [00:14<00:10,  2.98it/s]
Loading safetensors checkpoint shards:  60% Completed | 44/73 [00:14<00:09,  3.16it/s]
Loading safetensors checkpoint shards:  62% Completed | 45/73 [00:15<00:09,  2.91it/s]
Loading safetensors checkpoint shards:  63% Completed | 46/73 [00:15<00:08,  3.20it/s]
Loading safetensors checkpoint shards:  64% Completed | 47/73 [00:15<00:08,  3.24it/s]
Loading safetensors checkpoint shards:  66% Completed | 48/73 [00:16<00:07,  3.30it/s]
Loading safetensors checkpoint shards:  67% Completed | 49/73 [00:16<00:05,  4.02it/s]
Loading safetensors checkpoint shards:  68% Completed | 50/73 [00:16<00:05,  4.42it/s]
Loading safetensors checkpoint shards:  70% Completed | 51/73 [00:16<00:04,  5.20it/s]
Loading safetensors checkpoint shards:  71% Completed | 52/73 [00:16<00:05,  4.02it/s]
Loading safetensors checkpoint shards:  73% Completed | 53/73 [00:17<00:05,  4.00it/s]
Loading safetensors checkpoint shards:  74% Completed | 54/73 [00:17<00:04,  3.82it/s]
Loading safetensors checkpoint shards:  75% Completed | 55/73 [00:17<00:04,  3.60it/s]
Loading safetensors checkpoint shards:  78% Completed | 57/73 [00:18<00:03,  4.83it/s]
Loading safetensors checkpoint shards:  79% Completed | 58/73 [00:18<00:02,  5.16it/s]
Loading safetensors checkpoint shards:  81% Completed | 59/73 [00:19<00:05,  2.43it/s]
Loading safetensors checkpoint shards:  82% Completed | 60/73 [00:19<00:04,  2.61it/s]
Loading safetensors checkpoint shards:  84% Completed | 61/73 [00:19<00:04,  2.69it/s]
Loading safetensors checkpoint shards:  85% Completed | 62/73 [00:20<00:04,  2.59it/s]
Loading safetensors checkpoint shards:  86% Completed | 63/73 [00:20<00:03,  2.93it/s]
Loading safetensors checkpoint shards:  88% Completed | 64/73 [00:20<00:02,  3.36it/s]
Loading safetensors checkpoint shards:  89% Completed | 65/73 [00:21<00:02,  3.12it/s]
Loading safetensors checkpoint shards:  90% Completed | 66/73 [00:21<00:02,  3.32it/s]
Loading safetensors checkpoint shards:  92% Completed | 67/73 [00:21<00:02,  2.75it/s]
Loading safetensors checkpoint shards:  93% Completed | 68/73 [00:22<00:01,  2.80it/s]
Loading safetensors checkpoint shards:  95% Completed | 69/73 [00:22<00:01,  2.88it/s]
Loading safetensors checkpoint shards:  96% Completed | 70/73 [00:22<00:01,  2.67it/s]
Loading safetensors checkpoint shards:  97% Completed | 71/73 [00:23<00:00,  2.66it/s]
Loading safetensors checkpoint shards:  99% Completed | 72/73 [00:23<00:00,  2.71it/s]
Loading safetensors checkpoint shards: 100% Completed | 73/73 [00:23<00:00,  3.12it/s]
Loading safetensors checkpoint shards: 100% Completed | 73/73 [00:23<00:00,  3.05it/s]

[2025-11-26 16:17:40 TP0] Load weight end. type=DeepseekV3ForCausalLM, dtype=torch.bfloat16, avail mem=201.25 GB, mem usage=85.08 GB.
[2025-11-26 16:17:41 TP2] Load weight end. type=DeepseekV3ForCausalLM, dtype=torch.bfloat16, avail mem=201.25 GB, mem usage=85.08 GB.
[2025-11-26 16:17:43 TP3] Load weight end. type=DeepseekV3ForCausalLM, dtype=torch.bfloat16, avail mem=201.30 GB, mem usage=85.08 GB.
[2025-11-26 16:17:46 TP1] Load weight end. type=DeepseekV3ForCausalLM, dtype=torch.bfloat16, avail mem=201.23 GB, mem usage=85.08 GB.
[2025-11-26 16:17:46 TP0] Using KV cache dtype: torch.bfloat16
[2025-11-26 16:17:46 TP0] KV Cache is allocated. #tokens: 2549765, KV size: 166.87 GB
[2025-11-26 16:17:46 TP0] Memory pool end. avail mem=31.83 GB
[2025-11-26 16:17:46 TP3] KV Cache is allocated. #tokens: 2549765, KV size: 166.87 GB
[2025-11-26 16:17:46 TP2] KV Cache is allocated. #tokens: 2549765, KV size: 166.87 GB
[2025-11-26 16:17:46 TP3] Memory pool end. avail mem=31.88 GB
[2025-11-26 16:17:46 TP2] Memory pool end. avail mem=31.83 GB
[2025-11-26 16:17:46 TP1] KV Cache is allocated. #tokens: 2549765, KV size: 166.87 GB
[2025-11-26 16:17:46 TP1] Memory pool end. avail mem=31.82 GB
[2025-11-26 16:17:47 TP0] max_total_num_tokens=2549765, chunked_prefill_size=16384, max_prefill_tokens=16384, max_running_requests=4096, context_len=163840, available_gpu_mem=31.78 GB
WARNING: Logging before InitGoogleLogging() is written to STDERR
I1126 16:17:47.480338   441 transfer_engine.cpp:486] Metrics reporting is disabled (set MC_TE_METRIC=1 to enable)
I1126 16:17:47.480361   441 transfer_engine.cpp:91] Transfer Engine parseHostNameWithPort. server_name: 10.235.26.245 port: 12001
I1126 16:17:47.480382   441 transfer_engine.cpp:146] Transfer Engine RPC using P2P handshake, listening on 10.235.26.245:15644
I1126 16:17:47.480485   441 transfer_engine.cpp:185] Auto-discovering topology...
W1126 16:17:47.480512   441 topology.cpp:55] No RDMA devices found, check your device installation
I1126 16:17:47.480548   441 transfer_engine.cpp:200] Topology discovery complete. Found 0 HCAs.
I1126 16:17:47.480562   441 tcp_transport.cpp:299] TcpTransport: listen on port 15314
WARNING: Logging before InitGoogleLogging() is written to STDERR
I1126 16:17:47.485634   442 transfer_engine.cpp:486] Metrics reporting is disabled (set MC_TE_METRIC=1 to enable)
I1126 16:17:47.485658   442 transfer_engine.cpp:91] Transfer Engine parseHostNameWithPort. server_name: 10.235.26.245 port: 12001
I1126 16:17:47.485680   442 transfer_engine.cpp:146] Transfer Engine RPC using P2P handshake, listening on 10.235.26.245:16243
I1126 16:17:47.485740   442 transfer_engine.cpp:185] Auto-discovering topology...
W1126 16:17:47.485776   442 topology.cpp:55] No RDMA devices found, check your device installation
I1126 16:17:47.485810   442 transfer_engine.cpp:200] Topology discovery complete. Found 0 HCAs.
I1126 16:17:47.485822   442 tcp_transport.cpp:299] TcpTransport: listen on port 16053
WARNING: Logging before InitGoogleLogging() is written to STDERR
I1126 16:17:47.488873   443 transfer_engine.cpp:486] Metrics reporting is disabled (set MC_TE_METRIC=1 to enable)
I1126 16:17:47.488893   443 transfer_engine.cpp:91] Transfer Engine parseHostNameWithPort. server_name: 10.235.26.245 port: 12001
I1126 16:17:47.488907   443 transfer_engine.cpp:146] Transfer Engine RPC using P2P handshake, listening on 10.235.26.245:16695
I1126 16:17:47.488991   443 transfer_engine.cpp:185] Auto-discovering topology...
W1126 16:17:47.489025   443 topology.cpp:55] No RDMA devices found, check your device installation
I1126 16:17:47.489060   443 transfer_engine.cpp:200] Topology discovery complete. Found 0 HCAs.
I1126 16:17:47.489073   443 tcp_transport.cpp:299] TcpTransport: listen on port 16913
WARNING: Logging before InitGoogleLogging() is written to STDERR
I1126 16:17:47.491107   440 transfer_engine.cpp:486] Metrics reporting is disabled (set MC_TE_METRIC=1 to enable)
I1126 16:17:47.491130   440 transfer_engine.cpp:91] Transfer Engine parseHostNameWithPort. server_name: 10.235.26.245 port: 12001
I1126 16:17:47.491151   440 transfer_engine.cpp:146] Transfer Engine RPC using P2P handshake, listening on 10.235.26.245:16698
I1126 16:17:47.491196   440 transfer_engine.cpp:185] Auto-discovering topology...
W1126 16:17:47.491230   440 topology.cpp:55] No RDMA devices found, check your device installation
I1126 16:17:47.491266   440 transfer_engine.cpp:200] Topology discovery complete. Found 0 HCAs.
I1126 16:17:47.491279   440 tcp_transport.cpp:299] TcpTransport: listen on port 16876
[2025-11-26 16:17:47] INFO:     Started server process [1]
[2025-11-26 16:17:47] INFO:     Waiting for application startup.
[2025-11-26 16:17:47] Using default chat sampling params from model generation config: {'repetition_penalty': 1.0, 'temperature': 0.6, 'top_k': 50, 'top_p': 0.95}
[2025-11-26 16:17:47] Using default chat sampling params from model generation config: {'repetition_penalty': 1.0, 'temperature': 0.6, 'top_k': 50, 'top_p': 0.95}
[2025-11-26 16:17:47] INFO:     Application startup complete.
[2025-11-26 16:17:47] INFO:     Uvicorn running on http://10.235.26.245:30025 (Press CTRL+C to quit)
[2025-11-26 16:17:48] Endpoint '/get_model_info' is deprecated and will be removed in a future version. Please use '/model_info' instead.
[2025-11-26 16:17:48] INFO:     10.235.26.245:45464 - "GET /get_model_info HTTP/1.1" 200 OK
[2025-11-26 16:17:48] Start of pd disaggregation warmup ...
[2025-11-26 16:17:48 TP0] Prefill batch, #new-seq: 1, #new-token: 4, #cached-token: 0, token usage: 0.00, #running-req: 0, #queue-req: 0, #prealloc-req: 0, #inflight-req: 0, input throughput (token/s): 0.00, 
[2025-11-26 16:17:49] INFO:     10.235.26.245:45472 - "GET /health HTTP/1.1" 503 Service Unavailable
[2025-11-26 16:17:49] WARNING:  Invalid HTTP request received.
[2025-11-26 16:17:49] WARNING:  Invalid HTTP request received.
[aiter] start build [module_rmsnorm] under /sgl-workspace/aiter/aiter/jit/build/module_rmsnorm
[2025-11-26 16:17:53 TP3] start build [module_rmsnorm] under /sgl-workspace/aiter/aiter/jit/build/module_rmsnorm
[aiter] waiting for baton release at /sgl-workspace/aiter/aiter/jit/build/lock_module_rmsnorm
[2025-11-26 16:17:54 TP1] waiting for baton release at /sgl-workspace/aiter/aiter/jit/build/lock_module_rmsnorm
[2025-11-26 16:17:54] INFO:     10.235.26.245:33618 - "GET /health HTTP/1.1" 503 Service Unavailable
[2025-11-26 16:17:54] WARNING:  Invalid HTTP request received.
[2025-11-26 16:17:54] WARNING:  Invalid HTTP request received.
[aiter] waiting for baton release at /sgl-workspace/aiter/aiter/jit/build/lock_module_rmsnorm
[2025-11-26 16:17:54 TP2] waiting for baton release at /sgl-workspace/aiter/aiter/jit/build/lock_module_rmsnorm
[aiter] waiting for baton release at /sgl-workspace/aiter/aiter/jit/build/lock_module_rmsnorm
[2025-11-26 16:17:55 TP0] waiting for baton release at /sgl-workspace/aiter/aiter/jit/build/lock_module_rmsnorm
[2025-11-26 16:17:59] INFO:     10.235.26.245:33654 - "GET /health HTTP/1.1" 503 Service Unavailable
[2025-11-26 16:17:59] WARNING:  Invalid HTTP request received.
[2025-11-26 16:17:59] WARNING:  Invalid HTTP request received.
[2025-11-26 16:18:04] WARNING:  Invalid HTTP request received.
[2025-11-26 16:18:04] INFO:     10.235.26.245:41210 - "GET /health HTTP/1.1" 503 Service Unavailable
[2025-11-26 16:18:04] WARNING:  Invalid HTTP request received.
[2025-11-26 16:18:09] INFO:     10.235.26.245:41252 - "GET /health HTTP/1.1" 503 Service Unavailable
[2025-11-26 16:18:09] WARNING:  Invalid HTTP request received.
[2025-11-26 16:18:09] WARNING:  Invalid HTTP request received.
[2025-11-26 16:18:14] WARNING:  Invalid HTTP request received.
[2025-11-26 16:18:14] INFO:     10.235.26.245:47630 - "GET /health HTTP/1.1" 503 Service Unavailable
[2025-11-26 16:18:14] WARNING:  Invalid HTTP request received.
[2025-11-26 16:18:19] INFO:     10.235.26.245:47654 - "GET /health HTTP/1.1" 503 Service Unavailable
[2025-11-26 16:18:19] WARNING:  Invalid HTTP request received.
[2025-11-26 16:18:19] WARNING:  Invalid HTTP request received.
[2025-11-26 16:18:24] INFO:     10.235.26.245:35162 - "GET /health HTTP/1.1" 503 Service Unavailable
[2025-11-26 16:18:24] WARNING:  Invalid HTTP request received.
[2025-11-26 16:18:24] WARNING:  Invalid HTTP request received.
[2025-11-26 16:18:29] INFO:     10.235.26.245:35190 - "GET /health HTTP/1.1" 503 Service Unavailable
[2025-11-26 16:18:29] WARNING:  Invalid HTTP request received.
[2025-11-26 16:18:29] WARNING:  Invalid HTTP request received.
[2025-11-26 16:18:34] INFO:     10.235.26.245:42850 - "GET /health HTTP/1.1" 503 Service Unavailable
[2025-11-26 16:18:34] WARNING:  Invalid HTTP request received.
[2025-11-26 16:18:34] WARNING:  Invalid HTTP request received.
[2025-11-26 16:18:39] WARNING:  Invalid HTTP request received.
[2025-11-26 16:18:39] INFO:     10.235.26.245:42870 - "GET /health HTTP/1.1" 503 Service Unavailable
[2025-11-26 16:18:39] WARNING:  Invalid HTTP request received.
[2025-11-26 16:18:44] WARNING:  Invalid HTTP request received.
[2025-11-26 16:18:44] INFO:     10.235.26.245:60492 - "GET /health HTTP/1.1" 503 Service Unavailable
[2025-11-26 16:18:44] WARNING:  Invalid HTTP request received.
[2025-11-26 16:18:49] WARNING:  Invalid HTTP request received.
[2025-11-26 16:18:49] WARNING:  Invalid HTTP request received.
[2025-11-26 16:18:49] INFO:     10.235.26.245:60514 - "GET /health HTTP/1.1" 503 Service Unavailable
[2025-11-26 16:18:54] INFO:     10.235.26.245:40470 - "GET /health HTTP/1.1" 503 Service Unavailable
[2025-11-26 16:18:54] WARNING:  Invalid HTTP request received.
[2025-11-26 16:18:54] WARNING:  Invalid HTTP request received.
[2025-11-26 16:18:59] INFO:     10.235.26.245:40494 - "GET /health HTTP/1.1" 503 Service Unavailable
[2025-11-26 16:18:59] WARNING:  Invalid HTTP request received.
[2025-11-26 16:18:59] WARNING:  Invalid HTTP request received.
[2025-11-26 16:19:04] WARNING:  Invalid HTTP request received.
[2025-11-26 16:19:04] WARNING:  Invalid HTTP request received.
[2025-11-26 16:19:04] INFO:     10.235.26.245:49896 - "GET /health HTTP/1.1" 503 Service Unavailable
[2025-11-26 16:19:09] INFO:     10.235.26.245:49928 - "GET /health HTTP/1.1" 503 Service Unavailable
[2025-11-26 16:19:09] WARNING:  Invalid HTTP request received.
[2025-11-26 16:19:09] WARNING:  Invalid HTTP request received.
[2025-11-26 16:19:14] INFO:     10.235.26.245:43870 - "GET /health HTTP/1.1" 503 Service Unavailable
[2025-11-26 16:19:14] WARNING:  Invalid HTTP request received.
[2025-11-26 16:19:14] WARNING:  Invalid HTTP request received.
[2025-11-26 16:19:19] INFO:     10.235.26.245:43884 - "GET /health HTTP/1.1" 503 Service Unavailable
[2025-11-26 16:19:19] WARNING:  Invalid HTTP request received.
[2025-11-26 16:19:19] WARNING:  Invalid HTTP request received.
[2025-11-26 16:19:24] WARNING:  Invalid HTTP request received.
[2025-11-26 16:19:24] WARNING:  Invalid HTTP request received.
[2025-11-26 16:19:24] INFO:     10.235.26.245:55276 - "GET /health HTTP/1.1" 503 Service Unavailable
[2025-11-26 16:19:29] WARNING:  Invalid HTTP request received.
[2025-11-26 16:19:29] INFO:     10.235.26.245:55312 - "GET /health HTTP/1.1" 503 Service Unavailable
[2025-11-26 16:19:29] WARNING:  Invalid HTTP request received.
[2025-11-26 16:19:34] WARNING:  Invalid HTTP request received.
[2025-11-26 16:19:34] INFO:     10.235.26.245:59526 - "GET /health HTTP/1.1" 503 Service Unavailable
[2025-11-26 16:19:34] WARNING:  Invalid HTTP request received.
[2025-11-26 16:19:39] WARNING:  Invalid HTTP request received.
[2025-11-26 16:19:39] INFO:     10.235.26.245:59562 - "GET /health HTTP/1.1" 503 Service Unavailable
[2025-11-26 16:19:39] WARNING:  Invalid HTTP request received.
[2025-11-26 16:19:44] WARNING:  Invalid HTTP request received.
[2025-11-26 16:19:44] WARNING:  Invalid HTTP request received.
[2025-11-26 16:19:49] INFO:     10.235.26.245:58224 - "GET /health HTTP/1.1" 503 Service Unavailable
[2025-11-26 16:19:49] WARNING:  Invalid HTTP request received.
[2025-11-26 16:19:49] WARNING:  Invalid HTTP request received.
[2025-11-26 16:19:54] INFO:     10.235.26.245:46990 - "GET /health HTTP/1.1" 503 Service Unavailable
[2025-11-26 16:19:54] WARNING:  Invalid HTTP request received.
[2025-11-26 16:19:54] WARNING:  Invalid HTTP request received.
[2025-11-26 16:19:59] WARNING:  Invalid HTTP request received.
[2025-11-26 16:19:59] INFO:     10.235.26.245:47016 - "GET /health HTTP/1.1" 503 Service Unavailable
[2025-11-26 16:19:59] WARNING:  Invalid HTTP request received.
[2025-11-26 16:20:04] INFO:     10.235.26.245:50150 - "GET /health HTTP/1.1" 503 Service Unavailable
[2025-11-26 16:20:04] WARNING:  Invalid HTTP request received.
[2025-11-26 16:20:04] WARNING:  Invalid HTTP request received.
[2025-11-26 16:20:09] WARNING:  Invalid HTTP request received.
[2025-11-26 16:20:09] INFO:     10.235.26.245:50174 - "GET /health HTTP/1.1" 503 Service Unavailable
[2025-11-26 16:20:09] WARNING:  Invalid HTTP request received.
[2025-11-26 16:20:14] WARNING:  Invalid HTTP request received.
[2025-11-26 16:20:14] INFO:     10.235.26.245:52730 - "GET /health HTTP/1.1" 503 Service Unavailable
[2025-11-26 16:20:14] WARNING:  Invalid HTTP request received.
[2025-11-26 16:20:19] WARNING:  Invalid HTTP request received.
[2025-11-26 16:20:19] INFO:     10.235.26.245:52744 - "GET /health HTTP/1.1" 503 Service Unavailable
[2025-11-26 16:20:19] WARNING:  Invalid HTTP request received.
[2025-11-26 16:20:24] INFO:     10.235.26.245:35188 - "GET /health HTTP/1.1" 503 Service Unavailable
[2025-11-26 16:20:24] WARNING:  Invalid HTTP request received.
[2025-11-26 16:20:24] WARNING:  Invalid HTTP request received.
[2025-11-26 16:20:29] INFO:     10.235.26.245:35224 - "GET /health HTTP/1.1" 503 Service Unavailable
[2025-11-26 16:20:29] WARNING:  Invalid HTTP request received.
[2025-11-26 16:20:29] WARNING:  Invalid HTTP request received.
[2025-11-26 16:20:34] WARNING:  Invalid HTTP request received.
[2025-11-26 16:20:34] INFO:     10.235.26.245:44356 - "GET /health HTTP/1.1" 503 Service Unavailable
[2025-11-26 16:20:34] WARNING:  Invalid HTTP request received.
[2025-11-26 16:20:39] INFO:     10.235.26.245:44384 - "GET /health HTTP/1.1" 503 Service Unavailable
[2025-11-26 16:20:39] WARNING:  Invalid HTTP request received.
[2025-11-26 16:20:39] WARNING:  Invalid HTTP request received.
[2025-11-26 16:20:44] WARNING:  Invalid HTTP request received.
[2025-11-26 16:20:44] INFO:     10.235.26.245:34788 - "GET /health HTTP/1.1" 503 Service Unavailable
[2025-11-26 16:20:44] WARNING:  Invalid HTTP request received.
[2025-11-26 16:20:49] INFO:     10.235.26.245:34818 - "GET /health HTTP/1.1" 503 Service Unavailable
[2025-11-26 16:20:49] WARNING:  Invalid HTTP request received.
[2025-11-26 16:20:49] WARNING:  Invalid HTTP request received.
[2025-11-26 16:20:54] INFO:     10.235.26.245:39358 - "GET /health HTTP/1.1" 503 Service Unavailable
[2025-11-26 16:20:54] WARNING:  Invalid HTTP request received.
[2025-11-26 16:20:54] WARNING:  Invalid HTTP request received.
[2025-11-26 16:20:59] INFO:     10.235.26.245:39368 - "GET /health HTTP/1.1" 503 Service Unavailable
[2025-11-26 16:20:59] WARNING:  Invalid HTTP request received.
[2025-11-26 16:20:59] WARNING:  Invalid HTTP request received.
[2025-11-26 16:21:04] INFO:     10.235.26.245:60848 - "GET /health HTTP/1.1" 503 Service Unavailable
[2025-11-26 16:21:04] WARNING:  Invalid HTTP request received.
[2025-11-26 16:21:04] WARNING:  Invalid HTTP request received.
[2025-11-26 16:21:09] INFO:     10.235.26.245:60884 - "GET /health HTTP/1.1" 503 Service Unavailable
[2025-11-26 16:21:09] WARNING:  Invalid HTTP request received.
[2025-11-26 16:21:09] WARNING:  Invalid HTTP request received.
[2025-11-26 16:21:14] INFO:     10.235.26.245:55512 - "GET /health HTTP/1.1" 503 Service Unavailable
[2025-11-26 16:21:14] WARNING:  Invalid HTTP request received.
[2025-11-26 16:21:14] WARNING:  Invalid HTTP request received.
[2025-11-26 16:21:19] INFO:     10.235.26.245:55542 - "GET /health HTTP/1.1" 503 Service Unavailable
[2025-11-26 16:21:19] WARNING:  Invalid HTTP request received.
[2025-11-26 16:21:19] WARNING:  Invalid HTTP request received.
[2025-11-26 16:21:24] INFO:     10.235.26.245:45268 - "GET /health HTTP/1.1" 503 Service Unavailable
[2025-11-26 16:21:24] WARNING:  Invalid HTTP request received.
[2025-11-26 16:21:24] WARNING:  Invalid HTTP request received.
[2025-11-26 16:21:28] INFO:     10.235.26.245:45304 - "GET /health HTTP/1.1" 503 Service Unavailable
[2025-11-26 16:21:29] INFO:     10.235.26.245:45314 - "GET /health HTTP/1.1" 503 Service Unavailable
[2025-11-26 16:21:29] WARNING:  Invalid HTTP request received.
[2025-11-26 16:21:29] WARNING:  Invalid HTTP request received.
[2025-11-26 16:21:34] INFO:     10.235.26.245:59480 - "GET /health HTTP/1.1" 503 Service Unavailable
[2025-11-26 16:21:34] INFO:     10.235.26.245:59484 - "GET /health HTTP/1.1" 503 Service Unavailable
[2025-11-26 16:21:34] WARNING:  Invalid HTTP request received.
[2025-11-26 16:21:34] WARNING:  Invalid HTTP request received.
[2025-11-26 16:21:39] INFO:     10.235.26.245:59518 - "GET /health HTTP/1.1" 503 Service Unavailable
[2025-11-26 16:21:39] INFO:     10.235.26.245:59530 - "GET /health HTTP/1.1" 503 Service Unavailable
[2025-11-26 16:21:39] WARNING:  Invalid HTTP request received.
[2025-11-26 16:21:39] WARNING:  Invalid HTTP request received.
[2025-11-26 16:21:44] INFO:     10.235.26.245:58284 - "GET /health HTTP/1.1" 503 Service Unavailable
[2025-11-26 16:21:44] INFO:     10.235.26.245:58290 - "GET /health HTTP/1.1" 503 Service Unavailable
[2025-11-26 16:21:44] WARNING:  Invalid HTTP request received.
[2025-11-26 16:21:44] WARNING:  Invalid HTTP request received.
[2025-11-26 16:21:49] INFO:     10.235.26.245:58308 - "GET /health HTTP/1.1" 503 Service Unavailable
[2025-11-26 16:21:49] INFO:     10.235.26.245:58312 - "GET /health HTTP/1.1" 503 Service Unavailable
[2025-11-26 16:21:49] WARNING:  Invalid HTTP request received.
[2025-11-26 16:21:49] WARNING:  Invalid HTTP request received.
[2025-11-26 16:21:54] INFO:     10.235.26.245:48252 - "GET /health HTTP/1.1" 503 Service Unavailable
[2025-11-26 16:21:54] INFO:     10.235.26.245:48260 - "GET /health HTTP/1.1" 503 Service Unavailable
[2025-11-26 16:21:54] WARNING:  Invalid HTTP request received.
[2025-11-26 16:21:54] WARNING:  Invalid HTTP request received.
[2025-11-26 16:21:59] INFO:     10.235.26.245:48280 - "GET /health HTTP/1.1" 503 Service Unavailable
[2025-11-26 16:21:59] INFO:     10.235.26.245:48294 - "GET /health HTTP/1.1" 503 Service Unavailable
[2025-11-26 16:21:59] WARNING:  Invalid HTTP request received.
[2025-11-26 16:21:59] WARNING:  Invalid HTTP request received.
[2025-11-26 16:22:04] INFO:     10.235.26.245:59166 - "GET /health HTTP/1.1" 503 Service Unavailable
[2025-11-26 16:22:04] INFO:     10.235.26.245:59176 - "GET /health HTTP/1.1" 503 Service Unavailable
[2025-11-26 16:22:04] WARNING:  Invalid HTTP request received.
[2025-11-26 16:22:04] WARNING:  Invalid HTTP request received.
[2025-11-26 16:22:09] INFO:     10.235.26.245:59214 - "GET /health HTTP/1.1" 503 Service Unavailable
[2025-11-26 16:22:09] INFO:     10.235.26.245:59216 - "GET /health HTTP/1.1" 503 Service Unavailable
[2025-11-26 16:22:09] WARNING:  Invalid HTTP request received.
[2025-11-26 16:22:09] WARNING:  Invalid HTTP request received.
[2025-11-26 16:22:14] INFO:     10.235.26.245:32866 - "GET /health HTTP/1.1" 503 Service Unavailable
[2025-11-26 16:22:14] INFO:     10.235.26.245:32872 - "GET /health HTTP/1.1" 503 Service Unavailable
[2025-11-26 16:22:14] WARNING:  Invalid HTTP request received.
[2025-11-26 16:22:14] WARNING:  Invalid HTTP request received.
[2025-11-26 16:22:17 TP1] self.cur_batch.batch_size()=1
self.cur_batch.reqs=[Req(rid=2a3975bc12a14032b2b6a0230b49278c, input_ids=[0, 1, 2, 3], output_ids=[], self.grammar=None, self.sampling_params=<sglang.srt.sampling.sampling_params.SamplingParams object at 0x7f9efc60b070>)]
self.max_total_num_tokens=2549765, available_size=2549761, evictable_size=0, protected_size=0

[2025-11-26 16:22:17 TP2] self.cur_batch.batch_size()=1
self.cur_batch.reqs=[Req(rid=2a3975bc12a14032b2b6a0230b49278c, input_ids=[0, 1, 2, 3], output_ids=[], self.grammar=None, self.sampling_params=<sglang.srt.sampling.sampling_params.SamplingParams object at 0x7f312646f070>)]
self.max_total_num_tokens=2549765, available_size=2549761, evictable_size=0, protected_size=0

[2025-11-26 16:22:17 TP3] self.cur_batch.batch_size()=1
self.cur_batch.reqs=[Req(rid=2a3975bc12a14032b2b6a0230b49278c, input_ids=[0, 1, 2, 3], output_ids=[], self.grammar=None, self.sampling_params=<sglang.srt.sampling.sampling_params.SamplingParams object at 0x7ef30765a5c0>)]
self.max_total_num_tokens=2549765, available_size=2549761, evictable_size=0, protected_size=0

[2025-11-26 16:22:17 TP0] self.cur_batch.batch_size()=1
self.cur_batch.reqs=[Req(rid=2a3975bc12a14032b2b6a0230b49278c, input_ids=[0, 1, 2, 3], output_ids=[], self.grammar=None, self.sampling_params=<sglang.srt.sampling.sampling_params.SamplingParams object at 0x7edafd244370>)]
self.max_total_num_tokens=2549765, available_size=2549761, evictable_size=0, protected_size=0

[2025-11-26 16:22:17 TP1] Pyspy dump for PID 441:
Process 441: sglang::scheduler_TP1
Python v3.10.12 (/usr/bin/python3.10)

Thread 441 (idle): "MainThread"
    wait (aiter/jit/utils/file_baton.py:50)
    mp_lock (aiter/jit/core.py:51)
    build_module (aiter/jit/core.py:636)
    wrapper (aiter/jit/core.py:796)
    custom_wrapper (aiter/jit/core.py:903)
    wrapper (aiter/jit/utils/torch_guard.py:197)
    outer_wrapper (aiter/jit/utils/torch_guard.py:302)
    __call__ (torch/_ops.py:1254)
    wrapper_custom (aiter/jit/utils/torch_guard.py:279)
    forward_aiter (layernorm.py:157)
    forward (custom_op.py:67)
    _call_impl (torch/nn/modules/module.py:1786)
    _wrapped_call_impl (torch/nn/modules/module.py:1775)
    forward_normal_prepare (deepseek_v2.py:1642)
    forward_prepare (deepseek_v2.py:1501)
    forward (deepseek_v2.py:1461)
    _call_impl (torch/nn/modules/module.py:1786)
    _wrapped_call_impl (torch/nn/modules/module.py:1775)
    forward (deepseek_v2.py:2997)
    _call_impl (torch/nn/modules/module.py:1786)
    _wrapped_call_impl (torch/nn/modules/module.py:1775)
    forward (deepseek_v2.py:3284)
    _call_impl (torch/nn/modules/module.py:1786)
    _wrapped_call_impl (torch/nn/modules/module.py:1775)
    forward (deepseek_v2.py:3473)
    decorate_context (torch/utils/_contextlib.py:120)
    forward_extend (model_runner.py:2232)
    _forward_raw (model_runner.py:2346)
    forward (model_runner.py:2287)
    forward_batch_generation (tp_worker.py:388)
    run_batch (scheduler.py:1987)
    event_loop_overlap_disagg_prefill (prefill.py:372)
    decorate_context (torch/utils/_contextlib.py:120)
    run_scheduler_process (scheduler.py:2714)
    run (multiprocessing/process.py:108)
    _bootstrap (multiprocessing/process.py:314)
    _main (multiprocessing/spawn.py:129)
    spawn_main (multiprocessing/spawn.py:116)
    <module> (<string>:1)
Thread 1656 (idle): "Thread-1"
    wait (threading.py:324)
    wait (threading.py:607)
    run (tqdm/_monitor.py:60)
    _bootstrap_inner (threading.py:1016)
    _bootstrap (threading.py:973)
Thread 1821 (idle): "Thread-2 (watchdog_thread)"
    select (selectors.py:416)
    _communicate (subprocess.py:2021)
    communicate (subprocess.py:1154)
    run (subprocess.py:505)
    pyspy_dump_schedulers (utils/common.py:2272)
    watchdog_thread (scheduler_runtime_checker_mixin.py:335)
    run (threading.py:953)
    _bootstrap_inner (threading.py:1016)
    _bootstrap (threading.py:973)
Thread 1834 (idle): "Thread-3 (bootstrap_thread)"
    recv_multipart (zmq/sugar/socket.py:799)
    bootstrap_thread (mooncake/conn.py:854)
    run (threading.py:953)
    _bootstrap_inner (threading.py:1016)
    _bootstrap (threading.py:973)
Thread 1835 (idle): "Thread-4 (transfer_worker)"
    wait (threading.py:320)
    get (common/utils.py:24)
    transfer_worker (mooncake/conn.py:703)
    run (threading.py:953)
    _bootstrap_inner (threading.py:1016)
    _bootstrap (threading.py:973)
Thread 1836 (idle): "Thread-5 (transfer_worker)"
    wait (threading.py:320)
    get (common/utils.py:24)
    transfer_worker (mooncake/conn.py:703)
    run (threading.py:953)
    _bootstrap_inner (threading.py:1016)
    _bootstrap (threading.py:973)
Thread 1840 (idle): "Thread-6 (transfer_worker)"
    wait (threading.py:320)
    get (common/utils.py:24)
    transfer_worker (mooncake/conn.py:703)
    run (threading.py:953)
    _bootstrap_inner (threading.py:1016)
    _bootstrap (threading.py:973)
Thread 1842 (idle): "Thread-7 (transfer_worker)"
    wait (threading.py:320)
    get (common/utils.py:24)
    transfer_worker (mooncake/conn.py:703)
    run (threading.py:953)
    _bootstrap_inner (threading.py:1016)
    _bootstrap (threading.py:973)
Thread 1948 (idle): "Thread-8"
    wait (threading.py:324)
    wait (threading.py:607)
    run (tqdm/_monitor.py:60)
    _bootstrap_inner (threading.py:1016)
    _bootstrap (threading.py:973)

[2025-11-26 16:22:17 TP1] Watchdog timeout (self.watchdog_timeout=180.0)


[2025-11-26 16:22:17 TP2] Pyspy dump for PID 442:
Process 442: sglang::scheduler_TP2
Python v3.10.12 (/usr/bin/python3.10)

Thread 442 (idle): "MainThread"
    wait (aiter/jit/utils/file_baton.py:50)
    mp_lock (aiter/jit/core.py:51)
    build_module (aiter/jit/core.py:636)
    wrapper (aiter/jit/core.py:796)
    custom_wrapper (aiter/jit/core.py:903)
    wrapper (aiter/jit/utils/torch_guard.py:197)
    outer_wrapper (aiter/jit/utils/torch_guard.py:302)
    __call__ (torch/_ops.py:1254)
    wrapper_custom (aiter/jit/utils/torch_guard.py:279)
    forward_aiter (layernorm.py:157)
    forward (custom_op.py:67)
    _call_impl (torch/nn/modules/module.py:1786)
    _wrapped_call_impl (torch/nn/modules/module.py:1775)
    forward_normal_prepare (deepseek_v2.py:1642)
    forward_prepare (deepseek_v2.py:1501)
    forward (deepseek_v2.py:1461)
    _call_impl (torch/nn/modules/module.py:1786)
    _wrapped_call_impl (torch/nn/modules/module.py:1775)
    forward (deepseek_v2.py:2997)
    _call_impl (torch/nn/modules/module.py:1786)
    _wrapped_call_impl (torch/nn/modules/module.py:1775)
    forward (deepseek_v2.py:3284)
    _call_impl (torch/nn/modules/module.py:1786)
    _wrapped_call_impl (torch/nn/modules/module.py:1775)
    forward (deepseek_v2.py:3473)
    decorate_context (torch/utils/_contextlib.py:120)
    forward_extend (model_runner.py:2232)
    _forward_raw (model_runner.py:2346)
    forward (model_runner.py:2287)
    forward_batch_generation (tp_worker.py:388)
    run_batch (scheduler.py:1987)
    event_loop_overlap_disagg_prefill (prefill.py:372)
    decorate_context (torch/utils/_contextlib.py:120)
    run_scheduler_process (scheduler.py:2714)
    run (multiprocessing/process.py:108)
    _bootstrap (multiprocessing/process.py:314)
    _main (multiprocessing/spawn.py:129)
    spawn_main (multiprocessing/spawn.py:116)
    <module> (<string>:1)
Thread 1651 (idle): "Thread-1"
    wait (threading.py:324)
    wait (threading.py:607)
    run (tqdm/_monitor.py:60)
    _bootstrap_inner (threading.py:1016)
    _bootstrap (threading.py:973)
Thread 1822 (idle): "Thread-2 (watchdog_thread)"
    select (selectors.py:416)
    _communicate (subprocess.py:2021)
    communicate (subprocess.py:1154)
    run (subprocess.py:505)
    pyspy_dump_schedulers (utils/common.py:2272)
    watchdog_thread (scheduler_runtime_checker_mixin.py:335)
    run (threading.py:953)
    _bootstrap_inner (threading.py:1016)
    _bootstrap (threading.py:973)
Thread 1849 (idle): "Thread-3 (bootstrap_thread)"
    recv_multipart (zmq/sugar/socket.py:799)
    bootstrap_thread (mooncake/conn.py:854)
    run (threading.py:953)
    _bootstrap_inner (threading.py:1016)

    _bootstrap (threading.py:973)
Thread 1850 (idle): "Thread-4 (transfer_worker)"
    wait (threading.py:320)
    get (common/utils.py:24)
    transfer_worker (mooncake/conn.py:703)
    run (threading.py:953)
    _bootstrap_inner (threading.py:1016)
    _bootstrap (threading.py:973)
Thread 1851 (idle): "Thread-5 (transfer_worker)"
    wait (threading.py:320)
    get (common/utils.py:24)
    transfer_worker (mooncake/conn.py:703)
    run (threading.py:953)
    _bootstrap_inner (threading.py:1016)
    _bootstrap (threading.py:973)
Thread 1853 (idle): "Thread-6 (transfer_worker)"
    wait (threading.py:320)
    get (common/utils.py:24)
    transfer_worker (mooncake/conn.py:703)
    run (threading.py:953)
    _bootstrap_inner (threading.py:1016)
    _bootstrap (threading.py:973)
Thread 1855 (idle): "Thread-7 (transfer_worker)"
    wait (threading.py:320)
    get (common/utils.py:24)
    transfer_worker (mooncake/conn.py:703)
    run (threading.py:953)
    _bootstrap_inner (threading.py:1016)
    _bootstrap (threading.py:973)
Thread 1950 (idle): "Thread-8"
    wait (threading.py:324)
    wait (threading.py:607)
    run (tqdm/_monitor.py:60)
    _bootstrap_inner (threading.py:1016)
    _bootstrap (threading.py:973)

[2025-11-26 16:22:17 TP2] Watchdog timeout (self.watchdog_timeout=180.0)

[2025-11-26 16:22:17 TP0] Pyspy dump for PID 440:
Process 440: sglang::scheduler_TP0
Python v3.10.12 (/usr/bin/python3.10)

Thread 440 (idle): "MainThread"
    wait (aiter/jit/utils/file_baton.py:50)
    mp_lock (aiter/jit/core.py:51)
    build_module (aiter/jit/core.py:636)
    wrapper (aiter/jit/core.py:796)
    custom_wrapper (aiter/jit/core.py:903)
    wrapper (aiter/jit/utils/torch_guard.py:197)
    outer_wrapper (aiter/jit/utils/torch_guard.py:302)
    __call__ (torch/_ops.py:1254)
    wrapper_custom (aiter/jit/utils/torch_guard.py:279)
    forward_aiter (layernorm.py:157)
    forward (custom_op.py:67)
    _call_impl (torch/nn/modules/module.py:1786)
    _wrapped_call_impl (torch/nn/modules/module.py:1775)
    forward_normal_prepare (deepseek_v2.py:1642)
    forward_prepare (deepseek_v2.py:1501)
    forward (deepseek_v2.py:1461)
    _call_impl (torch/nn/modules/module.py:1786)
    _wrapped_call_impl (torch/nn/modules/module.py:1775)
    forward (deepseek_v2.py:2997)
    _call_impl (torch/nn/modules/module.py:1786)
    _wrapped_call_impl (torch/nn/modules/module.py:1775)
    forward (deepseek_v2.py:3284)
    _call_impl (torch/nn/modules/module.py:1786)
    _wrapped_call_impl (torch/nn/modules/module.py:1775)
    forward (deepseek_v2.py:3473)
    decorate_context (torch/utils/_contextlib.py:120)
    forward_extend (model_runner.py:2232)
    _forward_raw (model_runner.py:2346)
    forward (model_runner.py:2287)
    forward_batch_generation (tp_worker.py:388)
    run_batch (scheduler.py:1987)
    event_loop_overlap_disagg_prefill (prefill.py:372)
    decorate_context (torch/utils/_contextlib.py:120)
    run_scheduler_process (scheduler.py:2714)
    run (multiprocessing/process.py:108)
    _bootstrap (multiprocessing/process.py:314)
    _main (multiprocessing/spawn.py:129)
    spawn_main (multiprocessing/spawn.py:116)
    <module> (<string>:1)
Thread 1683 (idle): "Thread-1"
    wait (threading.py:324)
    wait (threading.py:607)
    run (tqdm/_monitor.py:60)
    _bootstrap_inner (threading.py:1016)
    _bootstrap (threading.py:973)
Thread 1823 (idle): "Thread-2 (watchdog_thread)"
    select (selectors.py:416)
    _communicate (subprocess.py:2021)
    communicate (subprocess.py:1154)
    run (subprocess.py:505)
    pyspy_dump_schedulers (utils/common.py:2272)
    watchdog_thread (scheduler_runtime_checker_mixin.py:335)
    run (threading.py:953)
    _bootstrap_inner (threading.py:1016)
    _bootstrap (threading.py:973)
Thread 1875 (idle): "Thread-3 (bootstrap_thread)"
    recv_multipart (zmq/sugar/socket.py:799)
    bootstrap_thread (mooncake/conn.py:854)
    run (threading.py:953)
    _bootstrap_inner (threading.py:1016)
    _bootstrap (threading.py:973)
Thread 1880 (idle): "Thread-4 (transfer_worker)"
    wait (threading.py:320)
    get (common/utils.py:24)
    transfer_worker (mooncake/conn.py:703)
    run (threading.py:953)
    _bootstrap_inner (threading.py:1016)
    _bootstrap (threading.py:973)

Thread 1882 (idle): "Thread-5 (transfer_worker)"
    wait (threading.py:320)
    get (common/utils.py:24)
    transfer_worker (mooncake/conn.py:703)
    run (threading.py:953)
    _bootstrap_inner (threading.py:1016)
    _bootstrap (threading.py:973)
Thread 1883 (idle): "Thread-6 (transfer_worker)"
    wait (threading.py:320)
    get (common/utils.py:24)
    transfer_worker (mooncake/conn.py:703)
    run (threading.py:953)
    _bootstrap_inner (threading.py:1016)
    _bootstrap (threading.py:973)
Thread 1884 (idle): "Thread-7 (transfer_worker)"
    wait (threading.py:320)
    get (common/utils.py:24)
    transfer_worker (mooncake/conn.py:703)
    run (threading.py:953)
    _bootstrap_inner (threading.py:1016)
    _bootstrap (threading.py:973)
Thread 1947 (idle): "Thread-8"
    wait (threading.py:324)
    wait (threading.py:607)
    run (tqdm/_monitor.py:60)
    _bootstrap_inner (threading.py:1016)
    _bootstrap (threading.py:973)

[2025-11-26 16:22:17 TP0] Watchdog timeout (self.watchdog_timeout=180.0)


[2025-11-26 16:22:18 TP3] Pyspy dump for PID 443:
Process 443: sglang::scheduler_TP3
Python v3.10.12 (/usr/bin/python3.10)

Thread 443 (idle): "MainThread"
    communicate (subprocess.py:1141)
    run (subprocess.py:505)
    _run_ninja_build (aiter/jit/utils/cpp_extension.py:1487)
    _write_ninja_file_and_build_library (aiter/jit/utils/cpp_extension.py:1356)
    _jit_compile (aiter/jit/utils/cpp_extension.py:1227)
    MainFunc (aiter/jit/core.py:580)
    mp_lock (aiter/jit/core.py:45)
    build_module (aiter/jit/core.py:636)
    wrapper (aiter/jit/core.py:796)
    custom_wrapper (aiter/jit/core.py:903)
    wrapper (aiter/jit/utils/torch_guard.py:197)
    outer_wrapper (aiter/jit/utils/torch_guard.py:302)
    __call__ (torch/_ops.py:1254)
    wrapper_custom (aiter/jit/utils/torch_guard.py:279)
    forward_aiter (layernorm.py:157)
    forward (custom_op.py:67)
    _call_impl (torch/nn/modules/module.py:1786)
    _wrapped_call_impl (torch/nn/modules/module.py:1775)
    forward_normal_prepare (deepseek_v2.py:1642)
    forward_prepare (deepseek_v2.py:1501)
    forward (deepseek_v2.py:1461)
    _call_impl (torch/nn/modules/module.py:1786)
    _wrapped_call_impl (torch/nn/modules/module.py:1775)
    forward (deepseek_v2.py:2997)
    _call_impl (torch/nn/modules/module.py:1786)
    _wrapped_call_impl (torch/nn/modules/module.py:1775)
    forward (deepseek_v2.py:3284)
    _call_impl (torch/nn/modules/module.py:1786)
    _wrapped_call_impl (torch/nn/modules/module.py:1775)
    forward (deepseek_v2.py:3473)
    decorate_context (torch/utils/_contextlib.py:120)
    forward_extend (model_runner.py:2232)
    _forward_raw (model_runner.py:2346)
    forward (model_runner.py:2287)
    forward_batch_generation (tp_worker.py:388)
    run_batch (scheduler.py:1987)
    event_loop_overlap_disagg_prefill (prefill.py:372)
    decorate_context (torch/utils/_contextlib.py:120)
    run_scheduler_process (scheduler.py:2714)
    run (multiprocessing/process.py:108)
    _bootstrap (multiprocessing/process.py:314)
    _main (multiprocessing/spawn.py:129)
    spawn_main (multiprocessing/spawn.py:116)
    <module> (<string>:1)
Thread 1643 (idle): "Thread-1"
    wait (threading.py:324)
    wait (threading.py:607)
    run (tqdm/_monitor.py:60)
    _bootstrap_inner (threading.py:1016)
    _bootstrap (threading.py:973)
Thread 1824 (idle): "Thread-2 (watchdog_thread)"
    select (selectors.py:416)
    _communicate (subprocess.py:2021)
    communicate (subprocess.py:1154)
    run (subprocess.py:505)
    pyspy_dump_schedulers (utils/common.py:2272)
    watchdog_thread (scheduler_runtime_checker_mixin.py:335)
    run (threading.py:953)
    _bootstrap_inner (threading.py:1016)
    _bootstrap (threading.py:973)
Thread 1862 (idle): "Thread-3 (bootstrap_thread)"
    recv_multipart (zmq/sugar/socket.py:799)
    bootstrap_thread (mooncake/conn.py:854)
    run (threading.py:953)
    _bootstrap_inner (threading.py:1016)
    _bootstrap (threading.py:973)
Thread 1863 (idle): "Thread-4 (transfer_worker)"
    wait (threading.py:320)
    get (common/utils.py:24)
    transfer_worker (mooncake/conn.py:703)
    run (threading.py:953)
    _bootstrap_inner (threading.py:1016)
    _bootstrap (threading.py:973)
Thread 1864 (idle): "Thread-5 (transfer_worker)"
    wait (threading.py:320)
    get (common/utils.py:24)
    transfer_worker (mooncake/conn.py:703)
    run (threading.py:953)
    _bootstrap_inner (threading.py:1016)
    _bootstrap (threading.py:973)
Thread 1866 (idle): "Thread-6 (transfer_worker)"
    wait (threading.py:320)
    get (common/utils.py:24)
    transfer_worker (mooncake/conn.py:703)
    run (threading.py:953)
    _bootstrap_inner (threading.py:1016)
    _bootstrap (threading.py:973)
Thread 1869 (idle): "Thread-7 (transfer_worker)"
    wait (threading.py:320)
    get (common/utils.py:24)
    transfer_worker (mooncake/conn.py:703)
    run (threading.py:953)
    _bootstrap_inner (threading.py:1016)
    _bootstrap (threading.py:973)
Thread 1949 (idle): "Thread-8"
    wait (threading.py:324)
    wait (threading.py:607)
    run (tqdm/_monitor.py:60)
    _bootstrap_inner (threading.py:1016)
    _bootstrap (threading.py:973)

[2025-11-26 16:22:18 TP3] Watchdog timeout (self.watchdog_timeout=180.0)

[2025-11-26 16:22:19] INFO:     10.235.26.245:32914 - "GET /health HTTP/1.1" 503 Service Unavailable
[2025-11-26 16:22:19] INFO:     10.235.26.245:32920 - "GET /health HTTP/1.1" 503 Service Unavailable
[2025-11-26 16:22:19] WARNING:  Invalid HTTP request received.
[2025-11-26 16:22:19] WARNING:  Invalid HTTP request received.
[2025-11-26 16:22:22] SIGQUIT received. signum=None, frame=None. It usually means one child failed.
[2025-11-26 16:22:22] SIGQUIT received. signum=None, frame=None. It usually means one child failed.
[2025-11-26 16:47:48] Initialization failed. warmup error: Traceback (most recent call last):
  File "/opt/venv/lib/python3.10/site-packages/urllib3/connectionpool.py", line 534, in _make_request
    response = conn.getresponse()
  File "/opt/venv/lib/python3.10/site-packages/urllib3/connection.py", line 565, in getresponse
    httplib_response = super().getresponse()
  File "/usr/lib/python3.10/http/client.py", line 1375, in getresponse
    response.begin()
  File "/usr/lib/python3.10/http/client.py", line 318, in begin
    version, status, reason = self._read_status()
  File "/usr/lib/python3.10/http/client.py", line 279, in _read_status
    line = str(self.fp.readline(_MAXLINE + 1), "iso-8859-1")
  File "/usr/lib/python3.10/socket.py", line 705, in readinto
    return self._sock.recv_into(b)
TimeoutError: timed out

The above exception was the direct cause of the following exception:

Traceback (most recent call last):
  File "/opt/venv/lib/python3.10/site-packages/requests/adapters.py", line 644, in send
    resp = conn.urlopen(
  File "/opt/venv/lib/python3.10/site-packages/urllib3/connectionpool.py", line 841, in urlopen
    retries = retries.increment(
  File "/opt/venv/lib/python3.10/site-packages/urllib3/util/retry.py", line 474, in increment
    raise reraise(type(error), error, _stacktrace)
  File "/opt/venv/lib/python3.10/site-packages/urllib3/util/util.py", line 39, in reraise
    raise value
  File "/opt/venv/lib/python3.10/site-packages/urllib3/connectionpool.py", line 787, in urlopen
    response = self._make_request(
  File "/opt/venv/lib/python3.10/site-packages/urllib3/connectionpool.py", line 536, in _make_request
    self._raise_timeout(err=e, url=url, timeout_value=read_timeout)
  File "/opt/venv/lib/python3.10/site-packages/urllib3/connectionpool.py", line 367, in _raise_timeout
    raise ReadTimeoutError(
urllib3.exceptions.ReadTimeoutError: HTTPConnectionPool(host='10.235.26.245', port=30025): Read timed out. (read timeout=1800)

During handling of the above exception, another exception occurred:

Traceback (most recent call last):
  File "/sgl-workspace/sglang/python/sglang/srt/entrypoints/http_server.py", line 1576, in _execute_server_warmup
    res = requests.post(
  File "/opt/venv/lib/python3.10/site-packages/requests/api.py", line 115, in post
    return request("post", url, data=data, json=json, **kwargs)
  File "/opt/venv/lib/python3.10/site-packages/requests/api.py", line 59, in request
    return session.request(method=method, url=url, **kwargs)
  File "/opt/venv/lib/python3.10/site-packages/requests/sessions.py", line 589, in request
    resp = self.send(prep, **send_kwargs)
  File "/opt/venv/lib/python3.10/site-packages/requests/sessions.py", line 703, in send
    r = adapter.send(request, **kwargs)
  File "/opt/venv/lib/python3.10/site-packages/requests/adapters.py", line 690, in send
    raise ReadTimeout(e, request=request)
requests.exceptions.ReadTimeout: HTTPConnectionPool(host='10.235.26.245', port=30025): Read timed out. (read timeout=1800)

[2025-11-26 16:47:48] ERROR:    Traceback (most recent call last):
  File "/usr/lib/python3.10/asyncio/runners.py", line 44, in run
    return loop.run_until_complete(main)
  File "uvloop/loop.pyx", line 1512, in uvloop.loop.Loop.run_until_complete
  File "uvloop/loop.pyx", line 1505, in uvloop.loop.Loop.run_until_complete
  File "uvloop/loop.pyx", line 1379, in uvloop.loop.Loop.run_forever
  File "uvloop/loop.pyx", line 557, in uvloop.loop.Loop._run
  File "uvloop/loop.pyx", line 476, in uvloop.loop.Loop._on_idle
  File "uvloop/cbhandles.pyx", line 83, in uvloop.loop.Handle._run
  File "uvloop/cbhandles.pyx", line 61, in uvloop.loop.Handle._run
  File "/sgl-workspace/sglang/python/sglang/srt/managers/tokenizer_manager.py", line 2481, in running_phase_sigquit_handler
    kill_process_tree(os.getpid())
  File "/sgl-workspace/sglang/python/sglang/srt/utils/common.py", line 1087, in kill_process_tree
    sys.exit(0)
SystemExit: 0

During handling of the above exception, another exception occurred:

Traceback (most recent call last):
  File "/opt/venv/lib/python3.10/site-packages/starlette/routing.py", line 701, in lifespan
    await receive()
  File "/opt/venv/lib/python3.10/site-packages/uvicorn/lifespan/on.py", line 137, in receive
    return await self.receive_queue.get()
  File "/usr/lib/python3.10/asyncio/queues.py", line 159, in get
    await getter
asyncio.exceptions.CancelledError

[2025-11-26 16:47:48] INFO:     10.235.26.245:32920 - "GET /health HTTP/1.1" 503 Service Unavailable
[2025-11-26 16:47:48] INFO:     10.235.26.245:36052 - "GET /health HTTP/1.1" 503 Service Unavailable
[2025-11-26 16:47:48] WARNING:  Invalid HTTP request received.
[2025-11-26 16:47:48] WARNING:  Invalid HTTP request received.
[2025-11-26 16:47:48] ERROR:    Exception in ASGI application
Traceback (most recent call last):
  File "/usr/lib/python3.10/asyncio/runners.py", line 44, in run
    return loop.run_until_complete(main)
  File "uvloop/loop.pyx", line 1512, in uvloop.loop.Loop.run_until_complete
  File "uvloop/loop.pyx", line 1505, in uvloop.loop.Loop.run_until_complete
  File "uvloop/loop.pyx", line 1379, in uvloop.loop.Loop.run_forever
  File "uvloop/loop.pyx", line 557, in uvloop.loop.Loop._run
  File "uvloop/loop.pyx", line 476, in uvloop.loop.Loop._on_idle
  File "uvloop/cbhandles.pyx", line 83, in uvloop.loop.Handle._run
  File "uvloop/cbhandles.pyx", line 61, in uvloop.loop.Handle._run
  File "/sgl-workspace/sglang/python/sglang/srt/managers/tokenizer_manager.py", line 2481, in running_phase_sigquit_handler
    kill_process_tree(os.getpid())
  File "/sgl-workspace/sglang/python/sglang/srt/utils/common.py", line 1087, in kill_process_tree
    sys.exit(0)
SystemExit: 0

During handling of the above exception, another exception occurred:

Traceback (most recent call last):
  File "/opt/venv/lib/python3.10/site-packages/uvicorn/protocols/http/httptools_impl.py", line 409, in run_asgi
    result = await app(  # type: ignore[func-returns-value]
  File "/opt/venv/lib/python3.10/site-packages/uvicorn/middleware/proxy_headers.py", line 60, in __call__
    return await self.app(scope, receive, send)
  File "/opt/venv/lib/python3.10/site-packages/fastapi/applications.py", line 1054, in __call__
    await super().__call__(scope, receive, send)
  File "/opt/venv/lib/python3.10/site-packages/starlette/applications.py", line 113, in __call__
    await self.middleware_stack(scope, receive, send)
  File "/opt/venv/lib/python3.10/site-packages/starlette/middleware/errors.py", line 164, in __call__
    await self.app(scope, receive, _send)
  File "/opt/venv/lib/python3.10/site-packages/starlette/middleware/cors.py", line 85, in __call__
    await self.app(scope, receive, send)
  File "/opt/venv/lib/python3.10/site-packages/starlette/middleware/exceptions.py", line 63, in __call__
    await wrap_app_handling_exceptions(self.app, conn)(scope, receive, send)
  File "/opt/venv/lib/python3.10/site-packages/starlette/_exception_handler.py", line 42, in wrapped_app
    await app(scope, receive, sender)
  File "/opt/venv/lib/python3.10/site-packages/starlette/routing.py", line 716, in __call__
    await self.middleware_stack(scope, receive, send)
  File "/opt/venv/lib/python3.10/site-packages/starlette/routing.py", line 736, in app
    await route.handle(scope, receive, send)
  File "/opt/venv/lib/python3.10/site-packages/starlette/routing.py", line 290, in handle
    await self.app(scope, receive, send)
  File "/opt/venv/lib/python3.10/site-packages/starlette/routing.py", line 78, in app
    await wrap_app_handling_exceptions(app, request)(scope, receive, send)
  File "/opt/venv/lib/python3.10/site-packages/starlette/_exception_handler.py", line 42, in wrapped_app
    await app(scope, receive, sender)
  File "/opt/venv/lib/python3.10/site-packages/starlette/routing.py", line 75, in app
    response = await f(request)
  File "/opt/venv/lib/python3.10/site-packages/fastapi/routing.py", line 302, in app
    raw_response = await run_endpoint_function(
  File "/opt/venv/lib/python3.10/site-packages/fastapi/routing.py", line 213, in run_endpoint_function
    return await dependant.call(**values)
  File "/sgl-workspace/sglang/python/sglang/srt/entrypoints/http_server.py", line 601, in generate_request
    ret = await _global_state.tokenizer_manager.generate_request(
  File "/sgl-workspace/sglang/python/sglang/srt/managers/tokenizer_manager.py", line 516, in generate_request
    async for response in self._handle_batch_request(
  File "/sgl-workspace/sglang/python/sglang/srt/managers/tokenizer_manager.py", line 1219, in _handle_batch_request
    outputs = await asyncio.gather(*(gen.__anext__() for gen in generators))
[2025-11-26 16:47:48] INFO:     10.235.26.245:57110 - "GET /health HTTP/1.1" 503 Service Unavailable
asyncio.exceptions.CancelledError
[2025-11-26 16:47:48] WARNING:  Invalid HTTP request received.
[2025-11-26 16:47:48] WARNING:  Invalid HTTP request received.
[2025-11-26 16:47:48] WARNING:  Invalid HTTP request received.
[2025-11-26 16:47:48] INFO:     10.235.26.245:36318 - "GET /health HTTP/1.1" 503 Service Unavailable
[2025-11-26 16:47:48] WARNING:  Invalid HTTP request received.
[2025-11-26 16:47:48] INFO:     10.235.26.245:42642 - "GET /health HTTP/1.1" 503 Service Unavailable
[2025-11-26 16:47:48] WARNING:  Invalid HTTP request received.
[2025-11-26 16:47:48] WARNING:  Invalid HTTP request received.
