Starting GSM8K accuracy test at: 2025-11-13 14:17:59 PST
Executing GSM8K test Run 1 ...
  0%|          | 0/1319 [00:00<?, ?it/s]/sgl-workspace/sglang/python/sglang/lang/interpreter.py:410: UserWarning: Error in stream_executor: Traceback (most recent call last):
  File "/sgl-workspace/sglang/python/sglang/lang/interpreter.py", line 408, in _thread_worker_func
    self._execute(expr)
  File "/sgl-workspace/sglang/python/sglang/lang/interpreter.py", line 446, in _execute
    self._execute_gen(other)
  File "/sgl-workspace/sglang/python/sglang/lang/interpreter.py", line 574, in _execute_gen
    comp, meta_info = self.backend.generate(
  File "/sgl-workspace/sglang/python/sglang/lang/backend/runtime_endpoint.py", line 185, in generate
    res = http_request(
  File "/sgl-workspace/sglang/python/sglang/utils.py", line 169, in http_request
    resp = urllib.request.urlopen(req, data=data, cafile=verify)
  File "/usr/lib/python3.10/urllib/request.py", line 216, in urlopen
    return opener.open(url, data, timeout)
  File "/usr/lib/python3.10/urllib/request.py", line 519, in open
    response = self._open(req, data)
  File "/usr/lib/python3.10/urllib/request.py", line 536, in _open
    result = self._call_chain(self.handle_open, protocol, protocol +
  File "/usr/lib/python3.10/urllib/request.py", line 496, in _call_chain
    result = func(*args)
  File "/usr/lib/python3.10/urllib/request.py", line 1377, in http_open
    return self.do_open(http.client.HTTPConnection, req)
  File "/usr/lib/python3.10/urllib/request.py", line 1352, in do_open
    r = h.getresponse()
  File "/usr/lib/python3.10/http/client.py", line 1375, in getresponse
    response.begin()
  File "/usr/lib/python3.10/http/client.py", line 318, in begin
    version, status, reason = self._read_status()
  File "/usr/lib/python3.10/http/client.py", line 287, in _read_status
    raise RemoteDisconnected("Remote end closed connection without"
http.client.RemoteDisconnected: Remote end closed connection without response

  warnings.warn(f"Error in stream_executor: {get_exception_traceback()}")
  0%|          | 1/1319 [07:30<164:46:13, 450.06s/it] 88%|████████▊ | 1157/1319 [07:30<00:00, 1289.59it/s] 93%|█████████▎| 1228/1319 [07:30<00:00, 179.91it/s]  96%|█████████▌| 1267/1319 [07:30<00:00, 95.39it/s]  97%|█████████▋| 1282/1319 [07:30<00:01, 33.20it/s] 99%|█████████▉| 1304/1319 [07:30<00:00, 50.69it/s]100%|█████████▉| 1315/1319 [07:30<00:00, 23.88it/s]100%|█████████▉| 1315/1319 [07:30<00:00, 23.88it/s]100%|██████████| 1319/1319 [07:30<00:00, 11.58it/s]100%|██████████| 1319/1319 [07:30<00:00, 11.58it/s]100%|██████████| 1319/1319 [07:30<00:00, 11.58it/s]100%|██████████| 1319/1319 [07:30<00:00, 11.58it/s]100%|██████████| 1319/1319 [07:30<00:00, 11.58it/s]100%|██████████| 1319/1319 [07:30<00:00, 11.58it/s]100%|██████████| 1319/1319 [07:30<00:00, 11.58it/s]100%|██████████| 1319/1319 [07:30<00:00, 11.58it/s]100%|██████████| 1319/1319 [07:30<00:00, 11.58it/s]100%|██████████| 1319/1319 [07:30<00:00, 11.58it/s]100%|██████████| 1319/1319 [07:30<00:00, 11.58it/s]100%|██████████| 1319/1319 [07:30<00:00, 11.58it/s]100%|██████████| 1319/1319 [07:30<00:00, 11.58it/s]100%|██████████| 1319/1319 [07:30<00:00, 11.58it/s]100%|██████████| 1319/1319 [07:30<00:00, 11.58it/s]100%|██████████| 1319/1319 [07:30<00:00, 11.58it/s]100%|██████████| 1319/1319 [07:30<00:00, 11.58it/s]100%|██████████| 1319/1319 [07:30<00:00, 11.58it/s]100%|██████████| 1319/1319 [07:30<00:00, 11.58it/s]100%|██████████| 1319/1319 [07:30<00:00, 11.58it/s]100%|██████████| 1319/1319 [07:30<00:00, 11.58it/s]100%|██████████| 1319/1319 [07:30<00:00, 11.58it/s]100%|██████████| 1319/1319 [07:30<00:00, 11.58it/s]100%|██████████| 1319/1319 [07:30<00:00, 11.58it/s]100%|██████████| 1319/1319 [07:30<00:00, 11.58it/s]100%|██████████| 1319/1319 [07:30<00:00, 11.58it/s]100%|██████████| 1319/1319 [07:30<00:00, 11.58it/s]100%|██████████| 1319/1319 [07:30<00:00, 11.58it/s]100%|██████████| 1319/1319 [07:30<00:00, 11.58it/s]100%|██████████| 1319/1319 [07:30<00:00, 11.58it/s]100%|██████████| 1319/1319 [07:30<00:00, 11.58it/s]100%|██████████| 1319/1319 [07:30<00:00, 11.58it/s]100%|██████████| 1319/1319 [07:30<00:00, 11.58it/s]100%|██████████| 1319/1319 [07:30<00:00, 11.58it/s]100%|██████████| 1319/1319 [07:30<00:00, 11.58it/s]100%|██████████| 1319/1319 [07:30<00:00, 11.58it/s]100%|██████████| 1319/1319 [07:30<00:00, 11.58it/s]100%|██████████| 1319/1319 [07:30<00:00, 11.58it/s]100%|██████████| 1319/1319 [07:30<00:00, 11.58it/s]100%|██████████| 1319/1319 [07:30<00:00, 11.58it/s]100%|██████████| 1319/1319 [07:30<00:00, 11.58it/s]100%|██████████| 1319/1319 [07:30<00:00, 11.58it/s]100%|██████████| 1319/1319 [07:30<00:00, 11.58it/s]100%|██████████| 1319/1319 [07:30<00:00, 11.58it/s]100%|██████████| 1319/1319 [07:30<00:00, 11.58it/s]100%|██████████| 1319/1319 [07:30<00:00, 11.58it/s]100%|██████████| 1319/1319 [07:30<00:00, 11.58it/s]100%|██████████| 1319/1319 [07:30<00:00, 11.58it/s]100%|██████████| 1319/1319 [07:30<00:00, 11.58it/s]100%|██████████| 1319/1319 [07:30<00:00, 11.58it/s]100%|██████████| 1319/1319 [07:30<00:00, 11.58it/s]100%|██████████| 1319/1319 [07:30<00:00, 11.58it/s]100%|██████████| 1319/1319 [07:30<00:00, 11.58it/s]100%|██████████| 1319/1319 [07:30<00:00, 11.58it/s]100%|██████████| 1319/1319 [07:30<00:00, 11.58it/s]100%|██████████| 1319/1319 [07:30<00:00, 11.58it/s]100%|██████████| 1319/1319 [07:30<00:00, 11.58it/s]100%|██████████| 1319/1319 [07:30<00:00, 11.58it/s]100%|██████████| 1319/1319 [07:30<00:00, 11.58it/s]100%|██████████| 1319/1319 [07:30<00:00, 11.58it/s]100%|██████████| 1319/1319 [07:30<00:00, 11.58it/s]100%|██████████| 1319/1319 [07:30<00:00, 11.58it/s]100%|██████████| 1319/1319 [07:30<00:00, 11.58it/s]100%|██████████| 1319/1319 [07:30<00:00, 11.58it/s]100%|██████████| 1319/1319 [07:30<00:00, 11.58it/s]100%|██████████| 1319/1319 [07:30<00:00, 11.58it/s]100%|██████████| 1319/1319 [07:30<00:00, 11.58it/s]100%|██████████| 1319/1319 [07:30<00:00, 11.58it/s]100%|██████████| 1319/1319 [07:30<00:00, 11.58it/s]100%|██████████| 1319/1319 [07:30<00:00, 11.58it/s]100%|██████████| 1319/1319 [07:30<00:00, 11.58it/s]100%|██████████| 1319/1319 [07:30<00:00, 11.58it/s]100%|██████████| 1319/1319 [07:30<00:00, 11.58it/s]100%|██████████| 1319/1319 [07:30<00:00, 11.58it/s]100%|██████████| 1319/1319 [07:30<00:00, 11.58it/s]100%|██████████| 1319/1319 [07:30<00:00, 11.58it/s]100%|██████████| 1319/1319 [07:30<00:00, 11.58it/s]100%|██████████| 1319/1319 [07:30<00:00, 11.58it/s]100%|██████████| 1319/1319 [07:30<00:00, 11.58it/s]100%|██████████| 1319/1319 [07:30<00:00, 11.58it/s]100%|██████████| 1319/1319 [07:30<00:00, 11.58it/s]100%|██████████| 1319/1319 [07:30<00:00, 11.58it/s]100%|██████████| 1319/1319 [07:30<00:00, 11.58it/s]100%|██████████| 1319/1319 [07:30<00:00, 11.58it/s]100%|██████████| 1319/1319 [07:30<00:00, 11.58it/s]100%|██████████| 1319/1319 [07:30<00:00, 11.58it/s]100%|██████████| 1319/1319 [07:30<00:00, 11.58it/s]100%|██████████| 1319/1319 [07:30<00:00, 11.58it/s]100%|██████████| 1319/1319 [07:30<00:00, 11.58it/s]100%|██████████| 1319/1319 [07:30<00:00, 11.58it/s]100%|██████████| 1319/1319 [07:30<00:00, 11.58it/s]100%|██████████| 1319/1319 [07:30<00:00, 11.58it/s]100%|██████████| 1319/1319 [07:30<00:00, 11.58it/s]100%|██████████| 1319/1319 [07:30<00:00, 11.58it/s]100%|██████████| 1319/1319 [07:30<00:00, 11.58it/s]100%|██████████| 1319/1319 [07:30<00:00, 11.58it/s]100%|██████████| 1319/1319 [07:30<00:00, 11.58it/s]100%|██████████| 1319/1319 [07:30<00:00, 11.58it/s]100%|██████████| 1319/1319 [07:30<00:00, 11.58it/s]100%|██████████| 1319/1319 [07:30<00:00, 11.58it/s]100%|██████████| 1319/1319 [07:30<00:00, 11.58it/s]100%|██████████| 1319/1319 [07:30<00:00, 11.58it/s]100%|██████████| 1319/1319 [07:30<00:00, 11.58it/s]100%|██████████| 1319/1319 [07:30<00:00, 11.58it/s]100%|██████████| 1319/1319 [07:30<00:00, 11.58it/s]100%|██████████| 1319/1319 [07:30<00:00, 11.58it/s]100%|██████████| 1319/1319 [07:30<00:00, 11.58it/s]100%|██████████| 1319/1319 [07:30<00:00, 11.58it/s]100%|██████████| 1319/1319 [07:30<00:00, 11.58it/s]100%|██████████| 1319/1319 [07:30<00:00, 11.58it/s]100%|██████████| 1319/1319 [07:30<00:00, 11.58it/s]100%|██████████| 1319/1319 [07:30<00:00, 11.58it/s]100%|██████████| 1319/1319 [07:30<00:00, 11.58it/s]100%|██████████| 1319/1319 [07:30<00:00, 11.58it/s]100%|██████████| 1319/1319 [07:30<00:00, 11.58it/s]100%|██████████| 1319/1319 [07:30<00:00, 11.58it/s]100%|██████████| 1319/1319 [07:30<00:00, 11.58it/s]100%|██████████| 1319/1319 [07:30<00:00, 11.58it/s]100%|██████████| 1319/1319 [07:30<00:00, 11.58it/s]100%|██████████| 1319/1319 [07:30<00:00, 11.58it/s]100%|██████████| 1319/1319 [07:30<00:00, 11.58it/s]100%|██████████| 1319/1319 [07:30<00:00, 11.58it/s]100%|██████████| 1319/1319 [07:30<00:00, 11.58it/s]100%|██████████| 1319/1319 [07:30<00:00, 11.58it/s]100%|██████████| 1319/1319 [07:30<00:00, 11.58it/s]100%|██████████| 1319/1319 [07:30<00:00, 11.58it/s]100%|██████████| 1319/1319 [07:30<00:00, 11.58it/s]100%|██████████| 1319/1319 [07:30<00:00, 11.58it/s]100%|██████████| 1319/1319 [07:30<00:00, 11.58it/s]100%|██████████| 1319/1319 [07:30<00:00, 11.58it/s]100%|██████████| 1319/1319 [07:30<00:00, 11.58it/s]100%|██████████| 1319/1319 [07:30<00:00, 11.58it/s]100%|██████████| 1319/1319 [07:30<00:00, 11.58it/s]100%|██████████| 1319/1319 [07:30<00:00, 11.58it/s]100%|██████████| 1319/1319 [07:30<00:00, 11.58it/s]100%|██████████| 1319/1319 [07:30<00:00, 11.58it/s]100%|██████████| 1319/1319 [07:30<00:00, 11.58it/s]100%|██████████| 1319/1319 [07:30<00:00, 11.58it/s]100%|██████████| 1319/1319 [07:30<00:00, 11.58it/s]100%|██████████| 1319/1319 [07:30<00:00, 11.58it/s]100%|██████████| 1319/1319 [07:30<00:00, 11.58it/s]100%|██████████| 1319/1319 [07:30<00:00, 11.58it/s]100%|██████████| 1319/1319 [07:30<00:00, 11.58it/s]100%|██████████| 1319/1319 [07:30<00:00, 11.58it/s]100%|██████████| 1319/1319 [07:30<00:00, 11.58it/s]100%|██████████| 1319/1319 [07:30<00:00, 11.58it/s]100%|██████████| 1319/1319 [07:30<00:00, 11.58it/s]100%|██████████| 1319/1319 [07:30<00:00, 11.58it/s]100%|██████████| 1319/1319 [07:30<00:00, 11.58it/s]100%|██████████| 1319/1319 [07:30<00:00, 11.58it/s]100%|██████████| 1319/1319 [07:30<00:00, 11.58it/s]100%|██████████| 1319/1319 [07:30<00:00, 11.58it/s]100%|██████████| 1319/1319 [07:30<00:00, 11.58it/s]100%|██████████| 1319/1319 [07:30<00:00, 11.58it/s]100%|██████████| 1319/1319 [07:30<00:00, 11.58it/s]100%|██████████| 1319/1319 [07:30<00:00, 11.58it/s]100%|██████████| 1319/1319 [07:30<00:00, 11.58it/s]100%|██████████| 1319/1319 [07:30<00:00, 11.58it/s]100%|██████████| 1319/1319 [07:30<00:00, 11.58it/s]100%|██████████| 1319/1319 [07:30<00:00, 11.58it/s]100%|██████████| 1319/1319 [07:30<00:00, 11.58it/s]100%|██████████| 1319/1319 [07:30<00:00, 11.58it/s]100%|██████████| 1319/1319 [07:30<00:00, 11.58it/s]100%|██████████| 1319/1319 [07:30<00:00, 11.58it/s]100%|██████████| 1319/1319 [07:30<00:00, 11.58it/s]100%|██████████| 1319/1319 [07:30<00:00, 11.58it/s]100%|██████████| 1319/1319 [07:30<00:00, 11.58it/s]100%|██████████| 1319/1319 [07:30<00:00, 11.58it/s]100%|██████████| 1319/1319 [07:30<00:00, 11.58it/s]100%|██████████| 1319/1319 [07:30<00:00, 11.58it/s]100%|██████████| 1319/1319 [07:30<00:00, 11.58it/s]100%|██████████| 1319/1319 [07:30<00:00, 11.58it/s]100%|██████████| 1319/1319 [07:30<00:00, 11.58it/s]100%|██████████| 1319/1319 [07:30<00:00, 11.58it/s]100%|██████████| 1319/1319 [07:30<00:00, 11.58it/s]100%|██████████| 1319/1319 [07:30<00:00, 11.58it/s]100%|██████████| 1319/1319 [07:30<00:00, 11.58it/s]100%|██████████| 1319/1319 [07:30<00:00, 11.58it/s]100%|██████████| 1319/1319 [07:30<00:00, 11.58it/s]100%|██████████| 1319/1319 [07:30<00:00, 11.58it/s]100%|██████████| 1319/1319 [07:30<00:00, 11.58it/s]100%|██████████| 1319/1319 [07:30<00:00, 11.58it/s]100%|██████████| 1319/1319 [07:30<00:00, 11.58it/s]100%|██████████| 1319/1319 [07:30<00:00, 11.58it/s]100%|██████████| 1319/1319 [07:30<00:00, 11.58it/s]100%|██████████| 1319/1319 [07:30<00:00, 11.58it/s]100%|██████████| 1319/1319 [07:30<00:00, 11.58it/s]100%|██████████| 1319/1319 [07:30<00:00, 11.58it/s]100%|██████████| 1319/1319 [07:30<00:00, 11.58it/s]100%|██████████| 1319/1319 [07:30<00:00, 11.58it/s]100%|██████████| 1319/1319 [07:30<00:00, 11.58it/s]100%|██████████| 1319/1319 [07:30<00:00, 11.58it/s]100%|██████████| 1319/1319 [07:30<00:00, 11.58it/s]100%|██████████| 1319/1319 [07:30<00:00, 11.58it/s]100%|██████████| 1319/1319 [07:30<00:00, 11.58it/s]100%|██████████| 1319/1319 [07:30<00:00, 11.58it/s]100%|██████████| 1319/1319 [07:30<00:00, 11.58it/s]100%|██████████| 1319/1319 [07:30<00:00, 11.58it/s]100%|██████████| 1319/1319 [07:30<00:00, 11.58it/s]100%|██████████| 1319/1319 [07:30<00:00, 11.58it/s]100%|██████████| 1319/1319 [07:30<00:00, 11.58it/s]100%|██████████| 1319/1319 [07:30<00:00, 11.58it/s]100%|██████████| 1319/1319 [07:30<00:00, 11.58it/s]100%|██████████| 1319/1319 [07:30<00:00, 11.58it/s]100%|██████████| 1319/1319 [07:30<00:00, 11.58it/s]100%|██████████| 1319/1319 [07:30<00:00, 11.58it/s]100%|██████████| 1319/1319 [07:30<00:00, 11.58it/s]100%|██████████| 1319/1319 [07:30<00:00, 11.58it/s]100%|██████████| 1319/1319 [07:30<00:00, 11.58it/s]100%|██████████| 1319/1319 [07:30<00:00, 11.58it/s]100%|██████████| 1319/1319 [07:30<00:00, 11.58it/s]100%|██████████| 1319/1319 [07:30<00:00, 11.58it/s]100%|██████████| 1319/1319 [07:30<00:00, 11.58it/s]100%|██████████| 1319/1319 [07:30<00:00, 11.58it/s]100%|██████████| 1319/1319 [07:30<00:00, 11.58it/s]100%|██████████| 1319/1319 [07:30<00:00, 11.58it/s]100%|██████████| 1319/1319 [07:30<00:00, 11.58it/s]100%|██████████| 1319/1319 [07:30<00:00, 11.58it/s]100%|██████████| 1319/1319 [07:30<00:00, 11.58it/s]100%|██████████| 1319/1319 [07:30<00:00, 11.58it/s]100%|██████████| 1319/1319 [07:30<00:00, 11.58it/s]100%|██████████| 1319/1319 [07:30<00:00, 11.58it/s]100%|██████████| 1319/1319 [07:30<00:00, 11.58it/s]100%|██████████| 1319/1319 [07:30<00:00, 11.58it/s]100%|██████████| 1319/1319 [07:30<00:00, 11.58it/s]100%|██████████| 1319/1319 [07:30<00:00, 11.58it/s]100%|██████████| 1319/1319 [07:30<00:00, 11.58it/s]100%|██████████| 1319/1319 [07:30<00:00, 11.58it/s]100%|██████████| 1319/1319 [07:30<00:00, 11.58it/s]100%|██████████| 1319/1319 [07:30<00:00, 11.58it/s]100%|██████████| 1319/1319 [07:30<00:00, 11.58it/s]100%|██████████| 1319/1319 [07:30<00:00, 11.58it/s]100%|██████████| 1319/1319 [07:30<00:00, 11.58it/s]100%|██████████| 1319/1319 [07:30<00:00, 11.58it/s]100%|██████████| 1319/1319 [07:30<00:00, 11.58it/s]100%|██████████| 1319/1319 [07:30<00:00, 11.58it/s]100%|██████████| 1319/1319 [07:30<00:00, 11.58it/s]100%|██████████| 1319/1319 [07:30<00:00, 11.58it/s]100%|██████████| 1319/1319 [07:30<00:00, 11.58it/s]100%|██████████| 1319/1319 [07:30<00:00, 11.58it/s]100%|██████████| 1319/1319 [07:30<00:00, 11.58it/s]100%|██████████| 1319/1319 [07:30<00:00, 11.58it/s]100%|██████████| 1319/1319 [07:30<00:00, 11.58it/s]100%|██████████| 1319/1319 [07:30<00:00, 11.58it/s]100%|██████████| 1319/1319 [07:30<00:00, 11.58it/s]100%|██████████| 1319/1319 [07:30<00:00, 11.58it/s]100%|██████████| 1319/1319 [07:30<00:00, 11.58it/s]100%|██████████| 1319/1319 [07:30<00:00, 11.58it/s]100%|██████████| 1319/1319 [07:30<00:00, 11.58it/s]100%|██████████| 1319/1319 [07:30<00:00, 11.58it/s]100%|██████████| 1319/1319 [07:30<00:00, 11.58it/s]100%|██████████| 1319/1319 [07:30<00:00, 11.58it/s]100%|██████████| 1319/1319 [07:30<00:00, 11.58it/s]100%|██████████| 1319/1319 [07:30<00:00, 11.58it/s]100%|██████████| 1319/1319 [07:30<00:00, 11.58it/s]100%|██████████| 1319/1319 [07:30<00:00, 11.58it/s]100%|██████████| 1319/1319 [07:30<00:00, 11.58it/s]100%|██████████| 1319/1319 [07:30<00:00, 11.58it/s]100%|██████████| 1319/1319 [07:30<00:00, 11.58it/s]100%|██████████| 1319/1319 [07:30<00:00, 11.58it/s]100%|██████████| 1319/1319 [07:30<00:00, 11.58it/s]100%|██████████| 1319/1319 [07:30<00:00, 11.58it/s]100%|██████████| 1319/1319 [07:30<00:00, 11.58it/s]100%|██████████| 1319/1319 [07:30<00:00, 11.58it/s]100%|██████████| 1319/1319 [07:30<00:00, 11.58it/s]100%|██████████| 1319/1319 [07:30<00:00, 11.58it/s]100%|██████████| 1319/1319 [07:30<00:00, 11.58it/s]100%|██████████| 1319/1319 [07:30<00:00, 11.58it/s]100%|██████████| 1319/1319 [07:30<00:00, 11.58it/s]100%|██████████| 1319/1319 [07:30<00:00, 11.58it/s]100%|██████████| 1319/1319 [07:30<00:00, 11.58it/s]100%|██████████| 1319/1319 [07:30<00:00, 11.58it/s]100%|██████████| 1319/1319 [07:30<00:00, 11.58it/s]100%|██████████| 1319/1319 [07:30<00:00, 11.58it/s]100%|██████████| 1319/1319 [07:30<00:00, 11.58it/s]100%|██████████| 1319/1319 [07:30<00:00, 11.58it/s]100%|██████████| 1319/1319 [07:30<00:00, 11.58it/s]100%|██████████| 1319/1319 [07:30<00:00, 11.58it/s]100%|██████████| 1319/1319 [07:30<00:00, 11.58it/s]100%|██████████| 1319/1319 [07:30<00:00, 11.58it/s]100%|██████████| 1319/1319 [07:30<00:00, 11.58it/s]100%|██████████| 1319/1319 [07:30<00:00, 11.58it/s]100%|██████████| 1319/1319 [07:30<00:00, 11.58it/s]100%|██████████| 1319/1319 [07:30<00:00, 11.58it/s]100%|██████████| 1319/1319 [07:30<00:00, 11.58it/s]100%|██████████| 1319/1319 [07:30<00:00, 11.58it/s]100%|██████████| 1319/1319 [07:30<00:00, 11.58it/s]100%|██████████| 1319/1319 [07:30<00:00, 11.58it/s]100%|██████████| 1319/1319 [07:30<00:00, 11.58it/s]100%|██████████| 1319/1319 [07:30<00:00, 11.58it/s]100%|██████████| 1319/1319 [07:30<00:00, 11.58it/s]100%|██████████| 1319/1319 [07:30<00:00, 11.58it/s]100%|██████████| 1319/1319 [07:30<00:00, 11.58it/s]100%|██████████| 1319/1319 [07:30<00:00, 11.58it/s]100%|██████████| 1319/1319 [07:30<00:00, 11.58it/s]100%|██████████| 1319/1319 [07:30<00:00, 11.58it/s]100%|██████████| 1319/1319 [07:30<00:00, 11.58it/s]100%|██████████| 1319/1319 [07:30<00:00, 11.58it/s]100%|██████████| 1319/1319 [07:30<00:00, 11.58it/s]100%|██████████| 1319/1319 [07:30<00:00, 11.58it/s]100%|██████████| 1319/1319 [07:30<00:00, 11.58it/s]100%|██████████| 1319/1319 [07:30<00:00, 11.58it/s]100%|██████████| 1319/1319 [07:30<00:00, 11.58it/s]100%|██████████| 1319/1319 [07:30<00:00, 11.58it/s]100%|██████████| 1319/1319 [07:30<00:00, 11.58it/s]100%|██████████| 1319/1319 [07:30<00:00, 11.58it/s]100%|██████████| 1319/1319 [07:30<00:00, 11.58it/s]100%|██████████| 1319/1319 [07:30<00:00, 11.58it/s]100%|██████████| 1319/1319 [07:30<00:00, 11.58it/s]100%|██████████| 1319/1319 [07:30<00:00, 11.58it/s]100%|██████████| 1319/1319 [07:30<00:00, 11.58it/s]100%|██████████| 1319/1319 [07:30<00:00, 11.58it/s]100%|██████████| 1319/1319 [07:30<00:00, 11.58it/s]100%|██████████| 1319/1319 [07:30<00:00, 11.58it/s]100%|██████████| 1319/1319 [07:30<00:00, 11.58it/s]100%|██████████| 1319/1319 [07:30<00:00, 11.58it/s]100%|██████████| 1319/1319 [07:30<00:00, 11.58it/s]100%|██████████| 1319/1319 [07:30<00:00, 11.58it/s]100%|██████████| 1319/1319 [07:30<00:00, 11.58it/s]100%|██████████| 1319/1319 [07:30<00:00, 11.58it/s]100%|██████████| 1319/1319 [07:30<00:00, 11.58it/s]100%|██████████| 1319/1319 [07:30<00:00, 11.58it/s]100%|██████████| 1319/1319 [07:30<00:00, 11.58it/s]100%|██████████| 1319/1319 [07:30<00:00, 11.58it/s]100%|██████████| 1319/1319 [07:30<00:00, 11.58it/s]100%|██████████| 1319/1319 [07:30<00:00, 11.58it/s]100%|██████████| 1319/1319 [07:30<00:00, 11.58it/s]100%|██████████| 1319/1319 [07:30<00:00, 11.58it/s]100%|██████████| 1319/1319 [07:30<00:00, 11.58it/s]100%|██████████| 1319/1319 [07:30<00:00, 11.58it/s]100%|██████████| 1319/1319 [07:30<00:00, 11.58it/s]100%|██████████| 1319/1319 [07:30<00:00, 11.58it/s]100%|██████████| 1319/1319 [07:30<00:00, 11.58it/s]100%|██████████| 1319/1319 [07:30<00:00, 11.58it/s]100%|██████████| 1319/1319 [07:30<00:00, 11.58it/s]100%|██████████| 1319/1319 [07:30<00:00, 11.58it/s]100%|██████████| 1319/1319 [07:30<00:00, 11.58it/s]100%|██████████| 1319/1319 [07:30<00:00, 11.58it/s]100%|██████████| 1319/1319 [07:30<00:00, 11.58it/s]100%|██████████| 1319/1319 [07:30<00:00, 11.58it/s]100%|██████████| 1319/1319 [07:30<00:00, 11.58it/s]100%|██████████| 1319/1319 [07:30<00:00, 11.58it/s]100%|██████████| 1319/1319 [07:30<00:00, 11.58it/s]100%|██████████| 1319/1319 [07:30<00:00, 11.58it/s]100%|██████████| 1319/1319 [07:30<00:00, 11.58it/s]100%|██████████| 1319/1319 [07:30<00:00, 11.58it/s]100%|██████████| 1319/1319 [07:30<00:00, 11.58it/s]100%|██████████| 1319/1319 [07:30<00:00, 11.58it/s]100%|██████████| 1319/1319 [07:30<00:00, 11.58it/s]100%|██████████| 1319/1319 [07:30<00:00, 11.58it/s]100%|██████████| 1319/1319 [07:30<00:00, 11.58it/s]100%|██████████| 1319/1319 [07:30<00:00, 11.58it/s]100%|██████████| 1319/1319 [07:30<00:00, 11.58it/s]100%|██████████| 1319/1319 [07:30<00:00, 11.58it/s]100%|██████████| 1319/1319 [07:30<00:00, 11.58it/s]100%|██████████| 1319/1319 [07:30<00:00, 11.58it/s]100%|██████████| 1319/1319 [07:30<00:00, 11.58it/s]100%|██████████| 1319/1319 [07:30<00:00, 11.58it/s]100%|██████████| 1319/1319 [07:30<00:00, 11.58it/s]100%|██████████| 1319/1319 [07:30<00:00, 11.58it/s]100%|██████████| 1319/1319 [07:30<00:00, 11.58it/s]100%|██████████| 1319/1319 [07:30<00:00, 11.58it/s]100%|██████████| 1319/1319 [07:30<00:00, 11.58it/s]100%|██████████| 1319/1319 [07:30<00:00, 11.58it/s]100%|██████████| 1319/1319 [07:30<00:00, 11.58it/s]100%|██████████| 1319/1319 [07:30<00:00, 11.58it/s]100%|██████████| 1319/1319 [07:30<00:00, 11.58it/s]100%|██████████| 1319/1319 [07:30<00:00, 11.58it/s]100%|██████████| 1319/1319 [07:30<00:00, 11.58it/s]100%|██████████| 1319/1319 [07:30<00:00, 11.58it/s]100%|██████████| 1319/1319 [07:30<00:00, 11.58it/s]100%|██████████| 1319/1319 [07:30<00:00, 11.58it/s]100%|██████████| 1319/1319 [07:30<00:00, 11.58it/s]100%|██████████| 1319/1319 [07:30<00:00, 11.58it/s]100%|██████████| 1319/1319 [07:30<00:00, 11.58it/s]100%|██████████| 1319/1319 [07:30<00:00, 11.58it/s]100%|██████████| 1319/1319 [07:30<00:00, 11.58it/s]100%|██████████| 1319/1319 [07:30<00:00, 11.58it/s]100%|██████████| 1319/1319 [07:30<00:00, 11.58it/s]100%|██████████| 1319/1319 [07:30<00:00, 11.58it/s]100%|██████████| 1319/1319 [07:30<00:00, 11.58it/s]100%|██████████| 1319/1319 [07:30<00:00, 11.58it/s]100%|██████████| 1319/1319 [07:30<00:00, 11.58it/s]100%|██████████| 1319/1319 [07:30<00:00, 11.58it/s]100%|██████████| 1319/1319 [07:30<00:00, 11.58it/s]100%|██████████| 1319/1319 [07:30<00:00, 11.58it/s]100%|██████████| 1319/1319 [07:30<00:00, 11.58it/s]100%|██████████| 1319/1319 [07:30<00:00, 11.58it/s]100%|██████████| 1319/1319 [07:30<00:00, 11.58it/s]100%|██████████| 1319/1319 [07:30<00:00, 11.58it/s]100%|██████████| 1319/1319 [07:30<00:00, 11.58it/s]100%|██████████| 1319/1319 [07:30<00:00, 11.58it/s]100%|██████████| 1319/1319 [07:30<00:00, 11.58it/s]100%|██████████| 1319/1319 [07:30<00:00, 11.58it/s]100%|██████████| 1319/1319 [07:30<00:00, 11.58it/s]100%|██████████| 1319/1319 [07:30<00:00, 11.58it/s]100%|██████████| 1319/1319 [07:30<00:00, 11.58it/s]100%|██████████| 1319/1319 [07:30<00:00, 11.58it/s]100%|██████████| 1319/1319 [07:30<00:00, 11.58it/s]100%|██████████| 1319/1319 [07:30<00:00, 11.58it/s]100%|██████████| 1319/1319 [07:30<00:00, 11.58it/s]100%|██████████| 1319/1319 [07:30<00:00, 11.58it/s]100%|██████████| 1319/1319 [07:30<00:00, 11.58it/s]100%|██████████| 1319/1319 [07:30<00:00, 11.58it/s]100%|██████████| 1319/1319 [07:30<00:00, 11.58it/s]100%|██████████| 1319/1319 [07:30<00:00, 11.58it/s]100%|██████████| 1319/1319 [07:30<00:00, 11.58it/s]100%|██████████| 1319/1319 [07:30<00:00, 11.58it/s]100%|██████████| 1319/1319 [07:30<00:00, 11.58it/s]100%|██████████| 1319/1319 [07:30<00:00, 11.58it/s]100%|██████████| 1319/1319 [07:30<00:00, 11.58it/s]100%|██████████| 1319/1319 [07:30<00:00, 11.58it/s]100%|██████████| 1319/1319 [07:30<00:00, 11.58it/s]100%|██████████| 1319/1319 [07:30<00:00, 11.58it/s]100%|██████████| 1319/1319 [07:30<00:00, 11.58it/s]100%|██████████| 1319/1319 [07:30<00:00, 11.58it/s]100%|██████████| 1319/1319 [07:30<00:00, 11.58it/s]100%|██████████| 1319/1319 [07:30<00:00, 11.58it/s]100%|██████████| 1319/1319 [07:30<00:00, 11.58it/s]100%|██████████| 1319/1319 [07:30<00:00, 11.58it/s]100%|██████████| 1319/1319 [07:30<00:00, 11.58it/s]100%|██████████| 1319/1319 [07:30<00:00, 11.58it/s]100%|██████████| 1319/1319 [07:30<00:00, 11.58it/s]100%|██████████| 1319/1319 [07:30<00:00, 11.58it/s]100%|██████████| 1319/1319 [07:30<00:00, 11.58it/s]100%|██████████| 1319/1319 [07:30<00:00, 11.58it/s]100%|██████████| 1319/1319 [07:30<00:00, 11.58it/s]100%|██████████| 1319/1319 [07:30<00:00, 11.58it/s]100%|██████████| 1319/1319 [07:30<00:00, 11.58it/s]100%|██████████| 1319/1319 [07:30<00:00, 11.58it/s]100%|██████████| 1319/1319 [07:30<00:00, 11.58it/s]100%|██████████| 1319/1319 [07:30<00:00, 11.58it/s]100%|██████████| 1319/1319 [07:30<00:00, 11.58it/s]100%|██████████| 1319/1319 [07:30<00:00, 11.58it/s]100%|██████████| 1319/1319 [07:30<00:00, 11.58it/s]100%|██████████| 1319/1319 [07:30<00:00, 11.58it/s]100%|██████████| 1319/1319 [07:30<00:00, 11.58it/s]100%|██████████| 1319/1319 [07:30<00:00, 11.58it/s]100%|██████████| 1319/1319 [07:30<00:00, 11.58it/s]100%|██████████| 1319/1319 [07:30<00:00, 11.58it/s]100%|██████████| 1319/1319 [07:30<00:00, 11.58it/s]100%|██████████| 1319/1319 [07:30<00:00, 11.58it/s]100%|██████████| 1319/1319 [07:30<00:00, 11.58it/s]100%|██████████| 1319/1319 [07:30<00:00, 11.58it/s]100%|██████████| 1319/1319 [07:30<00:00, 11.58it/s]100%|██████████| 1319/1319 [07:30<00:00, 11.58it/s]100%|██████████| 1319/1319 [07:30<00:00, 11.58it/s]100%|██████████| 1319/1319 [07:30<00:00, 11.58it/s]100%|██████████| 1319/1319 [07:30<00:00, 11.58it/s]100%|██████████| 1319/1319 [07:30<00:00, 11.58it/s]100%|██████████| 1319/1319 [07:30<00:00, 11.58it/s]100%|██████████| 1319/1319 [07:30<00:00, 11.58it/s]100%|██████████| 1319/1319 [07:30<00:00, 11.58it/s]100%|██████████| 1319/1319 [07:30<00:00, 11.58it/s]100%|██████████| 1319/1319 [07:30<00:00, 11.58it/s]100%|██████████| 1319/1319 [07:30<00:00, 11.58it/s]100%|██████████| 1319/1319 [07:30<00:00, 11.58it/s]100%|██████████| 1319/1319 [07:30<00:00, 11.58it/s]100%|██████████| 1319/1319 [07:30<00:00, 11.58it/s]100%|██████████| 1319/1319 [07:30<00:00, 11.58it/s]100%|██████████| 1319/1319 [07:30<00:00, 11.58it/s]100%|██████████| 1319/1319 [07:30<00:00, 11.58it/s]100%|██████████| 1319/1319 [07:30<00:00, 11.58it/s]100%|██████████| 1319/1319 [07:30<00:00, 11.58it/s]100%|██████████| 1319/1319 [07:30<00:00, 11.58it/s]100%|██████████| 1319/1319 [07:30<00:00, 11.58it/s]100%|██████████| 1319/1319 [07:30<00:00, 11.58it/s]100%|██████████| 1319/1319 [07:30<00:00, 11.58it/s]100%|██████████| 1319/1319 [07:30<00:00, 11.58it/s]100%|██████████| 1319/1319 [07:30<00:00, 11.58it/s]100%|██████████| 1319/1319 [07:30<00:00, 11.58it/s]100%|██████████| 1319/1319 [07:30<00:00, 11.58it/s]100%|██████████| 1319/1319 [07:30<00:00, 11.58it/s]100%|██████████| 1319/1319 [07:30<00:00, 11.58it/s]100%|██████████| 1319/1319 [07:30<00:00, 11.58it/s]100%|██████████| 1319/1319 [07:30<00:00, 11.58it/s]100%|██████████| 1319/1319 [07:30<00:00, 11.58it/s]100%|██████████| 1319/1319 [07:30<00:00, 11.58it/s]100%|██████████| 1319/1319 [07:30<00:00, 11.58it/s]100%|██████████| 1319/1319 [07:30<00:00, 11.58it/s]100%|██████████| 1319/1319 [07:30<00:00, 11.58it/s]100%|██████████| 1319/1319 [07:30<00:00, 11.58it/s]100%|██████████| 1319/1319 [07:30<00:00, 11.58it/s]100%|██████████| 1319/1319 [07:30<00:00, 11.58it/s]100%|██████████| 1319/1319 [07:30<00:00, 11.58it/s]100%|██████████| 1319/1319 [07:30<00:00, 11.58it/s]100%|██████████| 1319/1319 [07:30<00:00, 11.58it/s]100%|██████████| 1319/1319 [07:30<00:00, 11.58it/s]100%|██████████| 1319/1319 [07:30<00:00, 11.58it/s]100%|██████████| 1319/1319 [07:30<00:00, 11.58it/s]100%|██████████| 1319/1319 [07:30<00:00, 11.58it/s]100%|██████████| 1319/1319 [07:30<00:00, 11.58it/s]100%|██████████| 1319/1319 [07:30<00:00, 11.58it/s]100%|██████████| 1319/1319 [07:30<00:00, 11.58it/s]100%|██████████| 1319/1319 [07:30<00:00, 11.58it/s]100%|██████████| 1319/1319 [07:30<00:00, 11.58it/s]100%|██████████| 1319/1319 [07:30<00:00, 11.58it/s]100%|██████████| 1319/1319 [07:30<00:00, 11.58it/s]100%|██████████| 1319/1319 [07:30<00:00, 11.58it/s]100%|██████████| 1319/1319 [07:30<00:00, 11.58it/s]100%|██████████| 1319/1319 [07:30<00:00, 11.58it/s]100%|██████████| 1319/1319 [07:30<00:00, 11.58it/s]100%|██████████| 1319/1319 [07:30<00:00, 11.58it/s]100%|██████████| 1319/1319 [07:30<00:00, 11.58it/s]100%|██████████| 1319/1319 [07:30<00:00, 11.58it/s]100%|██████████| 1319/1319 [07:30<00:00, 11.58it/s]100%|██████████| 1319/1319 [07:30<00:00, 11.58it/s]100%|██████████| 1319/1319 [07:30<00:00, 11.58it/s]100%|██████████| 1319/1319 [07:30<00:00, 11.58it/s]100%|██████████| 1319/1319 [07:30<00:00, 11.58it/s]100%|██████████| 1319/1319 [07:30<00:00, 11.58it/s]100%|██████████| 1319/1319 [07:30<00:00, 11.58it/s]100%|██████████| 1319/1319 [07:30<00:00, 11.58it/s]100%|██████████| 1319/1319 [07:30<00:00, 11.58it/s]100%|██████████| 1319/1319 [07:30<00:00, 11.58it/s]100%|██████████| 1319/1319 [07:30<00:00, 11.58it/s]100%|██████████| 1319/1319 [07:30<00:00, 11.58it/s]100%|██████████| 1319/1319 [07:30<00:00, 11.58it/s]100%|██████████| 1319/1319 [07:30<00:00, 11.58it/s]100%|██████████| 1319/1319 [07:30<00:00, 11.58it/s]100%|██████████| 1319/1319 [07:30<00:00, 11.58it/s]100%|██████████| 1319/1319 [07:30<00:00, 11.58it/s]100%|██████████| 1319/1319 [07:30<00:00, 11.58it/s]100%|██████████| 1319/1319 [07:30<00:00, 11.58it/s]100%|██████████| 1319/1319 [07:30<00:00, 11.58it/s]100%|██████████| 1319/1319 [07:30<00:00, 11.58it/s]100%|██████████| 1319/1319 [07:30<00:00, 11.58it/s]100%|██████████| 1319/1319 [07:30<00:00, 11.58it/s]100%|██████████| 1319/1319 [07:30<00:00, 11.58it/s]100%|██████████| 1319/1319 [07:30<00:00, 11.58it/s]100%|██████████| 1319/1319 [07:30<00:00, 11.58it/s]100%|██████████| 1319/1319 [07:30<00:00, 11.58it/s]100%|██████████| 1319/1319 [07:30<00:00, 11.58it/s]100%|██████████| 1319/1319 [07:30<00:00, 11.58it/s]100%|██████████| 1319/1319 [07:30<00:00, 11.58it/s]100%|██████████| 1319/1319 [07:30<00:00, 11.58it/s]100%|██████████| 1319/1319 [07:30<00:00, 11.58it/s]100%|██████████| 1319/1319 [07:30<00:00, 11.58it/s]100%|██████████| 1319/1319 [07:30<00:00, 11.58it/s]100%|██████████| 1319/1319 [07:30<00:00, 11.58it/s]100%|██████████| 1319/1319 [07:30<00:00, 11.58it/s]100%|██████████| 1319/1319 [07:30<00:00, 11.58it/s]100%|██████████| 1319/1319 [07:30<00:00, 11.58it/s]100%|██████████| 1319/1319 [07:30<00:00, 11.58it/s]100%|██████████| 1319/1319 [07:30<00:00, 11.58it/s]100%|██████████| 1319/1319 [07:30<00:00, 11.58it/s]100%|██████████| 1319/1319 [07:30<00:00, 11.58it/s]100%|██████████| 1319/1319 [07:30<00:00, 11.58it/s]100%|██████████| 1319/1319 [07:30<00:00, 11.58it/s]100%|██████████| 1319/1319 [07:30<00:00, 11.58it/s]100%|██████████| 1319/1319 [07:30<00:00, 11.58it/s]100%|██████████| 1319/1319 [07:30<00:00, 11.58it/s]100%|██████████| 1319/1319 [07:30<00:00, 11.58it/s]100%|██████████| 1319/1319 [07:30<00:00, 11.58it/s]100%|██████████| 1319/1319 [07:30<00:00, 11.58it/s]100%|██████████| 1319/1319 [07:30<00:00, 11.58it/s]100%|██████████| 1319/1319 [07:30<00:00, 11.58it/s]100%|██████████| 1319/1319 [07:30<00:00, 11.58it/s]100%|██████████| 1319/1319 [07:30<00:00, 11.58it/s]100%|██████████| 1319/1319 [07:30<00:00, 11.58it/s]100%|██████████| 1319/1319 [07:30<00:00, 11.58it/s]100%|██████████| 1319/1319 [07:30<00:00, 11.58it/s]100%|██████████| 1319/1319 [07:30<00:00, 11.58it/s]100%|██████████| 1319/1319 [07:30<00:00, 11.58it/s]100%|██████████| 1319/1319 [07:30<00:00, 11.58it/s]100%|██████████| 1319/1319 [07:30<00:00, 11.58it/s]100%|██████████| 1319/1319 [07:30<00:00, 11.58it/s]100%|██████████| 1319/1319 [07:30<00:00, 11.58it/s]100%|██████████| 1319/1319 [07:30<00:00, 11.58it/s]100%|██████████| 1319/1319 [07:30<00:00, 11.58it/s]100%|██████████| 1319/1319 [07:30<00:00, 11.58it/s]100%|██████████| 1319/1319 [07:30<00:00, 11.58it/s]100%|██████████| 1319/1319 [07:30<00:00, 11.58it/s]100%|██████████| 1319/1319 [07:30<00:00, 11.58it/s]100%|██████████| 1319/1319 [07:30<00:00, 11.58it/s]100%|██████████| 1319/1319 [07:30<00:00, 11.58it/s]100%|██████████| 1319/1319 [07:30<00:00, 11.58it/s]100%|██████████| 1319/1319 [07:30<00:00, 11.58it/s]100%|██████████| 1319/1319 [07:30<00:00, 11.58it/s]100%|██████████| 1319/1319 [07:30<00:00, 11.58it/s]100%|██████████| 1319/1319 [07:30<00:00, 11.58it/s]100%|██████████| 1319/1319 [07:30<00:00, 11.58it/s]100%|██████████| 1319/1319 [07:30<00:00, 11.58it/s]100%|██████████| 1319/1319 [07:30<00:00, 11.58it/s]100%|██████████| 1319/1319 [07:30<00:00, 11.58it/s]100%|██████████| 1319/1319 [07:30<00:00, 11.58it/s]100%|██████████| 1319/1319 [07:30<00:00, 11.58it/s]100%|██████████| 1319/1319 [07:30<00:00, 11.58it/s]100%|██████████| 1319/1319 [07:30<00:00, 11.58it/s]100%|██████████| 1319/1319 [07:30<00:00, 11.58it/s]100%|██████████| 1319/1319 [07:30<00:00, 11.58it/s]100%|██████████| 1319/1319 [07:30<00:00, 11.58it/s]100%|██████████| 1319/1319 [07:30<00:00, 11.58it/s]100%|██████████| 1319/1319 [07:30<00:00, 11.58it/s]100%|██████████| 1319/1319 [07:30<00:00, 11.58it/s]100%|██████████| 1319/1319 [07:30<00:00, 11.58it/s]100%|██████████| 1319/1319 [07:30<00:00, 11.58it/s]100%|██████████| 1319/1319 [07:30<00:00, 11.58it/s]100%|██████████| 1319/1319 [07:30<00:00, 11.58it/s]100%|██████████| 1319/1319 [07:30<00:00, 11.58it/s]100%|██████████| 1319/1319 [07:30<00:00, 11.58it/s]100%|██████████| 1319/1319 [07:30<00:00, 11.58it/s]100%|██████████| 1319/1319 [07:30<00:00, 11.58it/s]100%|██████████| 1319/1319 [07:30<00:00, 11.58it/s]100%|██████████| 1319/1319 [07:30<00:00, 11.58it/s]100%|██████████| 1319/1319 [07:30<00:00, 11.58it/s]100%|██████████| 1319/1319 [07:30<00:00, 11.58it/s]100%|██████████| 1319/1319 [07:30<00:00, 11.58it/s]100%|██████████| 1319/1319 [07:30<00:00, 11.58it/s]100%|██████████| 1319/1319 [07:30<00:00, 11.58it/s]100%|██████████| 1319/1319 [07:30<00:00, 11.58it/s]100%|██████████| 1319/1319 [07:30<00:00, 11.58it/s]100%|██████████| 1319/1319 [07:30<00:00, 11.58it/s]100%|██████████| 1319/1319 [07:30<00:00, 11.58it/s]100%|██████████| 1319/1319 [07:30<00:00, 11.58it/s]100%|██████████| 1319/1319 [07:30<00:00, 11.58it/s]100%|██████████| 1319/1319 [07:30<00:00, 11.58it/s]100%|██████████| 1319/1319 [07:30<00:00, 11.58it/s]100%|██████████| 1319/1319 [07:30<00:00, 11.58it/s]100%|██████████| 1319/1319 [07:30<00:00, 11.58it/s]100%|██████████| 1319/1319 [07:30<00:00, 11.58it/s]100%|██████████| 1319/1319 [07:30<00:00, 11.58it/s]100%|██████████| 1319/1319 [07:30<00:00, 11.58it/s]100%|██████████| 1319/1319 [07:30<00:00, 11.58it/s]100%|██████████| 1319/1319 [07:30<00:00, 11.58it/s]100%|██████████| 1319/1319 [07:30<00:00, 11.58it/s]100%|██████████| 1319/1319 [07:30<00:00, 11.58it/s]100%|██████████| 1319/1319 [07:30<00:00, 11.58it/s]100%|██████████| 1319/1319 [07:30<00:00, 11.58it/s]100%|██████████| 1319/1319 [07:30<00:00, 11.58it/s]100%|██████████| 1319/1319 [07:30<00:00, 11.58it/s]100%|██████████| 1319/1319 [07:30<00:00, 11.58it/s]100%|██████████| 1319/1319 [07:30<00:00, 11.58it/s]100%|██████████| 1319/1319 [07:30<00:00, 11.58it/s]100%|██████████| 1319/1319 [07:30<00:00, 11.58it/s]100%|██████████| 1319/1319 [07:30<00:00, 11.58it/s]100%|██████████| 1319/1319 [07:30<00:00, 11.58it/s]100%|██████████| 1319/1319 [07:30<00:00, 11.58it/s]100%|██████████| 1319/1319 [07:30<00:00, 11.58it/s]100%|██████████| 1319/1319 [07:30<00:00, 11.58it/s]100%|██████████| 1319/1319 [07:30<00:00, 11.58it/s]100%|██████████| 1319/1319 [07:30<00:00, 11.58it/s]100%|██████████| 1319/1319 [07:30<00:00, 11.58it/s]100%|██████████| 1319/1319 [07:30<00:00, 11.58it/s]100%|██████████| 1319/1319 [07:30<00:00, 11.58it/s]100%|██████████| 1319/1319 [07:30<00:00, 11.58it/s]100%|██████████| 1319/1319 [07:30<00:00, 11.58it/s]100%|██████████| 1319/1319 [07:30<00:00, 11.58it/s]100%|██████████| 1319/1319 [07:30<00:00, 11.58it/s]100%|██████████| 1319/1319 [07:30<00:00, 11.58it/s]100%|██████████| 1319/1319 [07:30<00:00, 11.58it/s]100%|██████████| 1319/1319 [07:30<00:00, 11.58it/s]100%|██████████| 1319/1319 [07:30<00:00, 11.58it/s]100%|██████████| 1319/1319 [07:30<00:00, 11.58it/s]100%|██████████| 1319/1319 [07:30<00:00, 11.58it/s]100%|██████████| 1319/1319 [07:30<00:00, 11.58it/s]100%|██████████| 1319/1319 [07:30<00:00, 11.58it/s]100%|██████████| 1319/1319 [07:30<00:00, 11.58it/s]100%|██████████| 1319/1319 [07:30<00:00, 11.58it/s]100%|██████████| 1319/1319 [07:30<00:00, 11.58it/s]100%|██████████| 1319/1319 [07:30<00:00, 11.58it/s]100%|██████████| 1319/1319 [07:30<00:00, 11.58it/s]100%|██████████| 1319/1319 [07:30<00:00, 11.58it/s]100%|██████████| 1319/1319 [07:30<00:00, 11.58it/s]100%|██████████| 1319/1319 [07:30<00:00, 11.58it/s]100%|██████████| 1319/1319 [07:30<00:00, 11.58it/s]100%|██████████| 1319/1319 [07:30<00:00, 11.58it/s]100%|██████████| 1319/1319 [07:30<00:00, 11.58it/s]100%|██████████| 1319/1319 [07:30<00:00, 11.58it/s]100%|██████████| 1319/1319 [07:30<00:00, 11.58it/s]100%|██████████| 1319/1319 [07:30<00:00, 11.58it/s]100%|██████████| 1319/1319 [07:30<00:00, 11.58it/s]100%|██████████| 1319/1319 [07:30<00:00, 11.58it/s]100%|██████████| 1319/1319 [07:30<00:00, 11.58it/s]100%|██████████| 1319/1319 [07:30<00:00, 11.58it/s]100%|██████████| 1319/1319 [07:30<00:00, 11.58it/s]100%|██████████| 1319/1319 [07:30<00:00, 11.58it/s]100%|██████████| 1319/1319 [07:30<00:00, 11.58it/s]100%|██████████| 1319/1319 [07:30<00:00, 11.58it/s]100%|██████████| 1319/1319 [07:30<00:00, 11.58it/s]100%|██████████| 1319/1319 [07:30<00:00, 11.58it/s]100%|██████████| 1319/1319 [07:30<00:00, 11.58it/s]100%|██████████| 1319/1319 [07:30<00:00, 11.58it/s]100%|██████████| 1319/1319 [07:30<00:00, 11.58it/s]100%|██████████| 1319/1319 [07:30<00:00, 11.58it/s]100%|██████████| 1319/1319 [07:30<00:00, 11.58it/s]100%|██████████| 1319/1319 [07:30<00:00, 11.58it/s]100%|██████████| 1319/1319 [07:30<00:00, 11.58it/s]100%|██████████| 1319/1319 [07:30<00:00, 11.58it/s]100%|██████████| 1319/1319 [07:30<00:00, 11.58it/s]100%|██████████| 1319/1319 [07:30<00:00, 11.58it/s]100%|██████████| 1319/1319 [07:30<00:00, 11.58it/s]100%|██████████| 1319/1319 [07:30<00:00, 11.58it/s]100%|██████████| 1319/1319 [07:30<00:00, 11.58it/s]100%|██████████| 1319/1319 [07:30<00:00, 11.58it/s]100%|██████████| 1319/1319 [07:30<00:00, 11.58it/s]100%|██████████| 1319/1319 [07:30<00:00, 11.58it/s]100%|██████████| 1319/1319 [07:30<00:00, 11.58it/s]100%|██████████| 1319/1319 [07:30<00:00, 11.58it/s]100%|██████████| 1319/1319 [07:30<00:00, 11.58it/s]100%|██████████| 1319/1319 [07:30<00:00, 11.58it/s]100%|██████████| 1319/1319 [07:30<00:00, 11.58it/s]100%|██████████| 1319/1319 [07:30<00:00, 11.58it/s]100%|██████████| 1319/1319 [07:30<00:00, 11.58it/s]100%|██████████| 1319/1319 [07:30<00:00, 11.58it/s]100%|██████████| 1319/1319 [07:30<00:00, 11.58it/s]100%|██████████| 1319/1319 [07:30<00:00, 11.58it/s]100%|██████████| 1319/1319 [07:30<00:00, 11.58it/s]100%|██████████| 1319/1319 [07:30<00:00, 11.58it/s]100%|██████████| 1319/1319 [07:30<00:00, 11.58it/s]100%|██████████| 1319/1319 [07:30<00:00, 11.58it/s]100%|██████████| 1319/1319 [07:30<00:00, 11.58it/s]100%|██████████| 1319/1319 [07:30<00:00, 11.58it/s]100%|██████████| 1319/1319 [07:30<00:00, 11.58it/s]100%|██████████| 1319/1319 [07:30<00:00, 11.58it/s]100%|██████████| 1319/1319 [07:30<00:00, 11.58it/s]100%|██████████| 1319/1319 [07:30<00:00, 11.58it/s]100%|██████████| 1319/1319 [07:30<00:00, 11.58it/s]100%|██████████| 1319/1319 [07:30<00:00, 11.58it/s]100%|██████████| 1319/1319 [07:30<00:00, 11.58it/s]100%|██████████| 1319/1319 [07:30<00:00, 11.58it/s]100%|██████████| 1319/1319 [07:30<00:00, 11.58it/s]100%|██████████| 1319/1319 [07:30<00:00, 11.58it/s]100%|██████████| 1319/1319 [07:30<00:00, 11.58it/s]100%|██████████| 1319/1319 [07:30<00:00, 11.58it/s]100%|██████████| 1319/1319 [07:30<00:00, 11.58it/s]100%|██████████| 1319/1319 [07:30<00:00, 11.58it/s]100%|██████████| 1319/1319 [07:30<00:00, 11.58it/s]100%|██████████| 1319/1319 [07:30<00:00, 11.58it/s]100%|██████████| 1319/1319 [07:30<00:00, 11.58it/s]100%|██████████| 1319/1319 [07:30<00:00, 11.58it/s]100%|██████████| 1319/1319 [07:30<00:00, 11.58it/s]100%|██████████| 1319/1319 [07:30<00:00, 11.58it/s]100%|██████████| 1319/1319 [07:30<00:00, 11.58it/s]100%|██████████| 1319/1319 [07:30<00:00, 11.58it/s]100%|██████████| 1319/1319 [07:30<00:00, 11.58it/s]100%|██████████| 1319/1319 [07:30<00:00, 11.58it/s]100%|██████████| 1319/1319 [07:30<00:00, 11.58it/s]100%|██████████| 1319/1319 [07:30<00:00, 11.58it/s]100%|██████████| 1319/1319 [07:30<00:00, 11.58it/s]100%|██████████| 1319/1319 [07:30<00:00, 11.58it/s]100%|██████████| 1319/1319 [07:30<00:00, 11.58it/s]100%|██████████| 1319/1319 [07:30<00:00, 11.58it/s]100%|██████████| 1319/1319 [07:30<00:00, 11.58it/s]100%|██████████| 1319/1319 [07:30<00:00, 11.58it/s]100%|██████████| 1319/1319 [07:30<00:00, 11.58it/s]100%|██████████| 1319/1319 [07:30<00:00, 11.58it/s]100%|██████████| 1319/1319 [07:30<00:00, 11.58it/s]100%|██████████| 1319/1319 [07:30<00:00, 11.58it/s]100%|██████████| 1319/1319 [07:30<00:00, 11.58it/s]100%|██████████| 1319/1319 [07:30<00:00, 11.58it/s]100%|██████████| 1319/1319 [07:30<00:00, 11.58it/s]100%|██████████| 1319/1319 [07:30<00:00, 11.58it/s]100%|██████████| 1319/1319 [07:30<00:00, 11.58it/s]100%|██████████| 1319/1319 [07:30<00:00, 11.58it/s]100%|██████████| 1319/1319 [07:30<00:00, 11.58it/s]100%|██████████| 1319/1319 [07:30<00:00, 11.58it/s]100%|██████████| 1319/1319 [07:30<00:00, 11.58it/s]100%|██████████| 1319/1319 [07:30<00:00, 11.58it/s]100%|██████████| 1319/1319 [07:30<00:00, 11.58it/s]100%|██████████| 1319/1319 [07:30<00:00, 11.58it/s]100%|██████████| 1319/1319 [07:30<00:00, 11.58it/s]100%|██████████| 1319/1319 [07:30<00:00, 11.58it/s]100%|██████████| 1319/1319 [07:30<00:00, 11.58it/s]100%|██████████| 1319/1319 [07:30<00:00, 11.58it/s]100%|██████████| 1319/1319 [07:30<00:00, 11.58it/s]100%|██████████| 1319/1319 [07:30<00:00, 11.58it/s]100%|██████████| 1319/1319 [07:30<00:00, 11.58it/s]100%|██████████| 1319/1319 [07:30<00:00, 11.58it/s]100%|██████████| 1319/1319 [07:30<00:00, 11.58it/s]100%|██████████| 1319/1319 [07:30<00:00, 11.58it/s]100%|██████████| 1319/1319 [07:30<00:00, 11.58it/s]100%|██████████| 1319/1319 [07:30<00:00, 11.58it/s]100%|██████████| 1319/1319 [07:30<00:00, 11.58it/s]100%|██████████| 1319/1319 [07:30<00:00, 11.58it/s]100%|██████████| 1319/1319 [07:30<00:00, 11.58it/s]100%|██████████| 1319/1319 [07:30<00:00, 11.58it/s]100%|██████████| 1319/1319 [07:30<00:00, 11.58it/s]100%|██████████| 1319/1319 [07:30<00:00, 11.58it/s]100%|██████████| 1319/1319 [07:30<00:00, 11.58it/s]100%|██████████| 1319/1319 [07:30<00:00, 11.58it/s]100%|██████████| 1319/1319 [07:30<00:00, 11.58it/s]100%|██████████| 1319/1319 [07:30<00:00, 11.58it/s]100%|██████████| 1319/1319 [07:30<00:00, 11.58it/s]100%|██████████| 1319/1319 [07:30<00:00, 11.58it/s]100%|██████████| 1319/1319 [07:30<00:00, 11.58it/s]100%|██████████| 1319/1319 [07:30<00:00, 11.58it/s]100%|██████████| 1319/1319 [07:30<00:00, 11.58it/s]100%|██████████| 1319/1319 [07:30<00:00, 11.58it/s]100%|██████████| 1319/1319 [07:30<00:00, 11.58it/s]100%|██████████| 1319/1319 [07:30<00:00, 11.58it/s]100%|██████████| 1319/1319 [07:30<00:00, 11.58it/s]100%|██████████| 1319/1319 [07:30<00:00, 11.58it/s]100%|██████████| 1319/1319 [07:30<00:00, 11.58it/s]100%|██████████| 1319/1319 [07:30<00:00, 11.58it/s]100%|██████████| 1319/1319 [07:30<00:00, 11.58it/s]100%|██████████| 1319/1319 [07:30<00:00, 11.58it/s]100%|██████████| 1319/1319 [07:30<00:00, 11.58it/s]100%|██████████| 1319/1319 [07:30<00:00, 11.58it/s]100%|██████████| 1319/1319 [07:30<00:00, 11.58it/s]100%|██████████| 1319/1319 [07:30<00:00, 11.58it/s]100%|██████████| 1319/1319 [07:30<00:00, 11.58it/s]100%|██████████| 1319/1319 [07:30<00:00, 11.58it/s]100%|██████████| 1319/1319 [07:30<00:00, 11.58it/s]100%|██████████| 1319/1319 [07:30<00:00, 11.58it/s]100%|██████████| 1319/1319 [07:30<00:00, 11.58it/s]100%|██████████| 1319/1319 [07:30<00:00, 11.58it/s]100%|██████████| 1319/1319 [07:30<00:00, 11.58it/s]100%|██████████| 1319/1319 [07:30<00:00, 11.58it/s]100%|██████████| 1319/1319 [07:30<00:00, 11.58it/s]100%|██████████| 1319/1319 [07:30<00:00, 11.58it/s]100%|██████████| 1319/1319 [07:30<00:00, 11.58it/s]100%|██████████| 1319/1319 [07:30<00:00, 11.58it/s]100%|██████████| 1319/1319 [07:30<00:00, 11.58it/s]100%|██████████| 1319/1319 [07:30<00:00, 11.58it/s]100%|██████████| 1319/1319 [07:30<00:00, 11.58it/s]100%|██████████| 1319/1319 [07:30<00:00, 11.58it/s]100%|██████████| 1319/1319 [07:30<00:00, 11.58it/s]100%|██████████| 1319/1319 [07:30<00:00, 11.58it/s]100%|██████████| 1319/1319 [07:30<00:00, 11.58it/s]100%|██████████| 1319/1319 [07:30<00:00, 11.58it/s]100%|██████████| 1319/1319 [07:30<00:00, 11.58it/s]100%|██████████| 1319/1319 [07:30<00:00, 11.58it/s]100%|██████████| 1319/1319 [07:30<00:00, 11.58it/s]100%|██████████| 1319/1319 [07:30<00:00, 11.58it/s]100%|██████████| 1319/1319 [07:30<00:00, 11.58it/s]100%|██████████| 1319/1319 [07:30<00:00, 11.58it/s]100%|██████████| 1319/1319 [07:30<00:00, 11.58it/s]100%|██████████| 1319/1319 [07:30<00:00, 11.58it/s]100%|██████████| 1319/1319 [07:30<00:00, 11.58it/s]100%|██████████| 1319/1319 [07:30<00:00, 11.58it/s]100%|██████████| 1319/1319 [07:30<00:00, 11.58it/s]100%|██████████| 1319/1319 [07:30<00:00, 11.58it/s]100%|██████████| 1319/1319 [07:30<00:00, 11.58it/s]100%|██████████| 1319/1319 [07:30<00:00, 11.58it/s]100%|██████████| 1319/1319 [07:30<00:00, 11.58it/s]100%|██████████| 1319/1319 [07:30<00:00, 11.58it/s]100%|██████████| 1319/1319 [07:30<00:00, 11.58it/s]100%|██████████| 1319/1319 [07:30<00:00, 11.58it/s]100%|██████████| 1319/1319 [07:30<00:00, 11.58it/s]100%|██████████| 1319/1319 [07:30<00:00, 11.58it/s]100%|██████████| 1319/1319 [07:30<00:00, 11.58it/s]100%|██████████| 1319/1319 [07:30<00:00, 11.58it/s]100%|██████████| 1319/1319 [07:30<00:00, 11.58it/s]100%|██████████| 1319/1319 [07:30<00:00, 11.58it/s]100%|██████████| 1319/1319 [07:30<00:00, 11.58it/s]100%|██████████| 1319/1319 [07:30<00:00, 11.58it/s]100%|██████████| 1319/1319 [07:30<00:00, 11.58it/s]100%|██████████| 1319/1319 [07:30<00:00, 11.58it/s]100%|██████████| 1319/1319 [07:30<00:00, 11.58it/s]100%|██████████| 1319/1319 [07:30<00:00, 11.58it/s]100%|██████████| 1319/1319 [07:30<00:00, 11.58it/s]100%|██████████| 1319/1319 [07:30<00:00, 11.58it/s]100%|██████████| 1319/1319 [07:30<00:00, 11.58it/s]100%|██████████| 1319/1319 [07:30<00:00, 11.58it/s]100%|██████████| 1319/1319 [07:30<00:00, 11.58it/s]100%|██████████| 1319/1319 [07:30<00:00, 11.58it/s]100%|██████████| 1319/1319 [07:30<00:00, 11.58it/s]100%|██████████| 1319/1319 [07:30<00:00, 11.58it/s]100%|██████████| 1319/1319 [07:30<00:00, 11.58it/s]100%|██████████| 1319/1319 [07:30<00:00, 11.58it/s]100%|██████████| 1319/1319 [07:30<00:00, 11.58it/s]100%|██████████| 1319/1319 [07:30<00:00, 11.58it/s]100%|██████████| 1319/1319 [07:30<00:00, 11.58it/s]100%|██████████| 1319/1319 [07:30<00:00, 11.58it/s]100%|██████████| 1319/1319 [07:30<00:00, 11.58it/s]100%|██████████| 1319/1319 [07:30<00:00, 11.58it/s]100%|██████████| 1319/1319 [07:30<00:00, 11.58it/s]100%|██████████| 1319/1319 [07:30<00:00, 11.58it/s]100%|██████████| 1319/1319 [07:30<00:00, 11.58it/s]100%|██████████| 1319/1319 [07:30<00:00, 11.58it/s]100%|██████████| 1319/1319 [07:30<00:00, 11.58it/s]100%|██████████| 1319/1319 [07:30<00:00, 11.58it/s]100%|██████████| 1319/1319 [07:30<00:00, 11.58it/s]100%|██████████| 1319/1319 [07:30<00:00, 11.58it/s]100%|██████████| 1319/1319 [07:30<00:00, 11.58it/s]100%|██████████| 1319/1319 [07:30<00:00, 11.58it/s]100%|██████████| 1319/1319 [07:30<00:00, 11.58it/s]100%|██████████| 1319/1319 [07:30<00:00, 11.58it/s]100%|██████████| 1319/1319 [07:30<00:00, 11.58it/s]100%|██████████| 1319/1319 [07:30<00:00, 11.58it/s]100%|██████████| 1319/1319 [07:30<00:00, 11.58it/s]100%|██████████| 1319/1319 [07:30<00:00, 11.58it/s]100%|██████████| 1319/1319 [07:30<00:00, 11.58it/s]100%|██████████| 1319/1319 [07:30<00:00, 11.58it/s]100%|██████████| 1319/1319 [07:30<00:00, 11.58it/s]100%|██████████| 1319/1319 [07:30<00:00, 11.58it/s]100%|██████████| 1319/1319 [07:30<00:00, 11.58it/s]100%|██████████| 1319/1319 [07:30<00:00, 11.58it/s]100%|██████████| 1319/1319 [07:30<00:00, 11.58it/s]100%|██████████| 1319/1319 [07:30<00:00, 11.58it/s]100%|██████████| 1319/1319 [07:30<00:00, 11.58it/s]100%|██████████| 1319/1319 [07:30<00:00, 11.58it/s]100%|██████████| 1319/1319 [07:30<00:00, 11.58it/s]100%|██████████| 1319/1319 [07:30<00:00, 11.58it/s]100%|██████████| 1319/1319 [07:30<00:00, 11.58it/s]100%|██████████| 1319/1319 [07:30<00:00, 11.58it/s]100%|██████████| 1319/1319 [07:30<00:00, 11.58it/s]100%|██████████| 1319/1319 [07:30<00:00, 11.58it/s]100%|██████████| 1319/1319 [07:30<00:00, 11.58it/s]100%|██████████| 1319/1319 [07:30<00:00, 11.58it/s]100%|██████████| 1319/1319 [07:30<00:00, 11.58it/s]100%|██████████| 1319/1319 [07:30<00:00, 11.58it/s]100%|██████████| 1319/1319 [07:30<00:00, 11.58it/s]100%|██████████| 1319/1319 [07:30<00:00, 11.58it/s]100%|██████████| 1319/1319 [07:30<00:00, 11.58it/s]100%|██████████| 1319/1319 [07:30<00:00, 11.58it/s]100%|██████████| 1319/1319 [07:30<00:00, 11.58it/s]100%|██████████| 1319/1319 [07:30<00:00, 11.58it/s]100%|██████████| 1319/1319 [07:30<00:00, 11.58it/s]100%|██████████| 1319/1319 [07:30<00:00, 11.58it/s]100%|██████████| 1319/1319 [07:30<00:00, 11.58it/s]100%|██████████| 1319/1319 [07:30<00:00, 11.58it/s]100%|██████████| 1319/1319 [07:30<00:00, 11.58it/s]100%|██████████| 1319/1319 [07:30<00:00, 11.58it/s]100%|██████████| 1319/1319 [07:30<00:00, 11.58it/s]100%|██████████| 1319/1319 [07:30<00:00, 11.58it/s]100%|██████████| 1319/1319 [07:30<00:00, 11.58it/s]100%|██████████| 1319/1319 [07:30<00:00, 11.58it/s]100%|██████████| 1319/1319 [07:30<00:00, 11.58it/s]100%|██████████| 1319/1319 [07:30<00:00, 11.58it/s]100%|██████████| 1319/1319 [07:30<00:00, 11.58it/s]100%|██████████| 1319/1319 [07:30<00:00, 11.58it/s]100%|██████████| 1319/1319 [07:30<00:00, 11.58it/s]100%|██████████| 1319/1319 [07:30<00:00, 11.58it/s]100%|██████████| 1319/1319 [07:30<00:00, 11.58it/s]100%|██████████| 1319/1319 [07:30<00:00, 11.58it/s]100%|██████████| 1319/1319 [07:30<00:00, 11.58it/s]100%|██████████| 1319/1319 [07:30<00:00, 11.58it/s]100%|██████████| 1319/1319 [07:30<00:00, 11.58it/s]100%|██████████| 1319/1319 [07:30<00:00, 11.58it/s]100%|██████████| 1319/1319 [07:30<00:00, 11.58it/s]100%|██████████| 1319/1319 [07:30<00:00, 11.58it/s]100%|██████████| 1319/1319 [07:30<00:00, 11.58it/s]100%|██████████| 1319/1319 [07:30<00:00, 11.58it/s]100%|██████████| 1319/1319 [07:30<00:00, 11.58it/s]100%|██████████| 1319/1319 [07:30<00:00, 11.58it/s]100%|██████████| 1319/1319 [07:30<00:00, 11.58it/s]100%|██████████| 1319/1319 [07:30<00:00, 11.58it/s]100%|██████████| 1319/1319 [07:30<00:00, 11.58it/s]100%|██████████| 1319/1319 [07:30<00:00, 11.58it/s]100%|██████████| 1319/1319 [07:30<00:00, 11.58it/s]100%|██████████| 1319/1319 [07:30<00:00, 11.58it/s]100%|██████████| 1319/1319 [07:30<00:00, 11.58it/s]100%|██████████| 1319/1319 [07:30<00:00, 11.58it/s]100%|██████████| 1319/1319 [07:30<00:00, 11.58it/s]100%|██████████| 1319/1319 [07:30<00:00, 11.58it/s]100%|██████████| 1319/1319 [07:30<00:00, 11.58it/s]100%|██████████| 1319/1319 [07:30<00:00, 11.58it/s]100%|██████████| 1319/1319 [07:30<00:00, 11.58it/s]100%|██████████| 1319/1319 [07:30<00:00, 11.58it/s]100%|██████████| 1319/1319 [07:30<00:00, 11.58it/s]100%|██████████| 1319/1319 [07:30<00:00, 11.58it/s]100%|██████████| 1319/1319 [07:30<00:00, 11.58it/s]100%|██████████| 1319/1319 [07:30<00:00, 11.58it/s]100%|██████████| 1319/1319 [07:30<00:00, 11.58it/s]100%|██████████| 1319/1319 [07:30<00:00, 11.58it/s]100%|██████████| 1319/1319 [07:30<00:00, 11.58it/s]100%|██████████| 1319/1319 [07:30<00:00, 11.58it/s]100%|██████████| 1319/1319 [07:30<00:00, 11.58it/s]100%|██████████| 1319/1319 [07:30<00:00, 11.58it/s]100%|██████████| 1319/1319 [07:30<00:00, 11.58it/s]100%|██████████| 1319/1319 [07:30<00:00, 11.58it/s]100%|██████████| 1319/1319 [07:30<00:00, 11.58it/s]100%|██████████| 1319/1319 [07:30<00:00, 11.58it/s]100%|██████████| 1319/1319 [07:30<00:00, 11.58it/s]100%|██████████| 1319/1319 [07:30<00:00, 11.58it/s]100%|██████████| 1319/1319 [07:30<00:00, 11.58it/s]100%|██████████| 1319/1319 [07:30<00:00, 11.58it/s]100%|██████████| 1319/1319 [07:30<00:00, 11.58it/s]100%|██████████| 1319/1319 [07:30<00:00, 11.58it/s]100%|██████████| 1319/1319 [07:30<00:00, 11.58it/s]100%|██████████| 1319/1319 [07:30<00:00, 11.58it/s]100%|██████████| 1319/1319 [07:30<00:00, 11.58it/s]100%|██████████| 1319/1319 [07:30<00:00, 11.58it/s]100%|██████████| 1319/1319 [07:30<00:00, 11.58it/s]100%|██████████| 1319/1319 [07:30<00:00, 11.58it/s]100%|██████████| 1319/1319 [07:30<00:00, 11.58it/s]100%|██████████| 1319/1319 [07:30<00:00, 11.58it/s]100%|██████████| 1319/1319 [07:30<00:00, 11.58it/s]100%|██████████| 1319/1319 [07:30<00:00, 11.58it/s]100%|██████████| 1319/1319 [07:30<00:00, 11.58it/s]100%|██████████| 1319/1319 [07:30<00:00, 11.58it/s]100%|██████████| 1319/1319 [07:30<00:00, 11.58it/s]100%|██████████| 1319/1319 [07:30<00:00, 11.58it/s]100%|██████████| 1319/1319 [07:30<00:00, 11.58it/s]100%|██████████| 1319/1319 [07:30<00:00, 11.58it/s]100%|██████████| 1319/1319 [07:30<00:00, 11.58it/s]100%|██████████| 1319/1319 [07:30<00:00, 11.58it/s]100%|██████████| 1319/1319 [07:30<00:00, 11.58it/s]100%|██████████| 1319/1319 [07:30<00:00, 11.58it/s]100%|██████████| 1319/1319 [07:30<00:00, 11.58it/s]100%|██████████| 1319/1319 [07:30<00:00, 11.58it/s]100%|██████████| 1319/1319 [07:30<00:00, 11.58it/s]100%|██████████| 1319/1319 [07:30<00:00, 11.58it/s]100%|██████████| 1319/1319 [07:30<00:00, 11.58it/s]100%|██████████| 1319/1319 [07:30<00:00, 11.58it/s]100%|██████████| 1319/1319 [07:30<00:00, 11.58it/s]100%|██████████| 1319/1319 [07:30<00:00, 11.58it/s]100%|██████████| 1319/1319 [07:30<00:00, 11.58it/s]100%|██████████| 1319/1319 [07:30<00:00, 11.58it/s]100%|██████████| 1319/1319 [07:30<00:00, 11.58it/s]100%|██████████| 1319/1319 [07:30<00:00, 11.58it/s]100%|██████████| 1319/1319 [07:30<00:00, 11.58it/s]100%|██████████| 1319/1319 [07:30<00:00, 11.58it/s]100%|██████████| 1319/1319 [07:30<00:00, 11.58it/s]100%|██████████| 1319/1319 [07:30<00:00, 11.58it/s]100%|██████████| 1319/1319 [07:30<00:00, 11.58it/s]100%|██████████| 1319/1319 [07:30<00:00, 11.58it/s]100%|██████████| 1319/1319 [07:30<00:00, 11.58it/s]100%|██████████| 1319/1319 [07:30<00:00, 11.58it/s]100%|██████████| 1319/1319 [07:30<00:00, 11.58it/s]100%|██████████| 1319/1319 [07:30<00:00, 11.58it/s]100%|██████████| 1319/1319 [07:30<00:00, 11.58it/s]100%|██████████| 1319/1319 [07:30<00:00, 11.58it/s]100%|██████████| 1319/1319 [07:30<00:00, 11.58it/s]100%|██████████| 1319/1319 [07:30<00:00, 11.58it/s]100%|██████████| 1319/1319 [07:30<00:00, 11.58it/s]100%|██████████| 1319/1319 [07:30<00:00, 11.58it/s]100%|██████████| 1319/1319 [07:30<00:00, 11.58it/s]100%|██████████| 1319/1319 [07:30<00:00, 11.58it/s]100%|██████████| 1319/1319 [07:30<00:00, 11.58it/s]100%|██████████| 1319/1319 [07:30<00:00, 11.58it/s]100%|██████████| 1319/1319 [07:30<00:00, 11.58it/s]100%|██████████| 1319/1319 [07:30<00:00, 11.58it/s]100%|██████████| 1319/1319 [07:30<00:00, 11.58it/s]100%|██████████| 1319/1319 [07:30<00:00, 11.58it/s]100%|██████████| 1319/1319 [07:30<00:00, 11.58it/s]100%|██████████| 1319/1319 [07:30<00:00, 11.58it/s]100%|██████████| 1319/1319 [07:30<00:00, 11.58it/s]100%|██████████| 1319/1319 [07:30<00:00, 11.58it/s]100%|██████████| 1319/1319 [07:30<00:00, 11.58it/s]100%|██████████| 1319/1319 [07:30<00:00, 11.58it/s]100%|██████████| 1319/1319 [07:30<00:00, 11.58it/s]100%|██████████| 1319/1319 [07:30<00:00, 11.58it/s]100%|██████████| 1319/1319 [07:30<00:00, 11.58it/s]100%|██████████| 1319/1319 [07:30<00:00, 11.58it/s]100%|██████████| 1319/1319 [07:30<00:00, 11.58it/s]100%|██████████| 1319/1319 [07:30<00:00, 11.58it/s]100%|██████████| 1319/1319 [07:30<00:00, 11.58it/s]100%|██████████| 1319/1319 [07:30<00:00, 11.58it/s]100%|██████████| 1319/1319 [07:30<00:00, 11.58it/s]100%|██████████| 1319/1319 [07:30<00:00, 11.58it/s]100%|██████████| 1319/1319 [07:30<00:00, 11.58it/s]100%|██████████| 1319/1319 [07:30<00:00, 11.58it/s]100%|██████████| 1319/1319 [07:30<00:00, 11.58it/s]100%|██████████| 1319/1319 [07:30<00:00, 11.58it/s]100%|██████████| 1319/1319 [07:30<00:00, 11.58it/s]100%|██████████| 1319/1319 [07:30<00:00, 11.58it/s]100%|██████████| 1319/1319 [07:30<00:00, 11.58it/s]100%|██████████| 1319/1319 [07:30<00:00, 11.58it/s]100%|██████████| 1319/1319 [07:30<00:00, 11.58it/s]100%|██████████| 1319/1319 [07:30<00:00, 11.58it/s]100%|██████████| 1319/1319 [07:30<00:00, 11.58it/s]100%|██████████| 1319/1319 [07:30<00:00, 11.58it/s]100%|██████████| 1319/1319 [07:30<00:00, 11.58it/s]100%|██████████| 1319/1319 [07:30<00:00, 11.58it/s]100%|██████████| 1319/1319 [07:30<00:00, 11.58it/s]100%|██████████| 1319/1319 [07:30<00:00, 11.58it/s]100%|██████████| 1319/1319 [07:30<00:00, 11.58it/s]100%|██████████| 1319/1319 [07:30<00:00, 11.58it/s]100%|██████████| 1319/1319 [07:30<00:00, 11.58it/s]100%|██████████| 1319/1319 [07:30<00:00, 11.58it/s]100%|██████████| 1319/1319 [07:30<00:00, 11.58it/s]100%|██████████| 1319/1319 [07:30<00:00, 11.58it/s]100%|██████████| 1319/1319 [07:30<00:00, 11.58it/s]100%|██████████| 1319/1319 [07:30<00:00, 11.58it/s]100%|██████████| 1319/1319 [07:30<00:00, 11.58it/s]100%|██████████| 1319/1319 [07:30<00:00, 11.58it/s]100%|██████████| 1319/1319 [07:30<00:00, 11.58it/s]100%|██████████| 1319/1319 [07:30<00:00, 11.58it/s]100%|██████████| 1319/1319 [07:30<00:00, 11.58it/s]100%|██████████| 1319/1319 [07:30<00:00, 11.58it/s]100%|██████████| 1319/1319 [07:30<00:00, 11.58it/s]100%|██████████| 1319/1319 [07:30<00:00, 11.58it/s]100%|██████████| 1319/1319 [07:30<00:00, 11.58it/s]100%|██████████| 1319/1319 [07:30<00:00, 11.58it/s]100%|██████████| 1319/1319 [07:30<00:00, 11.58it/s]100%|██████████| 1319/1319 [07:30<00:00, 11.58it/s]100%|██████████| 1319/1319 [07:30<00:00, 11.58it/s]100%|██████████| 1319/1319 [07:30<00:00, 11.58it/s]100%|██████████| 1319/1319 [07:30<00:00, 11.58it/s]100%|██████████| 1319/1319 [07:30<00:00, 11.58it/s]100%|██████████| 1319/1319 [07:30<00:00, 11.58it/s]100%|██████████| 1319/1319 [07:30<00:00, 11.58it/s]100%|██████████| 1319/1319 [07:30<00:00, 11.58it/s]100%|██████████| 1319/1319 [07:30<00:00, 11.58it/s]100%|██████████| 1319/1319 [07:30<00:00, 11.58it/s]100%|██████████| 1319/1319 [07:30<00:00, 11.58it/s]100%|██████████| 1319/1319 [07:30<00:00, 11.58it/s]100%|██████████| 1319/1319 [07:30<00:00, 11.58it/s]100%|██████████| 1319/1319 [07:30<00:00, 11.58it/s]100%|██████████| 1319/1319 [07:30<00:00, 11.58it/s]100%|██████████| 1319/1319 [07:30<00:00, 11.58it/s]100%|██████████| 1319/1319 [07:30<00:00, 11.58it/s]100%|██████████| 1319/1319 [07:30<00:00, 11.58it/s]100%|██████████| 1319/1319 [07:30<00:00, 11.58it/s]100%|██████████| 1319/1319 [07:30<00:00, 11.58it/s]100%|██████████| 1319/1319 [07:30<00:00, 11.58it/s]100%|██████████| 1319/1319 [07:30<00:00, 11.58it/s]100%|██████████| 1319/1319 [07:30<00:00, 11.58it/s]100%|██████████| 1319/1319 [07:30<00:00, 11.58it/s]100%|██████████| 1319/1319 [07:30<00:00, 11.58it/s]100%|██████████| 1319/1319 [07:30<00:00, 11.58it/s]100%|██████████| 1319/1319 [07:30<00:00, 11.58it/s]100%|██████████| 1319/1319 [07:30<00:00, 11.58it/s]100%|██████████| 1319/1319 [07:30<00:00, 11.58it/s]100%|██████████| 1319/1319 [07:30<00:00, 11.58it/s]100%|██████████| 1319/1319 [07:30<00:00, 11.58it/s]100%|██████████| 1319/1319 [07:30<00:00, 11.58it/s]100%|██████████| 1319/1319 [07:30<00:00, 11.58it/s]100%|██████████| 1319/1319 [07:30<00:00, 11.58it/s]100%|██████████| 1319/1319 [07:30<00:00, 11.58it/s]100%|██████████| 1319/1319 [07:30<00:00, 11.58it/s]100%|██████████| 1319/1319 [07:30<00:00, 11.58it/s]100%|██████████| 1319/1319 [07:30<00:00, 11.58it/s]100%|██████████| 1319/1319 [07:30<00:00, 11.58it/s]100%|██████████| 1319/1319 [07:30<00:00, 11.58it/s]100%|██████████| 1319/1319 [07:30<00:00, 11.58it/s]100%|██████████| 1319/1319 [07:30<00:00, 11.58it/s]100%|██████████| 1319/1319 [07:30<00:00, 11.58it/s]100%|██████████| 1319/1319 [07:30<00:00, 11.58it/s]100%|██████████| 1319/1319 [07:30<00:00, 11.58it/s]100%|██████████| 1319/1319 [07:30<00:00, 11.58it/s]100%|██████████| 1319/1319 [07:30<00:00, 11.58it/s]100%|██████████| 1319/1319 [07:30<00:00, 11.58it/s]100%|██████████| 1319/1319 [07:30<00:00, 11.58it/s]100%|██████████| 1319/1319 [07:30<00:00, 11.58it/s]100%|██████████| 1319/1319 [07:30<00:00, 11.58it/s]100%|██████████| 1319/1319 [07:30<00:00, 11.58it/s]100%|██████████| 1319/1319 [07:30<00:00, 11.58it/s]100%|██████████| 1319/1319 [07:30<00:00, 11.58it/s]100%|██████████| 1319/1319 [07:30<00:00, 11.58it/s]100%|██████████| 1319/1319 [07:30<00:00, 11.58it/s]100%|██████████| 1319/1319 [07:30<00:00, 11.58it/s]100%|██████████| 1319/1319 [07:30<00:00, 11.58it/s]100%|██████████| 1319/1319 [07:30<00:00, 11.58it/s]100%|██████████| 1319/1319 [07:30<00:00, 11.58it/s]100%|██████████| 1319/1319 [07:30<00:00, 11.58it/s]100%|██████████| 1319/1319 [07:30<00:00, 11.58it/s]100%|██████████| 1319/1319 [07:30<00:00, 11.58it/s]100%|██████████| 1319/1319 [07:30<00:00, 11.58it/s]100%|██████████| 1319/1319 [07:30<00:00, 11.58it/s]100%|██████████| 1319/1319 [07:30<00:00, 11.58it/s]100%|██████████| 1319/1319 [07:30<00:00, 11.58it/s]100%|██████████| 1319/1319 [07:30<00:00, 11.58it/s]100%|██████████| 1319/1319 [07:30<00:00, 11.58it/s]100%|██████████| 1319/1319 [07:30<00:00, 11.58it/s]100%|██████████| 1319/1319 [07:30<00:00, 11.58it/s]100%|██████████| 1319/1319 [07:30<00:00, 11.58it/s]100%|██████████| 1319/1319 [07:30<00:00, 11.58it/s]100%|██████████| 1319/1319 [07:30<00:00, 11.58it/s]100%|██████████| 1319/1319 [07:30<00:00, 11.58it/s]100%|██████████| 1319/1319 [07:30<00:00, 11.58it/s]100%|██████████| 1319/1319 [07:30<00:00, 11.58it/s]100%|██████████| 1319/1319 [07:30<00:00, 11.58it/s]100%|██████████| 1319/1319 [07:30<00:00, 11.58it/s]100%|██████████| 1319/1319 [07:30<00:00, 11.58it/s]100%|██████████| 1319/1319 [07:30<00:00, 11.58it/s]100%|██████████| 1319/1319 [07:30<00:00, 11.58it/s]100%|██████████| 1319/1319 [07:30<00:00, 11.58it/s]100%|██████████| 1319/1319 [07:30<00:00, 11.58it/s]100%|██████████| 1319/1319 [07:30<00:00, 11.58it/s]100%|██████████| 1319/1319 [07:30<00:00, 11.58it/s]100%|██████████| 1319/1319 [07:30<00:00, 11.58it/s]100%|██████████| 1319/1319 [07:30<00:00, 11.58it/s]100%|██████████| 1319/1319 [07:30<00:00, 11.58it/s]100%|██████████| 1319/1319 [07:30<00:00, 11.58it/s]100%|██████████| 1319/1319 [07:30<00:00, 11.58it/s]100%|██████████| 1319/1319 [07:30<00:00, 11.58it/s]100%|██████████| 1319/1319 [07:30<00:00, 11.58it/s]100%|██████████| 1319/1319 [07:30<00:00, 11.58it/s]100%|██████████| 1319/1319 [07:30<00:00, 11.58it/s]100%|██████████| 1319/1319 [07:30<00:00, 11.58it/s]100%|██████████| 1319/1319 [07:30<00:00, 11.58it/s]100%|██████████| 1319/1319 [07:30<00:00, 11.58it/s]100%|██████████| 1319/1319 [07:30<00:00, 11.58it/s]100%|██████████| 1319/1319 [07:30<00:00, 11.58it/s]100%|██████████| 1319/1319 [07:30<00:00, 11.58it/s]100%|██████████| 1319/1319 [07:30<00:00, 11.58it/s]100%|██████████| 1319/1319 [07:30<00:00, 11.58it/s]100%|██████████| 1319/1319 [07:30<00:00, 11.58it/s]100%|██████████| 1319/1319 [07:30<00:00, 11.58it/s]100%|██████████| 1319/1319 [07:30<00:00, 11.58it/s]100%|██████████| 1319/1319 [07:30<00:00, 11.58it/s]100%|██████████| 1319/1319 [07:30<00:00, 11.58it/s]100%|██████████| 1319/1319 [07:30<00:00, 11.58it/s]100%|██████████| 1319/1319 [07:30<00:00, 11.58it/s]100%|██████████| 1319/1319 [07:30<00:00, 11.58it/s]100%|██████████| 1319/1319 [07:30<00:00, 11.58it/s]100%|██████████| 1319/1319 [07:30<00:00, 11.58it/s]100%|██████████| 1319/1319 [07:30<00:00, 11.58it/s]100%|██████████| 1319/1319 [07:30<00:00, 11.58it/s]100%|██████████| 1319/1319 [07:30<00:00, 11.58it/s]100%|██████████| 1319/1319 [07:30<00:00, 11.58it/s]100%|██████████| 1319/1319 [07:30<00:00, 11.58it/s]100%|██████████| 1319/1319 [07:30<00:00, 11.58it/s]100%|██████████| 1319/1319 [07:30<00:00, 11.58it/s]100%|██████████| 1319/1319 [07:30<00:00, 11.58it/s]100%|██████████| 1319/1319 [07:30<00:00, 11.58it/s]100%|██████████| 1319/1319 [07:30<00:00, 11.58it/s]100%|██████████| 1319/1319 [07:30<00:00, 11.58it/s]100%|██████████| 1319/1319 [07:30<00:00, 11.58it/s]100%|██████████| 1319/1319 [07:30<00:00, 11.58it/s]100%|██████████| 1319/1319 [07:30<00:00, 11.58it/s]100%|██████████| 1319/1319 [07:30<00:00, 11.58it/s]100%|██████████| 1319/1319 [07:30<00:00, 11.58it/s]100%|██████████| 1319/1319 [07:30<00:00, 11.58it/s]100%|██████████| 1319/1319 [07:30<00:00, 11.58it/s]100%|██████████| 1319/1319 [07:30<00:00, 11.58it/s]100%|██████████| 1319/1319 [07:30<00:00, 11.58it/s]100%|██████████| 1319/1319 [07:30<00:00, 11.58it/s]100%|██████████| 1319/1319 [07:30<00:00, 11.58it/s]100%|██████████| 1319/1319 [07:30<00:00, 11.58it/s]100%|██████████| 1319/1319 [07:30<00:00, 11.58it/s]100%|██████████| 1319/1319 [07:30<00:00, 11.58it/s]100%|██████████| 1319/1319 [07:30<00:00, 11.58it/s]100%|██████████| 1319/1319 [07:30<00:00, 11.58it/s]100%|██████████| 1319/1319 [07:30<00:00, 11.58it/s]100%|██████████| 1319/1319 [07:30<00:00, 11.58it/s]100%|██████████| 1319/1319 [07:30<00:00, 11.58it/s]100%|██████████| 1319/1319 [07:30<00:00, 11.58it/s]100%|██████████| 1319/1319 [07:30<00:00, 11.58it/s]100%|██████████| 1319/1319 [07:30<00:00, 11.58it/s]100%|██████████| 1319/1319 [07:30<00:00, 11.58it/s]100%|██████████| 1319/1319 [07:30<00:00, 11.58it/s]100%|██████████| 1319/1319 [07:30<00:00, 11.58it/s]100%|██████████| 1319/1319 [07:30<00:00, 11.58it/s]100%|██████████| 1319/1319 [07:30<00:00, 11.58it/s]100%|██████████| 1319/1319 [07:30<00:00, 11.58it/s]100%|██████████| 1319/1319 [07:30<00:00, 11.58it/s]100%|██████████| 1319/1319 [07:30<00:00, 11.58it/s]100%|██████████| 1319/1319 [07:30<00:00, 11.58it/s]100%|██████████| 1319/1319 [07:30<00:00, 11.58it/s]100%|██████████| 1319/1319 [07:30<00:00, 11.58it/s]100%|██████████| 1319/1319 [07:30<00:00, 11.58it/s]100%|██████████| 1319/1319 [07:30<00:00, 11.58it/s]100%|██████████| 1319/1319 [07:30<00:00, 11.58it/s]100%|██████████| 1319/1319 [07:30<00:00, 11.58it/s]100%|██████████| 1319/1319 [07:30<00:00, 11.58it/s]100%|██████████| 1319/1319 [07:30<00:00, 11.58it/s]100%|██████████| 1319/1319 [07:30<00:00, 11.58it/s]100%|██████████| 1319/1319 [07:30<00:00, 11.58it/s]100%|██████████| 1319/1319 [07:30<00:00, 11.58it/s]100%|██████████| 1319/1319 [07:30<00:00, 11.58it/s]100%|██████████| 1319/1319 [07:30<00:00, 11.58it/s]100%|██████████| 1319/1319 [07:30<00:00, 11.58it/s]100%|██████████| 1319/1319 [07:30<00:00, 11.58it/s]100%|██████████| 1319/1319 [07:30<00:00, 11.58it/s]100%|██████████| 1319/1319 [07:30<00:00, 11.58it/s]100%|██████████| 1319/1319 [07:30<00:00, 11.58it/s]100%|██████████| 1319/1319 [07:30<00:00, 11.58it/s]100%|██████████| 1319/1319 [07:30<00:00, 11.58it/s]100%|██████████| 1319/1319 [07:30<00:00, 11.58it/s]100%|██████████| 1319/1319 [07:30<00:00, 11.58it/s]100%|██████████| 1319/1319 [07:30<00:00, 11.58it/s]100%|██████████| 1319/1319 [07:30<00:00, 11.58it/s]100%|██████████| 1319/1319 [07:30<00:00, 11.58it/s]100%|██████████| 1319/1319 [07:30<00:00, 11.58it/s]100%|██████████| 1319/1319 [07:30<00:00, 11.58it/s]100%|██████████| 1319/1319 [07:30<00:00, 11.58it/s]100%|██████████| 1319/1319 [07:30<00:00, 11.58it/s]100%|██████████| 1319/1319 [07:30<00:00, 11.58it/s]100%|██████████| 1319/1319 [07:30<00:00, 11.58it/s]100%|██████████| 1319/1319 [07:30<00:00, 11.58it/s]100%|██████████| 1319/1319 [07:30<00:00, 11.58it/s]100%|██████████| 1319/1319 [07:30<00:00, 11.58it/s]100%|██████████| 1319/1319 [07:30<00:00, 11.58it/s]100%|██████████| 1319/1319 [07:30<00:00, 11.58it/s]100%|██████████| 1319/1319 [07:30<00:00, 11.58it/s]100%|██████████| 1319/1319 [07:30<00:00, 11.58it/s]100%|██████████| 1319/1319 [07:30<00:00, 11.58it/s]100%|██████████| 1319/1319 [07:30<00:00, 11.58it/s]100%|██████████| 1319/1319 [07:30<00:00, 11.58it/s]100%|██████████| 1319/1319 [07:30<00:00, 11.58it/s]100%|██████████| 1319/1319 [07:30<00:00, 11.58it/s]100%|██████████| 1319/1319 [07:30<00:00, 11.58it/s]100%|██████████| 1319/1319 [07:30<00:00, 11.58it/s]100%|██████████| 1319/1319 [07:30<00:00, 11.58it/s]100%|██████████| 1319/1319 [07:30<00:00, 11.58it/s]100%|██████████| 1319/1319 [07:30<00:00, 11.58it/s]100%|██████████| 1319/1319 [07:30<00:00, 11.58it/s]100%|██████████| 1319/1319 [07:30<00:00, 11.58it/s]100%|██████████| 1319/1319 [07:30<00:00, 11.58it/s]100%|██████████| 1319/1319 [07:30<00:00, 11.58it/s]100%|██████████| 1319/1319 [07:30<00:00, 11.58it/s]100%|██████████| 1319/1319 [07:30<00:00, 11.58it/s]100%|██████████| 1319/1319 [07:30<00:00, 11.58it/s]100%|██████████| 1319/1319 [07:30<00:00, 11.58it/s]100%|██████████| 1319/1319 [07:30<00:00, 11.58it/s]100%|██████████| 1319/1319 [07:30<00:00, 11.58it/s]100%|██████████| 1319/1319 [07:30<00:00, 11.58it/s]100%|██████████| 1319/1319 [07:30<00:00, 11.58it/s]100%|██████████| 1319/1319 [07:30<00:00, 11.58it/s]100%|██████████| 1319/1319 [07:30<00:00, 11.58it/s]100%|██████████| 1319/1319 [07:30<00:00, 11.58it/s]100%|██████████| 1319/1319 [07:30<00:00, 11.58it/s]100%|██████████| 1319/1319 [07:30<00:00, 11.58it/s]100%|██████████| 1319/1319 [07:30<00:00, 11.58it/s]100%|██████████| 1319/1319 [07:30<00:00, 11.58it/s]100%|██████████| 1319/1319 [07:30<00:00, 11.58it/s]100%|██████████| 1319/1319 [07:30<00:00, 11.58it/s]100%|██████████| 1319/1319 [07:30<00:00, 11.58it/s]100%|██████████| 1319/1319 [07:30<00:00, 11.58it/s]100%|██████████| 1319/1319 [07:30<00:00, 11.58it/s]100%|██████████| 1319/1319 [07:30<00:00, 11.58it/s]100%|██████████| 1319/1319 [07:30<00:00, 11.58it/s]100%|██████████| 1319/1319 [07:30<00:00, 11.58it/s]100%|██████████| 1319/1319 [07:30<00:00, 11.58it/s]100%|██████████| 1319/1319 [07:30<00:00, 11.58it/s]100%|██████████| 1319/1319 [07:30<00:00, 11.58it/s]100%|██████████| 1319/1319 [07:30<00:00,  2.93it/s]
Traceback (most recent call last):
  File "/sgl-workspace/sglang/benchmark/gsm8k/bench_sglang.py", line 148, in <module>
    main(args)
  File "/sgl-workspace/sglang/benchmark/gsm8k/bench_sglang.py", line 99, in main
    preds.append(get_answer_value(states[i]["answer"]))
  File "/sgl-workspace/sglang/python/sglang/lang/interpreter.py", line 993, in __getitem__
    return self.get_var(name)
  File "/sgl-workspace/sglang/python/sglang/lang/interpreter.py", line 978, in get_var
    return self.stream_executor.get_var(name)
  File "/sgl-workspace/sglang/python/sglang/lang/interpreter.py", line 333, in get_var
    return self.variables[name]
KeyError: 'answer'
Run 1 completed in 456 seconds
Run 1: Accuracy not found, defaulting to 0
Run 1: Accuracy: 0
Executing GSM8K test Run 2 ...
Traceback (most recent call last):
  File "/usr/lib/python3.10/urllib/request.py", line 1348, in do_open
    h.request(req.get_method(), req.selector, req.data, headers,
  File "/usr/lib/python3.10/http/client.py", line 1283, in request
    self._send_request(method, url, body, headers, encode_chunked)
  File "/usr/lib/python3.10/http/client.py", line 1329, in _send_request
    self.endheaders(body, encode_chunked=encode_chunked)
  File "/usr/lib/python3.10/http/client.py", line 1278, in endheaders
    self._send_output(message_body, encode_chunked=encode_chunked)
  File "/usr/lib/python3.10/http/client.py", line 1038, in _send_output
    self.send(msg)
  File "/usr/lib/python3.10/http/client.py", line 976, in send
    self.connect()
  File "/usr/lib/python3.10/http/client.py", line 942, in connect
    self.sock = self._create_connection(
  File "/usr/lib/python3.10/socket.py", line 845, in create_connection
    raise err
  File "/usr/lib/python3.10/socket.py", line 833, in create_connection
    sock.connect(sa)
ConnectionRefusedError: [Errno 111] Connection refused

During handling of the above exception, another exception occurred:

Traceback (most recent call last):
  File "/sgl-workspace/sglang/benchmark/gsm8k/bench_sglang.py", line 148, in <module>
    main(args)
  File "/sgl-workspace/sglang/benchmark/gsm8k/bench_sglang.py", line 48, in main
    set_default_backend(select_sglang_backend(args))
  File "/sgl-workspace/sglang/python/sglang/test/test_utils.py", line 408, in select_sglang_backend
    backend = RuntimeEndpoint(f"{args.host}:{args.port}")
  File "/sgl-workspace/sglang/python/sglang/lang/backend/runtime_endpoint.py", line 40, in __init__
    res = http_request(
  File "/sgl-workspace/sglang/python/sglang/utils.py", line 169, in http_request
    resp = urllib.request.urlopen(req, data=data, cafile=verify)
  File "/usr/lib/python3.10/urllib/request.py", line 216, in urlopen
    return opener.open(url, data, timeout)
  File "/usr/lib/python3.10/urllib/request.py", line 519, in open
    response = self._open(req, data)
  File "/usr/lib/python3.10/urllib/request.py", line 536, in _open
    result = self._call_chain(self.handle_open, protocol, protocol +
  File "/usr/lib/python3.10/urllib/request.py", line 496, in _call_chain
    result = func(*args)
  File "/usr/lib/python3.10/urllib/request.py", line 1377, in http_open
    return self.do_open(http.client.HTTPConnection, req)
  File "/usr/lib/python3.10/urllib/request.py", line 1351, in do_open
    raise URLError(err)
urllib.error.URLError: <urlopen error [Errno 111] Connection refused>
Run 2 completed in 6 seconds
Run 2: Accuracy not found, defaulting to 0
Run 2: Accuracy: 0
Executing GSM8K test Run 3 ...
Traceback (most recent call last):
  File "/usr/lib/python3.10/urllib/request.py", line 1348, in do_open
    h.request(req.get_method(), req.selector, req.data, headers,
  File "/usr/lib/python3.10/http/client.py", line 1283, in request
    self._send_request(method, url, body, headers, encode_chunked)
  File "/usr/lib/python3.10/http/client.py", line 1329, in _send_request
    self.endheaders(body, encode_chunked=encode_chunked)
  File "/usr/lib/python3.10/http/client.py", line 1278, in endheaders
    self._send_output(message_body, encode_chunked=encode_chunked)
  File "/usr/lib/python3.10/http/client.py", line 1038, in _send_output
    self.send(msg)
  File "/usr/lib/python3.10/http/client.py", line 976, in send
    self.connect()
  File "/usr/lib/python3.10/http/client.py", line 942, in connect
    self.sock = self._create_connection(
  File "/usr/lib/python3.10/socket.py", line 845, in create_connection
    raise err
  File "/usr/lib/python3.10/socket.py", line 833, in create_connection
    sock.connect(sa)
ConnectionRefusedError: [Errno 111] Connection refused

During handling of the above exception, another exception occurred:

Traceback (most recent call last):
  File "/sgl-workspace/sglang/benchmark/gsm8k/bench_sglang.py", line 148, in <module>
    main(args)
  File "/sgl-workspace/sglang/benchmark/gsm8k/bench_sglang.py", line 48, in main
    set_default_backend(select_sglang_backend(args))
  File "/sgl-workspace/sglang/python/sglang/test/test_utils.py", line 408, in select_sglang_backend
    backend = RuntimeEndpoint(f"{args.host}:{args.port}")
  File "/sgl-workspace/sglang/python/sglang/lang/backend/runtime_endpoint.py", line 40, in __init__
    res = http_request(
  File "/sgl-workspace/sglang/python/sglang/utils.py", line 169, in http_request
    resp = urllib.request.urlopen(req, data=data, cafile=verify)
  File "/usr/lib/python3.10/urllib/request.py", line 216, in urlopen
    return opener.open(url, data, timeout)
  File "/usr/lib/python3.10/urllib/request.py", line 519, in open
    response = self._open(req, data)
  File "/usr/lib/python3.10/urllib/request.py", line 536, in _open
    result = self._call_chain(self.handle_open, protocol, protocol +
  File "/usr/lib/python3.10/urllib/request.py", line 496, in _call_chain
    result = func(*args)
  File "/usr/lib/python3.10/urllib/request.py", line 1377, in http_open
    return self.do_open(http.client.HTTPConnection, req)
  File "/usr/lib/python3.10/urllib/request.py", line 1351, in do_open
    raise URLError(err)
urllib.error.URLError: <urlopen error [Errno 111] Connection refused>
Run 3 completed in 6 seconds
Run 3: Accuracy not found, defaulting to 0
Run 3: Accuracy: 0
Executing GSM8K test Run 4 ...
Traceback (most recent call last):
  File "/usr/lib/python3.10/urllib/request.py", line 1348, in do_open
    h.request(req.get_method(), req.selector, req.data, headers,
  File "/usr/lib/python3.10/http/client.py", line 1283, in request
    self._send_request(method, url, body, headers, encode_chunked)
  File "/usr/lib/python3.10/http/client.py", line 1329, in _send_request
    self.endheaders(body, encode_chunked=encode_chunked)
  File "/usr/lib/python3.10/http/client.py", line 1278, in endheaders
    self._send_output(message_body, encode_chunked=encode_chunked)
  File "/usr/lib/python3.10/http/client.py", line 1038, in _send_output
    self.send(msg)
  File "/usr/lib/python3.10/http/client.py", line 976, in send
    self.connect()
  File "/usr/lib/python3.10/http/client.py", line 942, in connect
    self.sock = self._create_connection(
  File "/usr/lib/python3.10/socket.py", line 845, in create_connection
    raise err
  File "/usr/lib/python3.10/socket.py", line 833, in create_connection
    sock.connect(sa)
ConnectionRefusedError: [Errno 111] Connection refused

During handling of the above exception, another exception occurred:

Traceback (most recent call last):
  File "/sgl-workspace/sglang/benchmark/gsm8k/bench_sglang.py", line 148, in <module>
    main(args)
  File "/sgl-workspace/sglang/benchmark/gsm8k/bench_sglang.py", line 48, in main
    set_default_backend(select_sglang_backend(args))
  File "/sgl-workspace/sglang/python/sglang/test/test_utils.py", line 408, in select_sglang_backend
    backend = RuntimeEndpoint(f"{args.host}:{args.port}")
  File "/sgl-workspace/sglang/python/sglang/lang/backend/runtime_endpoint.py", line 40, in __init__
    res = http_request(
  File "/sgl-workspace/sglang/python/sglang/utils.py", line 169, in http_request
    resp = urllib.request.urlopen(req, data=data, cafile=verify)
  File "/usr/lib/python3.10/urllib/request.py", line 216, in urlopen
    return opener.open(url, data, timeout)
  File "/usr/lib/python3.10/urllib/request.py", line 519, in open
    response = self._open(req, data)
  File "/usr/lib/python3.10/urllib/request.py", line 536, in _open
    result = self._call_chain(self.handle_open, protocol, protocol +
  File "/usr/lib/python3.10/urllib/request.py", line 496, in _call_chain
    result = func(*args)
  File "/usr/lib/python3.10/urllib/request.py", line 1377, in http_open
    return self.do_open(http.client.HTTPConnection, req)
  File "/usr/lib/python3.10/urllib/request.py", line 1351, in do_open
    raise URLError(err)
urllib.error.URLError: <urlopen error [Errno 111] Connection refused>
Run 4 completed in 5 seconds
Run 4: Accuracy not found, defaulting to 0
Run 4: Accuracy: 0
Executing GSM8K test Run 5 ...
Traceback (most recent call last):
  File "/usr/lib/python3.10/urllib/request.py", line 1348, in do_open
    h.request(req.get_method(), req.selector, req.data, headers,
  File "/usr/lib/python3.10/http/client.py", line 1283, in request
    self._send_request(method, url, body, headers, encode_chunked)
  File "/usr/lib/python3.10/http/client.py", line 1329, in _send_request
    self.endheaders(body, encode_chunked=encode_chunked)
  File "/usr/lib/python3.10/http/client.py", line 1278, in endheaders
    self._send_output(message_body, encode_chunked=encode_chunked)
  File "/usr/lib/python3.10/http/client.py", line 1038, in _send_output
    self.send(msg)
  File "/usr/lib/python3.10/http/client.py", line 976, in send
    self.connect()
  File "/usr/lib/python3.10/http/client.py", line 942, in connect
    self.sock = self._create_connection(
  File "/usr/lib/python3.10/socket.py", line 845, in create_connection
    raise err
  File "/usr/lib/python3.10/socket.py", line 833, in create_connection
    sock.connect(sa)
ConnectionRefusedError: [Errno 111] Connection refused

During handling of the above exception, another exception occurred:

Traceback (most recent call last):
  File "/sgl-workspace/sglang/benchmark/gsm8k/bench_sglang.py", line 148, in <module>
    main(args)
  File "/sgl-workspace/sglang/benchmark/gsm8k/bench_sglang.py", line 48, in main
    set_default_backend(select_sglang_backend(args))
  File "/sgl-workspace/sglang/python/sglang/test/test_utils.py", line 408, in select_sglang_backend
    backend = RuntimeEndpoint(f"{args.host}:{args.port}")
  File "/sgl-workspace/sglang/python/sglang/lang/backend/runtime_endpoint.py", line 40, in __init__
    res = http_request(
  File "/sgl-workspace/sglang/python/sglang/utils.py", line 169, in http_request
    resp = urllib.request.urlopen(req, data=data, cafile=verify)
  File "/usr/lib/python3.10/urllib/request.py", line 216, in urlopen
    return opener.open(url, data, timeout)
  File "/usr/lib/python3.10/urllib/request.py", line 519, in open
    response = self._open(req, data)
  File "/usr/lib/python3.10/urllib/request.py", line 536, in _open
    result = self._call_chain(self.handle_open, protocol, protocol +
  File "/usr/lib/python3.10/urllib/request.py", line 496, in _call_chain
    result = func(*args)
  File "/usr/lib/python3.10/urllib/request.py", line 1377, in http_open
    return self.do_open(http.client.HTTPConnection, req)
  File "/usr/lib/python3.10/urllib/request.py", line 1351, in do_open
    raise URLError(err)
urllib.error.URLError: <urlopen error [Errno 111] Connection refused>
Run 5 completed in 6 seconds
Run 5: Accuracy not found, defaulting to 0
Run 5: Accuracy: 0
GSM8K test completed in 479 seconds
Average Accuracy over 5 runs: 0.000
Average accuracy (0.000) is below threshold (0.93).
