[nightly] ==========================================
[nightly] SGL Nightly Benchmark Started
[nightly] ==========================================
[nightly] Command: scripts/perf_nightly.sh --model=deepseek --model-path=/mnt/raid/models/deepseek-ai/amd-DeepSeek-R1-MXFP4-Preview --model-name=DeepSeek-R1-MXFP4-Preview --mode=online --hardware=mi35x --enable-dp-test --enable-mtp-test --teams-webhook-url=https://prod-99.westus.logic.azure.com/workflows/44b23afb37e74288b6b006c60bbe65b2/triggers/manual/paths/invoke?api-version=2016-06-01&sp=%2Ftriggers%2Fmanual%2Frun&sv=1.0&sig=ucbP9AJ9WeZtxe95Wmi8TfLUjiEo0AZSZP4Y_cNgWS0
[nightly] Start time: 2025-11-13 13:00:01 PST
[nightly] Machine: smci355-ccs-aus-m12-33
[nightly] Working directory: /mnt/raid/michael/sglang-ci
[nightly] Script location: /mnt/raid/michael/sglang-ci/scripts/perf_nightly.sh
[nightly] Process ID: 2053722
[nightly] ==========================================

[nightly] Runtime Environment:
[nightly] User: michaezh | Groups: michaezh sudo spack... | Docker: /usr/bin/docker
[nightly] Testing Docker daemon access...
[nightly] Docker daemon accessible - proceeding...
[nightly] Teams webhook URL provided via command line - notifications enabled
[nightly] DeepSeek MTP test enabled via command line
[nightly] DeepSeek DP test enabled via command line
[nightly] DP test implies DP attention checks
[nightly] Custom model path provided: /mnt/raid/models/deepseek-ai/amd-DeepSeek-R1-MXFP4-Preview
[nightly] Hardware: mi35x, ROCM Version: rocm700
[nightly] Custom model name provided: DeepSeek-R1-MXFP4-Preview
[nightly] Model: deepseek, Mode(s): online
[nightly] Created process lock: /tmp/perf_nightly_deepseek.lock
[nightly] GPU is busy. Attempting to stop running Docker containers...
[nightly] Stopping running containers: cfecbd1466a0
[nightly] Waiting 15s for GPU to become idle...
[nightly] WARN: GPU may still be busy, but proceeding as requested.
[nightly] Searching for non-SRT images for deepseek for the last 1 days...
[nightly] Searching for non-SRT mi35x image (rocm700) in 'rocm/sgl-dev' for date 20251113...
[nightly] Found candidate tag for day -0: v0.5.5.post2-rocm700-mi35x-20251113
[nightly] Found local image: rocm/sgl-dev:v0.5.5.post2-rocm700-mi35x-20251113
[nightly] Successfully obtained image for date 20251113: rocm/sgl-dev:v0.5.5.post2-rocm700-mi35x-20251113
[nightly] Found 1 valid image(s) to run benchmarks on:
[nightly]   - rocm/sgl-dev:v0.5.5.post2-rocm700-mi35x-20251113

[nightly] ==========================================
[nightly] Starting benchmarks for image: rocm/sgl-dev:v0.5.5.post2-rocm700-mi35x-20251113
[nightly] ==========================================
[nightly] Checking GPU status before starting benchmarks for rocm/sgl-dev:v0.5.5.post2-rocm700-mi35x-20251113...
[nightly] GPU is busy. Attempting to stop running Docker containers...
[nightly] Stopping running containers: da27b50abfe5
[nightly] Waiting 15s for GPU to become idle...
[nightly] WARN: GPU may still be busy, but proceeding as requested.
[nightly] Checking benchmark completion in: /mnt/raid/michael/sglang-ci/online/DeepSeek-R1-MXFP4-Preview/v0.5.5.post2-rocm700-mi35x-20251113_DeepSeek-R1-MXFP4-Preview_FP8_online
[nightly] Found 0 completed benchmark runs
[nightly] INFO: Found 0/15 completed runs for rocm/sgl-dev:v0.5.5.post2-rocm700-mi35x-20251113 (online). Proceeding with benchmarks.
[nightly] Using Docker image: rocm/sgl-dev:v0.5.5.post2-rocm700-mi35x-20251113
[nightly] Container name: sgl-dev_v0.5.5.post2-rocm700-mi35x-20251113
[nightly] Reusing container sgl-dev_v0.5.5.post2-rocm700-mi35x-20251113
[nightly] === Starting benchmark execution ===
[nightly] === Starting nightly DEEPSEEK online benchmark ===
[nightly] Launching deepseek_perf_online_csv.sh inside sgl-dev_v0.5.5.post2-rocm700-mi35x-20251113
[nightly] Passing --model-name='DeepSeek-R1-MXFP4-Preview' to DeepSeek benchmark
[nightly] Adding --check-dp-attention flag for DeepSeek online benchmark
[nightly] Adding --enable-dp-test flag for DeepSeek online benchmark
[nightly] Adding --enable-mtp-test flag for DeepSeek online benchmark
[mtp] MTP test enabled - setting runs per concurrency to 1
âœ… Parameter validation passed
[online] Script started at: 2025-11-13 13:00:33 PST
Scanning existing logs to check if all benchmarks are already complete...
Checking GSM8K log status...
Missing: GSM8K log file (/mnt/raid/michael/sglang-ci/online/DeepSeek-R1-MXFP4-Preview/v0.5.5.post2-rocm700-mi35x-20251113_DeepSeek-R1-MXFP4-Preview_FP8_online_dp_attention_mtp_test/sglang_client_log_DeepSeek-R1-MXFP4-Preview_gsm8k.log)
Checking serving benchmark logs...
Missing: Concurrency 128, Run 1
Missing: Concurrency 64, Run 1
Missing: Concurrency 16, Run 1
Missing: Concurrency 4, Run 1
Missing: Concurrency 1, Run 1
Scan complete: 5 total runs needed, 5 missing/incomplete
âŒ Missing 5 serving benchmark runs.
âŒ GSM8K benchmark is missing, empty, or incomplete.
Server startup required.
Clearing previous logs...
Starting SGLang server for online GSM8K benchmark...
[DEBUG] Using Data Parallel attention settings with SGLANG_USE_AITER=1
[DEBUG] Enabling SGLANG_USE_ROCM700A for ROCm 700 image
Waiting for SGLang server (PID: 47) to start... (Max 15 minutes)
Server logs are being written to: /mnt/raid/michael/sglang-ci/online/DeepSeek-R1-MXFP4-Preview/v0.5.5.post2-rocm700-mi35x-20251113_DeepSeek-R1-MXFP4-Preview_FP8_online_dp_attention_mtp_test/sglang_server.log
..............
SGLang server encountered critical errors during startup!
Critical errors found in /mnt/raid/michael/sglang-ci/online/DeepSeek-R1-MXFP4-Preview/v0.5.5.post2-rocm700-mi35x-20251113_DeepSeek-R1-MXFP4-Preview_FP8_online_dp_attention_mtp_test/sglang_server.log:
--- Error details ---
    return wrapper(*args, **kwargs)
  File "/sgl-workspace/aiter/aiter/jit/core.py", line 899, in wrapper
    return op(*args, **kwargs)
RuntimeError: Unsupported kernel config for moe heuristic dispatch

During handling of the above exception, another exception occurred:

--- End of error details ---
Killing server process and exiting...
Cleaning up...
Killing background SGLang server (PID: 47)...
Server process 47 not found or already terminated.
[nightly] === Online benchmark dispatched for DEEPSEEK; check logs in sgl-dev_v0.5.5.post2-rocm700-mi35x-20251113 ===
[nightly] === Starting post-processing (CSV processing, plot generation, Teams notifications) ===
[nightly] Processing online CSV data and generating plots... Logs will be saved to /mnt/raid/michael/sglang-ci/online/DeepSeek-R1-MXFP4-Preview/v0.5.5.post2-rocm700-mi35x-20251113_DeepSeek-R1-MXFP4-Preview_FP8_online/process_and_generate_online_plots.log
[nightly] Using plot date from image tag: 20251113
[nightly] Sending Teams notification for deepseek online plots...
[nightly] Adding benchmark date to Teams notification: 20251113
[nightly] Teams notification using plot directory: /mnt/raid/michael/sglang-ci/plots_server
[nightly] Using GitHub upload for plot images (repo: ROCm/sglang-ci)
[nightly] Images will be stored in main branch with structure: plot/mi35x/model/mode/filename.png
[nightly] Including intelligent analysis (7 days lookback)
[nightly] Adding --check-dp-attention flag for Teams notification
[nightly] Adding --enable-dp-test flag for Teams notification
[nightly] Adding --enable-mtp-test flag for Teams notification
ğŸ™ GitHub upload mode: Images will be uploaded to ROCm/sglang-ci
ğŸ™ GitHub upload mode: Images will be uploaded to GitHub and embedded in Teams
ğŸ“ Plot directory: /mnt/raid/michael/sglang-ci/plots_server
ğŸ—‚ï¸  Benchmark directory: /mnt/raid/michael/sglang-ci
ğŸ” DP attention mode: Checking for RuntimeError and critical errors in server logs
ğŸ§¬ DP test mode: Highlighting DP throughput benchmark and serving logs
ğŸš€ MTP mode: Including DeepSeek R1 throughput artifacts
   ğŸ” Uploading 20251113_DeepSeek-R1-MXFP4-Preview_online_all.png to GitHub...
   ğŸ“‹ Log branch already exists
   ğŸ“ Updating existing file: plot/mi35x/DeepSeek-R1-MXFP4-Preview/online/20251113_DeepSeek-R1-MXFP4-Preview_online_all.png
   âœ… Uploaded to GitHub (log branch): 20251113_DeepSeek-R1-MXFP4-Preview_online_all.png
   ğŸ”— GitHub URL: https://github.com/ROCm/sglang-ci/blob/log/plot/mi35x/DeepSeek-R1-MXFP4-Preview/online/20251113_DeepSeek-R1-MXFP4-Preview_online_all.png
   Found timing_summary log for deepseek online on 20251113: timing_summary_20251113_130033.log
   Found timing_summary log for deepseek online on 20251112: timing_summary_20251112_183816.log
   Found timing_summary log for deepseek online on 20251111: timing_summary_20251111_171033.log
ğŸ” Discovered 1 plot file(s) for deepseek online
   - 20251113_DeepSeek-R1-MXFP4-Preview_online_all.png -> âœ… uploaded to GitHub
ğŸ” Analyzing benchmark results for accuracy and performance...
   Found timing_summary log for deepseek online on 20251113: timing_summary_20251113_130033.log
   Found timing_summary log for deepseek online on 20251113: timing_summary_20251113_130033.log
   Found timing_summary log for deepseek online on 20251113: timing_summary_20251113_130033.log
   Found timing_summary log for deepseek online on 20251113: timing_summary_20251113_130033.log
   Found timing_summary log for deepseek online on 20251113: timing_summary_20251113_130033.log
ğŸ” Sending adaptive card with 1 image(s) hosted on GitHub
ğŸ“Š Total payload size: 0.00MB
   ğŸ“· Image URL: https://github.com/ROCm/sglang-ci/blob/log/plot/mi35x/DeepSeek-R1-MXFP4-Preview/online/20251113_DeepSeek-R1-MXFP4-Preview_online_all.png
   ğŸ’¾ Debug: Card JSON saved to /tmp/teams_card_debug.json
âœ… Successfully sent Teams notification for deepseek online plots
   (Power Automate flow accepted - message processing asynchronously)
ğŸ‰ Teams notification sent successfully! (with intelligent analysis)
[nightly] Teams notification sent successfully for deepseek online
[nightly] === Online post-processing completed for DEEPSEEK ===
[nightly] ==========================================
[nightly] Completed benchmarks for image: rocm/sgl-dev:v0.5.5.post2-rocm700-mi35x-20251113
[nightly] Stopping container sgl-dev_v0.5.5.post2-rocm700-mi35x-20251113 to release resources...
[nightly] ==========================================
[nightly] ==========================================
[nightly] All benchmarks completed for 1 image(s)
[nightly] ==========================================
[nightly] Cleaning up process lock...
