[test] ==========================================
[test] SGL Nightly Unit Test Started
[test] ==========================================
[test] Command: scripts/test_nightly.sh --model-path=/mnt/raid/models/deepseek-ai/amd-DeepSeek-R1-MXFP4-Preview --test-type=pd --hardware=mi35x --teams-webhook-url=https://prod-99.westus.logic.azure.com/workflows/44b23afb37e74288b6b006c60bbe65b2/triggers/manual/paths/invoke?api-version=2016-06-01&sp=%2Ftriggers%2Fmanual%2Frun&sv=1.0&sig=ucbP9AJ9WeZtxe95Wmi8TfLUjiEo0AZSZP4Y_cNgWS0
[test] Start time: 2025-11-12 11:15:02 CST
[test] Machine: smci355-ccs-aus-m12-33
[test] Working directory: /mnt/raid/michael/sglang-ci
[test] Script location: /mnt/raid/michael/sglang-ci/scripts/test_nightly.sh
[test] Process ID: 824787
[test] ==========================================

[test] Runtime Environment:
[test] User: michaezh | Groups: michaezh sudo spack... | Docker: /usr/bin/docker
[test] Testing Docker daemon access...
[test] Docker daemon accessible - proceeding...
[test] Hardware: mi35x, ROCM Version: rocm700 (PD test - using rocm700)
[test] Test Type: pd
[test] Created process lock: /tmp/test_nightly_pd.lock
[test] Cleaning up Docker containers...
[test] Stopping running containers: 27960abce772
[test] Docker container cleanup complete.
[test] Checking for conflicting SGLang processes...
[test] No conflicting SGLang processes found.
[test] GPU is still busy after cleanup. Waiting 15s for GPU to become idle...
[test] WARN: GPU may still be busy, but no conflicting processes found. Proceeding...
[test] Searching for latest non-SRT image...
[test] Searching for non-SRT mi35x image (rocm700) in 'rocm/sgl-dev' for date 20251112...
[test] Found candidate tag for today: v0.5.5.post2-rocm700-mi35x-20251112
[test] Attempting to pull rocm/sgl-dev:v0.5.5.post2-rocm700-mi35x-20251112...
v0.5.5.post2-rocm700-mi35x-20251112: Pulling from rocm/sgl-dev
Digest: sha256:09c890252481846e7265887933074ef8465e37da1f062febe7160953a58ce080
Status: Image is up to date for rocm/sgl-dev:v0.5.5.post2-rocm700-mi35x-20251112
docker.io/rocm/sgl-dev:v0.5.5.post2-rocm700-mi35x-20251112
[test] Successfully pulled image for today: rocm/sgl-dev:v0.5.5.post2-rocm700-mi35x-20251112
[test] Selected image to run tests on: rocm/sgl-dev:v0.5.5.post2-rocm700-mi35x-20251112

[test] ==========================================
[test] Starting tests for image: rocm/sgl-dev:v0.5.5.post2-rocm700-mi35x-20251112
[test] Test type: pd
[test] ==========================================
[test] Checking GPU status before starting tests for rocm/sgl-dev:v0.5.5.post2-rocm700-mi35x-20251112...
[test] Cleaning up Docker containers...
[test] Stopping running containers: d5426af6d9ae
[test] Docker container cleanup complete.
[test] Checking for conflicting SGLang processes...
[test] No conflicting SGLang processes found.
[test] GPU is still busy after cleanup. Waiting 15s for GPU to become idle...
[test] WARN: GPU may still be busy, but no conflicting processes found. Proceeding...
[test] Using Docker image: rocm/sgl-dev:v0.5.5.post2-rocm700-mi35x-20251112
[test] Container name: sgl-dev_v0.5.5.post2-rocm700-mi35x-20251112
[test] ==========================================
[test] Running PD Disaggregation Test
[test] ==========================================
[test] Hardware type: mi35x
[test] Model path: /mnt/raid/models/deepseek-ai/amd-DeepSeek-R1-MXFP4-Preview
[test] Model name: DeepSeek-R1-MXFP4-Preview
[test] Running PD test script: /mnt/raid/michael/sglang-ci/test/pd/run_pd_docker.sh
[test] Model: DeepSeek-R1-MXFP4-Preview (/mnt/raid/models/deepseek-ai/amd-DeepSeek-R1-MXFP4-Preview)
[test] Docker Image: rocm/sgl-dev:v0.5.5.post2-rocm700-mi35x-20251112
[pd-test] Log directory created: /mnt/raid/michael/sglang-ci/test/pd/pd_log/mi35x/v0.5.5.post2-rocm700-mi35x-20251112
===================================================
PD Test Execution Started: Wed Nov 12 11:15:35 AM CST 2025
===================================================
[pd-test] ==========================================
[pd-test] SGLang PD Docker-based Test Runner
[pd-test] ==========================================
[pd-test] Model: /mnt/raid/models/deepseek-ai/amd-DeepSeek-R1-MXFP4-Preview
[pd-test] Model Name: DeepSeek-R1-MXFP4-Preview
[pd-test] Docker Image: rocm/sgl-dev:v0.5.5.post2-rocm700-mi35x-20251112
[pd-test] Hardware: mi35x
[pd-test] Docker Tag: v0.5.5.post2-rocm700-mi35x-20251112
[pd-test] Log Directory: /mnt/raid/michael/sglang-ci/test/pd/pd_log/mi35x/v0.5.5.post2-rocm700-mi35x-20251112
[pd-test] IP: 10.235.26.245
[pd-test]
[pd-test] Checking for existing containers...

[pd-test] ==========================================
[pd-test] Cleaning up Docker containers...
[pd-test] ==========================================
[pd-test] Cleanup complete.
===================================================
PD Test Execution Ended: Wed Nov 12 11:15:38 AM CST 2025 (Exit Code: 0)
===================================================
[pd-test] ==========================================
[pd-test] Step 1: Starting Load Balancer/Router...
[pd-test] ==========================================
[pd-test] Router container started (ID: 7935bb8d7aa3)
[pd-test] Waiting 10 seconds for router to initialize...
[pd-test] âœ“ Router started successfully

[pd-test] ==========================================
[pd-test] Step 2: Starting Prefill Server (GPUs 0-3)...
[pd-test] ==========================================
[pd-test] Prefill Server container started (ID: 2d56dbeffc21)
[pd-test] Waiting 150 seconds for prefill server to initialize...
[pd-test] âœ“ Prefill Server started successfully

[pd-test] ==========================================
[pd-test] Step 3: Starting Decode Server (GPUs 4-7)...
[pd-test] ==========================================
[pd-test] Decode Server container started (ID: 4d00979846ec)
[pd-test] Waiting 150 seconds for decode server to initialize...
[pd-test] âœ“ Decode Server started successfully

[pd-test] ==========================================
[pd-test] Step 4: Waiting for services to be healthy...
[pd-test] ==========================================
[pd-test] Waiting additional 30 seconds...
[pd-test] Checking health endpoints for all services...
[pd-test] Attempt 1/60...
[pd-test]   â§— Prefill server not ready yet...
[pd-test]   â§— Decode server not ready yet...
[pd-test] Attempt 2/60...
[pd-test]   â§— Prefill server not ready yet...
[pd-test]   â§— Decode server not ready yet...
[pd-test] Attempt 3/60...
[pd-test]   â§— Prefill server not ready yet...
[pd-test]   â§— Decode server not ready yet...
[pd-test] Attempt 4/60...
[pd-test]   â§— Prefill server not ready yet...
[pd-test]   â§— Decode server not ready yet...
[pd-test] Attempt 5/60...
[pd-test]   â§— Prefill server not ready yet...
[pd-test]   â§— Decode server not ready yet...
[pd-test] Attempt 6/60...
[pd-test]   â§— Prefill server not ready yet...
[pd-test]   â§— Decode server not ready yet...
[pd-test] Attempt 7/60...
[pd-test]   â§— Prefill server not ready yet...
[pd-test]   â§— Decode server not ready yet...
[pd-test] Attempt 8/60...
[pd-test]   â§— Prefill server not ready yet...
[pd-test]   â§— Decode server not ready yet...
[pd-test] Attempt 9/60...
[pd-test]   â§— Prefill server not ready yet...
[pd-test]   â§— Decode server not ready yet...
[pd-test] Attempt 10/60...
[pd-test]   â§— Prefill server not ready yet...
[pd-test]   â§— Decode server not ready yet...
[pd-test] Attempt 11/60...
[pd-test]   â§— Prefill server not ready yet...
[pd-test]   â§— Decode server not ready yet...
[pd-test] Attempt 12/60...
[pd-test]   â§— Prefill server not ready yet...
[pd-test]   â§— Decode server not ready yet...
[pd-test] Attempt 13/60...
[pd-test]   â§— Prefill server not ready yet...
[pd-test]   â§— Decode server not ready yet...
[pd-test] Attempt 14/60...
[pd-test]   â§— Prefill server not ready yet...
[pd-test]   â§— Decode server not ready yet...
[pd-test] Attempt 15/60...
[pd-test]   â§— Prefill server not ready yet...
[pd-test]   â§— Decode server not ready yet...
[pd-test] Attempt 16/60...
[pd-test]   â§— Prefill server not ready yet...
[pd-test]   â§— Decode server not ready yet...
[pd-test] Attempt 17/60...
[pd-test]   â§— Prefill server not ready yet...
[pd-test]   â§— Decode server not ready yet...
[pd-test] Attempt 18/60...
[pd-test]   â§— Prefill server not ready yet...
[pd-test]   â§— Decode server not ready yet...
[pd-test] Attempt 19/60...
[pd-test]   â§— Prefill server not ready yet...
[pd-test]   â§— Decode server not ready yet...
[pd-test] Attempt 20/60...
[pd-test]   â§— Prefill server not ready yet...
[pd-test]   â§— Decode server not ready yet...
[pd-test] Attempt 21/60...
[pd-test]   â§— Prefill server not ready yet...
[pd-test]   â§— Decode server not ready yet...
[pd-test] Attempt 22/60...
[pd-test]   â§— Prefill server not ready yet...
[pd-test]   â§— Decode server not ready yet...
[pd-test] Attempt 23/60...
[pd-test]   â§— Prefill server not ready yet...
[pd-test]   â§— Decode server not ready yet...
[pd-test] Attempt 24/60...
[pd-test]   â§— Prefill server not ready yet...
[pd-test]   â§— Decode server not ready yet...
[pd-test] Attempt 25/60...
[pd-test]   â§— Prefill server not ready yet...
[pd-test]   â§— Decode server not ready yet...
[pd-test] Attempt 26/60...
[pd-test]   â§— Prefill server not ready yet...
[pd-test]   â§— Decode server not ready yet...
[pd-test] Attempt 27/60...
[pd-test]   â§— Prefill server not ready yet...
[pd-test]   â§— Decode server not ready yet...
[pd-test] Attempt 28/60...
[pd-test]   â§— Prefill server not ready yet...
[pd-test]   â§— Decode server not ready yet...
[pd-test] Attempt 29/60...
[pd-test]   â§— Prefill server not ready yet...
[pd-test]   â§— Decode server not ready yet...
[pd-test] Attempt 30/60...
[pd-test]   â§— Prefill server not ready yet...
[pd-test]   â§— Decode server not ready yet...
[pd-test] Attempt 31/60...
[pd-test]   â§— Prefill server not ready yet...
[pd-test]   â§— Decode server not ready yet...
[pd-test] Attempt 32/60...
[pd-test]   â§— Prefill server not ready yet...
[pd-test]   â§— Decode server not ready yet...
[pd-test] Attempt 33/60...
[pd-test]   â§— Prefill server not ready yet...
[pd-test]   â§— Decode server not ready yet...
[pd-test] Attempt 34/60...
[pd-test]   â§— Prefill server not ready yet...
[pd-test]   â§— Decode server not ready yet...
[pd-test] Attempt 35/60...
[pd-test]   â§— Prefill server not ready yet...
[pd-test]   â§— Decode server not ready yet...
[pd-test] Attempt 36/60...
[pd-test]   â§— Prefill server not ready yet...
[pd-test]   â§— Decode server not ready yet...
[pd-test] Attempt 37/60...
[pd-test]   â§— Prefill server not ready yet...
[pd-test]   â§— Decode server not ready yet...
[pd-test] Attempt 38/60...
[pd-test]   â§— Prefill server not ready yet...
[pd-test]   â§— Decode server not ready yet...
[pd-test] Attempt 39/60...
[pd-test]   â§— Prefill server not ready yet...
[pd-test]   â§— Decode server not ready yet...
[pd-test] Attempt 40/60...
[pd-test]   â§— Prefill server not ready yet...
[pd-test]   â§— Decode server not ready yet...
[pd-test] Attempt 41/60...
[pd-test]   â§— Prefill server not ready yet...
[pd-test]   â§— Decode server not ready yet...
[pd-test] Attempt 42/60...
[pd-test]   â§— Prefill server not ready yet...
[pd-test]   â§— Decode server not ready yet...
[pd-test] Attempt 43/60...
[pd-test]   â§— Prefill server not ready yet...
[pd-test]   â§— Decode server not ready yet...
[pd-test] Attempt 44/60...
[pd-test]   â§— Prefill server not ready yet...
[pd-test]   â§— Decode server not ready yet...
[pd-test] Attempt 45/60...
[pd-test]   â§— Prefill server not ready yet...
[pd-test]   â§— Decode server not ready yet...
[pd-test] Attempt 46/60...
[pd-test]   â§— Prefill server not ready yet...
[pd-test]   â§— Decode server not ready yet...
[pd-test] Attempt 47/60...
[pd-test]   â§— Prefill server not ready yet...
[pd-test]   â§— Decode server not ready yet...
[pd-test] Attempt 48/60...
[pd-test]   â§— Prefill server not ready yet...
[pd-test]   â§— Decode server not ready yet...
[pd-test] Attempt 49/60...
[pd-test]   â§— Prefill server not ready yet...
[pd-test]   â§— Decode server not ready yet...
[pd-test] Attempt 50/60...
[pd-test]   â§— Prefill server not ready yet...
[pd-test]   â§— Decode server not ready yet...
[pd-test] Attempt 51/60...
[pd-test]   â§— Prefill server not ready yet...
[pd-test]   â§— Decode server not ready yet...
[pd-test] Attempt 52/60...
[pd-test]   â§— Prefill server not ready yet...
[pd-test]   â§— Decode server not ready yet...
[pd-test] Attempt 53/60...
[pd-test]   â§— Prefill server not ready yet...
[pd-test]   â§— Decode server not ready yet...
[pd-test] Attempt 54/60...
[pd-test]   â§— Prefill server not ready yet...
[pd-test]   â§— Decode server not ready yet...
[pd-test] Attempt 55/60...
[pd-test]   â§— Prefill server not ready yet...
[pd-test]   â§— Decode server not ready yet...
[pd-test] Attempt 56/60...
[pd-test]   â§— Prefill server not ready yet...
[pd-test]   â§— Decode server not ready yet...
[pd-test] Attempt 57/60...
[pd-test]   â§— Prefill server not ready yet...
[pd-test]   â§— Decode server not ready yet...
[pd-test] Attempt 58/60...
[pd-test]   â§— Prefill server not ready yet...
[pd-test]   â§— Decode server not ready yet...
[pd-test] Attempt 59/60...
[pd-test]   â§— Prefill server not ready yet...
[pd-test]   â§— Decode server not ready yet...
[pd-test] Attempt 60/60...
[pd-test]   â§— Prefill server not ready yet...
[pd-test]   â§— Decode server not ready yet...
[pd-test] WARNING: Services may not be fully healthy yet
[pd-test] Prefill ready: false, Decode ready: false, Router ready: false
[pd-test] Router log tail:
[2m2025-11-12 17:15:54[0m [33m WARN[0m [2msglang_router_rs::core::workflow::event[0m[2m:[0m [2msrc/core/workflow/event.rs[0m[2m:[0m[2m139:[0m Step failed [3minstance_id[0m[2m=[0m50c62015-48a4-48a8-824a-dc33da3889f1 [3mstep_id[0m[2m=[0mdetect_connection_mode [3merror[0m[2m=[0m"Step failed: detect_connection_mode - Both HTTP and gRPC health checks failed for http://10.235.26.245:30026: HTTP: Health check failed: error sending request for url (http://10.235.26.245:30026/health), gRPC: gRPC health check failed (tried both SGLang and vLLM): gRPC connection failed: transport error" [3mwill_retry[0m[2m=[0mtrue
[2m2025-11-12 17:15:54[0m [32m INFO[0m [2msglang_router_rs::core::workflow::event[0m[2m:[0m [2msrc/core/workflow/event.rs[0m[2m:[0m[2m153:[0m Step retrying [3minstance_id[0m[2m=[0m50c62015-48a4-48a8-824a-dc33da3889f1 [3mstep_id[0m[2m=[0mdetect_connection_mode [3mattempt[0m[2m=[0m7 [3mdelay_ms[0m[2m=[0m5000
[2m2025-11-12 17:15:54[0m [33m WARN[0m [2msglang_router_rs::core::workflow::event[0m[2m:[0m [2msrc/core/workflow/event.rs[0m[2m:[0m[2m139:[0m Step failed [3minstance_id[0m[2m=[0m743b5240-7f6f-45c4-9ea2-137f82908a6b [3mstep_id[0m[2m=[0mdetect_connection_mode [3merror[0m[2m=[0m"Step failed: detect_connection_mode - Both HTTP and gRPC health checks failed for http://10.235.26.245:30025: HTTP: Health check failed: error sending request for url (http://10.235.26.245:30025/health), gRPC: gRPC health check failed (tried both SGLang and vLLM): gRPC connection failed: transport error" [3mwill_retry[0m[2m=[0mtrue
[2m2025-11-12 17:15:54[0m [32m INFO[0m [2msglang_router_rs::core::workflow::event[0m[2m:[0m [2msrc/core/workflow/event.rs[0m[2m:[0m[2m153:[0m Step retrying [3minstance_id[0m[2m=[0m743b5240-7f6f-45c4-9ea2-137f82908a6b [3mstep_id[0m[2m=[0mdetect_connection_mode [3mattempt[0m[2m=[0m7 [3mdelay_ms[0m[2m=[0m5000
[2m2025-11-12 17:15:59[0m [32m INFO[0m [2msglang_router_rs::core::workflow::event[0m[2m:[0m [2msrc/core/workflow/event.rs[0m[2m:[0m[2m114:[0m Step started [3minstance_id[0m[2m=[0m743b5240-7f6f-45c4-9ea2-137f82908a6b [3mstep_id[0m[2m=[0mdetect_connection_mode [3mattempt[0m[2m=[0m7
[2m2025-11-12 17:15:59[0m [32m INFO[0m [2msglang_router_rs::core::workflow::event[0m[2m:[0m [2msrc/core/workflow/event.rs[0m[2m:[0m[2m114:[0m Step started [3minstance_id[0m[2m=[0m50c62015-48a4-48a8-824a-dc33da3889f1 [3mstep_id[0m[2m=[0mdetect_connection_mode [3mattempt[0m[2m=[0m7
[2m2025-11-12 17:15:59[0m [33m WARN[0m [2msglang_router_rs::core::workflow::event[0m[2m:[0m [2msrc/core/workflow/event.rs[0m[2m:[0m[2m139:[0m Step failed [3minstance_id[0m[2m=[0m743b5240-7f6f-45c4-9ea2-137f82908a6b [3mstep_id[0m[2m=[0mdetect_connection_mode [3merror[0m[2m=[0m"Step failed: detect_connection_mode - Both HTTP and gRPC health checks failed for http://10.235.26.245:30025: HTTP: Health check failed: error sending request for url (http://10.235.26.245:30025/health), gRPC: gRPC health check failed (tried both SGLang and vLLM): gRPC connection failed: transport error" [3mwill_retry[0m[2m=[0mtrue
[2m2025-11-12 17:15:59[0m [32m INFO[0m [2msglang_router_rs::core::workflow::event[0m[2m:[0m [2msrc/core/workflow/event.rs[0m[2m:[0m[2m153:[0m Step retrying [3minstance_id[0m[2m=[0m743b5240-7f6f-45c4-9ea2-137f82908a6b [3mstep_id[0m[2m=[0mdetect_connection_mode [3mattempt[0m[2m=[0m8 [3mdelay_ms[0m[2m=[0m5000
[2m2025-11-12 17:15:59[0m [33m WARN[0m [2msglang_router_rs::core::workflow::event[0m[2m:[0m [2msrc/core/workflow/event.rs[0m[2m:[0m[2m139:[0m Step failed [3minstance_id[0m[2m=[0m50c62015-48a4-48a8-824a-dc33da3889f1 [3mstep_id[0m[2m=[0mdetect_connection_mode [3merror[0m[2m=[0m"Step failed: detect_connection_mode - Both HTTP and gRPC health checks failed for http://10.235.26.245:30026: HTTP: Health check failed: error sending request for url (http://10.235.26.245:30026/health), gRPC: gRPC health check failed (tried both SGLang and vLLM): gRPC connection failed: transport error" [3mwill_retry[0m[2m=[0mtrue
[2m2025-11-12 17:15:59[0m [32m INFO[0m [2msglang_router_rs::core::workflow::event[0m[2m:[0m [2msrc/core/workflow/event.rs[0m[2m:[0m[2m153:[0m Step retrying [3minstance_id[0m[2m=[0m50c62015-48a4-48a8-824a-dc33da3889f1 [3mstep_id[0m[2m=[0mdetect_connection_mode [3mattempt[0m[2m=[0m8 [3mdelay_ms[0m[2m=[0m5000
[2m2025-11-12 17:16:04[0m [32m INFO[0m [2msglang_router_rs::core::workflow::event[0m[2m:[0m [2msrc/core/workflow/event.rs[0m[2m:[0m[2m114:[0m Step started [3minstance_id[0m[2m=[0m743b5240-7f6f-45c4-9ea2-137f82908a6b [3mstep_id[0m[2m=[0mdetect_connection_mode [3mattempt[0m[2m=[0m8
[2m2025-11-12 17:16:04[0m [32m INFO[0m [2msglang_router_rs::core::workflow::event[0m[2m:[0m [2msrc/core/workflow/event.rs[0m[2m:[0m[2m114:[0m Step started [3minstance_id[0m[2m=[0m50c62015-48a4-48a8-824a-dc33da3889f1 [3mstep_id[0m[2m=[0mdetect_connection_mode [3mattempt[0m[2m=[0m8
[2m2025-11-12 17:16:04[0m [33m WARN[0m [2msglang_router_rs::core::workflow::event[0m[2m:[0m [2msrc/core/workflow/event.rs[0m[2m:[0m[2m139:[0m Step failed [3minstance_id[0m[2m=[0m743b5240-7f6f-45c4-9ea2-137f82908a6b [3mstep_id[0m[2m=[0mdetect_connection_mode [3merror[0m[2m=[0m"Step failed: detect_connection_mode - Both HTTP and gRPC health checks failed for http://10.235.26.245:30025: HTTP: Health check failed: error sending request for url (http://10.235.26.245:30025/health), gRPC: gRPC health check failed (tried both SGLang and vLLM): gRPC connection failed: transport error" [3mwill_retry[0m[2m=[0mtrue
[2m2025-11-12 17:16:04[0m [32m INFO[0m [2msglang_router_rs::core::workflow::event[0m[2m:[0m [2msrc/core/workflow/event.rs[0m[2m:[0m[2m153:[0m Step retrying [3minstance_id[0m[2m=[0m743b5240-7f6f-45c4-9ea2-137f82908a6b [3mstep_id[0m[2m=[0mdetect_connection_mode [3mattempt[0m[2m=[0m9 [3mdelay_ms[0m[2m=[0m5000
[2m2025-11-12 17:16:04[0m [33m WARN[0m [2msglang_router_rs::core::workflow::event[0m[2m:[0m [2msrc/core/workflow/event.rs[0m[2m:[0m[2m139:[0m Step failed [3minstance_id[0m[2m=[0m50c62015-48a4-48a8-824a-dc33da3889f1 [3mstep_id[0m[2m=[0mdetect_connection_mode [3merror[0m[2m=[0m"Step failed: detect_connection_mode - Both HTTP and gRPC health checks failed for http://10.235.26.245:30026: HTTP: Health check failed: error sending request for url (http://10.235.26.245:30026/health), gRPC: gRPC health check failed (tried both SGLang and vLLM): gRPC connection failed: transport error" [3mwill_retry[0m[2m=[0mtrue
[2m2025-11-12 17:16:04[0m [32m INFO[0m [2msglang_router_rs::core::workflow::event[0m[2m:[0m [2msrc/core/workflow/event.rs[0m[2m:[0m[2m153:[0m Step retrying [3minstance_id[0m[2m=[0m50c62015-48a4-48a8-824a-dc33da3889f1 [3mstep_id[0m[2m=[0mdetect_connection_mode [3mattempt[0m[2m=[0m9 [3mdelay_ms[0m[2m=[0m5000
[2m2025-11-12 17:16:09[0m [32m INFO[0m [2msglang_router_rs::core::workflow::event[0m[2m:[0m [2msrc/core/workflow/event.rs[0m[2m:[0m[2m114:[0m Step started [3minstance_id[0m[2m=[0m50c62015-48a4-48a8-824a-dc33da3889f1 [3mstep_id[0m[2m=[0mdetect_connection_mode [3mattempt[0m[2m=[0m9
[2m2025-11-12 17:16:09[0m [32m INFO[0m [2msglang_router_rs::core::workflow::event[0m[2m:[0m [2msrc/core/workflow/event.rs[0m[2m:[0m[2m114:[0m Step started [3minstance_id[0m[2m=[0m743b5240-7f6f-45c4-9ea2-137f82908a6b [3mstep_id[0m[2m=[0mdetect_connection_mode [3mattempt[0m[2m=[0m9
[2m2025-11-12 17:16:09[0m [33m WARN[0m [2msglang_router_rs::core::workflow::event[0m[2m:[0m [2msrc/core/workflow/event.rs[0m[2m:[0m[2m139:[0m Step failed [3minstance_id[0m[2m=[0m743b5240-7f6f-45c4-9ea2-137f82908a6b [3mstep_id[0m[2m=[0mdetect_connection_mode [3merror[0m[2m=[0m"Step failed: detect_connection_mode - Both HTTP and gRPC health checks failed for http://10.235.26.245:30025: HTTP: Health check failed: error sending request for url (http://10.235.26.245:30025/health), gRPC: gRPC health check failed (tried both SGLang and vLLM): gRPC connection failed: transport error" [3mwill_retry[0m[2m=[0mtrue
[2m2025-11-12 17:16:09[0m [32m INFO[0m [2msglang_router_rs::core::workflow::event[0m[2m:[0m [2msrc/core/workflow/event.rs[0m[2m:[0m[2m153:[0m Step retrying [3minstance_id[0m[2m=[0m743b5240-7f6f-45c4-9ea2-137f82908a6b [3mstep_id[0m[2m=[0mdetect_connection_mode [3mattempt[0m[2m=[0m10 [3mdelay_ms[0m[2m=[0m5000
[2m2025-11-12 17:16:09[0m [33m WARN[0m [2msglang_router_rs::core::workflow::event[0m[2m:[0m [2msrc/core/workflow/event.rs[0m[2m:[0m[2m139:[0m Step failed [3minstance_id[0m[2m=[0m50c62015-48a4-48a8-824a-dc33da3889f1 [3mstep_id[0m[2m=[0mdetect_connection_mode [3merror[0m[2m=[0m"Step failed: detect_connection_mode - Both HTTP and gRPC health checks failed for http://10.235.26.245:30026: HTTP: Health check failed: error sending request for url (http://10.235.26.245:30026/health), gRPC: gRPC health check failed (tried both SGLang and vLLM): gRPC connection failed: transport error" [3mwill_retry[0m[2m=[0mtrue
[2m2025-11-12 17:16:09[0m [32m INFO[0m [2msglang_router_rs::core::workflow::event[0m[2m:[0m [2msrc/core/workflow/event.rs[0m[2m:[0m[2m153:[0m Step retrying [3minstance_id[0m[2m=[0m50c62015-48a4-48a8-824a-dc33da3889f1 [3mstep_id[0m[2m=[0mdetect_connection_mode [3mattempt[0m[2m=[0m10 [3mdelay_ms[0m[2m=[0m5000
[2m2025-11-12 17:16:14[0m [32m INFO[0m [2msglang_router_rs::core::workflow::event[0m[2m:[0m [2msrc/core/workflow/event.rs[0m[2m:[0m[2m114:[0m Step started [3minstance_id[0m[2m=[0m50c62015-48a4-48a8-824a-dc33da3889f1 [3mstep_id[0m[2m=[0mdetect_connection_mode [3mattempt[0m[2m=[0m10
[2m2025-11-12 17:16:14[0m [32m INFO[0m [2msglang_router_rs::core::workflow::event[0m[2m:[0m [2msrc/core/workflow/event.rs[0m[2m:[0m[2m114:[0m Step started [3minstance_id[0m[2m=[0m743b5240-7f6f-45c4-9ea2-137f82908a6b [3mstep_id[0m[2m=[0mdetect_connection_mode [3mattempt[0m[2m=[0m10
[2m2025-11-12 17:16:14[0m [33m WARN[0m [2msglang_router_rs::core::workflow::event[0m[2m:[0m [2msrc/core/workflow/event.rs[0m[2m:[0m[2m139:[0m Step failed [3minstance_id[0m[2m=[0m743b5240-7f6f-45c4-9ea2-137f82908a6b [3mstep_id[0m[2m=[0mdetect_connection_mode [3merror[0m[2m=[0m"Step failed: detect_connection_mode - Both HTTP and gRPC health checks failed for http://10.235.26.245:30025: HTTP: Health check failed: error sending request for url (http://10.235.26.245:30025/health), gRPC: gRPC health check failed (tried both SGLang and vLLM): gRPC connection failed: transport error" [3mwill_retry[0m[2m=[0mfalse
[2m2025-11-12 17:16:14[0m [31mERROR[0m [2msglang_router_rs::core::workflow::event[0m[2m:[0m [2msrc/core/workflow/event.rs[0m[2m:[0m[2m176:[0m Workflow failed [3minstance_id[0m[2m=[0m743b5240-7f6f-45c4-9ea2-137f82908a6b [3mfailed_step[0m[2m=[0mdetect_connection_mode [3merror[0m[2m=[0m"Step detect_connection_mode failed"
[2m2025-11-12 17:16:14[0m [33m WARN[0m [2msglang_router_rs::core::workflow::event[0m[2m:[0m [2msrc/core/workflow/event.rs[0m[2m:[0m[2m139:[0m Step failed [3minstance_id[0m[2m=[0m50c62015-48a4-48a8-824a-dc33da3889f1 [3mstep_id[0m[2m=[0mdetect_connection_mode [3merror[0m[2m=[0m"Step failed: detect_connection_mode - Both HTTP and gRPC health checks failed for http://10.235.26.245:30026: HTTP: Health check failed: error sending request for url (http://10.235.26.245:30026/health), gRPC: gRPC health check failed (tried both SGLang and vLLM): gRPC connection failed: transport error" [3mwill_retry[0m[2m=[0mfalse
[2m2025-11-12 17:16:14[0m [31mERROR[0m [2msglang_router_rs::core::workflow::event[0m[2m:[0m [2msrc/core/workflow/event.rs[0m[2m:[0m[2m176:[0m Workflow failed [3minstance_id[0m[2m=[0m50c62015-48a4-48a8-824a-dc33da3889f1 [3mfailed_step[0m[2m=[0mdetect_connection_mode [3merror[0m[2m=[0m"Step detect_connection_mode failed"
[2m2025-11-12 17:16:15[0m [33m WARN[0m [2msglang_router_rs::core::job_queue[0m[2m:[0m [2msrc/core/job_queue.rs[0m[2m:[0m[2m638:[0m Worker 2 failed job: type=AddWorker, worker=http://10.235.26.245:30026, duration=36.028s, error=Workflow failed at step detect_connection_mode: Step failed: detect_connection_mode - Both HTTP and gRPC health checks failed for http://10.235.26.245:30026: HTTP: Health check failed: error sending request for url (http://10.235.26.245:30026/health), gRPC: gRPC health check failed (tried both SGLang and vLLM): gRPC connection failed: transport error
[2m2025-11-12 17:16:15[0m [33m WARN[0m [2msglang_router_rs::core::job_queue[0m[2m:[0m [2msrc/core/job_queue.rs[0m[2m:[0m[2m638:[0m Worker 1 failed job: type=AddWorker, worker=http://10.235.26.245:30025, duration=36.028s, error=Workflow failed at step detect_connection_mode: Step failed: detect_connection_mode - Both HTTP and gRPC health checks failed for http://10.235.26.245:30025: HTTP: Health check failed: error sending request for url (http://10.235.26.245:30025/health), gRPC: gRPC health check failed (tried both SGLang and vLLM): gRPC connection failed: transport error
[pd-test] Decode log tail:
  File "/opt/venv/lib/python3.10/site-packages/starlette/middleware/cors.py", line 85, in __call__
    await self.app(scope, receive, send)
  File "/opt/venv/lib/python3.10/site-packages/starlette/middleware/exceptions.py", line 63, in __call__
    await wrap_app_handling_exceptions(self.app, conn)(scope, receive, send)
  File "/opt/venv/lib/python3.10/site-packages/starlette/_exception_handler.py", line 42, in wrapped_app
    await app(scope, receive, sender)
  File "/opt/venv/lib/python3.10/site-packages/starlette/routing.py", line 716, in __call__
    await self.middleware_stack(scope, receive, send)
  File "/opt/venv/lib/python3.10/site-packages/starlette/routing.py", line 736, in app
    await route.handle(scope, receive, send)
  File "/opt/venv/lib/python3.10/site-packages/starlette/routing.py", line 290, in handle
    await self.app(scope, receive, send)
  File "/opt/venv/lib/python3.10/site-packages/starlette/routing.py", line 78, in app
    await wrap_app_handling_exceptions(app, request)(scope, receive, send)
  File "/opt/venv/lib/python3.10/site-packages/starlette/_exception_handler.py", line 42, in wrapped_app
    await app(scope, receive, sender)
  File "/opt/venv/lib/python3.10/site-packages/starlette/routing.py", line 75, in app
    response = await f(request)
  File "/opt/venv/lib/python3.10/site-packages/fastapi/routing.py", line 302, in app
    raw_response = await run_endpoint_function(
  File "/opt/venv/lib/python3.10/site-packages/fastapi/routing.py", line 213, in run_endpoint_function
    return await dependant.call(**values)
  File "/sgl-workspace/sglang/python/sglang/srt/entrypoints/http_server.py", line 561, in generate_request
    ret = await _global_state.tokenizer_manager.generate_request(
  File "/sgl-workspace/sglang/python/sglang/srt/managers/tokenizer_manager.py", line 448, in generate_request
    async for response in self._handle_batch_request(
  File "/sgl-workspace/sglang/python/sglang/srt/managers/tokenizer_manager.py", line 1145, in _handle_batch_request
    outputs = await asyncio.gather(*(gen.__anext__() for gen in generators))
asyncio.exceptions.CancelledError
[2025-11-12 17:49:59] INFO:     10.235.26.245:35488 - "GET /health HTTP/1.1" 503 Service Unavailable

[pd-test] ERROR: Health check failed after 60 attempts
[pd-test] Collecting logs from Docker containers for debugging...
[pd-test] ==========================================
[pd-test] Debug Information
[pd-test] ==========================================
[pd-test] Container status:
4d00979846ec   rocm/sgl-dev:v0.5.5.post2-rocm700-mi35x-20251112   "python3 -m sglang.lâ€¦"   36 minutes ago   Exited (0) 4 minutes ago                sglang-pd-decode
2d56dbeffc21   rocm/sgl-dev:v0.5.5.post2-rocm700-mi35x-20251112   "python3 -m sglang.lâ€¦"   39 minutes ago   Exited (0) 7 minutes ago                sglang-pd-prefill
7935bb8d7aa3   rocm/sgl-dev:v0.5.5.post2-rocm700-mi35x-20251112   "python3 -m sglang_râ€¦"   39 minutes ago   Up 39 minutes                           sglang-pd-router

[pd-test] Router log errors:
[2m2025-11-12 17:16:04[0m [33m WARN[0m [2msglang_router_rs::core::workflow::event[0m[2m:[0m [2msrc/core/workflow/event.rs[0m[2m:[0m[2m139:[0m Step failed [3minstance_id[0m[2m=[0m743b5240-7f6f-45c4-9ea2-137f82908a6b [3mstep_id[0m[2m=[0mdetect_connection_mode [3merror[0m[2m=[0m"Step failed: detect_connection_mode - Both HTTP and gRPC health checks failed for http://10.235.26.245:30025: HTTP: Health check failed: error sending request for url (http://10.235.26.245:30025/health), gRPC: gRPC health check failed (tried both SGLang and vLLM): gRPC connection failed: transport error" [3mwill_retry[0m[2m=[0mtrue
[2m2025-11-12 17:16:04[0m [33m WARN[0m [2msglang_router_rs::core::workflow::event[0m[2m:[0m [2msrc/core/workflow/event.rs[0m[2m:[0m[2m139:[0m Step failed [3minstance_id[0m[2m=[0m50c62015-48a4-48a8-824a-dc33da3889f1 [3mstep_id[0m[2m=[0mdetect_connection_mode [3merror[0m[2m=[0m"Step failed: detect_connection_mode - Both HTTP and gRPC health checks failed for http://10.235.26.245:30026: HTTP: Health check failed: error sending request for url (http://10.235.26.245:30026/health), gRPC: gRPC health check failed (tried both SGLang and vLLM): gRPC connection failed: transport error" [3mwill_retry[0m[2m=[0mtrue
[2m2025-11-12 17:16:09[0m [33m WARN[0m [2msglang_router_rs::core::workflow::event[0m[2m:[0m [2msrc/core/workflow/event.rs[0m[2m:[0m[2m139:[0m Step failed [3minstance_id[0m[2m=[0m743b5240-7f6f-45c4-9ea2-137f82908a6b [3mstep_id[0m[2m=[0mdetect_connection_mode [3merror[0m[2m=[0m"Step failed: detect_connection_mode - Both HTTP and gRPC health checks failed for http://10.235.26.245:30025: HTTP: Health check failed: error sending request for url (http://10.235.26.245:30025/health), gRPC: gRPC health check failed (tried both SGLang and vLLM): gRPC connection failed: transport error" [3mwill_retry[0m[2m=[0mtrue
[2m2025-11-12 17:16:09[0m [33m WARN[0m [2msglang_router_rs::core::workflow::event[0m[2m:[0m [2msrc/core/workflow/event.rs[0m[2m:[0m[2m139:[0m Step failed [3minstance_id[0m[2m=[0m50c62015-48a4-48a8-824a-dc33da3889f1 [3mstep_id[0m[2m=[0mdetect_connection_mode [3merror[0m[2m=[0m"Step failed: detect_connection_mode - Both HTTP and gRPC health checks failed for http://10.235.26.245:30026: HTTP: Health check failed: error sending request for url (http://10.235.26.245:30026/health), gRPC: gRPC health check failed (tried both SGLang and vLLM): gRPC connection failed: transport error" [3mwill_retry[0m[2m=[0mtrue
[2m2025-11-12 17:16:14[0m [33m WARN[0m [2msglang_router_rs::core::workflow::event[0m[2m:[0m [2msrc/core/workflow/event.rs[0m[2m:[0m[2m139:[0m Step failed [3minstance_id[0m[2m=[0m743b5240-7f6f-45c4-9ea2-137f82908a6b [3mstep_id[0m[2m=[0mdetect_connection_mode [3merror[0m[2m=[0m"Step failed: detect_connection_mode - Both HTTP and gRPC health checks failed for http://10.235.26.245:30025: HTTP: Health check failed: error sending request for url (http://10.235.26.245:30025/health), gRPC: gRPC health check failed (tried both SGLang and vLLM): gRPC connection failed: transport error" [3mwill_retry[0m[2m=[0mfalse
[2m2025-11-12 17:16:14[0m [31mERROR[0m [2msglang_router_rs::core::workflow::event[0m[2m:[0m [2msrc/core/workflow/event.rs[0m[2m:[0m[2m176:[0m Workflow failed [3minstance_id[0m[2m=[0m743b5240-7f6f-45c4-9ea2-137f82908a6b [3mfailed_step[0m[2m=[0mdetect_connection_mode [3merror[0m[2m=[0m"Step detect_connection_mode failed"
[2m2025-11-12 17:16:14[0m [33m WARN[0m [2msglang_router_rs::core::workflow::event[0m[2m:[0m [2msrc/core/workflow/event.rs[0m[2m:[0m[2m139:[0m Step failed [3minstance_id[0m[2m=[0m50c62015-48a4-48a8-824a-dc33da3889f1 [3mstep_id[0m[2m=[0mdetect_connection_mode [3merror[0m[2m=[0m"Step failed: detect_connection_mode - Both HTTP and gRPC health checks failed for http://10.235.26.245:30026: HTTP: Health check failed: error sending request for url (http://10.235.26.245:30026/health), gRPC: gRPC health check failed (tried both SGLang and vLLM): gRPC connection failed: transport error" [3mwill_retry[0m[2m=[0mfalse
[2m2025-11-12 17:16:14[0m [31mERROR[0m [2msglang_router_rs::core::workflow::event[0m[2m:[0m [2msrc/core/workflow/event.rs[0m[2m:[0m[2m176:[0m Workflow failed [3minstance_id[0m[2m=[0m50c62015-48a4-48a8-824a-dc33da3889f1 [3mfailed_step[0m[2m=[0mdetect_connection_mode [3merror[0m[2m=[0m"Step detect_connection_mode failed"
[2m2025-11-12 17:16:15[0m [33m WARN[0m [2msglang_router_rs::core::job_queue[0m[2m:[0m [2msrc/core/job_queue.rs[0m[2m:[0m[2m638:[0m Worker 2 failed job: type=AddWorker, worker=http://10.235.26.245:30026, duration=36.028s, error=Workflow failed at step detect_connection_mode: Step failed: detect_connection_mode - Both HTTP and gRPC health checks failed for http://10.235.26.245:30026: HTTP: Health check failed: error sending request for url (http://10.235.26.245:30026/health), gRPC: gRPC health check failed (tried both SGLang and vLLM): gRPC connection failed: transport error
[2m2025-11-12 17:16:15[0m [33m WARN[0m [2msglang_router_rs::core::job_queue[0m[2m:[0m [2msrc/core/job_queue.rs[0m[2m:[0m[2m638:[0m Worker 1 failed job: type=AddWorker, worker=http://10.235.26.245:30025, duration=36.028s, error=Workflow failed at step detect_connection_mode: Step failed: detect_connection_mode - Both HTTP and gRPC health checks failed for http://10.235.26.245:30025: HTTP: Health check failed: error sending request for url (http://10.235.26.245:30025/health), gRPC: gRPC health check failed (tried both SGLang and vLLM): gRPC connection failed: transport error

[pd-test] Prefill log errors:
asyncio.exceptions.CancelledError
[2025-11-12 17:47:38] ERROR:    Exception in ASGI application
During handling of the above exception, another exception occurred:
  File "/opt/venv/lib/python3.10/site-packages/starlette/middleware/errors.py", line 164, in __call__
  File "/opt/venv/lib/python3.10/site-packages/starlette/middleware/exceptions.py", line 63, in __call__
    await wrap_app_handling_exceptions(self.app, conn)(scope, receive, send)
  File "/opt/venv/lib/python3.10/site-packages/starlette/_exception_handler.py", line 42, in wrapped_app
    await wrap_app_handling_exceptions(app, request)(scope, receive, send)
  File "/opt/venv/lib/python3.10/site-packages/starlette/_exception_handler.py", line 42, in wrapped_app
asyncio.exceptions.CancelledError

[pd-test] Decode log errors:
asyncio.exceptions.CancelledError
[2025-11-12 17:49:59] ERROR:    Exception in ASGI application
During handling of the above exception, another exception occurred:
  File "/opt/venv/lib/python3.10/site-packages/starlette/middleware/errors.py", line 164, in __call__
  File "/opt/venv/lib/python3.10/site-packages/starlette/middleware/exceptions.py", line 63, in __call__
    await wrap_app_handling_exceptions(self.app, conn)(scope, receive, send)
  File "/opt/venv/lib/python3.10/site-packages/starlette/_exception_handler.py", line 42, in wrapped_app
    await wrap_app_handling_exceptions(app, request)(scope, receive, send)
  File "/opt/venv/lib/python3.10/site-packages/starlette/_exception_handler.py", line 42, in wrapped_app
asyncio.exceptions.CancelledError

[pd-test] Logs saved to: /mnt/raid/michael/sglang-ci/test/pd/pd_log/mi35x/v0.5.5.post2-rocm700-mi35x-20251112
[pd-test] Check prefill.log and decode.log for startup errors

[pd-test] ==========================================
[pd-test] Cleaning up Docker containers...
[pd-test] ==========================================
[pd-test] Collecting final router logs...
[pd-test] Collecting final prefill logs...
[pd-test] Collecting final decode logs...
sglang-pd-router
sglang-pd-prefill
sglang-pd-decode
sglang-pd-router
sglang-pd-prefill
sglang-pd-decode
[pd-test] Cleanup complete.
===================================================
PD Test Execution Ended: Wed Nov 12 11:55:04 AM CST 2025 (Exit Code: 1)
===================================================
[test] PD test log directory: /mnt/raid/michael/sglang-ci/test/pd/pd_log/mi35x/v0.5.5.post2-rocm700-mi35x-20251112
[test] === PD test FAILED for rocm/sgl-dev:v0.5.5.post2-rocm700-mi35x-20251112 (exit code: 1) ===
[test] Logs saved to: /mnt/raid/michael/sglang-ci/test/pd/pd_log/mi35x/v0.5.5.post2-rocm700-mi35x-20251112
[test] Check the log directory for detailed error information
[test] Sending Teams notification...
ðŸ“‹ Parsing PD test summary file: /mnt/raid/michael/sglang-ci/test/pd/pd_log/mi35x/v0.5.5.post2-rocm700-mi35x-20251112/test_summary.txt
âœ… Successfully sent PD test fail alert to Teams
   (Power Automate flow accepted - message processing asynchronously)
[test] ==========================================
[test] Test completed for image: rocm/sgl-dev:v0.5.5.post2-rocm700-mi35x-20251112
[test] Test type: pd
[test] ==========================================
[test] Cleaning up process lock...
