SGLang Sanity Check Timing Summary
==================================================
Start time: 2025-12-08 18:26:25 PST
Machine: smci355-ccs-aus-m12-33
Platform: mi35x
Models: GPT-OSS-120B, GPT-OSS-20B, QWEN-30B, GROK1-IN4, GROK1-FP8, GROK2.5, llama4
Trials per model: 3
Docker image: rocm/sgl-dev:v0.5.6-rocm700-mi35x-20251208
==================================================

=== GPT-OSS-120B on mi35x ===
Start time: 2025-12-08 18:26:25 PST
Server startup: FAILED after 300.09s
Error: Kernel compilation deadlock (unknown (14 workers waiting))
ðŸ”„ Retrying with --disable-cuda-graph fallback...

=== GPT-OSS-120B on mi35x ===
Start time: 2025-12-08 18:31:26 PST
Note: Running with --disable-cuda-graph fallback
Server startup: FAILED after 300.01s
Error: Kernel compilation deadlock (unknown (14 workers waiting))
ðŸ’¡ Suggestion: Kernel deadlock persists even with --disable-cuda-graph

=== GPT-OSS-20B on mi35x ===
Start time: 2025-12-08 18:36:27 PST
Server startup: FAILED after 300.10s
Error: Kernel compilation deadlock (unknown (14 workers waiting))
ðŸ”„ Retrying with --disable-cuda-graph fallback...

=== GPT-OSS-20B on mi35x ===
Start time: 2025-12-08 18:41:28 PST
Note: Running with --disable-cuda-graph fallback
Server startup: FAILED after 300.11s

=== QWEN-30B on mi35x ===
Start time: 2025-12-08 18:46:30 PST
Server startup: 72.13s
Trial 1: PASS [OK] (Accuracy: 0.851, Time: 112.12s)
Trial 2: PASS [OK] (Accuracy: 0.854, Time: 137.14s)
Trial 3: PASS [OK] (Accuracy: 0.854, Time: 112.11s)
Server shutdown: 0.50s
Final result: PASS [OK]
Accuracies: [0.851, 0.854, 0.854]
Highest accuracy: 0.854 (Required: 0.840)
Total time: 434.03s
End time: 2025-12-08 18:53:44 PST
==================================================

=== GROK1-IN4 on mi35x ===
Start time: 2025-12-08 18:53:44 PST
Server startup: FAILED after 65.16s
Error: Kernel compilation deadlock (unknown (28 workers waiting))
ðŸ”„ Retrying with --disable-cuda-graph fallback...

=== GROK1-IN4 on mi35x ===
Start time: 2025-12-08 18:54:50 PST
Note: Running with --disable-cuda-graph fallback
Server startup: 110.29s
Trial 1: PASS [OK] (Accuracy: 0.826, Time: 58.06s)
Trial 2: PASS [OK] (Accuracy: 0.817, Time: 77.08s)
Trial 3: PASS [OK] (Accuracy: 0.829, Time: 52.06s)
Server shutdown: 0.50s
Final result: PASS [OK]
Accuracies: [0.826, 0.817, 0.829]
Highest accuracy: 0.829 (Required: 0.800)
Total time: 298.00s
End time: 2025-12-08 18:59:48 PST
==================================================

=== GROK1-FP8 on mi35x ===
Start time: 2025-12-08 18:59:48 PST
Server startup: FAILED after 152.28s
Error: Kernel compilation deadlock (unknown (28 workers waiting))
ðŸ”„ Retrying with --disable-cuda-graph fallback...

=== GROK1-FP8 on mi35x ===
Start time: 2025-12-08 19:02:21 PST
Note: Running with --disable-cuda-graph fallback
Server startup: 150.82s
Trial 1: PASS [OK] (Accuracy: 0.823, Time: 56.06s)
Trial 2: PASS [OK] (Accuracy: 0.823, Time: 50.05s)
Trial 3: PASS [OK] (Accuracy: 0.813, Time: 50.05s)
Server shutdown: 0.50s
Final result: PASS [OK]
Accuracies: [0.823, 0.823, 0.813]
Highest accuracy: 0.823 (Required: 0.800)
Total time: 307.50s
End time: 2025-12-08 19:07:29 PST
==================================================

=== GROK2.5 on mi35x ===
Start time: 2025-12-08 19:07:29 PST
Server startup: 194.39s
Trial 1: PASS [OK] (Accuracy: 0.926, Time: 64.07s)
Trial 2: PASS [OK] (Accuracy: 0.927, Time: 56.06s)
Trial 3: PASS [OK] (Accuracy: 0.929, Time: 56.06s)
Server shutdown: 0.50s
Final result: PASS [OK]
Accuracies: [0.926, 0.927, 0.929]
Highest accuracy: 0.929 (Required: 0.915)
Total time: 371.09s
End time: 2025-12-08 19:13:40 PST
==================================================

=== llama4 on mi35x ===
Start time: 2025-12-08 19:13:40 PST
Server startup: FAILED after 142.26s
Error: Code bug - AttributeError: 'CustomAllreduce' object has no attribute 'original_disabled'
ðŸ’¡ Suggestion: Check server log for full traceback - this is a SGLang code bug

OVERALL SUMMARY
==================================================
End time: 2025-12-08 19:16:03 PST
Total execution time: 2977.88s (49.6 minutes)
Average time per model: 425.41s
Models tested: 7/7
Models passed: 4/7
Models failed: 3/7
Models skipped: 0/7
  GPT-OSS-120B: FAIL
  GPT-OSS-20B: FAIL
  QWEN-30B: PASS
  GROK1-IN4: PASS
  GROK1-FP8: PASS
  GROK2.5: PASS
  llama4: FAIL
