merge tuned file under model_configs/ and configs/  /sgl-workspace/aiter/aiter/configs/a8w8_blockscale_tuned_gemm.csv:/sgl-workspace/aiter/aiter/configs/model_configs/a8w8_blockscale_tuned_gemm_ds_v3.csv
merge tuned file under model_configs/ and configs/  /sgl-workspace/aiter/aiter/configs/a8w8_blockscale_bpreshuffle_tuned_gemm.csv:/sgl-workspace/aiter/aiter/configs/model_configs/a8w8_blockscale_bpreshuffle_tuned_gemm_dsv3.csv
INFO 12-06 16:18:31 [__init__.py:241] Automatically detected platform rocm.
/sgl-workspace/sglang/python/sglang/srt/layers/quantization/awq.py:65: UserWarning: HIP does not support fused_marlin_moe currently.
  warnings.warn(f"HIP does not support fused_marlin_moe currently.")
/sgl-workspace/sglang/python/sglang/srt/layers/quantization/gguf.py:46: UserWarning: Only CUDA support GGUF quantization currently.
  warnings.warn(f"Only CUDA support GGUF quantization currently.")
[2025-12-06 16:18:32] WARNING server_args.py:1850: KV cache is forced as chunk cache for decode server
[2025-12-06 16:18:32] server_args=ServerArgs(model_path='/mnt/raid/models/huggingface/deepseek-ai/DeepSeek-V3-0324', tokenizer_path='/mnt/raid/models/huggingface/deepseek-ai/DeepSeek-V3-0324', tokenizer_mode='auto', tokenizer_worker_num=1, skip_tokenizer_init=False, load_format='auto', model_loader_extra_config='{}', trust_remote_code=True, context_length=None, is_embedding=False, enable_multimodal=None, revision=None, model_impl='auto', host='10.194.129.138', port=30026, fastapi_root_path='', grpc_mode=False, skip_server_warmup=False, warmups=None, nccl_port=None, checkpoint_engine_wait_weights_before_ready=False, dtype='auto', quantization=None, quantization_param_path=None, kv_cache_dtype='auto', enable_fp32_lm_head=False, modelopt_quant=None, modelopt_checkpoint_restore_path=None, modelopt_checkpoint_save_path=None, modelopt_export_path=None, quantize_and_serve=False, mem_fraction_static=0.88, max_running_requests=None, max_queued_requests=None, max_total_tokens=None, chunked_prefill_size=16384, max_prefill_tokens=16384, schedule_policy='fcfs', enable_priority_scheduling=False, abort_on_priority_when_disabled=False, schedule_low_priority_values_first=False, priority_scheduling_preemption_threshold=10, schedule_conservativeness=1.0, page_size=1, hybrid_kvcache_ratio=None, swa_full_tokens_ratio=0.8, disable_hybrid_swa_memory=False, radix_eviction_policy='lru', device='cuda', tp_size=4, pp_size=1, pp_max_micro_batch_size=None, stream_interval=1, stream_output=False, random_seed=360043944, constrained_json_whitespace_pattern=None, constrained_json_disable_any_whitespace=False, watchdog_timeout=180.0, dist_timeout=None, download_dir=None, base_gpu_id=0, gpu_id_step=1, sleep_on_idle=False, mm_process_config={}, log_level='info', log_level_http=None, log_requests=False, log_requests_level=2, crash_dump_folder=None, show_time_cost=False, enable_metrics=False, enable_metrics_for_all_schedulers=False, tokenizer_metrics_custom_labels_header='x-custom-labels', tokenizer_metrics_allowed_custom_labels=None, bucket_time_to_first_token=None, bucket_inter_token_latency=None, bucket_e2e_request_latency=None, collect_tokens_histogram=False, prompt_tokens_buckets=None, generation_tokens_buckets=None, gc_warning_threshold_secs=0.0, decode_log_interval=40, enable_request_time_stats_logging=False, kv_events_config=None, enable_trace=False, otlp_traces_endpoint='localhost:4317', export_metrics_to_file=False, export_metrics_to_file_dir=None, api_key=None, served_model_name='/mnt/raid/models/huggingface/deepseek-ai/DeepSeek-V3-0324', weight_version='default', chat_template=None, completion_template=None, file_storage_path='sglang_storage', enable_cache_report=False, reasoning_parser=None, tool_call_parser=None, tool_server=None, sampling_defaults='model', dp_size=1, load_balance_method='round_robin', load_watch_interval=0.1, prefill_round_robin_balance=False, dist_init_addr=None, nnodes=1, node_rank=0, json_model_override_args='{}', preferred_sampling_params=None, enable_lora=None, max_lora_rank=None, lora_target_modules=None, lora_paths=None, max_loaded_loras=None, max_loras_per_batch=8, lora_eviction_policy='lru', lora_backend='csgmv', max_lora_chunk_size=16, attention_backend='triton', decode_attention_backend=None, prefill_attention_backend=None, sampling_backend='pytorch', grammar_backend='xgrammar', mm_attention_backend=None, nsa_prefill_backend='flashmla_sparse', nsa_decode_backend='fa3', enable_flashinfer_autotune=False, speculative_algorithm=None, speculative_draft_model_path=None, speculative_draft_model_revision=None, speculative_draft_load_format=None, speculative_num_steps=None, speculative_eagle_topk=None, speculative_num_draft_tokens=None, speculative_accept_threshold_single=1.0, speculative_accept_threshold_acc=1.0, speculative_token_map=None, speculative_attention_mode='prefill', speculative_moe_runner_backend=None, speculative_moe_a2a_backend=None, speculative_ngram_min_match_window_size=1, speculative_ngram_max_match_window_size=12, speculative_ngram_min_bfs_breadth=1, speculative_ngram_max_bfs_breadth=10, speculative_ngram_match_type='BFS', speculative_ngram_branch_length=18, speculative_ngram_capacity=10000000, ep_size=1, moe_a2a_backend='none', moe_runner_backend='auto', flashinfer_mxfp4_moe_precision='default', enable_flashinfer_allreduce_fusion=False, deepep_mode='auto', ep_num_redundant_experts=0, ep_dispatch_algorithm=None, init_expert_location='trivial', enable_eplb=False, eplb_algorithm='auto', eplb_rebalance_num_iterations=1000, eplb_rebalance_layers_per_chunk=None, eplb_min_rebalancing_utilization_threshold=1.0, expert_distribution_recorder_mode=None, expert_distribution_recorder_buffer_size=1000, enable_expert_distribution_metrics=False, deepep_config=None, moe_dense_tp_size=None, elastic_ep_backend=None, mooncake_ib_device=None, max_mamba_cache_size=None, mamba_ssm_dtype='float32', mamba_full_memory_ratio=0.9, enable_hierarchical_cache=False, hicache_ratio=2.0, hicache_size=0, hicache_write_policy='write_through', hicache_io_backend='kernel', hicache_mem_layout='layer_first', hicache_storage_backend=None, hicache_storage_prefetch_policy='best_effort', hicache_storage_backend_extra_config=None, enable_lmcache=False, kt_weight_path=None, kt_method='AMXINT4', kt_cpuinfer=None, kt_threadpool_count=2, kt_num_gpu_experts=None, kt_max_deferred_experts_per_token=None, dllm_algorithm=None, dllm_block_size=None, enable_double_sparsity=False, ds_channel_config_path=None, ds_heavy_channel_num=32, ds_heavy_token_num=256, ds_heavy_channel_type='qk', ds_sparse_decode_threshold=4096, cpu_offload_gb=0, offload_group_size=-1, offload_num_in_group=1, offload_prefetch_step=1, offload_mode='cpu', multi_item_scoring_delimiter=None, disable_radix_cache=True, cuda_graph_max_bs=512, cuda_graph_bs=[1, 2, 4, 8, 12, 16, 24, 32, 40, 48, 56, 64, 72, 80, 88, 96, 104, 112, 120, 128, 136, 144, 152, 160, 168, 176, 184, 192, 200, 208, 216, 224, 232, 240, 248, 256, 272, 288, 304, 320, 336, 352, 368, 384, 400, 416, 432, 448, 464, 480, 496, 512], disable_cuda_graph=True, disable_cuda_graph_padding=False, enable_profile_cuda_graph=False, enable_cudagraph_gc=False, enable_layerwise_nvtx_marker=False, enable_nccl_nvls=False, enable_symm_mem=False, disable_flashinfer_cutlass_moe_fp4_allgather=False, enable_tokenizer_batch_encode=False, disable_tokenizer_batch_decode=False, disable_outlines_disk_cache=False, disable_custom_all_reduce=False, enable_mscclpp=False, enable_torch_symm_mem=False, disable_overlap_schedule=False, enable_mixed_chunk=False, enable_dp_attention=False, enable_dp_lm_head=False, enable_two_batch_overlap=False, enable_single_batch_overlap=False, tbo_token_distribution_threshold=0.48, enable_torch_compile=False, enable_piecewise_cuda_graph=False, enable_torch_compile_debug_mode=False, torch_compile_max_bs=32, piecewise_cuda_graph_max_tokens=4096, piecewise_cuda_graph_tokens=[4, 8, 12, 16, 20, 24, 28, 32, 48, 64, 80, 96, 112, 128, 144, 160, 176, 192, 208, 224, 240, 256, 288, 320, 352, 384, 416, 448, 480, 512, 640, 768, 896, 1024, 1152, 1280, 1408, 1536, 1664, 1792, 1920, 2048, 2176, 2304, 2432, 2560, 2688, 2816, 2944, 3072, 3200, 3328, 3456, 3584, 3712, 3840, 3968, 4096], piecewise_cuda_graph_compiler='eager', torchao_config='', enable_nan_detection=False, enable_p2p_check=False, triton_attention_reduce_in_fp32=False, triton_attention_num_kv_splits=16, triton_attention_split_tile_size=None, num_continuous_decode_steps=1, delete_ckpt_after_loading=False, enable_memory_saver=False, enable_weights_cpu_backup=False, enable_draft_weights_cpu_backup=False, allow_auto_truncate=False, enable_custom_logit_processor=False, flashinfer_mla_disable_ragged=False, disable_shared_experts_fusion=False, disable_chunked_prefix_cache=False, disable_fast_image_processor=False, keep_mm_feature_on_device=False, enable_return_hidden_states=False, scheduler_recv_interval=1, numa_node=None, enable_deterministic_inference=False, rl_on_policy_target=None, enable_attn_tp_input_scattered=False, enable_nsa_prefill_context_parallel=False, enable_dynamic_batch_tokenizer=False, dynamic_batch_tokenizer_batch_size=32, dynamic_batch_tokenizer_batch_timeout=0.002, debug_tensor_dump_output_folder=None, debug_tensor_dump_layers=None, debug_tensor_dump_input_file=None, debug_tensor_dump_inject=False, disaggregation_mode='decode', disaggregation_transfer_backend='mooncake', disaggregation_bootstrap_port=8998, disaggregation_decode_tp=None, disaggregation_decode_dp=None, disaggregation_prefill_pp=1, disaggregation_ib_device='lo', disaggregation_decode_enable_offload_kvcache=False, num_reserved_decode_tokens=512, disaggregation_decode_polling_interval=1, custom_weight_loader=[], weight_loader_disable_mmap=False, remote_instance_weight_loader_seed_instance_ip=None, remote_instance_weight_loader_seed_instance_service_port=None, remote_instance_weight_loader_send_weights_group_ports=None, enable_pdmux=False, pdmux_config_path=None, sm_group_num=8, mm_max_concurrent_calls=32, mm_per_request_timeout=10.0, enable_broadcast_mm_inputs_process=False, decrypted_config_file=None, decrypted_draft_config_file=None, mm_enable_dp_encoder=False, forward_hooks=None)
[2025-12-06 16:18:33] Using default HuggingFace chat template with detected content format: string
merge tuned file under model_configs/ and configs/  /sgl-workspace/aiter/aiter/configs/a8w8_blockscale_tuned_gemm.csv:/sgl-workspace/aiter/aiter/configs/model_configs/a8w8_blockscale_tuned_gemm_ds_v3.csv
merge tuned file under model_configs/ and configs/  /sgl-workspace/aiter/aiter/configs/a8w8_blockscale_bpreshuffle_tuned_gemm.csv:/sgl-workspace/aiter/aiter/configs/model_configs/a8w8_blockscale_bpreshuffle_tuned_gemm_dsv3.csv
INFO 12-06 16:18:42 [__init__.py:241] Automatically detected platform rocm.
merge tuned file under model_configs/ and configs/  /sgl-workspace/aiter/aiter/configs/a8w8_blockscale_tuned_gemm.csv:/sgl-workspace/aiter/aiter/configs/model_configs/a8w8_blockscale_tuned_gemm_ds_v3.csv
merge tuned file under model_configs/ and configs/  /sgl-workspace/aiter/aiter/configs/a8w8_blockscale_bpreshuffle_tuned_gemm.csv:/sgl-workspace/aiter/aiter/configs/model_configs/a8w8_blockscale_bpreshuffle_tuned_gemm_dsv3.csv
INFO 12-06 16:18:43 [__init__.py:241] Automatically detected platform rocm.
merge tuned file under model_configs/ and configs/  /sgl-workspace/aiter/aiter/configs/a8w8_blockscale_tuned_gemm.csv:/sgl-workspace/aiter/aiter/configs/model_configs/a8w8_blockscale_tuned_gemm_ds_v3.csv
merge tuned file under model_configs/ and configs/  /sgl-workspace/aiter/aiter/configs/a8w8_blockscale_bpreshuffle_tuned_gemm.csv:/sgl-workspace/aiter/aiter/configs/model_configs/a8w8_blockscale_bpreshuffle_tuned_gemm_dsv3.csv
INFO 12-06 16:18:43 [__init__.py:241] Automatically detected platform rocm.
merge tuned file under model_configs/ and configs/  /sgl-workspace/aiter/aiter/configs/a8w8_blockscale_tuned_gemm.csv:/sgl-workspace/aiter/aiter/configs/model_configs/a8w8_blockscale_tuned_gemm_ds_v3.csv
merge tuned file under model_configs/ and configs/  /sgl-workspace/aiter/aiter/configs/a8w8_blockscale_bpreshuffle_tuned_gemm.csv:/sgl-workspace/aiter/aiter/configs/model_configs/a8w8_blockscale_bpreshuffle_tuned_gemm_dsv3.csv
INFO 12-06 16:18:43 [__init__.py:241] Automatically detected platform rocm.
merge tuned file under model_configs/ and configs/  /sgl-workspace/aiter/aiter/configs/a8w8_blockscale_tuned_gemm.csv:/sgl-workspace/aiter/aiter/configs/model_configs/a8w8_blockscale_tuned_gemm_ds_v3.csv
merge tuned file under model_configs/ and configs/  /sgl-workspace/aiter/aiter/configs/a8w8_blockscale_bpreshuffle_tuned_gemm.csv:/sgl-workspace/aiter/aiter/configs/model_configs/a8w8_blockscale_bpreshuffle_tuned_gemm_dsv3.csv
INFO 12-06 16:18:43 [__init__.py:241] Automatically detected platform rocm.
/sgl-workspace/sglang/python/sglang/srt/layers/quantization/awq.py:65: UserWarning: HIP does not support fused_marlin_moe currently.
  warnings.warn(f"HIP does not support fused_marlin_moe currently.")
/sgl-workspace/sglang/python/sglang/srt/layers/quantization/gguf.py:46: UserWarning: Only CUDA support GGUF quantization currently.
  warnings.warn(f"Only CUDA support GGUF quantization currently.")
/sgl-workspace/sglang/python/sglang/srt/layers/quantization/awq.py:65: UserWarning: HIP does not support fused_marlin_moe currently.
  warnings.warn(f"HIP does not support fused_marlin_moe currently.")
/sgl-workspace/sglang/python/sglang/srt/layers/quantization/gguf.py:46: UserWarning: Only CUDA support GGUF quantization currently.
  warnings.warn(f"Only CUDA support GGUF quantization currently.")
[2025-12-06 16:18:43 TP0] Process 159 gpu_id 0 is running on CPUs: [0, 1, 2, 3, 4, 5, 6, 7, 8, 9, 10, 11, 12, 13, 14, 15, 16, 17, 18, 19, 20, 21, 22, 23]
/sgl-workspace/sglang/python/sglang/srt/layers/quantization/awq.py:65: UserWarning: HIP does not support fused_marlin_moe currently.
  warnings.warn(f"HIP does not support fused_marlin_moe currently.")
/sgl-workspace/sglang/python/sglang/srt/layers/quantization/awq.py:65: UserWarning: HIP does not support fused_marlin_moe currently.
  warnings.warn(f"HIP does not support fused_marlin_moe currently.")
/sgl-workspace/sglang/python/sglang/srt/layers/quantization/gguf.py:46: UserWarning: Only CUDA support GGUF quantization currently.
  warnings.warn(f"Only CUDA support GGUF quantization currently.")
[2025-12-06 16:18:43 TP1] Process 160 gpu_id 1 is running on CPUs: [24, 25, 26, 27, 28, 29, 30, 31, 32, 33, 34, 35, 36, 37, 38, 39, 40, 41, 42, 43, 44, 45, 46, 47]
/sgl-workspace/sglang/python/sglang/srt/layers/quantization/gguf.py:46: UserWarning: Only CUDA support GGUF quantization currently.
  warnings.warn(f"Only CUDA support GGUF quantization currently.")
/sgl-workspace/sglang/python/sglang/srt/layers/quantization/awq.py:65: UserWarning: HIP does not support fused_marlin_moe currently.
  warnings.warn(f"HIP does not support fused_marlin_moe currently.")
/sgl-workspace/sglang/python/sglang/srt/layers/quantization/gguf.py:46: UserWarning: Only CUDA support GGUF quantization currently.
  warnings.warn(f"Only CUDA support GGUF quantization currently.")
[2025-12-06 16:18:43 TP2] Process 161 gpu_id 2 is running on CPUs: [48, 49, 50, 51, 52, 53, 54, 55, 56, 57, 58, 59, 60, 61, 62, 63, 64, 65, 66, 67, 68, 69, 70, 71]
[2025-12-06 16:18:43 TP3] Process 162 gpu_id 3 is running on CPUs: [72, 73, 74, 75, 76, 77, 78, 79, 80, 81, 82, 83, 84, 85, 86, 87, 88, 89, 90, 91, 92, 93, 94, 95]
[2025-12-06 16:18:43 TP0] Init torch distributed begin.
[2025-12-06 16:18:43 TP1] Init torch distributed begin.
[2025-12-06 16:18:44 TP2] Init torch distributed begin.
[2025-12-06 16:18:44 TP3] Init torch distributed begin.
[Gloo] Rank 3 is connected to 3 peer ranks. Expected number of connected peer ranks is : 3
[Gloo] Rank 0 is connected to 3 peer ranks. Expected number of connected peer ranks is : 3
[Gloo] Rank 2 is connected to 3 peer ranks. Expected number of connected peer ranks is : 3
[Gloo] Rank 1 is connected to 3 peer ranks. Expected number of connected peer ranks is : 3
[Gloo] Rank 0 is connected to 3 peer ranks. Expected number of connected peer ranks is : 3
[Gloo] Rank 2 is connected to 3 peer ranks. Expected number of connected peer ranks is : 3
[Gloo] Rank 1 is connected to 3 peer ranks. Expected number of connected peer ranks is : 3
[Gloo] Rank 3 is connected to 3 peer ranks. Expected number of connected peer ranks is : 3
[2025-12-06 16:18:44 TP0] sglang is using nccl==2.26.6
[2025-12-06 16:18:52 TP2] Using AiterCustomAllreduce for ROCm.
[2025-12-06 16:18:52 TP3] Using AiterCustomAllreduce for ROCm.
[2025-12-06 16:18:52 TP1] Using AiterCustomAllreduce for ROCm.
[2025-12-06 16:18:52 TP0] Using AiterCustomAllreduce for ROCm.
[Gloo] Rank 0 is connected to 0 peer ranks. Expected number of connected peer ranks is : 0
[Gloo] Rank 0 is connected to 0 peer ranks. Expected number of connected peer ranks is : 0
[Gloo] Rank 0 is connected to 0 peer ranks. Expected number of connected peer ranks is : 0
[Gloo] Rank 0 is connected to 0 peer ranks. Expected number of connected peer ranks is : 0
[Gloo] Rank 0 is connected to 0 peer ranks. Expected number of connected peer ranks is : 0
[Gloo] Rank 0 is connected to 0 peer ranks. Expected number of connected peer ranks is : 0
[Gloo] Rank 0 is connected to 0 peer ranks. Expected number of connected peer ranks is : 0
[Gloo] Rank 0 is connected to 0 peer ranks. Expected number of connected peer ranks is : 0
[Gloo] Rank 1 is connected to 3 peer ranks. Expected number of connected peer ranks is : 3
[Gloo] Rank 2 is connected to 3 peer ranks. Expected number of connected peer ranks is : 3
[Gloo] Rank 0 is connected to 3 peer ranks. Expected number of connected peer ranks is : 3
[Gloo] Rank 3 is connected to 3 peer ranks. Expected number of connected peer ranks is : 3
[2025-12-06 16:18:52 TP0] Init torch distributed ends. mem usage=1.21 GB
[2025-12-06 16:18:52 TP3] Init torch distributed ends. mem usage=1.16 GB
[2025-12-06 16:18:52 TP2] Init torch distributed ends. mem usage=1.21 GB
[2025-12-06 16:18:52 TP1] Init torch distributed ends. mem usage=1.22 GB
/opt/venv/lib/python3.10/site-packages/apex/transformer/functional/fused_rope.py:49: UserWarning: Aiter backend is selected for fused RoPE. This has lower precision. To disable aiter, export USE_ROCM_AITER_ROPE_BACKEND=0
  warnings.warn("Aiter backend is selected for fused RoPE. This has lower precision. To disable aiter, export USE_ROCM_AITER_ROPE_BACKEND=0", UserWarning)
/opt/venv/lib/python3.10/site-packages/apex/transformer/functional/fused_rope.py:49: UserWarning: Aiter backend is selected for fused RoPE. This has lower precision. To disable aiter, export USE_ROCM_AITER_ROPE_BACKEND=0
  warnings.warn("Aiter backend is selected for fused RoPE. This has lower precision. To disable aiter, export USE_ROCM_AITER_ROPE_BACKEND=0", UserWarning)
/opt/venv/lib/python3.10/site-packages/apex/transformer/functional/fused_rope.py:49: UserWarning: Aiter backend is selected for fused RoPE. This has lower precision. To disable aiter, export USE_ROCM_AITER_ROPE_BACKEND=0
  warnings.warn("Aiter backend is selected for fused RoPE. This has lower precision. To disable aiter, export USE_ROCM_AITER_ROPE_BACKEND=0", UserWarning)
/opt/venv/lib/python3.10/site-packages/apex/transformer/functional/fused_rope.py:49: UserWarning: Aiter backend is selected for fused RoPE. This has lower precision. To disable aiter, export USE_ROCM_AITER_ROPE_BACKEND=0
  warnings.warn("Aiter backend is selected for fused RoPE. This has lower precision. To disable aiter, export USE_ROCM_AITER_ROPE_BACKEND=0", UserWarning)
[2025-12-06 16:18:53 TP2] Ignore import error when loading sglang.srt.models.mindspore: name 'ms' is not defined
[2025-12-06 16:18:53 TP0] Ignore import error when loading sglang.srt.models.mindspore: name 'ms' is not defined
[2025-12-06 16:18:53 TP3] Ignore import error when loading sglang.srt.models.mindspore: name 'ms' is not defined
[2025-12-06 16:18:53 TP1] Ignore import error when loading sglang.srt.models.mindspore: name 'ms' is not defined
[2025-12-06 16:18:53 TP2] Ignore import error when loading sglang.srt.models.mistral_large_3_eagle: No module named 'python'
[2025-12-06 16:18:53 TP1] Ignore import error when loading sglang.srt.models.mistral_large_3_eagle: No module named 'python'
[2025-12-06 16:18:53 TP0] Ignore import error when loading sglang.srt.models.mistral_large_3_eagle: No module named 'python'
[2025-12-06 16:18:53 TP3] Ignore import error when loading sglang.srt.models.mistral_large_3_eagle: No module named 'python'
[2025-12-06 16:18:54 TP3] Load weight begin. avail mem=190.27 GB
[2025-12-06 16:18:54 TP0] Load weight begin. avail mem=190.22 GB
[2025-12-06 16:18:54 TP1] Load weight begin. avail mem=190.21 GB
[2025-12-06 16:18:54 TP2] Load weight begin. avail mem=190.22 GB
[2025-12-06 16:18:54 TP0] Detected fp8 checkpoint.
[2025-12-06 16:18:54 TP0] Shared experts fusion optimization enabled.
Loading safetensors checkpoint shards:   0% Completed | 0/163 [00:00<?, ?it/s]
Loading safetensors checkpoint shards:   1% Completed | 1/163 [00:00<00:21,  7.44it/s]
Loading safetensors checkpoint shards:   2% Completed | 3/163 [00:00<00:13, 12.01it/s]
Loading safetensors checkpoint shards:   3% Completed | 5/163 [00:00<00:34,  4.60it/s]
Loading safetensors checkpoint shards:   5% Completed | 8/163 [00:01<00:20,  7.73it/s]
Loading safetensors checkpoint shards:   6% Completed | 10/163 [00:01<00:18,  8.43it/s]
Loading safetensors checkpoint shards:   7% Completed | 12/163 [00:01<00:14, 10.31it/s]
Loading safetensors checkpoint shards:   9% Completed | 14/163 [00:01<00:12, 11.54it/s]
Loading safetensors checkpoint shards:  10% Completed | 16/163 [00:01<00:13, 11.14it/s]
Loading safetensors checkpoint shards:  11% Completed | 18/163 [00:01<00:11, 12.41it/s]
Loading safetensors checkpoint shards:  12% Completed | 20/163 [00:01<00:10, 13.12it/s]
Loading safetensors checkpoint shards:  13% Completed | 22/163 [00:02<00:11, 12.22it/s]
Loading safetensors checkpoint shards:  15% Completed | 24/163 [00:02<00:10, 13.19it/s]
Loading safetensors checkpoint shards:  16% Completed | 26/163 [00:02<00:11, 12.37it/s]
Loading safetensors checkpoint shards:  17% Completed | 28/163 [00:03<00:18,  7.13it/s]
Loading safetensors checkpoint shards:  18% Completed | 30/163 [00:03<00:15,  8.79it/s]
Loading safetensors checkpoint shards:  20% Completed | 33/163 [00:03<00:11, 11.74it/s]
Loading safetensors checkpoint shards:  21% Completed | 35/163 [00:03<00:11, 11.41it/s]
Loading safetensors checkpoint shards:  23% Completed | 37/163 [00:03<00:09, 12.79it/s]
Loading safetensors checkpoint shards:  24% Completed | 39/163 [00:03<00:09, 13.72it/s]
Loading safetensors checkpoint shards:  25% Completed | 41/163 [00:03<00:09, 12.64it/s]
Loading safetensors checkpoint shards:  26% Completed | 43/163 [00:03<00:08, 13.75it/s]
Loading safetensors checkpoint shards:  28% Completed | 45/163 [00:04<00:09, 12.41it/s]
Loading safetensors checkpoint shards:  29% Completed | 48/163 [00:04<00:07, 15.10it/s]
Loading safetensors checkpoint shards:  31% Completed | 50/163 [00:04<00:07, 15.69it/s]
Loading safetensors checkpoint shards:  32% Completed | 52/163 [00:04<00:07, 14.02it/s]
Loading safetensors checkpoint shards:  33% Completed | 54/163 [00:04<00:07, 15.11it/s]
Loading safetensors checkpoint shards:  34% Completed | 56/163 [00:04<00:06, 16.11it/s]
Loading safetensors checkpoint shards:  36% Completed | 58/163 [00:05<00:13,  7.90it/s]
Loading safetensors checkpoint shards:  37% Completed | 60/163 [00:05<00:10,  9.45it/s]
Loading safetensors checkpoint shards:  39% Completed | 63/163 [00:05<00:07, 12.56it/s]
Loading safetensors checkpoint shards:  40% Completed | 65/163 [00:05<00:08, 11.65it/s]
Loading safetensors checkpoint shards:  42% Completed | 68/163 [00:05<00:06, 13.99it/s]
Loading safetensors checkpoint shards:  43% Completed | 70/163 [00:06<00:07, 13.02it/s]
Loading safetensors checkpoint shards:  44% Completed | 72/163 [00:06<00:06, 13.67it/s]
Loading safetensors checkpoint shards:  45% Completed | 74/163 [00:06<00:06, 14.67it/s]
Loading safetensors checkpoint shards:  47% Completed | 76/163 [00:06<00:06, 13.32it/s]
Loading safetensors checkpoint shards:  48% Completed | 79/163 [00:06<00:05, 15.57it/s]
Loading safetensors checkpoint shards:  50% Completed | 82/163 [00:06<00:05, 14.47it/s]
Loading safetensors checkpoint shards:  52% Completed | 84/163 [00:07<00:05, 14.90it/s]
Loading safetensors checkpoint shards:  53% Completed | 86/163 [00:07<00:04, 15.92it/s]
Loading safetensors checkpoint shards:  54% Completed | 88/163 [00:07<00:05, 14.20it/s]
Loading safetensors checkpoint shards:  55% Completed | 90/163 [00:07<00:04, 15.04it/s]
Loading safetensors checkpoint shards:  57% Completed | 93/163 [00:07<00:04, 16.96it/s]
Loading safetensors checkpoint shards:  58% Completed | 95/163 [00:08<00:08,  7.83it/s]
Loading safetensors checkpoint shards:  60% Completed | 97/163 [00:08<00:07,  9.11it/s]
Loading safetensors checkpoint shards:  61% Completed | 99/163 [00:08<00:07,  8.91it/s]
Loading safetensors checkpoint shards:  62% Completed | 101/163 [00:08<00:06, 10.24it/s]
Loading safetensors checkpoint shards:  64% Completed | 104/163 [00:08<00:05, 11.10it/s]
Loading safetensors checkpoint shards:  65% Completed | 106/163 [00:09<00:04, 12.34it/s]
Loading safetensors checkpoint shards:  66% Completed | 108/163 [00:09<00:04, 13.03it/s]
Loading safetensors checkpoint shards:  67% Completed | 110/163 [00:09<00:04, 12.02it/s]
Loading safetensors checkpoint shards:  69% Completed | 113/163 [00:09<00:03, 14.34it/s]
Loading safetensors checkpoint shards:  71% Completed | 116/163 [00:09<00:03, 13.89it/s]
Loading safetensors checkpoint shards:  73% Completed | 119/163 [00:09<00:02, 15.67it/s]
Loading safetensors checkpoint shards:  74% Completed | 121/163 [00:10<00:02, 16.31it/s]
Loading safetensors checkpoint shards:  75% Completed | 123/163 [00:10<00:02, 14.23it/s]
Loading safetensors checkpoint shards:  77% Completed | 126/163 [00:10<00:02, 16.08it/s]
Loading safetensors checkpoint shards:  79% Completed | 128/163 [00:10<00:02, 14.39it/s]
Loading safetensors checkpoint shards:  80% Completed | 130/163 [00:10<00:02, 15.07it/s]
Loading safetensors checkpoint shards:  82% Completed | 133/163 [00:10<00:01, 16.57it/s]
Loading safetensors checkpoint shards:  83% Completed | 135/163 [00:10<00:01, 14.84it/s]
Loading safetensors checkpoint shards:  84% Completed | 137/163 [00:11<00:01, 15.93it/s]
Loading safetensors checkpoint shards:  85% Completed | 139/163 [00:11<00:01, 16.06it/s]
Loading safetensors checkpoint shards:  87% Completed | 141/163 [00:11<00:03,  6.95it/s]
Loading safetensors checkpoint shards:  88% Completed | 143/163 [00:11<00:02,  8.48it/s]
Loading safetensors checkpoint shards:  89% Completed | 145/163 [00:12<00:01,  9.03it/s]
Loading safetensors checkpoint shards:  90% Completed | 147/163 [00:12<00:01, 10.50it/s]
Loading safetensors checkpoint shards:  91% Completed | 149/163 [00:12<00:01, 11.94it/s]
Loading safetensors checkpoint shards:  93% Completed | 151/163 [00:12<00:01, 11.15it/s]
Loading safetensors checkpoint shards:  94% Completed | 153/163 [00:12<00:00, 12.57it/s]
Loading safetensors checkpoint shards:  95% Completed | 155/163 [00:12<00:00, 11.33it/s]
Loading safetensors checkpoint shards:  96% Completed | 157/163 [00:13<00:00, 12.77it/s]
Loading safetensors checkpoint shards:  98% Completed | 159/163 [00:13<00:00, 14.21it/s]
Loading safetensors checkpoint shards:  99% Completed | 161/163 [00:13<00:00, 12.47it/s]
Loading safetensors checkpoint shards: 100% Completed | 163/163 [00:13<00:00, 14.01it/s]
Loading safetensors checkpoint shards: 100% Completed | 163/163 [00:13<00:00, 12.11it/s]

[2025-12-06 16:19:58 TP3] Load weight end. type=DeepseekV3ForCausalLM, dtype=torch.bfloat16, avail mem=32.25 GB, mem usage=158.02 GB.
[2025-12-06 16:19:58 TP2] Load weight end. type=DeepseekV3ForCausalLM, dtype=torch.bfloat16, avail mem=32.21 GB, mem usage=158.02 GB.
[2025-12-06 16:19:59 TP0] Load weight end. type=DeepseekV3ForCausalLM, dtype=torch.bfloat16, avail mem=32.21 GB, mem usage=158.02 GB.
[2025-12-06 16:19:59 TP1] Load weight end. type=DeepseekV3ForCausalLM, dtype=torch.bfloat16, avail mem=32.19 GB, mem usage=158.02 GB.
[2025-12-06 16:19:59 TP0] Using KV cache dtype: torch.bfloat16
[2025-12-06 16:19:59 TP2] KV Cache is allocated. #tokens: 143003, KV size: 9.36 GB
[2025-12-06 16:19:59 TP1] KV Cache is allocated. #tokens: 143003, KV size: 9.36 GB
[2025-12-06 16:19:59 TP2] Memory pool end. avail mem=21.54 GB
[2025-12-06 16:19:59 TP0] KV Cache is allocated. #tokens: 143003, KV size: 9.36 GB
[2025-12-06 16:19:59 TP3] KV Cache is allocated. #tokens: 143003, KV size: 9.36 GB
[2025-12-06 16:19:59 TP1] Memory pool end. avail mem=21.53 GB
[2025-12-06 16:19:59 TP0] Memory pool end. avail mem=21.54 GB
[2025-12-06 16:19:59 TP3] Memory pool end. avail mem=21.59 GB
[2025-12-06 16:20:04 TP0] max_total_num_tokens=143003, chunked_prefill_size=16384, max_prefill_tokens=16384, max_running_requests=2048, context_len=163840, available_gpu_mem=21.22 GB
WARNING: Logging before InitGoogleLogging() is written to STDERR
I1206 16:20:04.657409   162 transfer_engine.cpp:486] Metrics reporting is disabled (set MC_TE_METRIC=1 to enable)
WARNING: Logging before InitGoogleLogging() is written to STDERR
I1206 16:20:04.657415   161 transfer_engine.cpp:486] Metrics reporting is disabled (set MC_TE_METRIC=1 to enable)
I1206 16:20:04.657431   162 transfer_engine.cpp:91] Transfer Engine parseHostNameWithPort. server_name: 10.194.129.138 port: 12001
I1206 16:20:04.657431   161 transfer_engine.cpp:91] Transfer Engine parseHostNameWithPort. server_name: 10.194.129.138 port: 12001
I1206 16:20:04.657454   161 transfer_engine.cpp:146] Transfer Engine RPC using P2P handshake, listening on 10.194.129.138:16530
I1206 16:20:04.657455   162 transfer_engine.cpp:146] Transfer Engine RPC using P2P handshake, listening on 10.194.129.138:15212
I1206 16:20:04.657505   161 transfer_engine.cpp:185] Auto-discovering topology...
I1206 16:20:04.657505   162 transfer_engine.cpp:185] Auto-discovering topology...
W1206 16:20:04.657538   161 topology.cpp:55] No RDMA devices found, check your device installation
W1206 16:20:04.657539   162 topology.cpp:55] No RDMA devices found, check your device installation
I1206 16:20:04.657578   162 transfer_engine.cpp:200] Topology discovery complete. Found 0 HCAs.
I1206 16:20:04.657579   161 transfer_engine.cpp:200] Topology discovery complete. Found 0 HCAs.
I1206 16:20:04.657598   161 tcp_transport.cpp:299] TcpTransport: listen on port 15656
I1206 16:20:04.657598   162 tcp_transport.cpp:299] TcpTransport: listen on port 15767
WARNING: Logging before InitGoogleLogging() is written to STDERR
I1206 16:20:04.659487   160 transfer_engine.cpp:486] Metrics reporting is disabled (set MC_TE_METRIC=1 to enable)
I1206 16:20:04.659508   160 transfer_engine.cpp:91] Transfer Engine parseHostNameWithPort. server_name: 10.194.129.138 port: 12001
I1206 16:20:04.659528   160 transfer_engine.cpp:146] Transfer Engine RPC using P2P handshake, listening on 10.194.129.138:15854
I1206 16:20:04.659579   160 transfer_engine.cpp:185] Auto-discovering topology...
W1206 16:20:04.659619   160 topology.cpp:55] No RDMA devices found, check your device installation
I1206 16:20:04.659655   160 transfer_engine.cpp:200] Topology discovery complete. Found 0 HCAs.
I1206 16:20:04.659672   160 tcp_transport.cpp:299] TcpTransport: listen on port 15805
WARNING: Logging before InitGoogleLogging() is written to STDERR
I1206 16:20:04.661459   159 transfer_engine.cpp:486] Metrics reporting is disabled (set MC_TE_METRIC=1 to enable)
I1206 16:20:04.661477   159 transfer_engine.cpp:91] Transfer Engine parseHostNameWithPort. server_name: 10.194.129.138 port: 12001
I1206 16:20:04.661496   159 transfer_engine.cpp:146] Transfer Engine RPC using P2P handshake, listening on 10.194.129.138:15358
I1206 16:20:04.661553   159 transfer_engine.cpp:185] Auto-discovering topology...
W1206 16:20:04.661582   159 topology.cpp:55] No RDMA devices found, check your device installation
I1206 16:20:04.661612   159 transfer_engine.cpp:200] Topology discovery complete. Found 0 HCAs.
I1206 16:20:04.661628   159 tcp_transport.cpp:299] TcpTransport: listen on port 15807
[2025-12-06 16:20:04] INFO:     Started server process [1]
[2025-12-06 16:20:04] INFO:     Waiting for application startup.
[2025-12-06 16:20:04] INFO:     Application startup complete.
[2025-12-06 16:20:04] INFO:     Uvicorn running on http://10.194.129.138:30026 (Press CTRL+C to quit)
[2025-12-06 16:20:05] Endpoint '/get_model_info' is deprecated and will be removed in a future version. Please use '/model_info' instead.
[2025-12-06 16:20:05] INFO:     10.194.129.138:51036 - "GET /get_model_info HTTP/1.1" 200 OK
[2025-12-06 16:20:05] Start of pd disaggregation warmup ...
[2025-12-06 16:20:08] WARNING:  Invalid HTTP request received.
[2025-12-06 16:20:08] INFO:     10.194.129.138:51064 - "GET /health HTTP/1.1" 503 Service Unavailable
[2025-12-06 16:20:08] WARNING:  Invalid HTTP request received.
[2025-12-06 16:20:13] WARNING:  Invalid HTTP request received.
[2025-12-06 16:20:13] INFO:     10.194.129.138:42938 - "GET /health HTTP/1.1" 503 Service Unavailable
[2025-12-06 16:20:13] WARNING:  Invalid HTTP request received.
[2025-12-06 16:20:18] WARNING:  Invalid HTTP request received.
[2025-12-06 16:20:18] INFO:     10.194.129.138:42954 - "GET /health HTTP/1.1" 503 Service Unavailable
[2025-12-06 16:20:18] WARNING:  Invalid HTTP request received.
[aiter] [fused_moe] using 1stage default for (304, 16, 7168, 512, 257, 9, 'ActivationType.Silu', 'torch.bfloat16', 'torch.float8_e4m3fnuz', 'torch.float8_e4m3fnuz', 'QuantType.per_1x128', True, False) 
[2025-12-06 16:20:23 TP3] [fused_moe] using 1stage default for (304, 16, 7168, 512, 257, 9, 'ActivationType.Silu', 'torch.bfloat16', 'torch.float8_e4m3fnuz', 'torch.float8_e4m3fnuz', 'QuantType.per_1x128', True, False) 
[aiter] type hints mismatch, override to --> fmoe_fp8_blockscale_g1u1(out: torch.Tensor, input: torch.Tensor, gate: torch.Tensor, down: torch.Tensor, sorted_token_ids: torch.Tensor, sorted_weights: torch.Tensor, sorted_expert_ids: torch.Tensor, num_valid_ids: torch.Tensor, topk: int, input_scale: torch.Tensor, fc1_scale: torch.Tensor, fc2_scale: torch.Tensor, kernel_name: str, fc_scale_blkn: int = 128, fc_scale_blkk: int = 128, fc2_smooth_scale: Optional[torch.Tensor] = None, activation: ActivationType = ActivationType.Silu) -> None
[2025-12-06 16:20:23 TP3] type hints mismatch, override to --> fmoe_fp8_blockscale_g1u1(out: torch.Tensor, input: torch.Tensor, gate: torch.Tensor, down: torch.Tensor, sorted_token_ids: torch.Tensor, sorted_weights: torch.Tensor, sorted_expert_ids: torch.Tensor, num_valid_ids: torch.Tensor, topk: int, input_scale: torch.Tensor, fc1_scale: torch.Tensor, fc2_scale: torch.Tensor, kernel_name: str, fc_scale_blkn: int = 128, fc_scale_blkk: int = 128, fc2_smooth_scale: Optional[torch.Tensor] = None, activation: ActivationType = ActivationType.Silu) -> None
[aiter] hipModuleLoad: /sgl-workspace/aiter/hsa/gfx942/fmoe/silu/fmoe_bf16_blockscaleFp8_g1u1_vs_silu_1tg_ps_32x256.co GetFunction: _ZN5aiter50fmoe_bf16_blockscaleFp8_g1u1_vs_silu_1tg_ps_32x256E Success
[2025-12-06 16:20:23] WARNING:  Invalid HTTP request received.
[2025-12-06 16:20:23] INFO:     10.194.129.138:49400 - "GET /health HTTP/1.1" 503 Service Unavailable
[2025-12-06 16:20:23] WARNING:  Invalid HTTP request received.
[aiter] [fused_moe] using 1stage default for (304, 16, 7168, 512, 257, 9, 'ActivationType.Silu', 'torch.bfloat16', 'torch.float8_e4m3fnuz', 'torch.float8_e4m3fnuz', 'QuantType.per_1x128', True, False) 
[2025-12-06 16:20:23 TP0] [fused_moe] using 1stage default for (304, 16, 7168, 512, 257, 9, 'ActivationType.Silu', 'torch.bfloat16', 'torch.float8_e4m3fnuz', 'torch.float8_e4m3fnuz', 'QuantType.per_1x128', True, False) 
[aiter] type hints mismatch, override to --> fmoe_fp8_blockscale_g1u1(out: torch.Tensor, input: torch.Tensor, gate: torch.Tensor, down: torch.Tensor, sorted_token_ids: torch.Tensor, sorted_weights: torch.Tensor, sorted_expert_ids: torch.Tensor, num_valid_ids: torch.Tensor, topk: int, input_scale: torch.Tensor, fc1_scale: torch.Tensor, fc2_scale: torch.Tensor, kernel_name: str, fc_scale_blkn: int = 128, fc_scale_blkk: int = 128, fc2_smooth_scale: Optional[torch.Tensor] = None, activation: ActivationType = ActivationType.Silu) -> None
[2025-12-06 16:20:23 TP0] type hints mismatch, override to --> fmoe_fp8_blockscale_g1u1(out: torch.Tensor, input: torch.Tensor, gate: torch.Tensor, down: torch.Tensor, sorted_token_ids: torch.Tensor, sorted_weights: torch.Tensor, sorted_expert_ids: torch.Tensor, num_valid_ids: torch.Tensor, topk: int, input_scale: torch.Tensor, fc1_scale: torch.Tensor, fc2_scale: torch.Tensor, kernel_name: str, fc_scale_blkn: int = 128, fc_scale_blkk: int = 128, fc2_smooth_scale: Optional[torch.Tensor] = None, activation: ActivationType = ActivationType.Silu) -> None
[aiter] hipModuleLoad: /sgl-workspace/aiter/hsa/gfx942/fmoe/silu/fmoe_bf16_blockscaleFp8_g1u1_vs_silu_1tg_ps_32x256.co GetFunction: _ZN5aiter50fmoe_bf16_blockscaleFp8_g1u1_vs_silu_1tg_ps_32x256E Success
[aiter] [fused_moe] using 1stage default for (304, 16, 7168, 512, 257, 9, 'ActivationType.Silu', 'torch.bfloat16', 'torch.float8_e4m3fnuz', 'torch.float8_e4m3fnuz', 'QuantType.per_1x128', True, False) 
[2025-12-06 16:20:24 TP2] [fused_moe] using 1stage default for (304, 16, 7168, 512, 257, 9, 'ActivationType.Silu', 'torch.bfloat16', 'torch.float8_e4m3fnuz', 'torch.float8_e4m3fnuz', 'QuantType.per_1x128', True, False) 
[aiter] type hints mismatch, override to --> fmoe_fp8_blockscale_g1u1(out: torch.Tensor, input: torch.Tensor, gate: torch.Tensor, down: torch.Tensor, sorted_token_ids: torch.Tensor, sorted_weights: torch.Tensor, sorted_expert_ids: torch.Tensor, num_valid_ids: torch.Tensor, topk: int, input_scale: torch.Tensor, fc1_scale: torch.Tensor, fc2_scale: torch.Tensor, kernel_name: str, fc_scale_blkn: int = 128, fc_scale_blkk: int = 128, fc2_smooth_scale: Optional[torch.Tensor] = None, activation: ActivationType = ActivationType.Silu) -> None
[2025-12-06 16:20:24 TP2] type hints mismatch, override to --> fmoe_fp8_blockscale_g1u1(out: torch.Tensor, input: torch.Tensor, gate: torch.Tensor, down: torch.Tensor, sorted_token_ids: torch.Tensor, sorted_weights: torch.Tensor, sorted_expert_ids: torch.Tensor, num_valid_ids: torch.Tensor, topk: int, input_scale: torch.Tensor, fc1_scale: torch.Tensor, fc2_scale: torch.Tensor, kernel_name: str, fc_scale_blkn: int = 128, fc_scale_blkk: int = 128, fc2_smooth_scale: Optional[torch.Tensor] = None, activation: ActivationType = ActivationType.Silu) -> None
[aiter] hipModuleLoad: /sgl-workspace/aiter/hsa/gfx942/fmoe/silu/fmoe_bf16_blockscaleFp8_g1u1_vs_silu_1tg_ps_32x256.co GetFunction: _ZN5aiter50fmoe_bf16_blockscaleFp8_g1u1_vs_silu_1tg_ps_32x256E Success
[aiter] [fused_moe] using 1stage default for (304, 16, 7168, 512, 257, 9, 'ActivationType.Silu', 'torch.bfloat16', 'torch.float8_e4m3fnuz', 'torch.float8_e4m3fnuz', 'QuantType.per_1x128', True, False) 
[2025-12-06 16:20:26 TP1] [fused_moe] using 1stage default for (304, 16, 7168, 512, 257, 9, 'ActivationType.Silu', 'torch.bfloat16', 'torch.float8_e4m3fnuz', 'torch.float8_e4m3fnuz', 'QuantType.per_1x128', True, False) 
[aiter] type hints mismatch, override to --> fmoe_fp8_blockscale_g1u1(out: torch.Tensor, input: torch.Tensor, gate: torch.Tensor, down: torch.Tensor, sorted_token_ids: torch.Tensor, sorted_weights: torch.Tensor, sorted_expert_ids: torch.Tensor, num_valid_ids: torch.Tensor, topk: int, input_scale: torch.Tensor, fc1_scale: torch.Tensor, fc2_scale: torch.Tensor, kernel_name: str, fc_scale_blkn: int = 128, fc_scale_blkk: int = 128, fc2_smooth_scale: Optional[torch.Tensor] = None, activation: ActivationType = ActivationType.Silu) -> None
[2025-12-06 16:20:26 TP1] type hints mismatch, override to --> fmoe_fp8_blockscale_g1u1(out: torch.Tensor, input: torch.Tensor, gate: torch.Tensor, down: torch.Tensor, sorted_token_ids: torch.Tensor, sorted_weights: torch.Tensor, sorted_expert_ids: torch.Tensor, num_valid_ids: torch.Tensor, topk: int, input_scale: torch.Tensor, fc1_scale: torch.Tensor, fc2_scale: torch.Tensor, kernel_name: str, fc_scale_blkn: int = 128, fc_scale_blkk: int = 128, fc2_smooth_scale: Optional[torch.Tensor] = None, activation: ActivationType = ActivationType.Silu) -> None
[aiter] hipModuleLoad: /sgl-workspace/aiter/hsa/gfx942/fmoe/silu/fmoe_bf16_blockscaleFp8_g1u1_vs_silu_1tg_ps_32x256.co GetFunction: _ZN5aiter50fmoe_bf16_blockscaleFp8_g1u1_vs_silu_1tg_ps_32x256E Success
[2025-12-06 16:20:27] INFO:     10.194.129.138:51052 - "POST /generate HTTP/1.1" 200 OK
[2025-12-06 16:20:27] End of prefill disaggregation mode warmup with status 200, resp: [{'text': '# 2019年高考数学', 'output_ids': [0, 5, 223, 643, 27, 695, 18752, 8570], 'meta_info': {'id': 'f79a523bfbed41cd96a9a8d4bde3a6a7', 'finish_reason': {'type': 'length', 'length': 8}, 'prompt_tokens': 4, 'weight_version': 'default', 'total_retractions': 0, 'completion_tokens': 8, 'cached_tokens': 0, 'e2e_latency': 22.057037115097046, 'response_sent_to_client_ts': 1765038027.7623591}}]
[2025-12-06 16:20:27] The server is fired up and ready to roll!
[2025-12-06 16:20:28] WARNING:  Invalid HTTP request received.
[2025-12-06 16:20:28] WARNING:  Invalid HTTP request received.
[2025-12-06 16:20:29] INFO:     10.194.129.138:49422 - "GET /health HTTP/1.1" 200 OK
[2025-12-06 16:20:29] INFO:     10.194.129.138:49450 - "GET /server_info HTTP/1.1" 200 OK
[2025-12-06 16:20:29] INFO:     10.194.129.138:49450 - "GET /model_info HTTP/1.1" 200 OK
[2025-12-06 16:20:39] INFO:     10.194.129.138:60306 - "GET /health HTTP/1.1" 200 OK
[2025-12-06 16:21:29] INFO:     10.194.129.138:53824 - "GET /health HTTP/1.1" 200 OK
[2025-12-06 16:21:31] WARNING:  Invalid HTTP request received.
[2025-12-06 16:21:31] WARNING:  Invalid HTTP request received.
[2025-12-06 16:21:32] INFO:     10.194.129.138:60574 - "GET /health HTTP/1.1" 200 OK
[2025-12-06 16:21:32] INFO:     10.194.129.138:60590 - "GET /server_info HTTP/1.1" 200 OK
[2025-12-06 16:21:32] INFO:     10.194.129.138:60590 - "GET /model_info HTTP/1.1" 200 OK
[2025-12-06 16:21:47] INFO:     10.194.129.138:47438 - "POST /v1/completions HTTP/1.1" 200 OK
Memory access fault by GPU node-6 (Agent handle: 0x5636551cac00) on address 0x7f94cbe3f000. Reason: Unknown.
[2025-12-06 16:22:53] Health check failed. Server couldn't get a response from detokenizer for last 20 seconds. tic start time: 16:22:32. last_heartbeat time: 16:21:47
[2025-12-06 16:23:52] Health check failed. Server couldn't get a response from detokenizer for last 20 seconds. tic start time: 16:23:32. last_heartbeat time: 16:21:47
[2025-12-06 16:24:52] Health check failed. Server couldn't get a response from detokenizer for last 20 seconds. tic start time: 16:24:32. last_heartbeat time: 16:21:47
[2025-12-06 16:25:53] Health check failed. Server couldn't get a response from detokenizer for last 20 seconds. tic start time: 16:25:32. last_heartbeat time: 16:21:47
[2025-12-06 16:26:04 TP0] self.cur_batch.batch_size()=1
self.cur_batch.reqs=[Req(rid=acab505606104fd68dcd091c168b9c5c, input_ids=[0, 19923, 14, 1192, 477, 440, 33], output_ids=[4480, 442, 85, 3281, 943, 270, 552, 33622, 4522, 11314, 343, 35, 813, 3444, 81603], self.grammar=None, self.sampling_params=<sglang.srt.sampling.sampling_params.SamplingParams object at 0x7fa8717546d0>)]
self.max_total_num_tokens=143003, available_size=142980, evictable_size=0, protected_size=8

[2025-12-06 16:26:04 TP3] self.cur_batch.batch_size()=1
self.cur_batch.reqs=[Req(rid=acab505606104fd68dcd091c168b9c5c, input_ids=[0, 19923, 14, 1192, 477, 440, 33], output_ids=[4480, 442, 85, 3281, 943, 270, 552, 33622, 4522, 11314, 343, 35, 813, 3444, 81603], self.grammar=None, self.sampling_params=<sglang.srt.sampling.sampling_params.SamplingParams object at 0x7eb9bd9e4d60>)]
self.max_total_num_tokens=143003, available_size=142980, evictable_size=0, protected_size=8

[2025-12-06 16:26:04 TP2] self.cur_batch.batch_size()=1
self.cur_batch.reqs=[Req(rid=acab505606104fd68dcd091c168b9c5c, input_ids=[0, 19923, 14, 1192, 477, 440, 33], output_ids=[4480, 442, 85, 3281, 943, 270, 552, 33622, 4522, 11314, 343, 35, 813, 3444, 81603], self.grammar=None, self.sampling_params=<sglang.srt.sampling.sampling_params.SamplingParams object at 0x7f82d19b4610>)]
self.max_total_num_tokens=143003, available_size=142980, evictable_size=0, protected_size=8

[2025-12-06 16:26:04 TP0] Pyspy dump for PID 159:
Process 159: sglang::scheduler_TP0
Python v3.10.12 (/usr/bin/python3.10)

Thread 159 (active): "MainThread"
    forward_absorb_core (deepseek_v2.py:2043)
    forward_core (deepseek_v2.py:1631)
    forward (deepseek_v2.py:1543)
    _call_impl (torch/nn/modules/module.py:1786)
    _wrapped_call_impl (torch/nn/modules/module.py:1775)
    forward (deepseek_v2.py:2830)
    _call_impl (torch/nn/modules/module.py:1786)
    _wrapped_call_impl (torch/nn/modules/module.py:1775)
    forward (deepseek_v2.py:3133)
    _call_impl (torch/nn/modules/module.py:1786)
    _wrapped_call_impl (torch/nn/modules/module.py:1775)

    forward (deepseek_v2.py:3325)
    decorate_context (torch/utils/_contextlib.py:120)
    forward_decode (model_runner.py:2567)
    _forward_raw (model_runner.py:2699)
    forward (model_runner.py:2652)
    forward_batch_generation (tp_worker.py:392)
    run_batch (scheduler.py:2002)
    event_loop_overlap_disagg_decode (decode.py:825)
    decorate_context (torch/utils/_contextlib.py:120)
    run_scheduler_process (scheduler.py:2694)
    run (multiprocessing/process.py:108)
    _bootstrap (multiprocessing/process.py:314)
    _main (multiprocessing/spawn.py:129)
    spawn_main (multiprocessing/spawn.py:116)
    <module> (<string>:1)
Thread 1025 (idle): "Thread-1"
    wait (threading.py:324)
    wait (threading.py:607)
    run (tqdm/_monitor.py:60)
    _bootstrap_inner (threading.py:1016)
    _bootstrap (threading.py:973)
Thread 1136 (idle): "Thread-2 (watchdog_thread)"
    select (selectors.py:416)
    _communicate (subprocess.py:2021)
    communicate (subprocess.py:1154)
    run (subprocess.py:505)
    pyspy_dump_schedulers (utils/common.py:2272)
    watchdog_thread (scheduler_runtime_checker_mixin.py:335)
    run (threading.py:953)
    _bootstrap_inner (threading.py:1016)
    _bootstrap (threading.py:973)
Thread 1182 (idle): "Thread-3 (decode_thread)"
    recv_multipart (zmq/sugar/socket.py:799)
    decode_thread (mooncake/conn.py:888)
    run (threading.py:953)
    _bootstrap_inner (threading.py:1016)
    _bootstrap (threading.py:973)
Thread 1183 (idle): "Thread-4 (heartbeat_checker)"
    heartbeat_checker (mooncake/conn.py:918)
    run (threading.py:953)
    _bootstrap_inner (threading.py:1016)
    _bootstrap (threading.py:973)
Thread 1193 (idle): "Thread-5"
    wait (threading.py:324)
    wait (threading.py:607)
    run (tqdm/_monitor.py:60)
    _bootstrap_inner (threading.py:1016)
    _bootstrap (threading.py:973)

[2025-12-06 16:26:04 TP0] Watchdog timeout (self.watchdog_timeout=180.0)

[2025-12-06 16:26:04 TP1] self.cur_batch.batch_size()=1
self.cur_batch.reqs=[Req(rid=acab505606104fd68dcd091c168b9c5c, input_ids=[0, 19923, 14, 1192, 477, 440, 33], output_ids=[4480, 442, 85, 3281, 943, 270, 552, 33622, 4522, 11314, 343, 35, 813, 3444, 81603], self.grammar=None, self.sampling_params=<sglang.srt.sampling.sampling_params.SamplingParams object at 0x7fada8c9d870>)]
self.max_total_num_tokens=143003, available_size=142980, evictable_size=0, protected_size=8

[2025-12-06 16:26:04 TP3] Pyspy dump for PID 162:
Process 162: sglang::scheduler_TP3
Python v3.10.12 (/usr/bin/python3.10)

Thread 162 (active): "MainThread"
    forward_absorb_core (deepseek_v2.py:2043)
    forward_core (deepseek_v2.py:1631)
    forward (deepseek_v2.py:1543)
    _call_impl (torch/nn/modules/module.py:1786)

    _wrapped_call_impl (torch/nn/modules/module.py:1775)
    forward (deepseek_v2.py:2830)
    _call_impl (torch/nn/modules/module.py:1786)
    _wrapped_call_impl (torch/nn/modules/module.py:1775)
    forward (deepseek_v2.py:3133)
    _call_impl (torch/nn/modules/module.py:1786)
    _wrapped_call_impl (torch/nn/modules/module.py:1775)
    forward (deepseek_v2.py:3325)
    decorate_context (torch/utils/_contextlib.py:120)
    forward_decode (model_runner.py:2567)
    _forward_raw (model_runner.py:2699)
    forward (model_runner.py:2652)
    forward_batch_generation (tp_worker.py:392)
    run_batch (scheduler.py:2002)
    event_loop_overlap_disagg_decode (decode.py:825)
    decorate_context (torch/utils/_contextlib.py:120)
    run_scheduler_process (scheduler.py:2694)
    run (multiprocessing/process.py:108)
    _bootstrap (multiprocessing/process.py:314)
    _main (multiprocessing/spawn.py:129)
    spawn_main (multiprocessing/spawn.py:116)
    <module> (<string>:1)
Thread 1001 (idle): "Thread-1"
    wait (threading.py:324)
    wait (threading.py:607)
    run (tqdm/_monitor.py:60)
    _bootstrap_inner (threading.py:1016)
    _bootstrap (threading.py:973)
Thread 1133 (idle): "Thread-2 (watchdog_thread)"
    select (selectors.py:416)
    _communicate (subprocess.py:2021)
    communicate (subprocess.py:1154)
    run (subprocess.py:505)
    pyspy_dump_schedulers (utils/common.py:2272)
    watchdog_thread (scheduler_runtime_checker_mixin.py:335)
    run (threading.py:953)
    _bootstrap_inner (threading.py:1016)
    _bootstrap (threading.py:973)
Thread 1152 (idle): "Thread-3 (decode_thread)"
    recv_multipart (zmq/sugar/socket.py:799)
    decode_thread (mooncake/conn.py:888)
    run (threading.py:953)
    _bootstrap_inner (threading.py:1016)
    _bootstrap (threading.py:973)
Thread 1156 (idle): "Thread-4 (heartbeat_checker)"
    heartbeat_checker (mooncake/conn.py:918)
    run (threading.py:953)
    _bootstrap_inner (threading.py:1016)
    _bootstrap (threading.py:973)
Thread 1191 (idle): "Thread-5"
    wait (threading.py:324)
    wait (threading.py:607)
    run (tqdm/_monitor.py:60)
    _bootstrap_inner (threading.py:1016)
    _bootstrap (threading.py:973)

[2025-12-06 16:26:04 TP3] Watchdog timeout (self.watchdog_timeout=180.0)

[2025-12-06 16:26:05 TP2] Pyspy dump for PID 161:
Process 161: sglang::scheduler_TP2
Python v3.10.12 (/usr/bin/python3.10)

Thread 161 (active): "MainThread"
    forward_absorb_core (deepseek_v2.py:2043)
    forward_core (deepseek_v2.py:1631)
    forward (deepseek_v2.py:1543)
    _call_impl (torch/nn/modules/module.py:1786)
    _wrapped_call_impl (torch/nn/modules/module.py:1775)
    forward (deepseek_v2.py:2830)
    _call_impl (torch/nn/modules/module.py:1786)
    _wrapped_call_impl (torch/nn/modules/module.py:1775)
    forward (deepseek_v2.py:3133)
    _call_impl (torch/nn/modules/module.py:1786)
    _wrapped_call_impl (torch/nn/modules/module.py:1775)
    forward (deepseek_v2.py:3325)
    decorate_context (torch/utils/_contextlib.py:120)
    forward_decode (model_runner.py:2567)
    _forward_raw (model_runner.py:2699)
    forward (model_runner.py:2652)
    forward_batch_generation (tp_worker.py:392)
    run_batch (scheduler.py:2002)
    event_loop_overlap_disagg_decode (decode.py:825)
    decorate_context (torch/utils/_contextlib.py:120)
    run_scheduler_process (scheduler.py:2694)
    run (multiprocessing/process.py:108)

    _bootstrap (multiprocessing/process.py:314)
    _main (multiprocessing/spawn.py:129)
    spawn_main (multiprocessing/spawn.py:116)
    <module> (<string>:1)
Thread 1008 (idle): "Thread-1"
    wait (threading.py:324)
    wait (threading.py:607)
    run (tqdm/_monitor.py:60)
    _bootstrap_inner (threading.py:1016)
    _bootstrap (threading.py:973)
Thread 1135 (idle): "Thread-2 (watchdog_thread)"
    select (selectors.py:416)
    _communicate (subprocess.py:2021)
    communicate (subprocess.py:1154)
    run (subprocess.py:505)
    pyspy_dump_schedulers (utils/common.py:2272)
    watchdog_thread (scheduler_runtime_checker_mixin.py:335)
    run (threading.py:953)
    _bootstrap_inner (threading.py:1016)
    _bootstrap (threading.py:973)
Thread 1151 (idle): "Thread-3 (decode_thread)"
    recv_multipart (zmq/sugar/socket.py:799)
    decode_thread (mooncake/conn.py:888)
    run (threading.py:953)
    _bootstrap_inner (threading.py:1016)
    _bootstrap (threading.py:973)
Thread 1163 (idle): "Thread-4 (heartbeat_checker)"
    heartbeat_checker (mooncake/conn.py:918)
    run (threading.py:953)
    _bootstrap_inner (threading.py:1016)
    _bootstrap (threading.py:973)
Thread 1190 (idle): "Thread-5"
    wait (threading.py:324)
    wait (threading.py:607)
    run (tqdm/_monitor.py:60)
    _bootstrap_inner (threading.py:1016)
    _bootstrap (threading.py:973)

[2025-12-06 16:26:05 TP2] Watchdog timeout (self.watchdog_timeout=180.0)

[2025-12-06 16:26:05 TP1] Pyspy dump for PID 160:
Process 160: sglang::scheduler_TP1
Python v3.10.12 (/usr/bin/python3.10)

Thread 160 (active): "MainThread"
    forward_absorb_core (deepseek_v2.py:2043)
    forward_core (deepseek_v2.py:1631)
    forward (deepseek_v2.py:1543)
    _call_impl (torch/nn/modules/module.py:1786)
    _wrapped_call_impl (torch/nn/modules/module.py:1775)
    forward (deepseek_v2.py:2830)
    _call_impl (torch/nn/modules/module.py:1786)
    _wrapped_call_impl (torch/nn/modules/module.py:1775)
    forward (deepseek_v2.py:3133)
    _call_impl (torch/nn/modules/module.py:1786)
    _wrapped_call_impl (torch/nn/modules/module.py:1775)
    forward (deepseek_v2.py:3325)

    decorate_context (torch/utils/_contextlib.py:120)
    forward_decode (model_runner.py:2567)
    _forward_raw (model_runner.py:2699)
    forward (model_runner.py:2652)
    forward_batch_generation (tp_worker.py:392)
    run_batch (scheduler.py:2002)
    event_loop_overlap_disagg_decode (decode.py:825)
    decorate_context (torch/utils/_contextlib.py:120)
    run_scheduler_process (scheduler.py:2694)
    run (multiprocessing/process.py:108)
    _bootstrap (multiprocessing/process.py:314)
    _main (multiprocessing/spawn.py:129)
    spawn_main (multiprocessing/spawn.py:116)
    <module> (<string>:1)
Thread 1029 (idle): "Thread-1"
    wait (threading.py:324)
    wait (threading.py:607)
    run (tqdm/_monitor.py:60)
    _bootstrap_inner (threading.py:1016)
    _bootstrap (threading.py:973)
Thread 1134 (idle): "Thread-2 (watchdog_thread)"
    select (selectors.py:416)
    _communicate (subprocess.py:2021)
    communicate (subprocess.py:1154)
    run (subprocess.py:505)
    pyspy_dump_schedulers (utils/common.py:2272)
    watchdog_thread (scheduler_runtime_checker_mixin.py:335)
    run (threading.py:953)
    _bootstrap_inner (threading.py:1016)
    _bootstrap (threading.py:973)
Thread 1168 (idle): "Thread-3 (decode_thread)"
    recv_multipart (zmq/sugar/socket.py:799)
    decode_thread (mooncake/conn.py:888)
    run (threading.py:953)
    _bootstrap_inner (threading.py:1016)
    _bootstrap (threading.py:973)
Thread 1171 (idle): "Thread-4 (heartbeat_checker)"
    heartbeat_checker (mooncake/conn.py:918)
    run (threading.py:953)
    _bootstrap_inner (threading.py:1016)
    _bootstrap (threading.py:973)
Thread 1192 (idle): "Thread-5"
    wait (threading.py:324)
    wait (threading.py:607)
    run (tqdm/_monitor.py:60)
    _bootstrap_inner (threading.py:1016)
    _bootstrap (threading.py:973)

[2025-12-06 16:26:05 TP1] Watchdog timeout (self.watchdog_timeout=180.0)

[2025-12-06 16:26:09] SIGQUIT received. signum=None, frame=None. It usually means one child failed.
[2025-12-06 16:26:09] ERROR:    Exception in ASGI application
Traceback (most recent call last):
  File "/usr/lib/python3.10/asyncio/runners.py", line 44, in run
    return loop.run_until_complete(main)
  File "uvloop/loop.pyx", line 1512, in uvloop.loop.Loop.run_until_complete
  File "uvloop/loop.pyx", line 1505, in uvloop.loop.Loop.run_until_complete
  File "uvloop/loop.pyx", line 1379, in uvloop.loop.Loop.run_forever
  File "uvloop/loop.pyx", line 557, in uvloop.loop.Loop._run
  File "uvloop/loop.pyx", line 476, in uvloop.loop.Loop._on_idle
  File "uvloop/cbhandles.pyx", line 83, in uvloop.loop.Handle._run
  File "uvloop/cbhandles.pyx", line 61, in uvloop.loop.Handle._run
  File "/sgl-workspace/sglang/python/sglang/srt/managers/tokenizer_manager.py", line 2495, in running_phase_sigquit_handler
    kill_process_tree(os.getpid())
  File "/sgl-workspace/sglang/python/sglang/srt/utils/common.py", line 1073, in kill_process_tree
    sys.exit(0)
SystemExit: 0

During handling of the above exception, another exception occurred:

Traceback (most recent call last):
  File "/usr/lib/python3.10/asyncio/locks.py", line 214, in wait
    await fut
asyncio.exceptions.CancelledError

During handling of the above exception, another exception occurred:

Traceback (most recent call last):
  File "/opt/venv/lib/python3.10/site-packages/uvicorn/protocols/http/httptools_impl.py", line 409, in run_asgi
    result = await app(  # type: ignore[func-returns-value]
  File "/opt/venv/lib/python3.10/site-packages/uvicorn/middleware/proxy_headers.py", line 60, in __call__
    return await self.app(scope, receive, send)
  File "/opt/venv/lib/python3.10/site-packages/fastapi/applications.py", line 1054, in __call__
[2025-12-06 16:26:09] INFO:     10.194.129.138:47438 - "POST /v1/completions HTTP/1.1" 500 Internal Server Error
    await super().__call__(scope, receive, send)
  File "/opt/venv/lib/python3.10/site-packages/starlette/applications.py", line 113, in __call__
    await self.middleware_stack(scope, receive, send)
  File "/opt/venv/lib/python3.10/site-packages/starlette/middleware/errors.py", line 164, in __call__
    await self.app(scope, receive, _send)
  File "/opt/venv/lib/python3.10/site-packages/starlette/middleware/cors.py", line 85, in __call__
    await self.app(scope, receive, send)
  File "/opt/venv/lib/python3.10/site-packages/starlette/middleware/exceptions.py", line 63, in __call__
    await wrap_app_handling_exceptions(self.app, conn)(scope, receive, send)
  File "/opt/venv/lib/python3.10/site-packages/starlette/_exception_handler.py", line 42, in wrapped_app
    await app(scope, receive, sender)
  File "/opt/venv/lib/python3.10/site-packages/starlette/routing.py", line 716, in __call__
    await self.middleware_stack(scope, receive, send)
  File "/opt/venv/lib/python3.10/site-packages/starlette/routing.py", line 736, in app
    await route.handle(scope, receive, send)
  File "/opt/venv/lib/python3.10/site-packages/starlette/routing.py", line 290, in handle
    await self.app(scope, receive, send)
  File "/opt/venv/lib/python3.10/site-packages/starlette/routing.py", line 78, in app
    await wrap_app_handling_exceptions(app, request)(scope, receive, send)
  File "/opt/venv/lib/python3.10/site-packages/starlette/_exception_handler.py", line 42, in wrapped_app
    await app(scope, receive, sender)
  File "/opt/venv/lib/python3.10/site-packages/starlette/routing.py", line 75, in app
    response = await f(request)
  File "/opt/venv/lib/python3.10/site-packages/fastapi/routing.py", line 302, in app
    raw_response = await run_endpoint_function(
  File "/opt/venv/lib/python3.10/site-packages/fastapi/routing.py", line 213, in run_endpoint_function
    return await dependant.call(**values)
  File "/sgl-workspace/sglang/python/sglang/srt/entrypoints/http_server.py", line 1131, in openai_v1_completions
    return await raw_request.app.state.openai_serving_completion.handle_request(
  File "/sgl-workspace/sglang/python/sglang/srt/entrypoints/openai/serving_base.py", line 112, in handle_request
    return await self._handle_non_streaming_request(
  File "/sgl-workspace/sglang/python/sglang/srt/entrypoints/openai/serving_completions.py", line 347, in _handle_non_streaming_request
    ret = await generator.__anext__()
  File "/sgl-workspace/sglang/python/sglang/srt/managers/tokenizer_manager.py", line 526, in generate_request
    async for response in self._wait_one_response(obj, state, request):
  File "/sgl-workspace/sglang/python/sglang/srt/managers/tokenizer_manager.py", line 1050, in _wait_one_response
    await asyncio.wait_for(state.event.wait(), timeout=4)
  File "/usr/lib/python3.10/asyncio/tasks.py", line 435, in wait_for
    return fut.result()
asyncio.exceptions.CancelledError
[2025-12-06 16:26:09] ERROR:    Traceback (most recent call last):
  File "/usr/lib/python3.10/asyncio/runners.py", line 44, in run
    return loop.run_until_complete(main)
  File "uvloop/loop.pyx", line 1512, in uvloop.loop.Loop.run_until_complete
  File "uvloop/loop.pyx", line 1505, in uvloop.loop.Loop.run_until_complete
  File "uvloop/loop.pyx", line 1379, in uvloop.loop.Loop.run_forever
  File "uvloop/loop.pyx", line 557, in uvloop.loop.Loop._run
  File "uvloop/loop.pyx", line 476, in uvloop.loop.Loop._on_idle
  File "uvloop/cbhandles.pyx", line 83, in uvloop.loop.Handle._run
  File "uvloop/cbhandles.pyx", line 61, in uvloop.loop.Handle._run
  File "/sgl-workspace/sglang/python/sglang/srt/managers/tokenizer_manager.py", line 2495, in running_phase_sigquit_handler
    kill_process_tree(os.getpid())
  File "/sgl-workspace/sglang/python/sglang/srt/utils/common.py", line 1073, in kill_process_tree
    sys.exit(0)
SystemExit: 0

During handling of the above exception, another exception occurred:

Traceback (most recent call last):
  File "/opt/venv/lib/python3.10/site-packages/starlette/routing.py", line 701, in lifespan
    await receive()
  File "/opt/venv/lib/python3.10/site-packages/uvicorn/lifespan/on.py", line 137, in receive
    return await self.receive_queue.get()
  File "/usr/lib/python3.10/asyncio/queues.py", line 159, in get
    await getter
asyncio.exceptions.CancelledError

